
[attempt 0] → decompose_spec
[attempt 0] ← decompose_spec:
為了完成這個 FSM 設計，建議將任務分解為以下 5 個步驟：

1. 定義狀態機結構，包括處理起始狀態 A 與負責計數 3 個週期的循環狀態（如 B1, B2, B3）。
2. 設計一個 2-bit 的內部計數器來累加 3 個週期內 w=1 的出現次數。
3. 設計一個 2-bit 的週期計數器，用於追蹤當前檢查到第幾個時脈週期（1 至 3）。
4. 實作組合邏輯與狀態轉換邏輯，確保在第 3 個週期結束時判斷計數器是否為 2 並更新輸出 z。
5. 編寫同步重置邏輯，並確保狀態機在完成 3 個週期檢查後能正確重置計數並開始下一輪循環。

[attempt 1] → compile_and_test
module TopModule (
    input clk,
    input reset,
    input s,
    input w,
    output z
[attempt 1] ← compile_and_test: R  mismatches=317
VCD info: dumpfile wave.vcd opened for output.
/mnt/d/school/w4afAILearn/期末/-/verilog-eval/dataset_spec-to-rtl/Prob133_2014_q3fsm_test.sv:59: $finish called at 7071 (1ps)
Hint: Output 'z' has 317 mismatches. First mismatch occurred at time 100.
Hint: Total mismatched samples is 317 out of 1414 samples

Simulation finished at 7071 ps
Mismatches: 317 in 1414 samples

[attempt 1] → get_debug_hints(error_type='R')
[attempt 1] ← get_debug_hints: Runtime mismatch 常見原因（請逐項對照自己的程式碼）：
1. Timing offset：FSM 有多餘狀態導致輸出慢一 cycle
2. 狀態轉移條件錯誤：if (w) 應為 if (~w) 或反之
3. 組合邏輯錯誤：output 賦值條件遺漏或邏輯反向
4. Reset 初始值不符：state / counter 初始值與規格不符
5. 計數器邊界：off-by-one（計數

[attempt 2] → compile_and_test
module TopModule (
    input clk,
    input reset,
    input s,
    input w,
    output logic z
[attempt 2] ← compile_and_test: R  mismatches=276
VCD info: dumpfile wave.vcd opened for output.
/mnt/d/school/w4afAILearn/期末/-/verilog-eval/dataset_spec-to-rtl/Prob133_2014_q3fsm_test.sv:59: $finish called at 7071 (1ps)
Hint: Output 'z' has 276 mismatches. First mismatch occurred at time 70.
Hint: Total mismatched samples is 276 out of 1414 samples

Simulation finished at 7071 ps
Mismatches: 276 in 1414 samples

[attempt 3] → compile_and_test
module TopModule (
    input clk,
    input reset,
    input s,
    input w,
    output logic z
[attempt 3] ← compile_and_test: .

[attempt 3] → synthesize
[attempt 3] ← synthesize: Y