
[attempt 1] → compile_and_test
module TopModule (
    input logic clk,
    input logic resetn,
    input logic x,
    input logic y,
    output logic f,
[attempt 1] ← compile_and_test: R  mismatches=240
VCD info: dumpfile wave.vcd opened for output.
/mnt/d/school/w4afAILearn/期末/-/verilog-eval/dataset_spec-to-rtl/Prob139_2013_q2bfsm_test.sv:24: $finish called at 5011 (1ps)
Hint: Output 'f' has no mismatches.
Hint: Output 'g' has 240 mismatches. First mismatch occurred at time 1970.
Hint: Total mismatched samples is 240 out of 1002 samples

Simulation finished at 5011 ps
Mismatches: 240 in 1002 samples

[attempt 2] → compile_and_test
module TopModule (
    input logic clk,
    input logic resetn,
    input logic x,
    input logic y,
    output logic f,
[attempt 2] ← compile_and_test: R  mismatches=240
VCD info: dumpfile wave.vcd opened for output.
/mnt/d/school/w4afAILearn/期末/-/verilog-eval/dataset_spec-to-rtl/Prob139_2013_q2bfsm_test.sv:24: $finish called at 5011 (1ps)
Hint: Output 'f' has no mismatches.
Hint: Output 'g' has 240 mismatches. First mismatch occurred at time 1970.
Hint: Total mismatched samples is 240 out of 1002 samples

Simulation finished at 5011 ps
Mismatches: 240 in 1002 samples

[attempt 3] → compile_and_test
module TopModule (
    input logic clk,
    input logic resetn,
    input logic x,
    input logic y,
    output logic f,
[attempt 3] ← compile_and_test: R  mismatches=240
VCD info: dumpfile wave.vcd opened for output.
/mnt/d/school/w4afAILearn/期末/-/verilog-eval/dataset_spec-to-rtl/Prob139_2013_q2bfsm_test.sv:24: $finish called at 5011 (1ps)
Hint: Output 'f' has no mismatches.
Hint: Output 'g' has 240 mismatches. First mismatch occurred at time 1970.
Hint: Total mismatched samples is 240 out of 1002 samples

Simulation finished at 5011 ps
Mismatches: 240 in 1002 samples

[attempt 4] → compile_and_test
module TopModule (
    input logic clk,
    input logic resetn,
    input logic x,
    input logic y,
    output logic f,
[attempt 4] ← compile_and_test: e
/tmp/tmp9b8bk5ay.sv:36: error: This assignment requires an explicit cast.
/tmp/tmp9b8bk5ay.sv:40: error: This assignment requires an explicit cast.
/tmp/tmp9b8bk5ay.sv:44: error: This assignment requires an explicit cast.
3 error(s) during elaboration.

[attempt 5] → compile_and_test
module TopModule (
    input logic clk,
    input logic resetn,
    input logic x,
    input logic y,
    output logic f,
[attempt 5] ← compile_and_test: R  mismatches=240
VCD info: dumpfile wave.vcd opened for output.
/mnt/d/school/w4afAILearn/期末/-/verilog-eval/dataset_spec-to-rtl/Prob139_2013_q2bfsm_test.sv:24: $finish called at 5011 (1ps)
Hint: Output 'f' has no mismatches.
Hint: Output 'g' has 240 mismatches. First mismatch occurred at time 1970.
Hint: Total mismatched samples is 240 out of 1002 samples

Simulation finished at 5011 ps
Mismatches: 240 in 1002 samples