
[attempt 1] → compile_and_test
module TopModule (
    input logic clock,
    input logic a,
    output logic p,
    output logic q
);
[attempt 1] ← compile_and_test: R  mismatches=133
VCD info: dumpfile wave.vcd opened for output.
/mnt/d/school/w4afAILearn/期末/-/verilog-eval/dataset_spec-to-rtl/Prob145_circuit8_test.sv:45: $finish called at 1200 (1ps)
Hint: Output 'p' has 67 mismatches. First mismatch occurred at time 120.
Hint: Output 'q' has 109 mismatches. First mismatch occurred at time 90.
Hint: Total mismatched samples is 133 out of 240 samples

Simulation finished at 1200 ps
Mismatches: 133 in 240 samples

[attempt 1] → decompose_spec
[attempt 1] ← decompose_spec:
根據您提供的時序波形，該電路的功能是在 `clock` 為 1 時將 `a` 的值輸出給 `p`，並在 `clock` 為 0 時將 `p` 與 `q` 保持為 1。以下是建議的執行步驟：

1. 定義 `TopModule` 的介面並宣告內部暫存器，以保存狀態變數 `p` 和 `q`。
2. 使用 `always @(posedge clock)` 與 `always @(negedge clock)` 區塊，分別處理 `clock` 上升沿與下降沿的狀態邏輯。
3. 實作當 `clock == 1` 時，`p` 跟隨輸入 `a` 更新，並將 `q` 設為 0 的邏輯。
4. 實作當 `clock == 0` 時，強制將輸出 `p` 與 `q` 同步設定為 1 的邏輯。
5. 撰寫測試平台 (Testbench) 並比較模擬輸出與題目提供的時序波形是否一致。

[attempt 2] → compile_and_test
module TopModule (
    input logic clock,
    input logic a,
    output logic p,
    output logic q
);
[attempt 2] ← compile_and_test: R  mismatches=114
VCD info: dumpfile wave.vcd opened for output.
/mnt/d/school/w4afAILearn/期末/-/verilog-eval/dataset_spec-to-rtl/Prob145_circuit8_test.sv:45: $finish called at 1200 (1ps)
Hint: Output 'p' has 48 mismatches. First mismatch occurred at time 60.
Hint: Output 'q' has 114 mismatches. First mismatch occurred at time 60.
Hint: Total mismatched samples is 114 out of 240 samples

Simulation finished at 1200 ps
Mismatches: 114 in 240 samples

[attempt 3] → compile_and_test
module TopModule (
    input logic clock,
    input logic a,
    output logic p,
    output logic q
);
[attempt 3] ← compile_and_test: R  mismatches=67
VCD info: dumpfile wave.vcd opened for output.
/mnt/d/school/w4afAILearn/期末/-/verilog-eval/dataset_spec-to-rtl/Prob145_circuit8_test.sv:45: $finish called at 1200 (1ps)
Hint: Output 'p' has 67 mismatches. First mismatch occurred at time 120.
Hint: Output 'q' has no mismatches.
Hint: Total mismatched samples is 67 out of 240 samples

Simulation finished at 1200 ps
Mismatches: 67 in 240 samples

[attempt 4] → compile_and_test
module TopModule (
    input logic clock,
    input logic a,
    output logic p,
    output logic q
);
[attempt 4] ← compile_and_test: R  mismatches=116
VCD info: dumpfile wave.vcd opened for output.
/mnt/d/school/w4afAILearn/期末/-/verilog-eval/dataset_spec-to-rtl/Prob145_circuit8_test.sv:45: $finish called at 1200 (1ps)
Hint: Output 'p' has 116 mismatches. First mismatch occurred at time 30.
Hint: Output 'q' has no mismatches.
Hint: Total mismatched samples is 116 out of 240 samples

Simulation finished at 1200 ps
Mismatches: 116 in 240 samples

[attempt 5] → compile_and_test
module TopModule (
    input logic clock,
    input logic a,
    output logic p,
    output logic q
);
[attempt 5] ← compile_and_test: R  mismatches=59
VCD info: dumpfile wave.vcd opened for output.
/mnt/d/school/w4afAILearn/期末/-/verilog-eval/dataset_spec-to-rtl/Prob145_circuit8_test.sv:45: $finish called at 1200 (1ps)
Hint: Output 'p' has 59 mismatches. First mismatch occurred at time 60.
Hint: Output 'q' has no mismatches.
Hint: Total mismatched samples is 59 out of 240 samples

Simulation finished at 1200 ps
Mismatches: 59 in 240 samples