
[attempt 0] → decompose_spec
[attempt 0] ← decompose_spec:
為了設計這個水庫水位控制系統，建議將開發過程分解為以下五個具體子目標：

1. 定義模組介面，包含三個感測器輸入 (s[2:0])、系統時脈 (clk)、同步重置 (reset) 以及四個輸出訊號 (fr0, fr1, fr2, dfr)。
2. 設計一個狀態暫存器與邏輯，用於記錄當前水位狀態並偵測水位變化趨勢（比較當前狀態與上一狀態，以決定是否啟動 dfr 補償閥）。
3. 根據水位感測器的輸入組合，實作一個組合邏輯電路或狀態機，以判定基礎名義流量 (fr0, fr1, fr2) 的輸出規則。
4. 實作控制邏輯，當狀態機偵測到「水位下降」（前一狀態高於當前狀態）時，強制將輔助閥 (dfr) 設定為高電位。
5. 加入同步重置電路，確保當 reset 訊號為高時，將系統狀態強制轉移至「水位過低」模式（即感測器全為 0，且所有輸出 fr0, fr1, fr2, dfr 均被啟動）。

[attempt 1] → compile_and_test
module TopModule (
    input clk,
    input reset,
    input [2:0] s,
    output logic fr2,
    output logic fr1,
[attempt 1] ← compile_and_test: R  mismatches=1195
VCD info: dumpfile wave.vcd opened for output.
Hint: Your reset doesn't seem to be working.
/mnt/d/school/w4afAILearn/期末/-/verilog-eval/dataset_spec-to-rtl/Prob149_ece241_2013_q4_test.sv:84: $finish called at 10200 (1ps)
Hint: Output 'fr2' has 312 mismatches. First mismatch occurred at time 10.
Hint: Output 'fr1' has 288 mismatches. First mismatch occurred at time 120.
Hint: Output 'fr0' has 273 mismatches. First mismatch occurred at time 130.
Hint: Output 'dfr' has 911 mismatches. First mismatch occurred at time 20.
Hint: Total mismatched samples is 1195 out of 2040 samples

Simulation finished at 10200 ps
Mismatches: 1195 in 2040 samples

[attempt 2] → compile_and_test
module TopModule (
    input clk,
    input reset,
    input [2:0] s,
    output logic fr2,
    output logic fr1,
[attempt 2] ← compile_and_test: S
/tmp/tmpt0ygrosn.sv:34: syntax error
/tmp/tmpt0ygrosn.sv:34: error: Malformed statement

[attempt 3] → compile_and_test
module TopModule (
    input clk,
    input reset,
    input [2:0] s,
    output logic fr2,
    output logic fr1,
[attempt 3] ← compile_and_test: R  mismatches=1191
VCD info: dumpfile wave.vcd opened for output.
Hint: Your reset should be synchronous, but doesn't appear to be.
/mnt/d/school/w4afAILearn/期末/-/verilog-eval/dataset_spec-to-rtl/Prob149_ece241_2013_q4_test.sv:84: $finish called at 10200 (1ps)
Hint: Output 'fr2' has 309 mismatches. First mismatch occurred at time 20.
Hint: Output 'fr1' has 288 mismatches. First mismatch occurred at time 120.
Hint: Output 'fr0' has 273 mismatches. First mismatch occurred at time 130.
Hint: Output 'dfr' has 911 mismatches. First mismatch occurred at time 20.
Hint: Total mismatched samples is 1191 out of 2040 samples

Simulation finished at 10200 ps
Mismatches: 1191 in 2040 samples

[attempt 4] → compile_and_test
module TopModule (
    input clk,
    input reset,
    input [2:0] s,
    output logic fr2,
    output logic fr1,
[attempt 4] ← compile_and_test: R  mismatches=336
VCD info: dumpfile wave.vcd opened for output.
/mnt/d/school/w4afAILearn/期末/-/verilog-eval/dataset_spec-to-rtl/Prob149_ece241_2013_q4_test.sv:84: $finish called at 10200 (1ps)
Hint: Output 'fr2' has no mismatches.
Hint: Output 'fr1' has no mismatches.
Hint: Output 'fr0' has no mismatches.
Hint: Output 'dfr' has 336 mismatches. First mismatch occurred at time 170.
Hint: Total mismatched samples is 336 out of 2040 samples

Simulation finished at 10200 ps
Mismatches: 336 in 2040 samples

[attempt 5] → compile_and_test
module TopModule (
    input clk,
    input reset,
    input [2:0] s,
    output logic fr2,
    output logic fr1,
[attempt 5] ← compile_and_test: R  mismatches=336
VCD info: dumpfile wave.vcd opened for output.
/mnt/d/school/w4afAILearn/期末/-/verilog-eval/dataset_spec-to-rtl/Prob149_ece241_2013_q4_test.sv:84: $finish called at 10200 (1ps)
Hint: Output 'fr2' has no mismatches.
Hint: Output 'fr1' has no mismatches.
Hint: Output 'fr0' has no mismatches.
Hint: Output 'dfr' has 336 mismatches. First mismatch occurred at time 170.
Hint: Total mismatched samples is 336 out of 2040 samples

Simulation finished at 10200 ps
Mismatches: 336 in 2040 samples