
[attempt 0] → decompose_spec
[attempt 0] ← decompose_spec:
為了完成這個電路設計，你可以將任務分解為以下 5 個具體子目標：

1. 定義 `TopModule` 模組介面並宣告三個 D 型正反器（D flip-flops）所需的內部暫存器。
2. 實作組合邏輯電路：分別建立 XOR、AND 與 OR 三個閘，並依據題目要求連接 `x` 與各自的輸出反饋（Q 或 Q_bar）。
3. 使用 `always @(posedge clk)` 區塊實作三個 D 型正反器的同步更新邏輯，並確保初始值為 0。
4. 撰寫一個 3 輸入的 NOR 閘邏輯，將三個正反器的輸出作為輸入，並將運算結果指派給輸出埠 `z`。
5. 檢查所有邏輯連接，確保正反器的輸出反饋與補數輸出（`~q`）正確對應題目規格並完成模組封裝。

[attempt 1] → compile_and_test
module TopModule (
    input clk,
    input x,
    output z
);
    logic q1, q2, q3;
[attempt 1] ← compile_and_test: R  mismatches=45
VCD info: dumpfile wave.vcd opened for output.
/mnt/d/school/w4afAILearn/期末/-/verilog-eval/dataset_spec-to-rtl/Prob074_ece241_2014_q4_test.sv:42: $finish called at 590 (1ps)
Hint: Output 'z' has 45 mismatches. First mismatch occurred at time 5.
Hint: Total mismatched samples is 45 out of 118 samples

Simulation finished at 590 ps
Mismatches: 45 in 118 samples

[attempt 2] → compile_and_test
module TopModule (
    input clk,
    input x,
    output z
);
    logic q1, q2, q3;
[attempt 2] ← compile_and_test: .

[attempt 2] → synthesize
[attempt 2] ← synthesize: Y