
[attempt 0] → decompose_spec
[attempt 0] ← decompose_spec:
以下是將該 Verilog 設計需求分解為 5 個可執行的子目標：

1. **狀態機設計**：構建一個包含偵測模式、讀取延遲值、計數與完成四個階段的 FSM，處理同步重置與狀態轉換。
2. **模式偵測邏輯**：使用移位暫存器（Shift Register）持續監測輸入 `data`，確認序列是否匹配 '1101'。
3. **資料擷取與計數器預設**：偵測到模式後，將隨後的 4 位元寫入 `delay[3:0]` 並將其賦值給遞減計數器。
4. **分頻與時序計數邏輯**：實現 1000 個週期的分頻計數器，在 `counting` 為高電位期間，每滿 1000 週期使 `count[3:0]` 遞減 1。
5. **輸出控制與交握協議**：管理 `counting` 與 `done` 輸出的時序，並在 `done` 狀態下偵測 `ack` 以返回初始偵測狀態。

[attempt 1] → compile_and_test
module TopModule (
    input clk,
    input reset,
    input data,
    output logic [3:0] count,
    output logic counting,
[attempt 1] ← compile_and_test: R  mismatches=126213
VCD info: dumpfile wave.vcd opened for output.
Hint: The second test case should count for 15000 cycles. Your circuit counted 0
Hint: Your FSM didn't pass the sample timing diagram posted with the problem statement. Perhaps try debugging that?
TIMEOUT
/mnt/d/school/w4afAILearn/期末/-/verilog-eval/dataset_spec-to-rtl/Prob156_review2015_fancytimer_test.sv:216: $finish called at 1000000 (1ps)
Hint: Output 'count' has 123495 mismatches. First mismatch occurred at time 20250.
Hint: Output 'counting' has 31788 mismatches. First mismatch occurred at time 20250.
Hint: Output 'done' has 836 mismatches. First mismatch occurred at time 170250.
Hint: Total mismatched samples is 126213 out of 200000 samples

Simulation finished at 1000000 ps
Mismatches: 126213 in 200000 samples

[attempt 1] → get_debug_hints(error_type='R')
[attempt 1] ← get_debug_hints: Runtime mismatch 常見原因（請逐項對照自己的程式碼）：
1. Timing offset：FSM 有多餘狀態導致輸出慢一 cycle
2. 狀態轉移條件錯誤：if (w) 應為 if (~w) 或反之
3. 組合邏輯錯誤：output 賦值條件遺漏或邏輯反向
4. Reset 初始值不符：state / counter 初始值與規格不符
5. 計數器邊界：off-by-one（計數

[attempt 2] → compile_and_test
module TopModule (
    input clk,
    input reset,
    input data,
    output logic [3:0] count,
    output logic counting,
[attempt 2] ← compile_and_test: R  mismatches=57439
VCD info: dumpfile wave.vcd opened for output.
Hint: The second test case should count for 15000 cycles. Your circuit counted 0
Hint: Your FSM didn't pass the sample timing diagram posted with the problem statement. Perhaps try debugging that?
TIMEOUT
/mnt/d/school/w4afAILearn/期末/-/verilog-eval/dataset_spec-to-rtl/Prob156_review2015_fancytimer_test.sv:216: $finish called at 1000000 (1ps)
Hint: Output 'count' has 54809 mismatches. First mismatch occurred at time 20250.
Hint: Output 'counting' has 30410 mismatches. First mismatch occurred at time 20250.
Hint: Output 'done' has 596 mismatches. First mismatch occurred at time 20170.
Hint: Total mismatched samples is 57439 out of 200000 samples

Simulation finished at 1000000 ps
Mismatches: 57439 in 200000 samples

[attempt 3] → compile_and_test
module TopModule (
    input clk,
    input reset,
    input data,
    output logic [3:0] count,
    output logic counting,
[attempt 3] ← compile_and_test: R  mismatches=57429
VCD info: dumpfile wave.vcd opened for output.
Hint: The second test case should count for 15000 cycles. Your circuit counted 0
Hint: Your FSM didn't pass the sample timing diagram posted with the problem statement. Perhaps try debugging that?
TIMEOUT
/mnt/d/school/w4afAILearn/期末/-/verilog-eval/dataset_spec-to-rtl/Prob156_review2015_fancytimer_test.sv:216: $finish called at 1000000 (1ps)
Hint: Output 'count' has 54809 mismatches. First mismatch occurred at time 20250.
Hint: Output 'counting' has 30410 mismatches. First mismatch occurred at time 20250.
Hint: Output 'done' has 584 mismatches. First mismatch occurred at time 170250.
Hint: Total mismatched samples is 57429 out of 200000 samples

Simulation finished at 1000000 ps
Mismatches: 57429 in 200000 samples

[attempt 4] → compile_and_test
module TopModule (
    input clk,
    input reset,
    input data,
    output logic [3:0] count,
    output logic counting,
[attempt 4] ← compile_and_test: R  mismatches=199075
VCD info: dumpfile wave.vcd opened for output.
Hint: The first test case should count for 2000 cycles. Your circuit counted 0
Hint: The second test case should count for 15000 cycles. Your circuit counted 0
Hint: Your FSM didn't pass the sample timing diagram posted with the problem statement. Perhaps try debugging that?
TIMEOUT
/mnt/d/school/w4afAILearn/期末/-/verilog-eval/dataset_spec-to-rtl/Prob156_review2015_fancytimer_test.sv:216: $finish called at 1000000 (1ps)
Hint: Output 'count' has 180551 mismatches. First mismatch occurred at time 130.
Hint: Output 'counting' has 198551 mismatches. First mismatch occurred at time 130.
Hint: Output 'done' has 524 mismatches. First mismatch occurred at time 20130.
Hint: Total mismatched samples is 199075 out of 200000 samples

Simulation finished at 1000000 ps
Mismatches: 199075 in 200000 samples

[attempt 5] → compile_and_test
module TopModule (
    input clk,
    input reset,
    input data,
    output logic [3:0] count,
    output logic counting,
[attempt 5] ← compile_and_test: R  mismatches=57429
VCD info: dumpfile wave.vcd opened for output.
Hint: The second test case should count for 15000 cycles. Your circuit counted 0
Hint: Your FSM didn't pass the sample timing diagram posted with the problem statement. Perhaps try debugging that?
TIMEOUT
/mnt/d/school/w4afAILearn/期末/-/verilog-eval/dataset_spec-to-rtl/Prob156_review2015_fancytimer_test.sv:216: $finish called at 1000000 (1ps)
Hint: Output 'count' has 54809 mismatches. First mismatch occurred at time 20250.
Hint: Output 'counting' has 30410 mismatches. First mismatch occurred at time 20250.
Hint: Output 'done' has 584 mismatches. First mismatch occurred at time 170250.
Hint: Total mismatched samples is 57429 out of 200000 samples

Simulation finished at 1000000 ps
Mismatches: 57429 in 200000 samples