
[attempt 1] → compile_and_test
module TopModule(
    input [3:0] x,
    input [3:0] y,
    output [4:0] sum
);
    logic [4:0] carry;
[attempt 1] ← compile_and_test: w
/tmp/tmp633v4wmt.sv:15: error: sum['sd0] is not a valid l-value in tb.top_module1.
/tmp/tmp633v4wmt.sv:4:      : sum['sd0] is declared here as wire.
/tmp/tmp633v4wmt.sv:19: error: sum['sd1] is not a valid l-value in tb.top_module1.
/tmp/tmp633v4wmt.sv:4:      : sum['sd1] is declared here as wire.
/tmp/tmp633v4wmt.sv:23: error: sum['sd2] is not a valid l-value in tb.top_module1.
/tmp/tmp633v4wmt.sv:4:      : sum['sd2] is declared here as wire.
/tmp/tmp633v4wmt.sv:27: error: sum['sd3] is not a valid l-value in tb.top_module1.
/tmp/tmp633v4wmt.sv:4:      : sum['sd3] is declared here as wire.
/tmp/tmp633v4wmt.sv:31: error: sum['sd4] is not a valid l-value in tb.top_module1.
/tmp/tmp633v4wmt.sv:4:      : sum['sd4] is declared here as wire.
5 error(s) during elaboration.

[attempt 2] → compile_and_test
module TopModule(
    input [3:0] x,
    input [3:0] y,
    output logic [4:0] sum
);
    logic [4:0] carry;
[attempt 2] ← compile_and_test: .

[attempt 2] → synthesize
[attempt 2] ← synthesize: Y