
[attempt 0] → decompose_spec
[attempt 0] ← decompose_spec:
為了完成 Lemmings FSM 的設計，建議將任務分解為以下五個具體步驟：

1. **定義狀態與參數**：使用 `parameter` 定義 7 個狀態（WalkL/R, DigL/R, FallL/R, Splatter）並建立狀態暫存器。
2. **實作狀態轉移邏輯**：撰寫 `always @(posedge clk or posedge areset)` 區塊，處理非同步重置並根據輸入訊號（bump, ground, dig）定義狀態轉移條件。
3. **處理計數器邏輯**：建立一個計數器，在 Fall 狀態時開始累計，用於判斷是否連續落下超過 20 個週期以進入 Splatter 狀態。
4. **定義輸出解碼邏輯**：根據目前狀態與特定規則（如：Fall 時 aaah=1，Dig 時 digging=1），透過 `always @(*)` 組合邏輯設定各個輸出訊號。
5. **確保優先級與穩態**：檢查所有條件（尤其是 Falling > Digging > Bumping 的優先順序）並確保 Splatter 狀態在進入後會持續保持輸出為 0。

[attempt 1] → compile_and_test
module TopModule (
    input clk,
    input areset,
    input bump_left,
    input bump_right,
    input ground,
[attempt 1] ← compile_and_test: e
/tmp/tmpas8oco02.sv:57: error: This assignment requires an explicit cast.
/tmp/tmpas8oco02.sv:60: error: This assignment requires an explicit cast.
2 error(s) during elaboration.

[attempt 2] → compile_and_test
module TopModule (
    input clk,
    input areset,
    input bump_left,
    input bump_right,
    input ground,
[attempt 2] ← compile_and_test: e
/tmp/tmp7v5zje91.sv:57: error: This assignment requires an explicit cast.
/tmp/tmp7v5zje91.sv:60: error: This assignment requires an explicit cast.
2 error(s) during elaboration.

[attempt 3] → compile_and_test
module TopModule (
    input clk,
    input areset,
    input bump_left,
    input bump_right,
    input ground,
[attempt 3] ← compile_and_test: R  mismatches=156
VCD info: dumpfile wave.vcd opened for output.
/mnt/d/school/w4afAILearn/期末/-/verilog-eval/dataset_spec-to-rtl/Prob155_lemmings4_test.sv:158: $finish called at 5016 (1ps)
Hint: Output 'walk_left' has 42 mismatches. First mismatch occurred at time 580.
Hint: Output 'walk_right' has 56 mismatches. First mismatch occurred at time 600.
Hint: Output 'aaah' has 20 mismatches. First mismatch occurred at time 690.
Hint: Output 'digging' has 38 mismatches. First mismatch occurred at time 620.
Hint: Total mismatched samples is 156 out of 1003 samples

Simulation finished at 5016 ps
Mismatches: 156 in 1003 samples

[attempt 4] → compile_and_test
module TopModule (
    input clk,
    input areset,
    input bump_left,
    input bump_right,
    input ground,
[attempt 4] ← compile_and_test: R  mismatches=114
VCD info: dumpfile wave.vcd opened for output.
/mnt/d/school/w4afAILearn/期末/-/verilog-eval/dataset_spec-to-rtl/Prob155_lemmings4_test.sv:158: $finish called at 5016 (1ps)
Hint: Output 'walk_left' has 22 mismatches. First mismatch occurred at time 580.
Hint: Output 'walk_right' has 44 mismatches. First mismatch occurred at time 600.
Hint: Output 'aaah' has 14 mismatches. First mismatch occurred at time 690.
Hint: Output 'digging' has 34 mismatches. First mismatch occurred at time 620.
Hint: Total mismatched samples is 114 out of 1003 samples

Simulation finished at 5016 ps
Mismatches: 114 in 1003 samples

[attempt 5] → compile_and_test
module TopModule (
    input clk,
    input areset,
    input bump_left,
    input bump_right,
    input ground,
[attempt 5] ← compile_and_test: R  mismatches=160
VCD info: dumpfile wave.vcd opened for output.
/mnt/d/school/w4afAILearn/期末/-/verilog-eval/dataset_spec-to-rtl/Prob155_lemmings4_test.sv:158: $finish called at 5016 (1ps)
Hint: Output 'walk_left' has 88 mismatches. First mismatch occurred at time 580.
Hint: Output 'walk_right' has 70 mismatches. First mismatch occurred at time 600.
Hint: Output 'aaah' has 14 mismatches. First mismatch occurred at time 690.
Hint: Output 'digging' has 34 mismatches. First mismatch occurred at time 620.
Hint: Total mismatched samples is 160 out of 1003 samples

Simulation finished at 5016 ps
Mismatches: 160 in 1003 samples