
[attempt 0] → decompose_spec
[attempt 0] ← decompose_spec:
為了完成這個 `TopModule`，建議將其實作流程分解為以下 5 個子目標：

1. 設計一個基於狀態機 (FSM) 的序列偵測器，用來捕捉「1101」模式並觸發後續接收 4-bit 延遲值的流程。
2. 實作一個暫存器組，在偵測到「1101」後移入 (Shift-in) 4 位元資料並鎖存為 `delay[3:0]`。
3. 建立一個計時器架構，根據 `delay` 計算總週期數 `(delay + 1) * 1000` 並驅動 `counting` 訊號。
4. 實作 `count[3:0]` 的遞減邏輯，確保其每經過 1000 個時脈週期減少 1，直到歸零。
5. 完成狀態機的結束處理，在計數完成後拉高 `done`，並偵測 `ack` 訊號以重置狀態機至初始搜尋模式。

[attempt 1] → compile_and_test
module TopModule(
    input clk,
    input reset,
    input data,
    output logic [3:0] count,
    output logic counting,
[attempt 1] ← compile_and_test: R  mismatches=244
VCD info: dumpfile wave.vcd opened for output.
Hint: Your FSM didn't pass the sample timing diagram posted with the problem statement. Perhaps try debugging that?
TIMEOUT
/mnt/d/school/w4afAILearn/期末/-/verilog-eval/dataset_spec-to-rtl/Prob156_review2015_fancytimer_test.sv:216: $finish called at 1000000 (1ps)
Hint: Output 'count' has 212 mismatches. First mismatch occurred at time 130.
Hint: Output 'counting' has 54 mismatches. First mismatch occurred at time 130.
Hint: Output 'done' has 28 mismatches. First mismatch occurred at time 20130.
Hint: Total mismatched samples is 244 out of 200000 samples

Simulation finished at 1000000 ps
Mismatches: 244 in 200000 samples

[attempt 2] → compile_and_test
module TopModule(
    input clk,
    input reset,
    input data,
    output logic [3:0] count,
    output logic counting,
[attempt 2] ← compile_and_test: .

[attempt 2] → synthesize
[attempt 2] ← synthesize: Y