
[attempt 0] → decompose_spec
[attempt 0] ← decompose_spec:
為了完成這個序列二補數轉換器（Serial 2's complementer）的 Moore 狀態機設計，建議將任務分解為以下五個子目標：

1. 定義模組介面（包含 `clk`、`reset`、`x` 輸入與 `z` 輸出）並宣告狀態變數 `S0` 與 `S1`。
2. 撰寫狀態暫存器（State Register）邏輯，使用 `always @(posedge clk or posedge reset)` 實現非同步重置。
3. 撰寫組合邏輯區塊，根據目前的狀態（State）與輸入 `x`，決定下一個狀態（Next State）的跳轉邏輯。
4. 撰寫輸出組合邏輯區塊，根據目前的狀態與輸入 `x`，定義輸出 `z` 的邏輯行為。
5. 編寫測試平台（Testbench）模擬序列輸入（如：00100），驗證輸出是否正確產生二補數結果。

[attempt 1] → compile_and_test
module TopModule (
    input clk,
    input areset,
    input x,
    output logic z
);
[attempt 1] ← compile_and_test: e
/tmp/tmp69w3_z67.sv:21: error: This assignment requires an explicit cast.
1 error(s) during elaboration.

[attempt 2] → compile_and_test
module TopModule (
    input clk,
    input areset,
    input x,
    output logic z
);
[attempt 2] ← compile_and_test: e
/tmp/tmpmnygk35q.sv:21: error: This assignment requires an explicit cast.
1 error(s) during elaboration.

[attempt 3] → compile_and_test
module TopModule (
    input clk,
    input areset,
    input x,
    output logic z
);
[attempt 3] ← compile_and_test: R  mismatches=209
VCD info: dumpfile wave.vcd opened for output.
/mnt/d/school/w4afAILearn/期末/-/verilog-eval/dataset_spec-to-rtl/Prob089_ece241_2014_q5a_test.sv:73: $finish called at 2180 (1ps)
Hint: Output 'z' has 209 mismatches. First mismatch occurred at time 10.
Hint: Total mismatched samples is 209 out of 436 samples

Simulation finished at 2180 ps
Mismatches: 209 in 436 samples

[attempt 4] → compile_and_test
module TopModule (
    input clk,
    input areset,
    input x,
    output logic z
);
[attempt 4] ← compile_and_test: C
/tmp/tmp2k_vgr5m.sv:45: error: 'state' has already been declared in this scope.
/tmp/tmp2k_vgr5m.sv:16:      : It was declared here as a variable.

[attempt 5] → compile_and_test
module TopModule (
    input clk,
    input areset,
    input x,
    output logic z
);
[attempt 5] ← compile_and_test: e
/tmp/tmp_ko08d7g.sv:17: error: This assignment requires an explicit cast.
/tmp/tmp_ko08d7g.sv:18: error: This assignment requires an explicit cast.
/tmp/tmp_ko08d7g.sv:19: error: This assignment requires an explicit cast.
3 error(s) during elaboration.