
[attempt 0] → decompose_spec
[attempt 0] ← decompose_spec:
針對題目需求，將 `TopModule` 的設計拆解為以下 5 個具體步驟：

1. 定義 `TopModule` 模組及其輸入輸出埠：`clk`、`L`、`q_in`、`r_in` 與輸出 `Q`。
2. 在模組內部宣告一個暫存器 (register) 來儲存目前的狀態值，並將其與輸出 `Q` 連接。
3. 使用 `always @(posedge clk)` 區塊建立同步循序邏輯，以捕捉時脈訊號。
4. 在區塊內使用 `if-else` 邏輯實作 2:1 多工器：當 `L` 為 1 時載入 `r_in`，否則載入 `q_in`。
5. 將計算出的下一個狀態值賦值給暫存器，完成單位元暫存器的邏輯設計。

[attempt 1] → compile_and_test
module TopModule (
    input clk,
    input L,
    input q_in,
    input r_in,
    output Q
[attempt 1] ← compile_and_test: R  mismatches=1
VCD info: dumpfile wave.vcd opened for output.
/mnt/d/school/w4afAILearn/期末/-/verilog-eval/dataset_spec-to-rtl/Prob104_mt2015_muxdff_test.sv:21: $finish called at 996 (1ps)
Hint: Output 'Q' has 1 mismatches. First mismatch occurred at time 5.
Hint: Total mismatched samples is 1 out of 199 samples

Simulation finished at 996 ps
Mismatches: 1 in 199 samples

[attempt 1] → get_debug_hints(error_type='R')
[attempt 1] ← get_debug_hints: Runtime mismatch 常見原因（請逐項對照自己的程式碼）：
1. Timing offset：FSM 有多餘狀態導致輸出慢一 cycle
2. 狀態轉移條件錯誤：if (w) 應為 if (~w) 或反之
3. 組合邏輯錯誤：output 賦值條件遺漏或邏輯反向
4. Reset 初始值不符：state / counter 初始值與規格不符
5. 計數器邊界：off-by-one（計數

[attempt 2] → compile_and_test
module TopModule (
    input clk,
    input L,
    input q_in,
    input r_in,
    output Q
[attempt 2] ← compile_and_test: R  mismatches=1
VCD info: dumpfile wave.vcd opened for output.
/mnt/d/school/w4afAILearn/期末/-/verilog-eval/dataset_spec-to-rtl/Prob104_mt2015_muxdff_test.sv:21: $finish called at 996 (1ps)
Hint: Output 'Q' has 1 mismatches. First mismatch occurred at time 5.
Hint: Total mismatched samples is 1 out of 199 samples

Simulation finished at 996 ps
Mismatches: 1 in 199 samples

[attempt 2] → decompose_spec
[attempt 2] ← decompose_spec:
根據您的分析，要解決該 Verilog 模組問題並確保通過測試，建議將任務分解為以下 5 個子目標：

1. 定義 `TopModule`：實作一個包含 `clk`、`L`、`D`（輸入）、`r`（輸入）及 `q`（輸出）的暫存器模組，並在 `posedge clk` 時根據 `L` 值選擇性地更新 `q`。
2. 處理初始狀態：在 `TopModule` 中對暫存器 `q` 進行賦值初始化（例如 `reg q = 0;`），以避免模擬初期出現 X（未知）狀態導致比對失敗。
3. 實例化模組：在頂層模組中正確執行三次 `TopModule` 的實例化，並將 `q` 的位元與邏輯運算結果 (`q[1]^q[2]`, `q[0]`, `q[2]`) 正確連接。
4. 驗證連線邏輯：確認所有 `TopModule` 實例的輸入輸出埠映射與原題目的邏輯方程（`q[0]` 為異或值、`q[1]` 為 `q[0]`、`q[2]` 為自身）完全對應。
5. 檢查時序與訊號規範：確認 `TopModule` 內部不包含異步重置（Async Reset），且時鐘邊緣觸發條件符合題目要求。

[attempt 3] → compile_and_test
module TopModule (
    input clk,
    input L,
    input q_in,
    input r_in,
    output Q
[attempt 3] ← compile_and_test: .

[attempt 3] → synthesize
[attempt 3] ← synthesize: Y