
[attempt 0] → decompose_spec
[attempt 0] ← decompose_spec:
為了有效完成這個 Verilog 設計，建議將其拆解為以下 5 個具體、可執行的子目標：

1. 設計一個含同步 Reset 的有限狀態機 (FSM)，用於偵測輸入序列 "1101"。
2. 實現一個計數器模組，當 FSM 偵測到模式後，將 `shift_ena` 信號拉高持續 4 個時鐘週期。
3. 實作邏輯以觸發 `counting` 信號，並維持該狀態直到接收到 `done_counting` 輸入信號。
4. 實作控制邏輯以拉高 `done` 信號，並確保其保持高位準直到接收到 `ack` 信號。
5. 設定狀態機轉移條件，確保在 `ack` 信號有效後，系統能正確回到 IDLE 狀態並準備下一次偵測。

[attempt 1] → compile_and_test
module TopModule (
    input logic clk,
    input logic reset,
    input logic data,
    input logic done_counting,
    input logic ack,
[attempt 1] ← compile_and_test: e
/tmp/tmptluz9jfs.sv:46: error: This assignment requires an explicit cast.
/tmp/tmptluz9jfs.sv:47: error: This assignment requires an explicit cast.
/tmp/tmptluz9jfs.sv:48: error: This assignment requires an explicit cast.
/tmp/tmptluz9jfs.sv:49: error: This assignment requires an explicit cast.
4 error(s) during elaboration.

[attempt 2] → compile_and_test
module TopModule (
    input logic clk,
    input logic reset,
    input logic data,
    input logic done_counting,
    input logic ack,
[attempt 2] ← compile_and_test: e
/tmp/tmphztx84v5.sv:46: error: This assignment requires an explicit cast.
/tmp/tmphztx84v5.sv:47: error: This assignment requires an explicit cast.
/tmp/tmphztx84v5.sv:48: error: This assignment requires an explicit cast.
/tmp/tmphztx84v5.sv:49: error: This assignment requires an explicit cast.
4 error(s) during elaboration.

[attempt 3] → compile_and_test
module TopModule (
    input clk,
    input reset,
    input data,
    input done_counting,
    input ack,
[attempt 3] ← compile_and_test: .

[attempt 3] → synthesize
[attempt 3] ← synthesize: Y