
[attempt 0] → decompose_spec
[attempt 0] ← decompose_spec:
為了完成這個 Verilog 設計任務，建議將步驟拆解如下：

1. **建立真值表與化簡邏輯**：根據題目提供的 x[3:0] 對應輸出值，建立完整的 16 種組合真值表（包含 don't care 項 'd'），並使用卡諾圖（K-map）化簡出邏輯方程式。
2. **定義 Verilog 模組介面**：宣告輸入埠 `input [3:0] x` 與輸出埠 `output y`，並確保在模組內部將 don't care 項處理為最優化的邏輯狀態。
3. **編寫組合邏輯代碼**：利用 `assign` 語句或 `always @(*)` 區塊，根據步驟 1 推導出的化簡邏輯方程式編寫電路行為。
4. **撰寫測試平台 (Testbench)**：編寫一個 Testbench，對所有 16 種可能的輸入組合進行遍歷，並驗證輸出結果是否符合邏輯真值表預期。
5. **進行模擬與驗證**：運行仿真軟體（如 ModelSim、Vivado 或 Icarus Verilog），檢查波形與輸出日誌，確保設計正確且無邏輯錯誤。

[attempt 1] → compile_and_test
module TopModule (
    input [3:0] x,
    output f
);
    // K-map (x3 x2 x1 x0)
    // Row (x3 x2), Col (x1 x0)
[attempt 1] ← compile_and_test: R  mismatches=33
VCD info: dumpfile wave.vcd opened for output.
/mnt/d/Desktop/GitHub/School/強化學習期末專題/verilog-eval/dataset_spec-to-rtl/Prob116_m2014_q3_test.sv:16: $finish called at 501 (1ps)
Hint: Output 'f' has 33 mismatches. First mismatch occurred at time 10.
Hint: Total mismatched samples is 33 out of 100 samples

Simulation finished at 501 ps
Mismatches: 33 in 100 samples