
[attempt 1] → compile_and_test
module TopModule (
    input clk,
    input reset,
    input in,
    output done
);
[attempt 1] ← compile_and_test: e
/tmp/tmp2e6ropb2.sv:48: error: This assignment requires an explicit cast.
/tmp/tmp2e6ropb2.sv:50: error: This assignment requires an explicit cast.
2 error(s) during elaboration.

[attempt 2] → compile_and_test
module TopModule (
    input clk,
    input reset,
    input in,
    output done
);
[attempt 2] ← compile_and_test: e
/tmp/tmptvm5cwi9.sv:49: error: This assignment requires an explicit cast.
/tmp/tmptvm5cwi9.sv:51: error: This assignment requires an explicit cast.
2 error(s) during elaboration.

[attempt 3] → compile_and_test
module TopModule (
    input clk,
    input reset,
    input in,
    output done
);
[attempt 3] ← compile_and_test: .

[attempt 3] → synthesize
[attempt 3] ← synthesize: Y