
[attempt 1] → compile_and_test
module TopModule (
    input logic clk,
    input logic areset,
    input logic predict_valid,
    input logic [6:0] predict_pc,
    output logic predict_taken,
[attempt 1] ← compile_and_test: R  mismatches=370
VCD info: dumpfile wave.vcd opened for output.
/mnt/d/school/w4afAILearn/期末/-/verilog-eval/dataset_spec-to-rtl/Prob153_gshare_test.sv:161: $finish called at 5416 (1ps)
Hint: Output 'predict_taken' has 112 mismatches. First mismatch occurred at time 795.
Hint: Output 'predict_history' has 370 mismatches. First mismatch occurred at time 730.
Hint: Total mismatched samples is 370 out of 1083 samples

Simulation finished at 5416 ps
Mismatches: 370 in 1083 samples

[attempt 1] → get_debug_hints(error_type='R')
[attempt 1] ← get_debug_hints: Runtime mismatch 常見原因（請逐項對照自己的程式碼）：
1. Timing offset：FSM 有多餘狀態導致輸出慢一 cycle
2. 狀態轉移條件錯誤：if (w) 應為 if (~w) 或反之
3. 組合邏輯錯誤：output 賦值條件遺漏或邏輯反向
4. Reset 初始值不符：state / counter 初始值與規格不符
5. 計數器邊界：off-by-one（計數

[attempt 2] → compile_and_test
module TopModule (
    input logic clk,
    input logic areset,
    input logic predict_valid,
    input logic [6:0] predict_pc,
    output logic predict_taken,
[attempt 2] ← compile_and_test: .

[attempt 2] → synthesize
[attempt 2] ← synthesize: Y