
[attempt 0] → decompose_spec
[attempt 0] ← decompose_spec:
為了完成此 Moore 狀態機的設計，建議將工作分解為以下 5 個具體步驟：

1. 定義狀態編碼：使用 `parameter` 或 `localparam` 定義 10 個狀態的 One-hot 編碼值（例如：S=10'b00_0000_0001）。
2. 實現狀態暫存器：編寫時序邏輯（`always @(posedge clk)`）來更新目前狀態 `current_state`，並設定重置邏輯。
3. 編寫組合邏輯的狀態轉移函式：使用 `always @(*)` 與 `case` 語句，根據輸入 `d`, `done_counting`, `ack` 及 `current_state` 計算下一個狀態 `next_state`。
4. 實作輸出邏輯：根據目前的狀態或下一個狀態，定義輸出訊號 `shift_ena`、`counting` 與 `done` 的組合邏輯。
5. 完成結構化代碼整合：將狀態暫存器更新、轉移判斷邏輯與輸出賦值進行串接，確保所有明確訊號（如 B3_next, S_next 等）符合設計需求。

[attempt 1] → compile_and_test
module TopModule (
    input d,
    input done_counting,
    input ack,
    input [9:0] state,
    output B3_next,
[attempt 1] ← compile_and_test: R  mismatches=1
VCD info: dumpfile wave.vcd opened for output.
/mnt/d/school/w4afAILearn/期末/-/verilog-eval/dataset_spec-to-rtl/Prob150_review2015_fsmonehot_test.sv:22: $finish called at 1501 (1ps)
Hint: Output 'B3_next' has no mismatches.
Hint: Output 'S_next' has 1 mismatches. First mismatch occurred at time 5.
Hint: Output 'S1_next' has no mismatches.
Hint: Output 'Count_next' has no mismatches.
Hint: Output 'Wait_next' has no mismatches.
Hint: Output 'done' has no mismatches.
Hint: Output 'counting' has no mismatches.
Hint: Output 'shift_ena' has no mismatches.
Hint: Total mismatched samples is 1 out of 300 samples

Simulation finished at 1501 ps
Mismatches: 1 in 300 samples

[attempt 2] → compile_and_test
module TopModule (
    input d,
    input done_counting,
    input ack,
    input [9:0] state,
    output B3_next,
[attempt 2] ← compile_and_test: R  mismatches=1
VCD info: dumpfile wave.vcd opened for output.
/mnt/d/school/w4afAILearn/期末/-/verilog-eval/dataset_spec-to-rtl/Prob150_review2015_fsmonehot_test.sv:22: $finish called at 1501 (1ps)
Hint: Output 'B3_next' has no mismatches.
Hint: Output 'S_next' has 1 mismatches. First mismatch occurred at time 5.
Hint: Output 'S1_next' has no mismatches.
Hint: Output 'Count_next' has no mismatches.
Hint: Output 'Wait_next' has no mismatches.
Hint: Output 'done' has no mismatches.
Hint: Output 'counting' has no mismatches.
Hint: Output 'shift_ena' has no mismatches.
Hint: Total mismatched samples is 1 out of 300 samples

Simulation finished at 1501 ps
Mismatches: 1 in 300 samples

[attempt 3] → compile_and_test
module TopModule (
    input d,
    input done_counting,
    input ack,
    input [9:0] state,
    output B3_next,
[attempt 3] ← compile_and_test: .

[attempt 3] → synthesize
[attempt 3] ← synthesize: Y