
[attempt 1] → compile_and_test
module TopModule (
    input in,
    output out
);

    always @(*) begin
[attempt 1] ← compile_and_test: w
/tmp/tmpatgoe_od.sv:7: error: out is not a valid l-value in tb.top_module1.
/tmp/tmpatgoe_od.sv:3:      : out is declared here as wire.
1 error(s) during elaboration.

[attempt 1] → get_debug_hints(error_type='R')
[attempt 1] ← get_debug_hints: Runtime mismatch 常見原因（請逐項對照自己的程式碼）：
1. Timing offset：FSM 有多餘狀態導致輸出慢一 cycle
2. 狀態轉移條件錯誤：if (w) 應為 if (~w) 或反之
3. 組合邏輯錯誤：output 賦值條件遺漏或邏輯反向
4. Reset 初始值不符：state / counter 初始值與規格不符
5. 計數器邊界：off-by-one（計數

[attempt 2] → compile_and_test
module TopModule (
    input in,
    output logic out
);

    always @(*) begin
[attempt 2] ← compile_and_test: R  mismatches=2
VCD info: dumpfile wave.vcd opened for output.
/mnt/d/school/w4afAILearn/期末/-/verilog-eval/dataset_spec-to-rtl/Prob008_m2014_q4h_test.sv:16: $finish called at 501 (1ps)
Hint: Output 'out' has 2 mismatches. First mismatch occurred at time 5.
Hint: Total mismatched samples is 2 out of 100 samples

Simulation finished at 501 ps
Mismatches: 2 in 100 samples

[attempt 3] → compile_and_test
module TopModule (
    input in,
    output out
);

    assign out = in;
[attempt 3] ← compile_and_test: .

[attempt 3] → synthesize
[attempt 3] ← synthesize: Y