
[attempt 1] → compile_and_test
module TopModule (
    input [3:0] x,
    output f
);

    // K-map mapping:
[attempt 1] ← compile_and_test: R  mismatches=28
VCD info: dumpfile wave.vcd opened for output.
/mnt/d/school/w4afAILearn/期末/-/verilog-eval/dataset_spec-to-rtl/Prob116_m2014_q3_test.sv:16: $finish called at 501 (1ps)
Hint: Output 'f' has 28 mismatches. First mismatch occurred at time 10.
Hint: Total mismatched samples is 28 out of 100 samples

Simulation finished at 501 ps
Mismatches: 28 in 100 samples

[attempt 1] → get_debug_hints(error_type='R')
[attempt 1] ← get_debug_hints: Runtime mismatch 常見原因（請逐項對照自己的程式碼）：
1. Timing offset：FSM 有多餘狀態導致輸出慢一 cycle
2. 狀態轉移條件錯誤：if (w) 應為 if (~w) 或反之
3. 組合邏輯錯誤：output 賦值條件遺漏或邏輯反向
4. Reset 初始值不符：state / counter 初始值與規格不符
5. 計數器邊界：off-by-one（計數

[attempt 2] → compile_and_test
module TopModule (
    input [3:0] x,
    output f
);

    // K-map based on the provided grid:
[attempt 2] ← compile_and_test: R  mismatches=28
VCD info: dumpfile wave.vcd opened for output.
/mnt/d/school/w4afAILearn/期末/-/verilog-eval/dataset_spec-to-rtl/Prob116_m2014_q3_test.sv:16: $finish called at 501 (1ps)
Hint: Output 'f' has 28 mismatches. First mismatch occurred at time 10.
Hint: Total mismatched samples is 28 out of 100 samples

Simulation finished at 501 ps
Mismatches: 28 in 100 samples

[attempt 3] → compile_and_test
module TopModule (
    input [3:0] x,
    output f
);
    // Let's assume standard mapping x = {x3, x2, x1, x0}
    // Rows (x3 x2): 00, 01, 11, 10
[attempt 3] ← compile_and_test: R  mismatches=28
VCD info: dumpfile wave.vcd opened for output.
/mnt/d/school/w4afAILearn/期末/-/verilog-eval/dataset_spec-to-rtl/Prob116_m2014_q3_test.sv:16: $finish called at 501 (1ps)
Hint: Output 'f' has 28 mismatches. First mismatch occurred at time 10.
Hint: Total mismatched samples is 28 out of 100 samples

Simulation finished at 501 ps
Mismatches: 28 in 100 samples

[attempt 4] → compile_and_test
module TopModule (
    input [3:0] x,
    output f
);
    // Let's re-interpret the bit order for the K-map.
    // The columns are labeled x[1]x[2] and rows are x[3]x[4].
[attempt 4] ← compile_and_test: R  mismatches=28
VCD info: dumpfile wave.vcd opened for output.
/mnt/d/school/w4afAILearn/期末/-/verilog-eval/dataset_spec-to-rtl/Prob116_m2014_q3_test.sv:16: $finish called at 501 (1ps)
Hint: Output 'f' has 28 mismatches. First mismatch occurred at time 10.
Hint: Total mismatched samples is 28 out of 100 samples

Simulation finished at 501 ps
Mismatches: 28 in 100 samples

[attempt 5] → compile_and_test
module TopModule (
    input [3:0] x,
    output f
);
    // Let's try the simplest mapping:
    // x = {x[3], x[2], x[1], x[0]}
[attempt 5] ← compile_and_test: R  mismatches=16
VCD info: dumpfile wave.vcd opened for output.
/mnt/d/school/w4afAILearn/期末/-/verilog-eval/dataset_spec-to-rtl/Prob116_m2014_q3_test.sv:16: $finish called at 501 (1ps)
Hint: Output 'f' has 16 mismatches. First mismatch occurred at time 10.
Hint: Total mismatched samples is 16 out of 100 samples

Simulation finished at 501 ps
Mismatches: 16 in 100 samples