
[attempt 1] → compile_and_test
module TopModule (
    input clk,
    input d,
    output q
);

[attempt 1] ← compile_and_test: R  mismatches=223
VCD info: dumpfile wave.vcd opened for output.
/mnt/d/school/w4afAILearn/期末/-/verilog-eval/dataset_spec-to-rtl/Prob078_dualedge_test.sv:36: $finish called at 1121 (1ps)
Hint: Output 'q' has 223 mismatches. First mismatch occurred at time 10.
Hint: Total mismatched samples is 223 out of 224 samples

Simulation finished at 1121 ps
Mismatches: 223 in 224 samples

[attempt 2] → compile_and_test
module TopModule (
    input clk,
    input d,
    output q
);

[attempt 2] ← compile_and_test: .

[attempt 2] → synthesize
[attempt 2] ← synthesize: Y