
[attempt 1] → compile_and_test
module TopModule (
    input logic in,
    input logic [9:0] state,
    output logic [9:0] next_state,
    output logic out1,
    output logic out2
[attempt 1] ← compile_and_test: R  mismatches=28
VCD info: dumpfile wave.vcd opened for output.
Hint: next_state[0] is   correct.
Hint: next_state[1] is   correct.
Hint: next_state[2] is   correct.
Hint: next_state[3] is   correct.
Hint: next_state[4] is   correct.
Hint: next_state[5] is   correct.
Hint: next_state[6] is   correct.
Hint: next_state[7] is   correct.
Hint: next_state[8] is   correct.
Hint: next_state[9] is   correct.
/mnt/d/school/w4afAILearn/期末/-/verilog-eval/dataset_spec-to-rtl/Prob143_fsm_onehot_test.sv:62: $finish called at 1121 (1ps)
Hint: Output 'next_state' has no mismatches.
Hint: Output 'out1' has 21 mismatches. First mismatch occurred at time 110.
Hint: Output 'out2' has 23 mismatches. First mismatch occurred at time 105.
Hint: Total mismatched samples is 28 out of 224 samples

Simulation finished at 1121 ps
Mismatches: 28 in 224 samples

[attempt 2] → compile_and_test
module TopModule (
    input logic in,
    input logic [9:0] state,
    output logic [9:0] next_state,
    output logic out1,
    output logic out2
[attempt 2] ← compile_and_test: .

[attempt 2] → synthesize
[attempt 2] ← synthesize: Y