
[attempt 1] → compile_and_test
module TopModule(
    input  in,
    output out
);

    always @(*) begin
[attempt 1] ← compile_and_test: w
/tmp/tmpkckb8avm.sv:7: error: out is not a valid l-value in tb.top_module1.
/tmp/tmpkckb8avm.sv:3:      : out is declared here as wire.
1 error(s) during elaboration.

[attempt 2] → compile_and_test
module TopModule(
    input  in,
    output logic out
);

    always @(*) begin
[attempt 2] ← compile_and_test: R  mismatches=2
VCD info: dumpfile wave.vcd opened for output.
/mnt/d/school/w4afAILearn/期末/-/verilog-eval/dataset_spec-to-rtl/Prob008_m2014_q4h_test.sv:16: $finish called at 501 (1ps)
Hint: Output 'out' has 2 mismatches. First mismatch occurred at time 5.
Hint: Total mismatched samples is 2 out of 100 samples

Simulation finished at 501 ps
Mismatches: 2 in 100 samples

[attempt 3] → compile_and_test
module TopModule(
    input  in,
    output logic out
);

    always @(*) begin
[attempt 3] ← compile_and_test: R  mismatches=2
VCD info: dumpfile wave.vcd opened for output.
/mnt/d/school/w4afAILearn/期末/-/verilog-eval/dataset_spec-to-rtl/Prob008_m2014_q4h_test.sv:16: $finish called at 501 (1ps)
Hint: Output 'out' has 2 mismatches. First mismatch occurred at time 5.
Hint: Total mismatched samples is 2 out of 100 samples

Simulation finished at 501 ps
Mismatches: 2 in 100 samples

[attempt 4] → compile_and_test
module TopModule(
    input  in,
    output logic out
);

    assign out = in;
[attempt 4] ← compile_and_test: .

[attempt 4] → synthesize
[attempt 4] ← synthesize: Y