
[attempt 1] → compile_and_test
module TopModule (
    input logic a,
    input logic b,
    input logic c,
    input logic d,
    output logic out
[attempt 1] ← compile_and_test: R  mismatches=14
VCD info: dumpfile wave.vcd opened for output.
/mnt/d/school/w4afAILearn/期末/-/verilog-eval/dataset_spec-to-rtl/Prob125_kmap3_test.sv:38: $finish called at 1161 (1ps)
Hint: Output 'out' has 14 mismatches. First mismatch occurred at time 40.
Hint: Total mismatched samples is 14 out of 232 samples

Simulation finished at 1161 ps
Mismatches: 14 in 232 samples

[attempt 1] → get_debug_hints(error_type='R')
[attempt 1] ← get_debug_hints: Runtime mismatch 常見原因（請逐項對照自己的程式碼）：
1. Timing offset：FSM 有多餘狀態導致輸出慢一 cycle
2. 狀態轉移條件錯誤：if (w) 應為 if (~w) 或反之
3. 組合邏輯錯誤：output 賦值條件遺漏或邏輯反向
4. Reset 初始值不符：state / counter 初始值與規格不符
5. 計數器邊界：off-by-one（計數

[attempt 2] → compile_and_test
module TopModule (
    input logic a,
    input logic b,
    input logic c,
    input logic d,
    output logic out
[attempt 2] ← compile_and_test: R  mismatches=45
VCD info: dumpfile wave.vcd opened for output.
/mnt/d/school/w4afAILearn/期末/-/verilog-eval/dataset_spec-to-rtl/Prob125_kmap3_test.sv:38: $finish called at 1161 (1ps)
Hint: Output 'out' has 45 mismatches. First mismatch occurred at time 30.
Hint: Total mismatched samples is 45 out of 232 samples

Simulation finished at 1161 ps
Mismatches: 45 in 232 samples

[attempt 3] → compile_and_test
module TopModule (
    input logic a,
    input logic b,
    input logic c,
    input logic d,
    output logic out
[attempt 3] ← compile_and_test: R  mismatches=46
VCD info: dumpfile wave.vcd opened for output.
/mnt/d/school/w4afAILearn/期末/-/verilog-eval/dataset_spec-to-rtl/Prob125_kmap3_test.sv:38: $finish called at 1161 (1ps)
Hint: Output 'out' has 46 mismatches. First mismatch occurred at time 30.
Hint: Total mismatched samples is 46 out of 232 samples

Simulation finished at 1161 ps
Mismatches: 46 in 232 samples

[attempt 3] → decompose_spec
[attempt 3] ← decompose_spec:
為了完成此 Verilog 電路設計，請依序執行以下子目標：

1. 將 K-map 數據轉換為邏輯真值表，並使用布林代數或卡諾圖化簡法求出輸出函數 $F(a, b, c, d)$ 的簡化表示式。
2. 建立 Verilog 模組框架，定義輸入埠為 `a, b, c, d`，輸出埠為 `f`。
3. 根據化簡後的布林表示式，在模組內部使用 `assign` 敘述與邏輯運算子（如 `&, |, ~`）實作邏輯閘電路。
4. 編寫 Testbench 測試程式，依序窮舉所有 16 種輸入組合，並觀察輸出 `f` 是否符合 K-map 給定的數值與 Don't care (d) 條件。

[attempt 4] → compile_and_test
module TopModule (
    input logic a,
    input logic b,
    input logic c,
    input logic d,
    output logic out
[attempt 4] ← compile_and_test: R  mismatches=9
VCD info: dumpfile wave.vcd opened for output.
/mnt/d/school/w4afAILearn/期末/-/verilog-eval/dataset_spec-to-rtl/Prob125_kmap3_test.sv:38: $finish called at 1161 (1ps)
Hint: Output 'out' has 9 mismatches. First mismatch occurred at time 5.
Hint: Total mismatched samples is 9 out of 232 samples

Simulation finished at 1161 ps
Mismatches: 9 in 232 samples

[attempt 5] → compile_and_test
module TopModule (
    input logic a,
    input logic b,
    input logic c,
    input logic d,
    output logic out
[attempt 5] ← compile_and_test: .

[attempt 5] → synthesize (auto, last attempt)
[attempt 5] ← synthesize: Y