
[attempt 1] → compile_and_test
module TopModule (
    input a,
    input b,
    input c,
    input d,
    input e,
[attempt 1] ← compile_and_test: R  mismatches=76
VCD info: dumpfile wave.vcd opened for output.
/mnt/d/school/w4afAILearn/期末/-/verilog-eval/dataset_spec-to-rtl/Prob043_vector5_test.sv:14: $finish called at 500 (1ps)
Hint: Output 'out' has 76 mismatches. First mismatch occurred at time 15.
Hint: Total mismatched samples is 76 out of 100 samples

Simulation finished at 500 ps
Mismatches: 76 in 100 samples

[attempt 2] → compile_and_test
module TopModule (
    input a,
    input b,
    input c,
    input d,
    input e,
[attempt 2] ← compile_and_test: .

[attempt 2] → synthesize
[attempt 2] ← synthesize: Y