
[attempt 0] → decompose_spec
[attempt 0] ← decompose_spec:
針對該 PS/2 滑鼠協議狀態機的設計，建議將任務分解為以下 4 個具體子目標：

1. 定義包含「搜尋（Search）」及「接收後續兩位元組（Byte2/3）」的狀態機架構，並實作同步重置機制。
2. 在「搜尋」狀態下檢查 `in[3]`，若為高電位則鎖定該輸入為第 1 位元組並跳轉至接收下一位元組的狀態。
3. 利用計數器或連續狀態跳轉邏輯，依序接收並暫存後續的 2 個位元組，若過程發生位元組錯位則強制返回搜尋狀態。
4. 在接收完第 3 個位元組後的下一個時脈週期，將 `done` 訊號拉高並自動重啟搜尋流程。

[attempt 1] → compile_and_test
module TopModule (
    input logic clk,
    input logic reset,
    input logic [7:0] in,
    output logic done
);
[attempt 1] ← compile_and_test: S
/tmp/tmp3psk3c2z.sv:30: syntax error
/tmp/tmp3psk3c2z.sv:30: error: Invalid module instantiation
/tmp/tmp3psk3c2z.sv:35: syntax error
/tmp/tmp3psk3c2z.sv:35: error: Invalid module instantiation
/tmp/tmp3psk3c2z.sv:37: syntax error
/tmp/tmp3psk3c2z.sv:37: error: Invalid module instantiation
/tmp/tmp3psk3c2z.sv:41: syntax error
/tmp/tmp3psk3c2z.sv:41: error: Invalid module instantiation
/tmp/tmp3psk3c2z.sv:45: syntax error
/tmp/tmp3psk3c2z.sv:45: error: Invalid module instantiation
/tmp/tmp3psk3c2z.sv:47: syntax error
/tmp/tmp3psk3c2z.sv:47: error: Invalid module instantiation
/tmp/tmp3psk3c2z.sv:50: syntax error
/tmp/tmp3psk3c2z.sv:50: error: Invalid module instantiation
/mnt/d/school/w4afAILearn/期末/-/verilog-eval/dataset_spec-to-rtl/Prob128_fsm_ps2_test.sv:10: error: Invalid module item.

[attempt 2] → compile_and_test
module TopModule (
    input logic clk,
    input logic reset,
    input logic [7:0] in,
    output logic done
);
[attempt 2] ← compile_and_test: R  mismatches=70
VCD info: dumpfile wave.vcd opened for output.
/mnt/d/school/w4afAILearn/期末/-/verilog-eval/dataset_spec-to-rtl/Prob128_fsm_ps2_test.sv:18: $finish called at 2001 (1ps)
Hint: Output 'done' has 70 mismatches. First mismatch occurred at time 230.
Hint: Total mismatched samples is 70 out of 400 samples

Simulation finished at 2001 ps
Mismatches: 70 in 400 samples

[attempt 3] → compile_and_test
module TopModule (
    input logic clk,
    input logic reset,
    input logic [7:0] in,
    output logic done
);
[attempt 3] ← compile_and_test: .

[attempt 3] → synthesize
[attempt 3] ← synthesize: Y