
[attempt 1] → compile_and_test
module TopModule(
    input clk,
    input [7:0] in,
    output [7:0] anyedge
);
    logic [7:0] in_d;
[attempt 1] ← compile_and_test: R  mismatches=212
VCD info: dumpfile wave.vcd opened for output.
/mnt/d/school/w4afAILearn/期末/-/verilog-eval/dataset_spec-to-rtl/Prob045_edgedetect2_test.sv:45: $finish called at 1140 (1ps)
Hint: Output 'anyedge' has 212 mismatches. First mismatch occurred at time 30.
Hint: Total mismatched samples is 212 out of 228 samples

Simulation finished at 1140 ps
Mismatches: 212 in 228 samples

[attempt 2] → compile_and_test
module TopModule(
    input clk,
    input [7:0] in,
    output logic [7:0] anyedge
);
    logic [7:0] in_d;
[attempt 2] ← compile_and_test: R  mismatches=212
VCD info: dumpfile wave.vcd opened for output.
/mnt/d/school/w4afAILearn/期末/-/verilog-eval/dataset_spec-to-rtl/Prob045_edgedetect2_test.sv:45: $finish called at 1140 (1ps)
Hint: Output 'anyedge' has 212 mismatches. First mismatch occurred at time 30.
Hint: Total mismatched samples is 212 out of 228 samples

Simulation finished at 1140 ps
Mismatches: 212 in 228 samples

[attempt 3] → compile_and_test
module TopModule(
    input clk,
    input [7:0] in,
    output logic [7:0] anyedge
);
    logic [7:0] in_d;
[attempt 3] ← compile_and_test: .

[attempt 3] → synthesize
[attempt 3] ← synthesize: Y