
[attempt 0] → decompose_spec
[attempt 0] ← decompose_spec:
為了實現這個 Verilog 模組，建議將任務分解為以下 5 個具體的子目標：

1. 設計一個狀態機 (FSM)，定義 IDLE、DETECT、SHIFT、COUNTING、DONE 五個狀態以處理邏輯流程。
2. 實作訊號檢測邏輯，利用移位暫存器或狀態移轉記錄 `data` 的輸入，以偵測並鎖定 '1101' 序列。
3. 實作計數器邏輯，在進入 SHIFT 狀態後維持 `shift_ena` 為高電位 4 個週期，並在結束後跳轉至下一狀態。
4. 實作控制邏輯，處理 `counting` 和 `done` 的輸出，並根據 `done_counting` 與 `ack` 的輸入訊號控制狀態遷移。
5. 加入同步重置 (Synchronous Reset) 機制，確保所有暫存器與狀態機在 `reset` 為高時強制回到初始狀態。

[attempt 1] → compile_and_test
module TopModule (
    input clk,
    input reset,
    input data,
    input done_counting,
    input ack,
[attempt 1] ← compile_and_test: R  mismatches=486
VCD info: dumpfile wave.vcd opened for output.
Hint: Your FSM didn't pass the sample timing diagram posted with the problem statement. Perhaps try debugging that?
/mnt/d/school/w4afAILearn/期末/-/verilog-eval/dataset_spec-to-rtl/Prob151_review2015_fsm_test.sv:76: $finish called at 25346 (1ps)
Hint: Output 'shift_ena' has 196 mismatches. First mismatch occurred at time 90.
Hint: Output 'counting' has 366 mismatches. First mismatch occurred at time 130.
Hint: Output 'done' has 202 mismatches. First mismatch occurred at time 12060.
Hint: Total mismatched samples is 486 out of 5069 samples

Simulation finished at 25346 ps
Mismatches: 486 in 5069 samples

[attempt 1] → get_debug_hints(error_type='R')
[attempt 1] ← get_debug_hints: Runtime mismatch 常見原因（請逐項對照自己的程式碼）：
1. Timing offset：FSM 有多餘狀態導致輸出慢一 cycle
2. 狀態轉移條件錯誤：if (w) 應為 if (~w) 或反之
3. 組合邏輯錯誤：output 賦值條件遺漏或邏輯反向
4. Reset 初始值不符：state / counter 初始值與規格不符
5. 計數器邊界：off-by-one（計數

[attempt 2] → compile_and_test
module TopModule (
    input clk,
    input reset,
    input data,
    input done_counting,
    input ack,
[attempt 2] ← compile_and_test: e
/tmp/tmpl66gt1dt.sv:50: error: This assignment requires an explicit cast.
/tmp/tmpl66gt1dt.sv:51: error: This assignment requires an explicit cast.
/tmp/tmpl66gt1dt.sv:52: error: This assignment requires an explicit cast.
3 error(s) during elaboration.

[attempt 3] → compile_and_test
module TopModule (
    input clk,
    input reset,
    input data,
    input done_counting,
    input ack,
[attempt 3] ← compile_and_test: R  mismatches=486
VCD info: dumpfile wave.vcd opened for output.
Hint: Your FSM didn't pass the sample timing diagram posted with the problem statement. Perhaps try debugging that?
/mnt/d/school/w4afAILearn/期末/-/verilog-eval/dataset_spec-to-rtl/Prob151_review2015_fsm_test.sv:76: $finish called at 25346 (1ps)
Hint: Output 'shift_ena' has 196 mismatches. First mismatch occurred at time 90.
Hint: Output 'counting' has 366 mismatches. First mismatch occurred at time 130.
Hint: Output 'done' has 202 mismatches. First mismatch occurred at time 12060.
Hint: Total mismatched samples is 486 out of 5069 samples

Simulation finished at 25346 ps
Mismatches: 486 in 5069 samples

[attempt 4] → compile_and_test
module TopModule (
    input clk,
    input reset,
    input data,
    input done_counting,
    input ack,
[attempt 4] ← compile_and_test: e
/tmp/tmpvh7bt7g4.sv:37: error: This assignment requires an explicit cast.
/tmp/tmpvh7bt7g4.sv:38: error: This assignment requires an explicit cast.
/tmp/tmpvh7bt7g4.sv:39: error: This assignment requires an explicit cast.
/tmp/tmpvh7bt7g4.sv:40: error: This assignment requires an explicit cast.
4 error(s) during elaboration.

[attempt 5] → compile_and_test
module TopModule (
    input clk,
    input reset,
    input data,
    input done_counting,
    input ack,
[attempt 5] ← compile_and_test: e
/tmp/tmprsxz39o7.sv:38: error: This assignment requires an explicit cast.
/tmp/tmprsxz39o7.sv:39: error: This assignment requires an explicit cast.
/tmp/tmprsxz39o7.sv:40: error: This assignment requires an explicit cast.
/tmp/tmprsxz39o7.sv:41: error: This assignment requires an explicit cast.
4 error(s) during elaboration.