
[attempt 0] → decompose_spec
[attempt 0] ← decompose_spec:
將此 Verilog 題目分解為以下 5 個具體、可執行的子目標：

1. 定義 Moore 狀態機所需的狀態（例如 IDLE=0 代表未見過 '1'，FOUND=1 代表已見過 '1'）。
2. 實作非同步重置（areset）的時序邏輯，並根據當前狀態與輸入 x 更新下一個狀態（next_state）。
3. 根據題目規則，實作 Moore 輸出邏輯，確保輸出 z 僅取決於當前狀態（State 0 輸出 x，State 1 輸出 ~x）。
4. 撰寫狀態遷移邏輯（State Transition）：若在 State 0 遇到 '1' 則跳轉至 State 1，若在 State 1 則保持狀態。
5. 整合上述邏輯並驗證時序，確保模組在正緣觸發下正確輸出 2's complement 的補數序列。

[attempt 1] → compile_and_test
module TopModule (
    input clk,
    input areset,
    input x,
    output z
);
[attempt 1] ← compile_and_test: R  mismatches=209
VCD info: dumpfile wave.vcd opened for output.
/mnt/d/school/w4afAILearn/期末/-/verilog-eval/dataset_spec-to-rtl/Prob089_ece241_2014_q5a_test.sv:73: $finish called at 2180 (1ps)
Hint: Output 'z' has 209 mismatches. First mismatch occurred at time 10.
Hint: Total mismatched samples is 209 out of 436 samples

Simulation finished at 2180 ps
Mismatches: 209 in 436 samples

[attempt 1] → get_debug_hints(error_type='R')
[attempt 1] ← get_debug_hints: Runtime mismatch 常見原因（請逐項對照自己的程式碼）：
1. Timing offset：FSM 有多餘狀態導致輸出慢一 cycle
2. 狀態轉移條件錯誤：if (w) 應為 if (~w) 或反之
3. 組合邏輯錯誤：output 賦值條件遺漏或邏輯反向
4. Reset 初始值不符：state / counter 初始值與規格不符
5. 計數器邊界：off-by-one（計數

[attempt 2] → compile_and_test
module TopModule (
    input clk,
    input areset,
    input x,
    output z
);
[attempt 2] ← compile_and_test: R  mismatches=209
VCD info: dumpfile wave.vcd opened for output.
/mnt/d/school/w4afAILearn/期末/-/verilog-eval/dataset_spec-to-rtl/Prob089_ece241_2014_q5a_test.sv:73: $finish called at 2180 (1ps)
Hint: Output 'z' has 209 mismatches. First mismatch occurred at time 10.
Hint: Total mismatched samples is 209 out of 436 samples

Simulation finished at 2180 ps
Mismatches: 209 in 436 samples

[attempt 3] → compile_and_test
module TopModule (
    input clk,
    input areset,
    input x,
    output z
);
[attempt 3] ← compile_and_test: C
/tmp/tmppasrz9vj.sv:45: error: 'state' has already been declared in this scope.
/tmp/tmppasrz9vj.sv:8:      : It was declared here as a variable.
/tmp/tmppasrz9vj.sv:45: error: 'next_state' has already been declared in this scope.
/tmp/tmppasrz9vj.sv:8:      : It was declared here as a variable.

[attempt 4] → compile_and_test
module TopModule (
    input clk,
    input areset,
    input x,
    output z
);
[attempt 4] ← compile_and_test: R  mismatches=209
VCD info: dumpfile wave.vcd opened for output.
/mnt/d/school/w4afAILearn/期末/-/verilog-eval/dataset_spec-to-rtl/Prob089_ece241_2014_q5a_test.sv:73: $finish called at 2180 (1ps)
Hint: Output 'z' has 209 mismatches. First mismatch occurred at time 10.
Hint: Total mismatched samples is 209 out of 436 samples

Simulation finished at 2180 ps
Mismatches: 209 in 436 samples

[attempt 4] → get_debug_hints(error_type='R')
[attempt 4] ← get_debug_hints: Runtime mismatch 常見原因（請逐項對照自己的程式碼）：
1. Timing offset：FSM 有多餘狀態導致輸出慢一 cycle
2. 狀態轉移條件錯誤：if (w) 應為 if (~w) 或反之
3. 組合邏輯錯誤：output 賦值條件遺漏或邏輯反向
4. Reset 初始值不符：state / counter 初始值與規格不符
5. 計數器邊界：off-by-one（計數

[attempt 5] → compile_and_test
module TopModule (
    input clk,
    input areset,
    input x,
    output z
);
[attempt 5] ← compile_and_test: R  mismatches=381
VCD info: dumpfile wave.vcd opened for output.
/mnt/d/school/w4afAILearn/期末/-/verilog-eval/dataset_spec-to-rtl/Prob089_ece241_2014_q5a_test.sv:73: $finish called at 2180 (1ps)
Hint: Output 'z' has 381 mismatches. First mismatch occurred at time 30.
Hint: Total mismatched samples is 381 out of 436 samples

Simulation finished at 2180 ps
Mismatches: 381 in 436 samples