
[attempt 0] → decompose_spec
[attempt 0] ← decompose_spec:
根據您提供的題目與邏輯分析，以下是開發此 Verilog 電路的 4 個具體子目標：

1. 定義模組介面，包含輸入訊號 `clk`、`rst_n`、`a`、`b` 與輸出訊號 `q`。
2. 使用 `always @(posedge clk)` 區塊實作下一個狀態邏輯：`next_state = a & b`。
3. 使用 `assign` 敘述實作組合邏輯輸出：`q = a ^ b ^ state`。
4. 編寫 Testbench 並根據提供的波形數據（時間點與輸入輸出組合）驗證電路功能。

[attempt 1] → compile_and_test
module TopModule (
    input clk,
    input a,
    input b,
    output logic q,
    output logic state
[attempt 1] ← compile_and_test: R  mismatches=4
VCD info: dumpfile wave.vcd opened for output.
/mnt/d/school/w4afAILearn/期末/-/verilog-eval/dataset_spec-to-rtl/Prob147_circuit10_test.sv:50: $finish called at 1160 (1ps)
Hint: Output 'q' has 4 mismatches. First mismatch occurred at time 130.
Hint: Output 'state' has 4 mismatches. First mismatch occurred at time 130.
Hint: Total mismatched samples is 4 out of 232 samples

Simulation finished at 1160 ps
Mismatches: 4 in 232 samples

[attempt 2] → compile_and_test
module TopModule (
    input clk,
    input a,
    input b,
    output logic q,
    output logic state
[attempt 2] ← compile_and_test: R  mismatches=229
VCD info: dumpfile wave.vcd opened for output.
/mnt/d/school/w4afAILearn/期末/-/verilog-eval/dataset_spec-to-rtl/Prob147_circuit10_test.sv:50: $finish called at 1160 (1ps)
Hint: Output 'q' has 229 mismatches. First mismatch occurred at time 20.
Hint: Output 'state' has 229 mismatches. First mismatch occurred at time 20.
Hint: Total mismatched samples is 229 out of 232 samples

Simulation finished at 1160 ps
Mismatches: 229 in 232 samples

[attempt 3] → compile_and_test
module TopModule (
    input clk,
    input a,
    input b,
    output logic q,
    output logic state
[attempt 3] ← compile_and_test: R  mismatches=14
VCD info: dumpfile wave.vcd opened for output.
/mnt/d/school/w4afAILearn/期末/-/verilog-eval/dataset_spec-to-rtl/Prob147_circuit10_test.sv:50: $finish called at 1160 (1ps)
Hint: Output 'q' has 14 mismatches. First mismatch occurred at time 20.
Hint: Output 'state' has 14 mismatches. First mismatch occurred at time 20.
Hint: Total mismatched samples is 14 out of 232 samples

Simulation finished at 1160 ps
Mismatches: 14 in 232 samples

[attempt 4] → compile_and_test
module TopModule (
    input clk,
    input a,
    input b,
    output logic q,
    output logic state
[attempt 4] ← compile_and_test: R  mismatches=16
VCD info: dumpfile wave.vcd opened for output.
/mnt/d/school/w4afAILearn/期末/-/verilog-eval/dataset_spec-to-rtl/Prob147_circuit10_test.sv:50: $finish called at 1160 (1ps)
Hint: Output 'q' has 16 mismatches. First mismatch occurred at time 20.
Hint: Output 'state' has 16 mismatches. First mismatch occurred at time 20.
Hint: Total mismatched samples is 16 out of 232 samples

Simulation finished at 1160 ps
Mismatches: 16 in 232 samples

[attempt 5] → compile_and_test
module TopModule (
    input clk,
    input a,
    input b,
    output logic q,
    output logic state
[attempt 5] ← compile_and_test: R  mismatches=217
VCD info: dumpfile wave.vcd opened for output.
/mnt/d/school/w4afAILearn/期末/-/verilog-eval/dataset_spec-to-rtl/Prob147_circuit10_test.sv:50: $finish called at 1160 (1ps)
Hint: Output 'q' has 217 mismatches. First mismatch occurred at time 20.
Hint: Output 'state' has 217 mismatches. First mismatch occurred at time 20.
Hint: Total mismatched samples is 217 out of 232 samples

Simulation finished at 1160 ps
Mismatches: 217 in 232 samples