
[attempt 1] → compile_and_test
module TopModule (
    input clk,
    input in,
    input reset,
    output logic [7:0] out_byte,
    output logic done
[attempt 1] ← compile_and_test: e
/tmp/tmp2ri9ov3e.sv:43: error: This assignment requires an explicit cast.
/tmp/tmp2ri9ov3e.sv:45: error: This assignment requires an explicit cast.
/tmp/tmp2ri9ov3e.sv:46: error: This assignment requires an explicit cast.
3 error(s) during elaboration.

[attempt 1] → get_debug_hints(error_type='e')
[attempt 1] ← get_debug_hints: Explicit cast 錯誤常見原因（iverilog 要求明確型別轉換）：
1. 把整數常數賦值給 enum 變數（改用 enum 成員名稱，如 state <= IDLE 而非 state <= 2'd0）
2. 三元運算符兩側混用 enum 和整數（兩側都必須是同一 enum 的成員）
3. 對 enum 變數做算術（如 cnt <= cnt + 1）（改用 logic [N:0] 型態

[attempt 2] → compile_and_test
module TopModule (
    input clk,
    input in,
    input reset,
    output logic [7:0] out_byte,
    output logic done
[attempt 2] ← compile_and_test: R  mismatches=94
VCD info: dumpfile wave.vcd opened for output.
/mnt/d/school/w4afAILearn/期末/-/verilog-eval/dataset_spec-to-rtl/Prob146_fsm_serialdata_test.sv:45: $finish called at 4526 (1ps)
Hint: Output 'out_byte' has 38 mismatches. First mismatch occurred at time 110.
Hint: Output 'done' has 92 mismatches. First mismatch occurred at time 110.
Hint: Total mismatched samples is 94 out of 905 samples

Simulation finished at 4526 ps
Mismatches: 94 in 905 samples

[attempt 3] → compile_and_test
module TopModule (
    input clk,
    input in,
    input reset,
    output logic [7:0] out_byte,
    output logic done
[attempt 3] ← compile_and_test: R  mismatches=94
VCD info: dumpfile wave.vcd opened for output.
/mnt/d/school/w4afAILearn/期末/-/verilog-eval/dataset_spec-to-rtl/Prob146_fsm_serialdata_test.sv:45: $finish called at 4526 (1ps)
Hint: Output 'out_byte' has 34 mismatches. First mismatch occurred at time 210.
Hint: Output 'done' has 92 mismatches. First mismatch occurred at time 110.
Hint: Total mismatched samples is 94 out of 905 samples

Simulation finished at 4526 ps
Mismatches: 94 in 905 samples

[attempt 4] → compile_and_test
module TopModule (
    input clk,
    input in,
    input reset,
    output logic [7:0] out_byte,
    output logic done
[attempt 4] ← compile_and_test: R  mismatches=94
VCD info: dumpfile wave.vcd opened for output.
/mnt/d/school/w4afAILearn/期末/-/verilog-eval/dataset_spec-to-rtl/Prob146_fsm_serialdata_test.sv:45: $finish called at 4526 (1ps)
Hint: Output 'out_byte' has 34 mismatches. First mismatch occurred at time 210.
Hint: Output 'done' has 92 mismatches. First mismatch occurred at time 110.
Hint: Total mismatched samples is 94 out of 905 samples

Simulation finished at 4526 ps
Mismatches: 94 in 905 samples

[attempt 4] → get_debug_hints(error_type='R')
[attempt 4] ← get_debug_hints: Runtime mismatch 常見原因（請逐項對照自己的程式碼）：
1. Timing offset：FSM 有多餘狀態導致輸出慢一 cycle
2. 狀態轉移條件錯誤：if (w) 應為 if (~w) 或反之
3. 組合邏輯錯誤：output 賦值條件遺漏或邏輯反向
4. Reset 初始值不符：state / counter 初始值與規格不符
5. 計數器邊界：off-by-one（計數

[attempt 5] → compile_and_test
module TopModule (
    input clk,
    input in,
    input reset,
    output logic [7:0] out_byte,
    output logic done
[attempt 5] ← compile_and_test: R  mismatches=38
VCD info: dumpfile wave.vcd opened for output.
/mnt/d/school/w4afAILearn/期末/-/verilog-eval/dataset_spec-to-rtl/Prob146_fsm_serialdata_test.sv:45: $finish called at 4526 (1ps)
Hint: Output 'out_byte' has 32 mismatches. First mismatch occurred at time 850.
Hint: Output 'done' has 38 mismatches. First mismatch occurred at time 110.
Hint: Total mismatched samples is 38 out of 905 samples

Simulation finished at 4526 ps
Mismatches: 38 in 905 samples