
[attempt 0] → decompose_spec
[attempt 0] ← decompose_spec:
為了完成這個 Lemmings 有限狀態機 (FSM) 的設計，建議將任務分解為以下五個子目標：

1. 定義狀態參數並宣告 `state` 與 `next_state` 暫存器，並實作包含非同步重置 (`areset`) 的時序邏輯區塊。
2. 設計組合邏輯區塊，根據目前的 `state` 與輸入 (`ground`, `dig`, `bump_left`, `bump_right`) 實作狀態轉換邏輯，並確保優先權符合 (Fall > Dig > Switch)。
3. 在狀態轉換邏輯中加入處理邊緣情況的規則，例如在挖掘時若地面消失則轉為墜落，以及同時碰到左右牆壁時的轉向邏輯。
4. 根據題目定義的狀態，實作輸出邏輯 (Combinational Outputs)，正確對應 `walk_left`、`walk_right`、`aaah` 與 `digging` 四個訊號。
5. 進行邏輯驗證，確保在 `areset` 後狀態歸零，並檢查在不同輸入條件下，狀態機是否能準確在六個狀態間切換。

[attempt 1] → compile_and_test
module TopModule(
    input clk,
    input areset,
    input bump_left,
    input bump_right,
    input ground,
[attempt 1] ← compile_and_test: R  mismatches=227
VCD info: dumpfile wave.vcd opened for output.
/mnt/d/school/w4afAILearn/期末/-/verilog-eval/dataset_spec-to-rtl/Prob152_lemmings3_test.sv:94: $finish called at 2216 (1ps)
Hint: Output 'walk_left' has 171 mismatches. First mismatch occurred at time 120.
Hint: Output 'walk_right' has 56 mismatches. First mismatch occurred at time 500.
Hint: Output 'aaah' has no mismatches.
Hint: Output 'digging' has no mismatches.
Hint: Total mismatched samples is 227 out of 443 samples

Simulation finished at 2216 ps
Mismatches: 227 in 443 samples

[attempt 1] → get_debug_hints(error_type='R')
[attempt 1] ← get_debug_hints: Runtime mismatch 常見原因（請逐項對照自己的程式碼）：
1. Timing offset：FSM 有多餘狀態導致輸出慢一 cycle
2. 狀態轉移條件錯誤：if (w) 應為 if (~w) 或反之
3. 組合邏輯錯誤：output 賦值條件遺漏或邏輯反向
4. Reset 初始值不符：state / counter 初始值與規格不符
5. 計數器邊界：off-by-one（計數

[attempt 2] → compile_and_test
module TopModule(
    input clk,
    input areset,
    input bump_left,
    input bump_right,
    input ground,
[attempt 2] ← compile_and_test: R  mismatches=283
VCD info: dumpfile wave.vcd opened for output.
/mnt/d/school/w4afAILearn/期末/-/verilog-eval/dataset_spec-to-rtl/Prob152_lemmings3_test.sv:94: $finish called at 2216 (1ps)
Hint: Output 'walk_left' has 200 mismatches. First mismatch occurred at time 120.
Hint: Output 'walk_right' has 139 mismatches. First mismatch occurred at time 280.
Hint: Output 'aaah' has no mismatches.
Hint: Output 'digging' has no mismatches.
Hint: Total mismatched samples is 283 out of 443 samples

Simulation finished at 2216 ps
Mismatches: 283 in 443 samples

[attempt 3] → compile_and_test
module TopModule(
    input clk,
    input areset,
    input bump_left,
    input bump_right,
    input ground,
[attempt 3] ← compile_and_test: R  mismatches=227
VCD info: dumpfile wave.vcd opened for output.
/mnt/d/school/w4afAILearn/期末/-/verilog-eval/dataset_spec-to-rtl/Prob152_lemmings3_test.sv:94: $finish called at 2216 (1ps)
Hint: Output 'walk_left' has 171 mismatches. First mismatch occurred at time 120.
Hint: Output 'walk_right' has 56 mismatches. First mismatch occurred at time 500.
Hint: Output 'aaah' has no mismatches.
Hint: Output 'digging' has no mismatches.
Hint: Total mismatched samples is 227 out of 443 samples

Simulation finished at 2216 ps
Mismatches: 227 in 443 samples

[attempt 4] → compile_and_test
module TopModule(
    input clk,
    input areset,
    input bump_left,
    input bump_right,
    input ground,
[attempt 4] ← compile_and_test: .

[attempt 4] → synthesize
[attempt 4] ← synthesize: Y