
[attempt 1] → compile_and_test
module TopModule (
    input a,
    input b,
    input c,
    input d,
    output out
[attempt 1] ← compile_and_test: w
/tmp/tmpl7ybwbz9.sv:25: error: out is not a valid l-value in tb.top_module1.
/tmp/tmpl7ybwbz9.sv:6:      : out is declared here as wire.
1 error(s) during elaboration.

[attempt 2] → compile_and_test
module TopModule (
    input a,
    input b,
    input c,
    input d,
    output logic out
[attempt 2] ← compile_and_test: R  mismatches=112
VCD info: dumpfile wave.vcd opened for output.
/mnt/d/school/w4afAILearn/期末/-/verilog-eval/dataset_spec-to-rtl/Prob122_kmap4_test.sv:38: $finish called at 1161 (1ps)
Hint: Output 'out' has 112 mismatches. First mismatch occurred at time 30.
Hint: Total mismatched samples is 112 out of 232 samples

Simulation finished at 1161 ps
Mismatches: 112 in 232 samples

[attempt 3] → compile_and_test
module TopModule (
    input a,
    input b,
    input c,
    input d,
    output logic out
[attempt 3] ← compile_and_test: R  mismatches=120
VCD info: dumpfile wave.vcd opened for output.
/mnt/d/school/w4afAILearn/期末/-/verilog-eval/dataset_spec-to-rtl/Prob122_kmap4_test.sv:38: $finish called at 1161 (1ps)
Hint: Output 'out' has 120 mismatches. First mismatch occurred at time 5.
Hint: Total mismatched samples is 120 out of 232 samples

Simulation finished at 1161 ps
Mismatches: 120 in 232 samples

[attempt 4] → compile_and_test
module TopModule (
    input a,
    input b,
    input c,
    input d,
    output logic out
[attempt 4] ← compile_and_test: .

[attempt 4] → synthesize
[attempt 4] ← synthesize: Y