
[attempt 1] → compile_and_test
module TopModule (
    input  logic [4:0] a,
    input  logic [4:0] b,
    input  logic [4:0] c,
    input  logic [4:0] d,
    input  logic [4:0] e,
[attempt 1] ← compile_and_test: R  mismatches=1
VCD info: dumpfile wave.vcd opened for output.
/mnt/d/school/w4afAILearn/期末/-/verilog-eval/dataset_spec-to-rtl/Prob064_vector3_test.sv:44: $finish called at 630 (1ps)
Hint: Output 'w' has no mismatches.
Hint: Output 'x' has no mismatches.
Hint: Output 'y' has no mismatches.
Hint: Output 'z' has 1 mismatches. First mismatch occurred at time 5.
Hint: Total mismatched samples is 1 out of 126 samples

Simulation finished at 630 ps
Mismatches: 1 in 126 samples

[attempt 2] → compile_and_test
module TopModule (
    input  logic [4:0] a,
    input  logic [4:0] b,
    input  logic [4:0] c,
    input  logic [4:0] d,
    input  logic [4:0] e,
[attempt 2] ← compile_and_test: R  mismatches=1
VCD info: dumpfile wave.vcd opened for output.
/mnt/d/school/w4afAILearn/期末/-/verilog-eval/dataset_spec-to-rtl/Prob064_vector3_test.sv:44: $finish called at 630 (1ps)
Hint: Output 'w' has no mismatches.
Hint: Output 'x' has no mismatches.
Hint: Output 'y' has no mismatches.
Hint: Output 'z' has 1 mismatches. First mismatch occurred at time 5.
Hint: Total mismatched samples is 1 out of 126 samples

Simulation finished at 630 ps
Mismatches: 1 in 126 samples

[attempt 3] → compile_and_test
module TopModule (
    input  logic [4:0] a,
    input  logic [4:0] b,
    input  logic [4:0] c,
    input  logic [4:0] d,
    input  logic [4:0] e,
[attempt 3] ← compile_and_test: R  mismatches=1
VCD info: dumpfile wave.vcd opened for output.
/mnt/d/school/w4afAILearn/期末/-/verilog-eval/dataset_spec-to-rtl/Prob064_vector3_test.sv:44: $finish called at 630 (1ps)
Hint: Output 'w' has no mismatches.
Hint: Output 'x' has no mismatches.
Hint: Output 'y' has no mismatches.
Hint: Output 'z' has 1 mismatches. First mismatch occurred at time 5.
Hint: Total mismatched samples is 1 out of 126 samples

Simulation finished at 630 ps
Mismatches: 1 in 126 samples

[attempt 4] → compile_and_test
module TopModule (
    input  logic [4:0] a,
    input  logic [4:0] b,
    input  logic [4:0] c,
    input  logic [4:0] d,
    input  logic [4:0] e,
[attempt 4] ← compile_and_test: R  mismatches=1
VCD info: dumpfile wave.vcd opened for output.
/mnt/d/school/w4afAILearn/期末/-/verilog-eval/dataset_spec-to-rtl/Prob064_vector3_test.sv:44: $finish called at 630 (1ps)
Hint: Output 'w' has no mismatches.
Hint: Output 'x' has no mismatches.
Hint: Output 'y' has no mismatches.
Hint: Output 'z' has 1 mismatches. First mismatch occurred at time 5.
Hint: Total mismatched samples is 1 out of 126 samples

Simulation finished at 630 ps
Mismatches: 1 in 126 samples

[attempt 4] → decompose_spec
[attempt 4] ← decompose_spec:
為了完成此 Verilog 設計任務，建議將其實作分解為以下四個子目標：

1. 定義 `TopModule` 模組介面，宣告 6 個 5-bit 輸入埠 (`a` 到 `f`) 與 4 個 8-bit 輸出埠 (`w` 到 `z`)。
2. 建立一個中間暫存訊號（wire），將 6 個輸入訊號以 `{a, b, c, d, e, f}` 的順序串接，並在其尾端補上兩個 1，形成總長度 32 bits 的資料。
3. 將此 32-bit 的串接結果切割並指派給 4 個 8-bit 輸出埠（例如：`w` 取高 8 位，依序分配給 `x`, `y`, `z`）。
4. 撰寫 Testbench 驗證輸入與輸出邏輯，確保串接、補位及切割後的數值符合題目要求。

[attempt 5] → compile_and_test
module TopModule (
    input  logic [4:0] a,
    input  logic [4:0] b,
    input  logic [4:0] c,
    input  logic [4:0] d,
    input  logic [4:0] e,
[attempt 5] ← compile_and_test: R  mismatches=126
VCD info: dumpfile wave.vcd opened for output.
/mnt/d/school/w4afAILearn/期末/-/verilog-eval/dataset_spec-to-rtl/Prob064_vector3_test.sv:44: $finish called at 630 (1ps)
Hint: Output 'w' has 125 mismatches. First mismatch occurred at time 10.
Hint: Output 'x' has 111 mismatches. First mismatch occurred at time 80.
Hint: Output 'y' has 111 mismatches. First mismatch occurred at time 80.
Hint: Output 'z' has 126 mismatches. First mismatch occurred at time 5.
Hint: Total mismatched samples is 126 out of 126 samples

Simulation finished at 630 ps
Mismatches: 126 in 126 samples