
[attempt 1] → compile_and_test
module TopModule (
    input clk,
    input reset,
    input [2:0] s,
    output logic fr2,
    output logic fr1,
[attempt 1] ← compile_and_test: R  mismatches=1596
VCD info: dumpfile wave.vcd opened for output.
Hint: Your reset doesn't seem to be working.
/mnt/d/school/w4afAILearn/期末/-/verilog-eval/dataset_spec-to-rtl/Prob149_ece241_2013_q4_test.sv:84: $finish called at 10200 (1ps)
Hint: Output 'fr2' has 312 mismatches. First mismatch occurred at time 10.
Hint: Output 'fr1' has 288 mismatches. First mismatch occurred at time 120.
Hint: Output 'fr0' has 273 mismatches. First mismatch occurred at time 130.
Hint: Output 'dfr' has 1306 mismatches. First mismatch occurred at time 10.
Hint: Total mismatched samples is 1596 out of 2040 samples

Simulation finished at 10200 ps
Mismatches: 1596 in 2040 samples

[attempt 2] → compile_and_test
module TopModule (
    input clk,
    input reset,
    input [2:0] s,
    output logic fr2,
    output logic fr1,
[attempt 2] ← compile_and_test: R  mismatches=1593
VCD info: dumpfile wave.vcd opened for output.
Hint: Your reset should be synchronous, but doesn't appear to be.
/mnt/d/school/w4afAILearn/期末/-/verilog-eval/dataset_spec-to-rtl/Prob149_ece241_2013_q4_test.sv:84: $finish called at 10200 (1ps)
Hint: Output 'fr2' has 309 mismatches. First mismatch occurred at time 20.
Hint: Output 'fr1' has 288 mismatches. First mismatch occurred at time 120.
Hint: Output 'fr0' has 273 mismatches. First mismatch occurred at time 130.
Hint: Output 'dfr' has 1303 mismatches. First mismatch occurred at time 20.
Hint: Total mismatched samples is 1593 out of 2040 samples

Simulation finished at 10200 ps
Mismatches: 1593 in 2040 samples

[attempt 3] → compile_and_test
module TopModule (
    input clk,
    input reset,
    input [2:0] s,
    output logic fr2,
    output logic fr1,
[attempt 3] ← compile_and_test: R  mismatches=964
VCD info: dumpfile wave.vcd opened for output.
/mnt/d/school/w4afAILearn/期末/-/verilog-eval/dataset_spec-to-rtl/Prob149_ece241_2013_q4_test.sv:84: $finish called at 10200 (1ps)
Hint: Output 'fr2' has no mismatches.
Hint: Output 'fr1' has no mismatches.
Hint: Output 'fr0' has no mismatches.
Hint: Output 'dfr' has 964 mismatches. First mismatch occurred at time 90.
Hint: Total mismatched samples is 964 out of 2040 samples

Simulation finished at 10200 ps
Mismatches: 964 in 2040 samples

[attempt 4] → compile_and_test
module TopModule (
    input clk,
    input reset,
    input [2:0] s,
    output logic fr2,
    output logic fr1,
[attempt 4] ← compile_and_test: R  mismatches=964
VCD info: dumpfile wave.vcd opened for output.
/mnt/d/school/w4afAILearn/期末/-/verilog-eval/dataset_spec-to-rtl/Prob149_ece241_2013_q4_test.sv:84: $finish called at 10200 (1ps)
Hint: Output 'fr2' has no mismatches.
Hint: Output 'fr1' has no mismatches.
Hint: Output 'fr0' has no mismatches.
Hint: Output 'dfr' has 964 mismatches. First mismatch occurred at time 90.
Hint: Total mismatched samples is 964 out of 2040 samples

Simulation finished at 10200 ps
Mismatches: 964 in 2040 samples

[attempt 5] → compile_and_test
module TopModule (
    input clk,
    input reset,
    input [2:0] s,
    output logic fr2,
    output logic fr1,
[attempt 5] ← compile_and_test: R  mismatches=964
VCD info: dumpfile wave.vcd opened for output.
/mnt/d/school/w4afAILearn/期末/-/verilog-eval/dataset_spec-to-rtl/Prob149_ece241_2013_q4_test.sv:84: $finish called at 10200 (1ps)
Hint: Output 'fr2' has no mismatches.
Hint: Output 'fr1' has no mismatches.
Hint: Output 'fr0' has no mismatches.
Hint: Output 'dfr' has 964 mismatches. First mismatch occurred at time 90.
Hint: Total mismatched samples is 964 out of 2040 samples

Simulation finished at 10200 ps
Mismatches: 964 in 2040 samples