
[attempt 1] → compile_and_test
module TopModule (
    input clock,
    input a,
    output p,
    output q
);
[attempt 1] ← compile_and_test: R  mismatches=186
VCD info: dumpfile wave.vcd opened for output.
/mnt/d/school/w4afAILearn/期末/-/verilog-eval/dataset_spec-to-rtl/Prob145_circuit8_test.sv:45: $finish called at 1200 (1ps)
Hint: Output 'p' has 112 mismatches. First mismatch occurred at time 90.
Hint: Output 'q' has 127 mismatches. First mismatch occurred at time 60.
Hint: Total mismatched samples is 186 out of 240 samples

Simulation finished at 1200 ps
Mismatches: 186 in 240 samples

[attempt 2] → compile_and_test
module TopModule (
    input clock,
    input a,
    output p,
    output q
);
[attempt 2] ← compile_and_test: R  mismatches=186
VCD info: dumpfile wave.vcd opened for output.
/mnt/d/school/w4afAILearn/期末/-/verilog-eval/dataset_spec-to-rtl/Prob145_circuit8_test.sv:45: $finish called at 1200 (1ps)
Hint: Output 'p' has 112 mismatches. First mismatch occurred at time 90.
Hint: Output 'q' has 127 mismatches. First mismatch occurred at time 60.
Hint: Total mismatched samples is 186 out of 240 samples

Simulation finished at 1200 ps
Mismatches: 186 in 240 samples

[attempt 3] → compile_and_test
module TopModule (
    input clock,
    input a,
    output p,
    output q
);
[attempt 3] ← compile_and_test: R  mismatches=145
VCD info: dumpfile wave.vcd opened for output.
/mnt/d/school/w4afAILearn/期末/-/verilog-eval/dataset_spec-to-rtl/Prob145_circuit8_test.sv:45: $finish called at 1200 (1ps)
Hint: Output 'p' has 67 mismatches. First mismatch occurred at time 120.
Hint: Output 'q' has 127 mismatches. First mismatch occurred at time 60.
Hint: Total mismatched samples is 145 out of 240 samples

Simulation finished at 1200 ps
Mismatches: 145 in 240 samples

[attempt 4] → compile_and_test
module TopModule (
    input clock,
    input a,
    output p,
    output q
);
[attempt 4] ← compile_and_test: R  mismatches=186
VCD info: dumpfile wave.vcd opened for output.
/mnt/d/school/w4afAILearn/期末/-/verilog-eval/dataset_spec-to-rtl/Prob145_circuit8_test.sv:45: $finish called at 1200 (1ps)
Hint: Output 'p' has 112 mismatches. First mismatch occurred at time 90.
Hint: Output 'q' has 127 mismatches. First mismatch occurred at time 60.
Hint: Total mismatched samples is 186 out of 240 samples

Simulation finished at 1200 ps
Mismatches: 186 in 240 samples

[attempt 5] → compile_and_test
module TopModule (
    input clock,
    input a,
    output p,
    output q
);
[attempt 5] ← compile_and_test: S
/tmp/tmp7v9axzht.sv:35: syntax error
/tmp/tmp7v9axzht.sv:35: error: Syntax error in continuous assignment