
[attempt 0] → decompose_spec
[attempt 0] ← decompose_spec:
根據您的需求，將設計分解為以下 5 個具體、可執行的子目標：

1. 定義狀態機 (FSM) 的狀態變數 (IDLE, GET_B1, GET_B2, GET_B3) 與資料暫存器 (byte1, byte2, byte3)，並使用 `always @(posedge clk)` 實作同步重置與狀態切換邏輯。
2. 實作狀態機的檢測邏輯：在 `IDLE` 狀態判斷 `in[3]` 是否為 1，若是則將當前 byte 存入 `byte1` 並轉換至 `GET_B2`。
3. 實作連續資料擷取邏輯：在後續狀態中依序將輸入流存入 `byte2` 與 `byte3`，並在收集完第三個 byte 後觸發 `done` 訊號。
4. 實作輸出合併邏輯：使用 `always @(*)` 確保 `out_bytes` 能正確串接 `{byte1, byte2, byte3}`，並在 `done` 為高電位時維持輸出。
5. 確保狀態機的循環機制：設計狀態機在完成 `done` 訊號後，立即返回初始狀態或適當的檢測狀態以捕捉下一個 Byte 1。

[attempt 1] → compile_and_test
module TopModule (
    input clk,
    input reset,
    input [7:0] in,
    output logic [23:0] out_bytes,
    output logic done
[attempt 1] ← compile_and_test: R  mismatches=994
VCD info: dumpfile wave.vcd opened for output.
/mnt/d/school/w4afAILearn/期末/-/verilog-eval/dataset_spec-to-rtl/Prob154_fsm_ps2data_test.sv:31: $finish called at 8096 (1ps)
Hint: Output 'out_bytes' has 282 mismatches. First mismatch occurred at time 240.
Hint: Output 'done' has 900 mismatches. First mismatch occurred at time 200.
Hint: Total mismatched samples is 994 out of 1619 samples

Simulation finished at 8096 ps
Mismatches: 994 in 1619 samples

[attempt 1] → get_debug_hints(error_type='R')
[attempt 1] ← get_debug_hints: Runtime mismatch 常見原因（請逐項對照自己的程式碼）：
1. Timing offset：FSM 有多餘狀態導致輸出慢一 cycle
2. 狀態轉移條件錯誤：if (w) 應為 if (~w) 或反之
3. 組合邏輯錯誤：output 賦值條件遺漏或邏輯反向
4. Reset 初始值不符：state / counter 初始值與規格不符
5. 計數器邊界：off-by-one（計數

[attempt 2] → compile_and_test
module TopModule (
    input clk,
    input reset,
    input [7:0] in,
    output logic [23:0] out_bytes,
    output logic done
[attempt 2] ← compile_and_test: .

[attempt 2] → synthesize
[attempt 2] ← synthesize: Y