
[attempt 1] → compile_and_test
module TopModule (
    input [3:0] x,
    output f
);
    // K-map layout:
    // Row (x[2]x[3]): 00, 01, 11, 10
[attempt 1] ← compile_and_test: R  mismatches=67
VCD info: dumpfile wave.vcd opened for output.
/mnt/d/school/w4afAILearn/期末/-/verilog-eval/dataset_spec-to-rtl/Prob113_2012_q1g_test.sv:16: $finish called at 501 (1ps)
Hint: Output 'f' has 67 mismatches. First mismatch occurred at time 10.
Hint: Total mismatched samples is 67 out of 100 samples

Simulation finished at 501 ps
Mismatches: 67 in 100 samples

[attempt 1] → decompose_spec
[attempt 1] ← decompose_spec:
為了完成此 Verilog 設計任務，建議採取以下 4 個步驟：

1. 根據 K-map 數據填寫真值表，確認輸入 `x[3:0]` 與輸出 `f` 的邏輯對應關係。
2. 利用布林代數化簡法或 K-map 分組法，導出輸出 `f` 的簡化邏輯運算式。
3. 根據化簡後的邏輯表達式，編寫 Verilog 模組（使用 `assign` 語句或邏輯閘實現）。
4. 編寫測試平台 (Testbench) 對所有 16 種輸入組合進行遍歷，驗證 Verilog 輸出是否與 K-map 完全相符。

[attempt 2] → compile_and_test
module TopModule (
    input [3:0] x,
    output f
);
    // Inputs: x[3], x[2], x[1], x[0]
    // Mapping:
[attempt 2] ← compile_and_test: R  mismatches=67
VCD info: dumpfile wave.vcd opened for output.
/mnt/d/school/w4afAILearn/期末/-/verilog-eval/dataset_spec-to-rtl/Prob113_2012_q1g_test.sv:16: $finish called at 501 (1ps)
Hint: Output 'f' has 67 mismatches. First mismatch occurred at time 10.
Hint: Total mismatched samples is 67 out of 100 samples

Simulation finished at 501 ps
Mismatches: 67 in 100 samples

[attempt 2] → decompose_spec
[attempt 2] ← decompose_spec:
1. 根據 K-map 真值表，將所有輸出為 1 的組合整理成邏輯 minterms (m0, m1, m4, m5, m6, m12, m14, m15)。
2. 使用布林代數或 K-map 化簡法，將上述 minterms 簡化為最簡邏輯運算式 (Sum of Products)。
3. 在 Verilog 中定義模組介面，輸入為 4-bit 向量 `x[3:0]`，輸出為單一 bit `f`。
4. 使用 `assign` 敘述與邏輯運算子 (如 `&`, `|`, `~`) 實作步驟 2 所得之化簡後的布林邏輯。
5. 編寫 Testbench 驗證所有 16 種輸入組合，確認輸出 `f` 與原始 K-map 的值完全相符。

[attempt 3] → compile_and_test
module TopModule (
    input [3:0] x,
    output f
);
    // Based on K-map:
    // f = 1 at (x3, x2, x1, x0) = 0000, 0001, 1100, 1110, 1111, 0100, 0110, 0101
[attempt 3] ← compile_and_test: .

[attempt 3] → synthesize
[attempt 3] ← synthesize: Y