
[attempt 1] → compile_and_test
module TopModule (
    input clk,
    input areset,
    input in,
    output out
);
[attempt 1] ← compile_and_test: e
/tmp/tmp6lsn_vr3.sv:26: error: This assignment requires an explicit cast.
/tmp/tmp6lsn_vr3.sv:27: error: This assignment requires an explicit cast.
2 error(s) during elaboration.

[attempt 2] → compile_and_test
module TopModule (
    input clk,
    input areset,
    input in,
    output out
);
[attempt 2] ← compile_and_test: .

[attempt 2] → synthesize
[attempt 2] ← synthesize: Y