
[attempt 0] → decompose_spec
[attempt 0] ← decompose_spec:
根據您的需求，將該 Verilog 設計任務分解為以下 5 個具體子目標：

1. 定義包含 32-bit 輸入 `in`、輸出 `out` 以及 `clk` 與 `reset` 的模組介面。
2. 建立一個 32-bit 的暫存器來儲存上一週期的輸入狀態（`in_prev`），以便與當前輸入進行比較。
3. 利用邏輯運算 `(in_prev == 1) && (in == 0)` 為每一個 bit 偵測從 1 到 0 的下降緣跳變。
4. 建立一個 32-bit 的狀態暫存器，當對應位元偵測到下降緣或已被鎖定時，將該位元設為 1。
5. 在 `reset` 為高電位時，將輸出暫存器重置為 0，並確保該邏輯在 `clk` 正緣觸發下同步運作。

[attempt 1] → compile_and_test
module TopModule (
    input clk,
    input reset,
    input [31:0] in,
    output logic [31:0] out
);
[attempt 1] ← compile_and_test: R  mismatches=91
VCD info: dumpfile wave.vcd opened for output.
/mnt/d/Desktop/GitHub/School/強化學習期末專題/verilog-eval/dataset_spec-to-rtl/Prob066_edgecapture_test.sv:86: $finish called at 1330 (1ps)
Hint: Output 'out' has 91 mismatches. First mismatch occurred at time 140.
Hint: Total mismatched samples is 91 out of 266 samples

Simulation finished at 1330 ps
Mismatches: 91 in 266 samples