
[attempt 0] → decompose_spec
[attempt 0] ← decompose_spec:
為了完成這個 FSM 的狀態轉移邏輯設計，請依序執行以下步驟：

1. 根據題目定義的狀態轉移表，列出每一種「當前狀態 (y[2:0])」與「輸入 (w)」組合所對應的「下一個狀態 (next_y[2:0])」。
2. 從步驟 1 的真值表提取出「下一個狀態的第 1 位元 (next_y[1])」，並將其整理為以 (y[2], y[1], y[0], w) 為輸入的布林函數表。
3. 使用卡諾圖 (K-Map) 或布林代數化簡法，將 next_y[1] 的邏輯表示式簡化為最簡邏輯閘組合。
4. 編寫 Verilog 模組，宣告輸入 `y` 與 `w`，並將簡化後的邏輯式賦值給輸出 `Y1` 以實現下一個狀態的第 1 位元邏輯。

[attempt 1] → compile_and_test
module TopModule(
    input [2:0] y,
    input w,
    output Y1
);
    // State mapping:
[attempt 1] ← compile_and_test: R  mismatches=18
VCD info: dumpfile wave.vcd opened for output.
/mnt/d/school/w4afAILearn/期末/-/verilog-eval/dataset_spec-to-rtl/Prob135_m2014_q6b_test.sv:17: $finish called at 501 (1ps)
Hint: Output 'Y1' has 18 mismatches. First mismatch occurred at time 60.
Hint: Total mismatched samples is 18 out of 100 samples

Simulation finished at 501 ps
Mismatches: 18 in 100 samples

[attempt 1] → get_debug_hints(error_type='R')
[attempt 1] ← get_debug_hints: Runtime mismatch 常見原因（請逐項對照自己的程式碼）：
1. Timing offset：FSM 有多餘狀態導致輸出慢一 cycle
2. 狀態轉移條件錯誤：if (w) 應為 if (~w) 或反之
3. 組合邏輯錯誤：output 賦值條件遺漏或邏輯反向
4. Reset 初始值不符：state / counter 初始值與規格不符
5. 計數器邊界：off-by-one（計數

[attempt 2] → compile_and_test
module TopModule(
    input [2:0] y,
    input w,
    output Y1
);
    // Truth table for next_y[1]:
[attempt 2] ← compile_and_test: w
/tmp/tmpmla7qn2x.sv:102: error: Y1 is not a valid l-value in tb.top_module1.
/tmp/tmpmla7qn2x.sv:4:      : Y1 is declared here as wire.
/tmp/tmpmla7qn2x.sv:103: error: Y1 is not a valid l-value in tb.top_module1.
/tmp/tmpmla7qn2x.sv:4:      : Y1 is declared here as wire.
/tmp/tmpmla7qn2x.sv:104: error: Y1 is not a valid l-value in tb.top_module1.
/tmp/tmpmla7qn2x.sv:4:      : Y1 is declared here as wire.
/tmp/tmpmla7qn2x.sv:105: error: Y1 is not a valid l-value in tb.top_module1.
/tmp/tmpmla7qn2x.sv:4:      : Y1 is declared here as wire.
/tmp/tmpmla7qn2x.sv:106: error: Y1 is not a valid l-value in tb.top_module1.
/tmp/tmpmla7qn2x.sv:4:      : Y1 is declared here as wire.
/tmp/tmpmla7qn2x.sv:107: error: Y1 is not a valid l-value in tb.top_module1.
/tmp/tmpmla7qn2x.sv:4:      : Y1 is declared here as wire.
/tmp/tmpmla7qn2x.sv:108: error: Y1 is not a valid l-value in tb.top_module1.
/tmp/tmpmla7qn2x.sv:4:      : Y1 is declared here as wire.
/tmp/tmpmla7qn2x.sv:109: error: Y1 is not a vali

[attempt 3] → compile_and_test
module TopModule(
    input [2:0] y,
    input w,
    output Y1
);
    // Let's re-verify the states and transitions.
[attempt 3] ← compile_and_test: R  mismatches=45
VCD info: dumpfile wave.vcd opened for output.
/mnt/d/school/w4afAILearn/期末/-/verilog-eval/dataset_spec-to-rtl/Prob135_m2014_q6b_test.sv:17: $finish called at 501 (1ps)
Hint: Output 'Y1' has 45 mismatches. First mismatch occurred at time 10.
Hint: Total mismatched samples is 45 out of 100 samples

Simulation finished at 501 ps
Mismatches: 45 in 100 samples

[attempt 4] → compile_and_test
module TopModule(
    input [2:0] y,
    input w,
    output Y1
);
    // Let's re-read carefully: "Implement just the next-state logic for y[1]. The output Y1 is y[1]."
[attempt 4] ← compile_and_test: C
/mnt/d/school/w4afAILearn/期末/-/verilog-eval/dataset_spec-to-rtl/Prob135_m2014_q6b_test.sv:47: vvp.tgt error: uwire "Y1_dut" must have a single driver, found (2).
error: Code generation had 1 error(s).

[attempt 5] → compile_and_test
module TopModule(
    input [2:0] y,
    input w,
    output Y1
);
    // Y=000, w=0 -> Next=001, Y1=0
[attempt 5] ← compile_and_test: .

[attempt 5] → synthesize (auto, last attempt)
[attempt 5] ← synthesize: Y