
[attempt 1] → compile_and_test
module TopModule (
    input clk,
    input areset,
    input bump_left,
    input bump_right,
    input ground,
[attempt 1] ← compile_and_test: R  mismatches=317
VCD info: dumpfile wave.vcd opened for output.
/mnt/d/school/w4afAILearn/期末/-/verilog-eval/dataset_spec-to-rtl/Prob142_lemmings2_test.sv:80: $finish called at 2206 (1ps)
Hint: Output 'walk_left' has 317 mismatches. First mismatch occurred at time 150.
Hint: Output 'walk_right' has 317 mismatches. First mismatch occurred at time 150.
Hint: Output 'aaah' has no mismatches.
Hint: Total mismatched samples is 317 out of 441 samples

Simulation finished at 2206 ps
Mismatches: 317 in 441 samples

[attempt 1] → get_debug_hints(error_type='R')
[attempt 1] ← get_debug_hints: Runtime mismatch 常見原因（請逐項對照自己的程式碼）：
1. Timing offset：FSM 有多餘狀態導致輸出慢一 cycle
2. 狀態轉移條件錯誤：if (w) 應為 if (~w) 或反之
3. 組合邏輯錯誤：output 賦值條件遺漏或邏輯反向
4. Reset 初始值不符：state / counter 初始值與規格不符
5. 計數器邊界：off-by-one（計數

[attempt 2] → compile_and_test
module TopModule (
    input clk,
    input areset,
    input bump_left,
    input bump_right,
    input ground,
[attempt 2] ← compile_and_test: R  mismatches=317
VCD info: dumpfile wave.vcd opened for output.
/mnt/d/school/w4afAILearn/期末/-/verilog-eval/dataset_spec-to-rtl/Prob142_lemmings2_test.sv:80: $finish called at 2206 (1ps)
Hint: Output 'walk_left' has 317 mismatches. First mismatch occurred at time 150.
Hint: Output 'walk_right' has 317 mismatches. First mismatch occurred at time 150.
Hint: Output 'aaah' has no mismatches.
Hint: Total mismatched samples is 317 out of 441 samples

Simulation finished at 2206 ps
Mismatches: 317 in 441 samples

[attempt 3] → compile_and_test
module TopModule (
    input clk,
    input areset,
    input bump_left,
    input bump_right,
    input ground,
[attempt 3] ← compile_and_test: R  mismatches=317
VCD info: dumpfile wave.vcd opened for output.
/mnt/d/school/w4afAILearn/期末/-/verilog-eval/dataset_spec-to-rtl/Prob142_lemmings2_test.sv:80: $finish called at 2206 (1ps)
Hint: Output 'walk_left' has 317 mismatches. First mismatch occurred at time 150.
Hint: Output 'walk_right' has 317 mismatches. First mismatch occurred at time 150.
Hint: Output 'aaah' has no mismatches.
Hint: Total mismatched samples is 317 out of 441 samples

Simulation finished at 2206 ps
Mismatches: 317 in 441 samples

[attempt 4] → compile_and_test
module TopModule (
    input clk,
    input areset,
    input bump_left,
    input bump_right,
    input ground,
[attempt 4] ← compile_and_test: R  mismatches=154
VCD info: dumpfile wave.vcd opened for output.
/mnt/d/school/w4afAILearn/期末/-/verilog-eval/dataset_spec-to-rtl/Prob142_lemmings2_test.sv:80: $finish called at 2206 (1ps)
Hint: Output 'walk_left' has 154 mismatches. First mismatch occurred at time 270.
Hint: Output 'walk_right' has 154 mismatches. First mismatch occurred at time 270.
Hint: Output 'aaah' has no mismatches.
Hint: Total mismatched samples is 154 out of 441 samples

Simulation finished at 2206 ps
Mismatches: 154 in 441 samples

[attempt 5] → compile_and_test
module TopModule (
    input clk,
    input areset,
    input bump_left,
    input bump_right,
    input ground,
[attempt 5] ← compile_and_test: R  mismatches=317
VCD info: dumpfile wave.vcd opened for output.
/mnt/d/school/w4afAILearn/期末/-/verilog-eval/dataset_spec-to-rtl/Prob142_lemmings2_test.sv:80: $finish called at 2206 (1ps)
Hint: Output 'walk_left' has 317 mismatches. First mismatch occurred at time 150.
Hint: Output 'walk_right' has 317 mismatches. First mismatch occurred at time 150.
Hint: Output 'aaah' has no mismatches.
Hint: Total mismatched samples is 317 out of 441 samples

Simulation finished at 2206 ps
Mismatches: 317 in 441 samples