
[attempt 0] → decompose_spec
[attempt 0] ← decompose_spec:
以下是將設計任務分解為 4 個具體、可執行子目標的建議：

1. 根據邏輯輸出表，將「無關項 (d)」設定為有利於化簡的數值（例如設為 1），並推導出簡化的布林代數運算式。
2. 建立名為 `TopModule` 的 Verilog 檔案，並定義輸入 `a, b, c, d` 與輸出 `out` 的連接埠清單 (Port List)。
3. 使用 `assign` 陳述式搭配步驟 1 推導出的邏輯運算式（如 `&`, `|`, `~` 等運算子）來實作組合邏輯電路。
4. 編寫一個測試平台 (Testbench)，依序輸入所有 16 種 (a, b, c, d) 的組合並進行模擬驗證，確保輸出符合邏輯需求。

[attempt 1] → compile_and_test
module TopModule (
    input a,
    input b,
    input c,
    input d,
    output out
[attempt 1] ← compile_and_test: R  mismatches=23
VCD info: dumpfile wave.vcd opened for output.
/mnt/d/school/w4afAILearn/期末/-/verilog-eval/dataset_spec-to-rtl/Prob125_kmap3_test.sv:38: $finish called at 1161 (1ps)
Hint: Output 'out' has 23 mismatches. First mismatch occurred at time 30.
Hint: Total mismatched samples is 23 out of 232 samples

Simulation finished at 1161 ps
Mismatches: 23 in 232 samples

[attempt 2] → compile_and_test
module TopModule (
    input a,
    input b,
    input c,
    input d,
    output out
[attempt 2] ← compile_and_test: .

[attempt 2] → synthesize
[attempt 2] ← synthesize: Y