
[attempt 0] → decompose_spec
[attempt 0] ← decompose_spec:
根據您的需求，將設計 `TopModule` 的過程分解為以下 5 個具體子目標：

1. 定義有限狀態機（FSM）的狀態編碼，包含初始狀態與檢測序列 `1101` 的各個中間狀態。
2. 撰寫同步重置邏輯，確保在 `reset` 為高電位時，狀態機回到初始狀態且輸出歸零。
3. 實作狀態轉換邏輯，根據輸入 `data` 與當前狀態，判斷並移轉至下一個正確狀態。
4. 設定輸出邏輯 `start_shifting`，當狀態機進入「已偵測到 1101」的終點狀態時將其設為 1。
5. 加入持續輸出機制，確保 `start_shifting` 一旦被設為 1 後，將保持該狀態直到 `reset` 被觸發。

[attempt 1] → compile_and_test
module TopModule(
    input clk,
    input reset,
    input data,
    output logic start_shifting
);
[attempt 1] ← compile_and_test: e
/tmp/tmp6e6h2gi_.sv:29: error: This assignment requires an explicit cast.
/tmp/tmp6e6h2gi_.sv:30: error: This assignment requires an explicit cast.
/tmp/tmp6e6h2gi_.sv:31: error: This assignment requires an explicit cast.
/tmp/tmp6e6h2gi_.sv:32: error: This assignment requires an explicit cast.
4 error(s) during elaboration.

[attempt 1] → get_debug_hints(error_type='R')
[attempt 1] ← get_debug_hints: Runtime mismatch 常見原因（請逐項對照自己的程式碼）：
1. Timing offset：FSM 有多餘狀態導致輸出慢一 cycle
2. 狀態轉移條件錯誤：if (w) 應為 if (~w) 或反之
3. 組合邏輯錯誤：output 賦值條件遺漏或邏輯反向
4. Reset 初始值不符：state / counter 初始值與規格不符
5. 計數器邊界：off-by-one（計數

[attempt 2] → compile_and_test
module TopModule(
    input clk,
    input reset,
    input data,
    output logic start_shifting
);
[attempt 2] ← compile_and_test: .

[attempt 2] → synthesize
[attempt 2] ← synthesize: Y