
[attempt 0] → decompose_spec
[attempt 0] ← decompose_spec:
為了順利完成這個 Lemmings FSM 的設計，建議將任務分解如下：

1. 定義 FSM 狀態列舉（Enum）與狀態暫存器，並實作 `areset` 為同步重置，確保系統初始化為 WALKING_LEFT。
2. 實作組合邏輯的「狀態轉換表」，依照優先級（Falling > Digging > Bumping）編寫 `case` 陳述句處理所有轉換條件。
3. 實作一個計數器（Counter）模組，記錄 FALLING 狀態下的週期數，並在 `ground=1` 時判斷是否進入 SPLATTERED 狀態。
4. 根據當前狀態定義輸出邏輯（walk_left, walk_right, aaah, digging），並確保 SPLATTERED 狀態能正確輸出全 0 的穩定狀態。

[attempt 1] → compile_and_test
module TopModule(
    input clk,
    input areset,
    input bump_left,
    input bump_right,
    input ground,
[attempt 1] ← compile_and_test: e
/tmp/tmpqzfabp04.sv:50: error: This assignment requires an explicit cast.
/tmp/tmpqzfabp04.sv:54: error: This assignment requires an explicit cast.
2 error(s) during elaboration.

[attempt 2] → compile_and_test
module TopModule(
    input clk,
    input areset,
    input bump_left,
    input bump_right,
    input ground,
[attempt 2] ← compile_and_test: e
/tmp/tmpwjcvwo0m.sv:50: error: This assignment requires an explicit cast.
/tmp/tmpwjcvwo0m.sv:57: error: This assignment requires an explicit cast.
2 error(s) during elaboration.

[attempt 3] → compile_and_test
module TopModule(
    input clk,
    input areset,
    input bump_left,
    input bump_right,
    input ground,
[attempt 3] ← compile_and_test: e
/tmp/tmpwtg4ux5x.sv:48: error: This assignment requires an explicit cast.
/tmp/tmpwtg4ux5x.sv:52: error: This assignment requires an explicit cast.
2 error(s) during elaboration.

[attempt 4] → compile_and_test
module TopModule(
    input clk,
    input areset,
    input bump_left,
    input bump_right,
    input ground,
[attempt 4] ← compile_and_test: R  mismatches=232
VCD info: dumpfile wave.vcd opened for output.
/mnt/d/school/w4afAILearn/期末/-/verilog-eval/dataset_spec-to-rtl/Prob155_lemmings4_test.sv:158: $finish called at 5016 (1ps)
Hint: Output 'walk_left' has 132 mismatches. First mismatch occurred at time 360.
Hint: Output 'walk_right' has 88 mismatches. First mismatch occurred at time 790.
Hint: Output 'aaah' has 58 mismatches. First mismatch occurred at time 370.
Hint: Output 'digging' has 24 mismatches. First mismatch occurred at time 1120.
Hint: Total mismatched samples is 232 out of 1003 samples

Simulation finished at 5016 ps
Mismatches: 232 in 1003 samples

[attempt 5] → compile_and_test
module TopModule(
    input clk,
    input areset,
    input bump_left,
    input bump_right,
    input ground,
[attempt 5] ← compile_and_test: R  mismatches=160
VCD info: dumpfile wave.vcd opened for output.
/mnt/d/school/w4afAILearn/期末/-/verilog-eval/dataset_spec-to-rtl/Prob155_lemmings4_test.sv:158: $finish called at 5016 (1ps)
Hint: Output 'walk_left' has 88 mismatches. First mismatch occurred at time 580.
Hint: Output 'walk_right' has 70 mismatches. First mismatch occurred at time 600.
Hint: Output 'aaah' has 14 mismatches. First mismatch occurred at time 690.
Hint: Output 'digging' has 34 mismatches. First mismatch occurred at time 620.
Hint: Total mismatched samples is 160 out of 1003 samples

Simulation finished at 5016 ps
Mismatches: 160 in 1003 samples