
[attempt 0] → decompose_spec
[attempt 0] ← decompose_spec:
針對將該 8-bit 2-to-1 多工器（MUX）修正為正確輸出的任務，以下是建議的執行步驟：

1. 修改模組的輸出埠定義（Port Declaration），將 `out` 的資料寬度從 1-bit 改為 8-bit（例如：`output [7:0] out`）。
2. 更新模組內部訊號線（wire/reg）的寬度宣告，確保所有參與運算的輸入變數 `a` 與 `b` 皆為 8-bit。
3. 檢查並修正賦值語句中的邏輯運算，確保位元寬度一致，使 `(~sel & a) | (sel & b)` 的 8-bit 運算結果能正確對應至 8-bit 的 `out`。
4. 編寫一個 Testbench 來模擬不同輸入組合（包括全 0、全 1 與混合數值），驗證多工器是否能正確輸出完整的 8-bit 資料。

[attempt 1] → compile_and_test
module TopModule (
    input        sel,
    input  [7:0] a,
    input  [7:0] b,
    output [7:0] out
);
[attempt 1] ← compile_and_test: w
/tmp/tmpkxh03rns.sv:10: error: out is not a valid l-value in tb.top_module1.
/tmp/tmpkxh03rns.sv:5:      : out is declared here as wire.
/tmp/tmpkxh03rns.sv:12: error: out is not a valid l-value in tb.top_module1.
/tmp/tmpkxh03rns.sv:5:      : out is declared here as wire.
2 error(s) during elaboration.

[attempt 2] → compile_and_test
module TopModule (
    input        sel,
    input  [7:0] a,
    input  [7:0] b,
    output logic [7:0] out
);
[attempt 2] ← compile_and_test: R  mismatches=111
VCD info: dumpfile wave.vcd opened for output.
/mnt/d/school/w4afAILearn/期末/-/verilog-eval/dataset_spec-to-rtl/Prob062_bugs_mux2_test.sv:47: $finish called at 570 (1ps)
Hint: Output 'out' has 111 mismatches. First mismatch occurred at time 20.
Hint: Total mismatched samples is 111 out of 114 samples

Simulation finished at 570 ps
Mismatches: 111 in 114 samples

[attempt 3] → compile_and_test
module TopModule (
    input        sel,
    input  [7:0] a,
    input  [7:0] b,
    output logic [7:0] out
);
[attempt 3] ← compile_and_test: .

[attempt 3] → synthesize
[attempt 3] ← synthesize: Y