
[attempt 1] → compile_and_test
module TopModule (
    input  in,
    output out
);
    always @(*) begin
        out = ~in;
[attempt 1] ← compile_and_test: w
/tmp/tmpljsdquoi.sv:6: error: out is not a valid l-value in tb.top_module1.
/tmp/tmpljsdquoi.sv:3:      : out is declared here as wire.
1 error(s) during elaboration.

[attempt 2] → compile_and_test
module TopModule (
    input  in,
    output logic out
);
    always @(*) begin
        out = ~in;
[attempt 2] ← compile_and_test: .

[attempt 2] → synthesize
[attempt 2] ← synthesize: Y