
[attempt 1] → compile_and_test
module TopModule(
    input clk,
    input resetn,
    input [2:0] r,
    output [2:0] g
);
[attempt 1] ← compile_and_test: w
/tmp/tmpi09h25sn.sv:15: sorry: constant selects in always_* processes are not currently supported (all bits will be included).
/tmp/tmpi09h25sn.sv:15: sorry: constant selects in always_* processes are not currently supported (all bits will be included).
/tmp/tmpi09h25sn.sv:15: sorry: constant selects in always_* processes are not currently supported (all bits will be included).
/tmp/tmpi09h25sn.sv:41: error: g is not a valid l-value in tb.top_module1.
/tmp/tmpi09h25sn.sv:5:      : g is declared here as wire.
/tmp/tmpi09h25sn.sv:43: error: g is not a valid l-value in tb.top_module1.
/tmp/tmpi09h25sn.sv:5:      : g is declared here as wire.
/tmp/tmpi09h25sn.sv:44: error: g is not a valid l-value in tb.top_module1.
/tmp/tmpi09h25sn.sv:5:      : g is declared here as wire.
/tmp/tmpi09h25sn.sv:45: error: g is not a valid l-value in tb.top_module1.
/tmp/tmpi09h25sn.sv:5:      : g is declared here as wire.
/tmp/tmpi09h25sn.sv:46: error: g is not a valid l-value in tb.top_module1.
/tmp/tmpi09h

[attempt 2] → compile_and_test
module TopModule(
    input clk,
    input resetn,
    input [2:0] r,
    output [2:0] g
);
[attempt 2] ← compile_and_test: .

[attempt 2] → synthesize
[attempt 2] ← synthesize: Y