
[attempt 0] → decompose_spec
[attempt 0] ← decompose_spec:
為了實現此序列協定解碼器，建議將任務分解為以下 5 個具體且可執行的子目標：

1. 定義 FSM 狀態機架構（Idle, Start, Data, Stop, Error），並設計一個 4 位元計數器來追蹤 8 個資料位元的接收進度。
2. 實作序列輸入端的取樣邏輯，確保在 Idle 狀態偵測到 Start bit（邏輯 0）時能正確觸發狀態轉換。
3. 實作 Data 狀態下的移位暫存器（Shift Register），依序接收並儲存 8 個資料位元（LSB first）。
4. 實作 Stop 狀態的驗證邏輯，若接收到的位元不為 1，則進入 Error 狀態並持續等待直到該位元變為 1 為止。
5. 完成狀態機的重置（Reset）邏輯，並確保在成功接收並驗證 Stop bit 後，輸出一個週期的 'done' 高電位脈衝。

[attempt 1] → compile_and_test
module TopModule (
    input clk,
    input reset,
    input in,
    output logic done
);
[attempt 1] ← compile_and_test: R  mismatches=47
VCD info: dumpfile wave.vcd opened for output.
/mnt/d/school/w4afAILearn/期末/-/verilog-eval/dataset_spec-to-rtl/Prob137_fsm_serial_test.sv:45: $finish called at 4526 (1ps)
Hint: Output 'done' has 47 mismatches. First mismatch occurred at time 110.
Hint: Total mismatched samples is 47 out of 905 samples

Simulation finished at 4526 ps
Mismatches: 47 in 905 samples

[attempt 1] → get_debug_hints(error_type='R')
[attempt 1] ← get_debug_hints: Runtime mismatch 常見原因（請逐項對照自己的程式碼）：
1. Timing offset：FSM 有多餘狀態導致輸出慢一 cycle
2. 狀態轉移條件錯誤：if (w) 應為 if (~w) 或反之
3. 組合邏輯錯誤：output 賦值條件遺漏或邏輯反向
4. Reset 初始值不符：state / counter 初始值與規格不符
5. 計數器邊界：off-by-one（計數

[attempt 2] → compile_and_test
module TopModule (
    input clk,
    input reset,
    input in,
    output logic done
);
[attempt 2] ← compile_and_test: R  mismatches=72
VCD info: dumpfile wave.vcd opened for output.
/mnt/d/school/w4afAILearn/期末/-/verilog-eval/dataset_spec-to-rtl/Prob137_fsm_serial_test.sv:45: $finish called at 4526 (1ps)
Hint: Output 'done' has 72 mismatches. First mismatch occurred at time 100.
Hint: Total mismatched samples is 72 out of 905 samples

Simulation finished at 4526 ps
Mismatches: 72 in 905 samples

[attempt 3] → compile_and_test
module TopModule (
    input clk,
    input reset,
    input in,
    output logic done
);
[attempt 3] ← compile_and_test: R  mismatches=72
VCD info: dumpfile wave.vcd opened for output.
/mnt/d/school/w4afAILearn/期末/-/verilog-eval/dataset_spec-to-rtl/Prob137_fsm_serial_test.sv:45: $finish called at 4526 (1ps)
Hint: Output 'done' has 72 mismatches. First mismatch occurred at time 100.
Hint: Total mismatched samples is 72 out of 905 samples

Simulation finished at 4526 ps
Mismatches: 72 in 905 samples

[attempt 4] → compile_and_test
module TopModule (
    input clk,
    input reset,
    input in,
    output logic done
);
[attempt 4] ← compile_and_test: R  mismatches=72
VCD info: dumpfile wave.vcd opened for output.
/mnt/d/school/w4afAILearn/期末/-/verilog-eval/dataset_spec-to-rtl/Prob137_fsm_serial_test.sv:45: $finish called at 4526 (1ps)
Hint: Output 'done' has 72 mismatches. First mismatch occurred at time 100.
Hint: Total mismatched samples is 72 out of 905 samples

Simulation finished at 4526 ps
Mismatches: 72 in 905 samples

[attempt 5] → compile_and_test
module TopModule (
    input clk,
    input reset,
    input in,
    output logic done
);
[attempt 5] ← compile_and_test: R  mismatches=72
VCD info: dumpfile wave.vcd opened for output.
/mnt/d/school/w4afAILearn/期末/-/verilog-eval/dataset_spec-to-rtl/Prob137_fsm_serial_test.sv:45: $finish called at 4526 (1ps)
Hint: Output 'done' has 72 mismatches. First mismatch occurred at time 100.
Hint: Total mismatched samples is 72 out of 905 samples

Simulation finished at 4526 ps
Mismatches: 72 in 905 samples