
[attempt 1] → compile_and_test
module TopModule (
    output out
);

    always @(*) begin
        out = 1'b0;
[attempt 1] ← compile_and_test: w
/tmp/tmpxcj1p3e0.sv:6: error: out is not a valid l-value in tb.top_module1.
/tmp/tmpxcj1p3e0.sv:2:      : out is declared here as wire.
1 error(s) during elaboration.

[attempt 2] → compile_and_test
module TopModule (
    output logic out
);

    always @(*) begin
        out = 1'b0;
[attempt 2] ← compile_and_test: R  mismatches=100
VCD info: dumpfile wave.vcd opened for output.
/mnt/d/school/w4afAILearn/期末/-/verilog-eval/dataset_spec-to-rtl/Prob002_m2014_q4i_test.sv:14: $finish called at 501 (1ps)
Hint: Output 'out' has 100 mismatches. First mismatch occurred at time 5.
Hint: Total mismatched samples is 100 out of 100 samples

Simulation finished at 501 ps
Mismatches: 100 in 100 samples

[attempt 3] → compile_and_test
module TopModule (
    output logic out
);

    assign out = 1'b0;

[attempt 3] ← compile_and_test: .

[attempt 3] → synthesize
[attempt 3] ← synthesize: Y