
[attempt 1] → compile_and_test
module TopModule (
    input logic clk,
    input logic [7:0] d,
    output logic [7:0] q
);
    always_ff @(posedge clk) begin
[attempt 1] ← compile_and_test: R  mismatches=1
VCD info: dumpfile wave.vcd opened for output.
/mnt/d/school/w4afAILearn/期末/-/verilog-eval/dataset_spec-to-rtl/Prob034_dff8_test.sv:36: $finish called at 206 (1ps)
Hint: Output 'q' has 1 mismatches. First mismatch occurred at time 5.
Hint: Total mismatched samples is 1 out of 41 samples

Simulation finished at 206 ps
Mismatches: 1 in 41 samples

[attempt 2] → compile_and_test
module TopModule (
    input clk,
    input [7:0] d,
    output logic [7:0] q
);
    always @(posedge clk) begin
[attempt 2] ← compile_and_test: R  mismatches=1
VCD info: dumpfile wave.vcd opened for output.
/mnt/d/school/w4afAILearn/期末/-/verilog-eval/dataset_spec-to-rtl/Prob034_dff8_test.sv:36: $finish called at 206 (1ps)
Hint: Output 'q' has 1 mismatches. First mismatch occurred at time 5.
Hint: Total mismatched samples is 1 out of 41 samples

Simulation finished at 206 ps
Mismatches: 1 in 41 samples

[attempt 3] → compile_and_test
module TopModule (
    input clk,
    input [7:0] d,
    output reg [7:0] q
);
    always @(posedge clk) begin
[attempt 3] ← compile_and_test: R  mismatches=1
VCD info: dumpfile wave.vcd opened for output.
/mnt/d/school/w4afAILearn/期末/-/verilog-eval/dataset_spec-to-rtl/Prob034_dff8_test.sv:36: $finish called at 206 (1ps)
Hint: Output 'q' has 1 mismatches. First mismatch occurred at time 5.
Hint: Total mismatched samples is 1 out of 41 samples

Simulation finished at 206 ps
Mismatches: 1 in 41 samples

[attempt 4] → compile_and_test
module TopModule (
    input clk,
    input [7:0] d,
    output logic [7:0] q
);
    always_ff @(posedge clk) begin
[attempt 4] ← compile_and_test: R  mismatches=1
VCD info: dumpfile wave.vcd opened for output.
/mnt/d/school/w4afAILearn/期末/-/verilog-eval/dataset_spec-to-rtl/Prob034_dff8_test.sv:36: $finish called at 206 (1ps)
Hint: Output 'q' has 1 mismatches. First mismatch occurred at time 5.
Hint: Total mismatched samples is 1 out of 41 samples

Simulation finished at 206 ps
Mismatches: 1 in 41 samples

[attempt 4] → get_debug_hints(error_type='Compilation Error')
[attempt 4] ← get_debug_hints: (no hints)

[attempt 5] → compile_and_test
module TopModule (
    input clk,
    input [7:0] d,
    output [7:0] q
);
    logic [7:0] q_reg;
[attempt 5] ← compile_and_test: R  mismatches=1
VCD info: dumpfile wave.vcd opened for output.
/mnt/d/school/w4afAILearn/期末/-/verilog-eval/dataset_spec-to-rtl/Prob034_dff8_test.sv:36: $finish called at 206 (1ps)
Hint: Output 'q' has 1 mismatches. First mismatch occurred at time 5.
Hint: Total mismatched samples is 1 out of 41 samples

Simulation finished at 206 ps
Mismatches: 1 in 41 samples