
[attempt 0] → decompose_spec
[attempt 0] ← decompose_spec:
為了有效實現這個有限狀態機 (FSM)，您可以依照以下 5 個子目標進行開發：

1. 定義狀態機結構：設計一個包含 IDLE (State A)、CHECK (State B) 以及用於計數的狀態編碼，並建立同步重置的狀態轉移邏輯。
2. 實作 3 位元計數器：建立一個從 0 到 2 的計數器，用於追蹤檢查 w 的三個時鐘週期，並在計數達到 3 時觸發狀態回到 IDLE 或下一個檢查循環。
3. 設計數據收集邏輯：利用一個 3-bit 的暫存器或累加器，在 CHECK 狀態下每個時鐘週期採樣輸入 w 的值。
4. 實作輸出判斷邏輯：在結束 3 個週期檢查的當下，計算累加器中 1 的個數，若剛好為 2 則令 z=1，否則 z=0。
5. 整合與驗證：編寫 RTL 代碼並進行時序模擬，確保在連續的 3 個週期循環中，輸出 z 能準確地在每組檢查結束後的下一個週期反映結果。

[attempt 1] → compile_and_test
module TopModule (
    input clk,
    input reset,
    input s,
    input w,
    output z
[attempt 1] ← compile_and_test: R  mismatches=230
VCD info: dumpfile wave.vcd opened for output.
/mnt/d/school/w4afAILearn/期末/-/verilog-eval/dataset_spec-to-rtl/Prob133_2014_q3fsm_test.sv:59: $finish called at 7071 (1ps)
Hint: Output 'z' has 230 mismatches. First mismatch occurred at time 110.
Hint: Total mismatched samples is 230 out of 1414 samples

Simulation finished at 7071 ps
Mismatches: 230 in 1414 samples

[attempt 2] → compile_and_test
module TopModule (
    input clk,
    input reset,
    input s,
    input w,
    output z
[attempt 2] ← compile_and_test: .

[attempt 2] → synthesize
[attempt 2] ← synthesize: Y