
[attempt 1] → compile_and_test
module TopModule (
    input c,
    input d,
    output logic [3:0] mux_in
);
    // K-map (ab as selector for 4-to-1 mux)
[attempt 1] ← compile_and_test: R  mismatches=38
VCD info: dumpfile wave.vcd opened for output.
/mnt/d/school/w4afAILearn/期末/-/verilog-eval/dataset_spec-to-rtl/Prob093_ece241_2014_q3_test.sv:38: $finish called at 300 (1ps)
Hint: Output 'mux_in' has 38 mismatches. First mismatch occurred at time 5.
Hint: Total mismatched samples is 38 out of 60 samples

Simulation finished at 300 ps
Mismatches: 38 in 60 samples

[attempt 1] → get_debug_hints(error_type='R')
[attempt 1] ← get_debug_hints: Runtime mismatch 常見原因（請逐項對照自己的程式碼）：
1. Timing offset：FSM 有多餘狀態導致輸出慢一 cycle
2. 狀態轉移條件錯誤：if (w) 應為 if (~w) 或反之
3. 組合邏輯錯誤：output 賦值條件遺漏或邏輯反向
4. Reset 初始值不符：state / counter 初始值與規格不符
5. 計數器邊界：off-by-one（計數

[attempt 2] → compile_and_test
module TopModule (
    input c,
    input d,
    output logic [3:0] mux_in
);
    // K-map (ab as selector for 4-to-1 mux)
[attempt 2] ← compile_and_test: R  mismatches=27
VCD info: dumpfile wave.vcd opened for output.
/mnt/d/school/w4afAILearn/期末/-/verilog-eval/dataset_spec-to-rtl/Prob093_ece241_2014_q3_test.sv:38: $finish called at 300 (1ps)
Hint: Output 'mux_in' has 27 mismatches. First mismatch occurred at time 40.
Hint: Total mismatched samples is 27 out of 60 samples

Simulation finished at 300 ps
Mismatches: 27 in 60 samples

[attempt 3] → compile_and_test
module TopModule (
    input c,
    input d,
    output logic [3:0] mux_in
);
    // Let's re-examine the K-map carefully.
[attempt 3] ← compile_and_test: R  mismatches=27
VCD info: dumpfile wave.vcd opened for output.
/mnt/d/school/w4afAILearn/期末/-/verilog-eval/dataset_spec-to-rtl/Prob093_ece241_2014_q3_test.sv:38: $finish called at 300 (1ps)
Hint: Output 'mux_in' has 27 mismatches. First mismatch occurred at time 40.
Hint: Total mismatched samples is 27 out of 60 samples

Simulation finished at 300 ps
Mismatches: 27 in 60 samples

[attempt 4] → compile_and_test
module TopModule (
    input c,
    input d,
    output logic [3:0] mux_in
);
    // Maybe the mux_in index is simply [0], [1], [2], [3] for columns [00], [01], [11], [10].
[attempt 4] ← compile_and_test: R  mismatches=38
VCD info: dumpfile wave.vcd opened for output.
/mnt/d/school/w4afAILearn/期末/-/verilog-eval/dataset_spec-to-rtl/Prob093_ece241_2014_q3_test.sv:38: $finish called at 300 (1ps)
Hint: Output 'mux_in' has 38 mismatches. First mismatch occurred at time 5.
Hint: Total mismatched samples is 38 out of 60 samples

Simulation finished at 300 ps
Mismatches: 38 in 60 samples

[attempt 5] → compile_and_test
module TopModule (
    input c,
    input d,
    output logic [3:0] mux_in
);
    // Let's re-read:
[attempt 5] ← compile_and_test: R  mismatches=27
VCD info: dumpfile wave.vcd opened for output.
/mnt/d/school/w4afAILearn/期末/-/verilog-eval/dataset_spec-to-rtl/Prob093_ece241_2014_q3_test.sv:38: $finish called at 300 (1ps)
Hint: Output 'mux_in' has 27 mismatches. First mismatch occurred at time 40.
Hint: Total mismatched samples is 27 out of 60 samples

Simulation finished at 300 ps
Mismatches: 27 in 60 samples