
[attempt 1] → compile_and_test
module TopModule (
    input clk,
    input j,
    input k,
    output logic Q
);
[attempt 1] ← compile_and_test: S
/tmp/tmpd09hindx.sv:14: syntax error
/tmp/tmpd09hindx.sv:14: error: Invalid module instantiation
/tmp/tmpd09hindx.sv:17: error: Invalid module item.
/tmp/tmpd09hindx.sv:18: syntax error
/tmp/tmpd09hindx.sv:18: error: Invalid module item.
/tmp/tmpd09hindx.sv:19: syntax error
/tmp/tmpd09hindx.sv:19: error: Invalid module item.
/tmp/tmpd09hindx.sv:20: syntax error
/tmp/tmpd09hindx.sv:20: error: Invalid module item.
/tmp/tmpd09hindx.sv:21: syntax error
/mnt/d/school/w4afAILearn/期末/-/verilog-eval/dataset_spec-to-rtl/Prob056_ece241_2013_q7_test.sv:11: error: Invalid module item.

[attempt 2] → compile_and_test
module TopModule (
    input clk,
    input j,
    input k,
    output logic Q
);
[attempt 2] ← compile_and_test: .

[attempt 2] → synthesize
[attempt 2] ← synthesize: Y