
[attempt 1] → compile_and_test
module TopModule (
    input [3:0] x,
    output f
);
    // Karnaugh Map:
    // x[2]x[3]  x[0]x[1]
[attempt 1] ← compile_and_test: w
/tmp/tmp1x21f56n.sv:41: error: f is not a valid l-value in tb.top_module1.
/tmp/tmp1x21f56n.sv:3:      : f is declared here as wire.
/tmp/tmp1x21f56n.sv:42: error: f is not a valid l-value in tb.top_module1.
/tmp/tmp1x21f56n.sv:3:      : f is declared here as wire.
/tmp/tmp1x21f56n.sv:43: error: f is not a valid l-value in tb.top_module1.
/tmp/tmp1x21f56n.sv:3:      : f is declared here as wire.
/tmp/tmp1x21f56n.sv:44: error: f is not a valid l-value in tb.top_module1.
/tmp/tmp1x21f56n.sv:3:      : f is declared here as wire.
/tmp/tmp1x21f56n.sv:45: error: f is not a valid l-value in tb.top_module1.
/tmp/tmp1x21f56n.sv:3:      : f is declared here as wire.
/tmp/tmp1x21f56n.sv:46: error: f is not a valid l-value in tb.top_module1.
/tmp/tmp1x21f56n.sv:3:      : f is declared here as wire.
/tmp/tmp1x21f56n.sv:47: error: f is not a valid l-value in tb.top_module1.
/tmp/tmp1x21f56n.sv:3:      : f is declared here as wire.
/tmp/tmp1x21f56n.sv:48: error: f is not a valid l-value in tb.top_mod

[attempt 1] → get_debug_hints(error_type='R')
[attempt 1] ← get_debug_hints: Runtime mismatch 常見原因（請逐項對照自己的程式碼）：
1. Timing offset：FSM 有多餘狀態導致輸出慢一 cycle
2. 狀態轉移條件錯誤：if (w) 應為 if (~w) 或反之
3. 組合邏輯錯誤：output 賦值條件遺漏或邏輯反向
4. Reset 初始值不符：state / counter 初始值與規格不符
5. 計數器邊界：off-by-one（計數

[attempt 2] → compile_and_test
module TopModule (
    input [3:0] x,
    output f
);
    // Re-check Karnaugh Map:
    // x[2]x[3]  x[0]x[1]
[attempt 2] ← compile_and_test: .

[attempt 2] → synthesize
[attempt 2] ← synthesize: Y