
[attempt 1] → compile_and_test
module TopModule (
    input clk,
    input areset,
    input predict_valid,
    input [6:0] predict_pc,
    output logic predict_taken,
[attempt 1] ← compile_and_test: R  mismatches=482
VCD info: dumpfile wave.vcd opened for output.
/mnt/d/school/w4afAILearn/期末/-/verilog-eval/dataset_spec-to-rtl/Prob153_gshare_test.sv:161: $finish called at 5416 (1ps)
Hint: Output 'predict_taken' has 137 mismatches. First mismatch occurred at time 130.
Hint: Output 'predict_history' has 482 mismatches. First mismatch occurred at time 130.
Hint: Total mismatched samples is 482 out of 1083 samples

Simulation finished at 5416 ps
Mismatches: 482 in 1083 samples

[attempt 2] → compile_and_test
module TopModule (
    input clk,
    input areset,
    input predict_valid,
    input [6:0] predict_pc,
    output logic predict_taken,
[attempt 2] ← compile_and_test: .

[attempt 2] → synthesize
[attempt 2] ← synthesize: Y