
[attempt 0] → decompose_spec
[attempt 0] ← decompose_spec:
以下是將 16x16 生命遊戲 (Game of Life) 實作分解的 5 個子目標：

1. 定義 16x16 的二維暫存器陣列或 256 位元向量，並實作同步載入 (Load) 機制以初始化狀態。
2. 設計一個組合邏輯函數，根據給定的 8 個周邊鄰居座標計算下一個狀態（依據 2-3 存活規則）。
3. 實作環狀網格 (Torus) 的索引映射邏輯，利用模數運算 (Modulo 16) 處理邊界的繞回 (Wrap-around) 處理。
4. 針對 256 個細胞並行運算，將鄰居計數與規則判斷整合至每個細胞的狀態轉移邏輯中。
5. 建立時序邏輯 (Sequential Logic)，在每個時脈邊緣 (Clock edge) 將計算出的次一狀態同步更新至輸出暫存器 q。

[attempt 1] → compile_and_test
module TopModule(
    input clk,
    input load,
    input [255:0] data,
    output logic [255:0] q
);
[attempt 1] ← compile_and_test: S
/tmp/tmppexyzxav.sv:20: syntax error
/tmp/tmppexyzxav.sv:20: error: Malformed statement

[attempt 2] → compile_and_test
module TopModule(
    input clk,
    input load,
    input [255:0] data,
    output logic [255:0] q
);
[attempt 2] ← compile_and_test: R  mismatches=780
VCD info: dumpfile wave.vcd opened for output.
Hint: The first test case is a blinker (initial state = 256'h7). First mismatch occurred at cycle 2.
Hint:
Hint: Cycle 2:         Your game state       Reference game state
Hint:   q[255:240]     0000000000000000      0000000000000010
Hint:   q[239:224]     0000000000000000      0000000000000000
Hint:   q[223:208]     0000000000000000      0000000000000000
Hint:   q[207:192]     0000000000000000      0000000000000000
Hint:   q[191:176]     0000000000000000      0000000000000000
Hint:   q[175:160]     0000000000000000      0000000000000000
Hint:   q[159:144]     0000000000000000      0000000000000000
Hint:   q[143:128]     0000000000000000      0000000000000000
Hint:   q[127:112]     0000000000000000      0000000000000000
Hint:   q[111: 96]     0000000000000000      0000000000000000
Hint:   q[ 95: 80]     0000000000000000      0000000000000000
Hint:   q[ 79: 64]     0000000000000000      0000000000000000
Hint:   q[ 63: 48]     0000000000000

[attempt 3] → compile_and_test
module TopModule(
    input clk,
    input load,
    input [255:0] data,
    output logic [255:0] q
);
[attempt 3] ← compile_and_test: .

[attempt 3] → synthesize
[attempt 3] ← synthesize: Ys
/tmp/tmp_6t3nngp.sv:13: ERROR: Invalid nesting of always blocks and/or initializations.

[attempt 4] → compile_and_test
module TopModule(
    input clk,
    input load,
    input [255:0] data,
    output logic [255:0] q
);
[attempt 4] ← compile_and_test: .

[attempt 4] → synthesize
[attempt 4] ← synthesize: Y