
[attempt 0] → decompose_spec
[attempt 0] ← decompose_spec:
為了完成此 Verilog 設計任務，您可以將步驟分解如下：

1. 定義一個模組，包含輸入埠 {a, b, c, d} 與輸出埠 f，並宣告四個作為 4-to-1 MUX 輸入的內部訊號線 mux_in[3:0]。
2. 使用 2-to-1 多工器或基本邏輯運算子組合出 mux_in[0] = (c | d)、mux_in[1] = 0、mux_in[2] = ~(c ^ d)、mux_in[3] = (c & d) 四個邏輯功能。
3. 實作一個 4-to-1 多工器模組（或使用行為描述語法 case/assign），將 {a, b} 作為選擇訊號，將 mux_in[3:0] 對應至正確的選擇通道。
4. 撰寫 Testbench 驗證電路輸出，透過遍歷所有 16 種 (a,b,c,d) 組合，確認其輸出與題目給定的 K-map 真值表完全一致。

[attempt 1] → compile_and_test
module TopModule (
    input a,
    input b,
    input c,
    input d,
    output logic f
[attempt 1] ← compile_and_test: C
/mnt/d/school/w4afAILearn/期末/-/verilog-eval/dataset_spec-to-rtl/Prob093_ece241_2014_q3_test.sv:89: error: port ``mux_in'' is not a port of top_module1.
1 error(s) during elaboration.

[attempt 2] → compile_and_test
module TopModule (
    input c,
    input d,
    output logic [3:0] mux_in
);
    // K-map columns based on ab:
[attempt 2] ← compile_and_test: R  mismatches=27
VCD info: dumpfile wave.vcd opened for output.
/mnt/d/school/w4afAILearn/期末/-/verilog-eval/dataset_spec-to-rtl/Prob093_ece241_2014_q3_test.sv:38: $finish called at 300 (1ps)
Hint: Output 'mux_in' has 27 mismatches. First mismatch occurred at time 40.
Hint: Total mismatched samples is 27 out of 60 samples

Simulation finished at 300 ps
Mismatches: 27 in 60 samples

[attempt 2] → decompose_spec
[attempt 2] ← decompose_spec:
根據您提供的分析與邏輯推導，以下是實作該 Verilog 模組的 4 個具體執行步驟：

1. **定義模組介面與輸入映射**：宣告模組 `TopModule`，包含輸入 `a, b, c, d` 與輸出 `out`，並建立一個長度為 4 的內部暫存器 `mux_in[3:0]` 來儲存對應每個 `ab` 組合的邏輯表達式。

2. **實作邏輯推導公式**：根據分析結果，編寫 `assign` 語句將 `mux_in` 的四個區塊分別賦值：`mux_in[0] = c | d`、`mux_in[1] = 1'b0`、`mux_in[2] = ~(c ^ d)`、`mux_in[3] = c & d`。

3. **建構 4-to-1 多工器邏輯**：使用 Verilog 的 `case` 敘述或條件運算子 `? :`，根據選擇訊號 `{a, b}` 從 `mux_in[3:0]` 中選擇正確的值並賦值給輸出 `out`。

4. **驗證選擇訊號位元順序**：若模擬結果不符，調整選擇訊號為 `{b, a}` 或調整 `mux_in` 的索引映射順序，確保 `{a, b}` 的二進位輸入值能精確對應到 K-map 的正確欄位。

[attempt 3] → compile_and_test
module TopModule (
    input c,
    input d,
    output logic [3:0] mux_in
);
    // Let's re-examine the K-map values very carefully:
[attempt 3] ← compile_and_test: R  mismatches=27
VCD info: dumpfile wave.vcd opened for output.
/mnt/d/school/w4afAILearn/期末/-/verilog-eval/dataset_spec-to-rtl/Prob093_ece241_2014_q3_test.sv:38: $finish called at 300 (1ps)
Hint: Output 'mux_in' has 27 mismatches. First mismatch occurred at time 40.
Hint: Total mismatched samples is 27 out of 60 samples

Simulation finished at 300 ps
Mismatches: 27 in 60 samples

[attempt 4] → compile_and_test
module TopModule (
    input c,
    input d,
    output logic [3:0] mux_in
);
    // Maybe the K-map labels (00, 01, 11, 10) for cd are different?
[attempt 4] ← compile_and_test: R  mismatches=38
VCD info: dumpfile wave.vcd opened for output.
/mnt/d/school/w4afAILearn/期末/-/verilog-eval/dataset_spec-to-rtl/Prob093_ece241_2014_q3_test.sv:38: $finish called at 300 (1ps)
Hint: Output 'mux_in' has 38 mismatches. First mismatch occurred at time 5.
Hint: Total mismatched samples is 38 out of 60 samples

Simulation finished at 300 ps
Mismatches: 38 in 60 samples

[attempt 5] → compile_and_test
module TopModule (
    input c,
    input d,
    output logic [3:0] mux_in
);
    // Let's re-read the table:
[attempt 5] ← compile_and_test: .

[attempt 5] → synthesize (auto, last attempt)
[attempt 5] ← synthesize: Y