
[attempt 0] → decompose_spec
[attempt 0] ← decompose_spec:
以下是針對此題目分解的 3-5 個具體執行步驟：

1. 根據 K-map 建立真值表，明確列出 16 種輸入組合對應的輸出值 (0, 1, 或 don't-care)。
2. 進行邏輯化簡，選擇合適的 don't-care (d) 值以圈選出最簡的布林運算式（Sum of Products 或 Product of Sums）。
3. 使用 Verilog 的 `assign` 敘述句，根據化簡後的布林運算式編寫邏輯電路程式碼。
4. 建立測試平台 (Testbench) 對所有 16 種輸入組合進行模擬，驗證輸出結果是否符合 K-map 的原始邏輯。

[attempt 1] → compile_and_test
module TopModule(
    input [3:0] x,
    output f
);
    // x[3] is x[3], x[2] is x[4] (from map's first column/row label), 
    // x[1] is x[1], x[0] is x[2] (from map's column label).
[attempt 1] ← compile_and_test: R  mismatches=33
VCD info: dumpfile wave.vcd opened for output.
/mnt/d/school/w4afAILearn/期末/-/verilog-eval/dataset_spec-to-rtl/Prob116_m2014_q3_test.sv:16: $finish called at 501 (1ps)
Hint: Output 'f' has 33 mismatches. First mismatch occurred at time 10.
Hint: Total mismatched samples is 33 out of 100 samples

Simulation finished at 501 ps
Mismatches: 33 in 100 samples

[attempt 2] → compile_and_test
module TopModule(
    input [3:0] x,
    output f
);
    // Let's re-map based on the provided K-map description strictly.
    // Row: x[3]x[4] -> x[3]x[2]
[attempt 2] ← compile_and_test: R  mismatches=27
VCD info: dumpfile wave.vcd opened for output.
/mnt/d/school/w4afAILearn/期末/-/verilog-eval/dataset_spec-to-rtl/Prob116_m2014_q3_test.sv:16: $finish called at 501 (1ps)
Hint: Output 'f' has 27 mismatches. First mismatch occurred at time 10.
Hint: Total mismatched samples is 27 out of 100 samples

Simulation finished at 501 ps
Mismatches: 27 in 100 samples

[attempt 3] → compile_and_test
module TopModule(
    input [3:0] x,
    output f
);
    // K-map again, let's list 16 cells:
    // x3 x2 | x1 x0 | f
[attempt 3] ← compile_and_test: R  mismatches=33
VCD info: dumpfile wave.vcd opened for output.
/mnt/d/school/w4afAILearn/期末/-/verilog-eval/dataset_spec-to-rtl/Prob116_m2014_q3_test.sv:16: $finish called at 501 (1ps)
Hint: Output 'f' has 33 mismatches. First mismatch occurred at time 10.
Hint: Total mismatched samples is 33 out of 100 samples

Simulation finished at 501 ps
Mismatches: 33 in 100 samples

[attempt 4] → compile_and_test
module TopModule(
    input [3:0] x,
    output f
);
    // The previous assumptions about which bit is which might be wrong.
    // Specification:
[attempt 4] ← compile_and_test: w
/tmp/tmp_tawbjtn.sv:43: error: f is not a valid l-value in tb.top_module1.
/tmp/tmp_tawbjtn.sv:3:      : f is declared here as wire.
/tmp/tmp_tawbjtn.sv:44: error: f is not a valid l-value in tb.top_module1.
/tmp/tmp_tawbjtn.sv:3:      : f is declared here as wire.
/tmp/tmp_tawbjtn.sv:45: error: f is not a valid l-value in tb.top_module1.
/tmp/tmp_tawbjtn.sv:3:      : f is declared here as wire.
/tmp/tmp_tawbjtn.sv:46: error: f is not a valid l-value in tb.top_module1.
/tmp/tmp_tawbjtn.sv:3:      : f is declared here as wire.
/tmp/tmp_tawbjtn.sv:47: error: f is not a valid l-value in tb.top_module1.
/tmp/tmp_tawbjtn.sv:3:      : f is declared here as wire.
/tmp/tmp_tawbjtn.sv:48: error: f is not a valid l-value in tb.top_module1.
/tmp/tmp_tawbjtn.sv:3:      : f is declared here as wire.
/tmp/tmp_tawbjtn.sv:49: error: f is not a valid l-value in tb.top_module1.
/tmp/tmp_tawbjtn.sv:3:      : f is declared here as wire.
/tmp/tmp_tawbjtn.sv:50: error: f is not a valid l-value in tb.top_mod

[attempt 5] → compile_and_test
module TopModule(
    input [3:0] x,
    output logic f
);
    always @(*) begin
        case (x)
[attempt 5] ← compile_and_test: R  mismatches=33
VCD info: dumpfile wave.vcd opened for output.
/mnt/d/school/w4afAILearn/期末/-/verilog-eval/dataset_spec-to-rtl/Prob116_m2014_q3_test.sv:16: $finish called at 501 (1ps)
Hint: Output 'f' has 33 mismatches. First mismatch occurred at time 10.
Hint: Total mismatched samples is 33 out of 100 samples

Simulation finished at 501 ps
Mismatches: 33 in 100 samples