
[attempt 0] → decompose_spec
[attempt 0] ← decompose_spec:
根據您提供的題目需求與卡諾圖資訊，建議將實作流程分解為以下 4 個子目標：

1. 建立 Truth Table 並簡化布林代數：根據卡諾圖中的「1」、「0」與「d」（Don't care）位元，利用布林代數化簡或卡諾圖圈選法導出輸出 $f$ 的邏輯運算式。
2. 定義 Verilog 模組架構：撰寫 `TopModule` 的介面定義，宣告 4-bit 輸入 `x`（對應 `x[3:0]`）與 1-bit 輸出 `f`。
3. 實作邏輯閘層級或行為層級描述：將步驟 1 推導出的邏輯運算式以 `assign` 陳述式或邏輯閘（Gate-level）撰寫於模組中。
4. 建立 Testbench 驗證功能：撰寫測試程式（Testbench），遍歷 $2^4 = 16$ 種輸入組合，並檢查輸出的波形是否符合卡諾圖定義的邏輯結果。

[attempt 1] → compile_and_test
module TopModule (
    input [3:0] x,
    output f
);
    // x[3]x[2] (rows), x[1]x[0] (cols)
    // 00: d, 0, d, d
[attempt 1] ← compile_and_test: R  mismatches=23
VCD info: dumpfile wave.vcd opened for output.
/mnt/d/school/w4afAILearn/期末/-/verilog-eval/dataset_spec-to-rtl/Prob116_m2014_q3_test.sv:16: $finish called at 501 (1ps)
Hint: Output 'f' has 23 mismatches. First mismatch occurred at time 10.
Hint: Total mismatched samples is 23 out of 100 samples

Simulation finished at 501 ps
Mismatches: 23 in 100 samples

[attempt 1] → get_debug_hints(error_type='R')
[attempt 1] ← get_debug_hints: Runtime mismatch 常見原因（請逐項對照自己的程式碼）：
1. Timing offset：FSM 有多餘狀態導致輸出慢一 cycle
2. 狀態轉移條件錯誤：if (w) 應為 if (~w) 或反之
3. 組合邏輯錯誤：output 賦值條件遺漏或邏輯反向
4. Reset 初始值不符：state / counter 初始值與規格不符
5. 計數器邊界：off-by-one（計數

[attempt 2] → compile_and_test
module TopModule (
    input [3:0] x,
    output f
);
    // x[3] x[2] | x[1] x[0]
    // 00: 0, 0, 0, 0
[attempt 2] ← compile_and_test: R  mismatches=17
VCD info: dumpfile wave.vcd opened for output.
/mnt/d/school/w4afAILearn/期末/-/verilog-eval/dataset_spec-to-rtl/Prob116_m2014_q3_test.sv:16: $finish called at 501 (1ps)
Hint: Output 'f' has 17 mismatches. First mismatch occurred at time 10.
Hint: Total mismatched samples is 17 out of 100 samples

Simulation finished at 501 ps
Mismatches: 17 in 100 samples

[attempt 3] → compile_and_test
module TopModule (
    input [3:0] x,
    output f
);
    // Let's re-map strictly based on:
    // Rows: x[3] x[2]
[attempt 3] ← compile_and_test: R  mismatches=33
VCD info: dumpfile wave.vcd opened for output.
/mnt/d/school/w4afAILearn/期末/-/verilog-eval/dataset_spec-to-rtl/Prob116_m2014_q3_test.sv:16: $finish called at 501 (1ps)
Hint: Output 'f' has 33 mismatches. First mismatch occurred at time 10.
Hint: Total mismatched samples is 33 out of 100 samples

Simulation finished at 501 ps
Mismatches: 33 in 100 samples

[attempt 4] → compile_and_test
module TopModule (
    input [3:0] x,
    output f
);
    // Maybe the K-map inputs order is different?
    // "x[3]x[4]   00  01  11  10"
[attempt 4] ← compile_and_test: R  mismatches=26
VCD info: dumpfile wave.vcd opened for output.
/mnt/d/school/w4afAILearn/期末/-/verilog-eval/dataset_spec-to-rtl/Prob116_m2014_q3_test.sv:16: $finish called at 501 (1ps)
Hint: Output 'f' has 26 mismatches. First mismatch occurred at time 10.
Hint: Total mismatched samples is 26 out of 100 samples

Simulation finished at 501 ps
Mismatches: 26 in 100 samples

[attempt 5] → compile_and_test
module TopModule (
    input [3:0] x,
    output f
);
    // Let's assume the rows are x[3], x[2] and cols are x[1], x[0]
    // The k-map:
[attempt 5] ← compile_and_test: R  mismatches=16
VCD info: dumpfile wave.vcd opened for output.
/mnt/d/school/w4afAILearn/期末/-/verilog-eval/dataset_spec-to-rtl/Prob116_m2014_q3_test.sv:16: $finish called at 501 (1ps)
Hint: Output 'f' has 16 mismatches. First mismatch occurred at time 10.
Hint: Total mismatched samples is 16 out of 100 samples

Simulation finished at 501 ps
Mismatches: 16 in 100 samples