
[attempt 0] → decompose_spec
[attempt 0] ← decompose_spec:
針對「水庫水位監測與流量控制系統」的設計，建議將任務分解為以下 5 個具體子目標：

1. 定義模組介面並宣告內部暫存器，包括儲存當前水位 `s[2:0]` 的輸入埠，以及輸出 `fr[2:0]` 與 `dfr`。
2. 設計一個狀態暫存暫存器（Register），在每個時脈邊緣（Clock edge）更新並儲存上一時刻的水位值 `s_prev`，以利判斷水位升降趨勢。
3. 根據題目定義的邏輯真值表，建立組合邏輯電路（Combinational Logic），將當前水位 `s` 轉換為對應的名義流量輸出 `fr[2:0]`。
4. 實作 `dfr` 觸發邏輯，比對 `s` 與 `s_prev`，若發現水位下降（Current < Previous）則將 `dfr` 設定為 1，否則設定為 0。
5. 撰寫 Reset 同步或非同步重置邏輯，確保系統啟動時 `s=3'b000` 對應輸出 `fr=3'b111` 及 `dfr=1` 的初始狀態。

[attempt 1] → compile_and_test
module TopModule (
    input clk,
    input reset,
    input [2:0] s,
    output logic fr2,
    output logic fr1,
[attempt 1] ← compile_and_test: R  mismatches=1593
VCD info: dumpfile wave.vcd opened for output.
Hint: Your reset should be synchronous, but doesn't appear to be.
/mnt/d/school/w4afAILearn/期末/-/verilog-eval/dataset_spec-to-rtl/Prob149_ece241_2013_q4_test.sv:84: $finish called at 10200 (1ps)
Hint: Output 'fr2' has 309 mismatches. First mismatch occurred at time 20.
Hint: Output 'fr1' has 288 mismatches. First mismatch occurred at time 120.
Hint: Output 'fr0' has 273 mismatches. First mismatch occurred at time 130.
Hint: Output 'dfr' has 1313 mismatches. First mismatch occurred at time 20.
Hint: Total mismatched samples is 1593 out of 2040 samples

Simulation finished at 10200 ps
Mismatches: 1593 in 2040 samples

[attempt 2] → compile_and_test
module TopModule (
    input clk,
    input reset,
    input [2:0] s,
    output logic fr2,
    output logic fr1,
[attempt 2] ← compile_and_test: R  mismatches=1593
VCD info: dumpfile wave.vcd opened for output.
Hint: Your reset should be synchronous, but doesn't appear to be.
/mnt/d/school/w4afAILearn/期末/-/verilog-eval/dataset_spec-to-rtl/Prob149_ece241_2013_q4_test.sv:84: $finish called at 10200 (1ps)
Hint: Output 'fr2' has 309 mismatches. First mismatch occurred at time 20.
Hint: Output 'fr1' has 288 mismatches. First mismatch occurred at time 120.
Hint: Output 'fr0' has 273 mismatches. First mismatch occurred at time 130.
Hint: Output 'dfr' has 1313 mismatches. First mismatch occurred at time 20.
Hint: Total mismatched samples is 1593 out of 2040 samples

Simulation finished at 10200 ps
Mismatches: 1593 in 2040 samples

[attempt 2] → decompose_spec
[attempt 2] ← decompose_spec:
根據您的分析，為了達成同步重置（Synchronous Reset）並正確實作流量控制邏輯，建議將任務分解為以下 4 個具體步驟：

1. 定義狀態暫存器：在 `always @(posedge clk)` 中宣告並實作 `curr_s`（當前水位）與 `prev_s`（上一次水位）暫存器，確保重置時兩者均歸零。
2. 實作組合邏輯區塊：建立一個 `always @(*)` 區塊，根據感測器輸入判斷當前水位狀態，並計算下一刻的輸出值（fr0, fr1, fr2, dfr）邏輯。
3. 實作輸出暫存器更新：在 `always @(posedge clk)` 區塊中加入同步重置邏輯，若 `reset` 為真，將所有輸出設為 1，否則將步驟 2 的組合邏輯結果同步更新至輸出暫存器。
4. 實作 `dfr` 比較邏輯：在組合邏輯中根據 `(curr_s < prev_s)` 條件設定 `dfr` 訊號，並確保在重置狀態下正確對應到題目要求的初始輸出值。

[attempt 3] → compile_and_test
module TopModule (
    input clk,
    input reset,
    input [2:0] s,
    output logic fr2,
    output logic fr1,
[attempt 3] ← compile_and_test: R  mismatches=812
VCD info: dumpfile wave.vcd opened for output.
/mnt/d/school/w4afAILearn/期末/-/verilog-eval/dataset_spec-to-rtl/Prob149_ece241_2013_q4_test.sv:84: $finish called at 10200 (1ps)
Hint: Output 'fr2' has no mismatches.
Hint: Output 'fr1' has no mismatches.
Hint: Output 'fr0' has no mismatches.
Hint: Output 'dfr' has 812 mismatches. First mismatch occurred at time 100.
Hint: Total mismatched samples is 812 out of 2040 samples

Simulation finished at 10200 ps
Mismatches: 812 in 2040 samples

[attempt 4] → compile_and_test
module TopModule (
    input clk,
    input reset,
    input [2:0] s,
    output logic fr2,
    output logic fr1,
[attempt 4] ← compile_and_test: R  mismatches=1356
VCD info: dumpfile wave.vcd opened for output.
Hint: Your reset doesn't seem to be working.
/mnt/d/school/w4afAILearn/期末/-/verilog-eval/dataset_spec-to-rtl/Prob149_ece241_2013_q4_test.sv:84: $finish called at 10200 (1ps)
Hint: Output 'fr2' has 312 mismatches. First mismatch occurred at time 10.
Hint: Output 'fr1' has 288 mismatches. First mismatch occurred at time 120.
Hint: Output 'fr0' has 273 mismatches. First mismatch occurred at time 130.
Hint: Output 'dfr' has 812 mismatches. First mismatch occurred at time 100.
Hint: Total mismatched samples is 1356 out of 2040 samples

Simulation finished at 10200 ps
Mismatches: 1356 in 2040 samples

[attempt 5] → compile_and_test
module TopModule (
    input clk,
    input reset,
    input [2:0] s,
    output logic fr2,
    output logic fr1,
[attempt 5] ← compile_and_test: R  mismatches=1593
VCD info: dumpfile wave.vcd opened for output.
Hint: Your reset should be synchronous, but doesn't appear to be.
/mnt/d/school/w4afAILearn/期末/-/verilog-eval/dataset_spec-to-rtl/Prob149_ece241_2013_q4_test.sv:84: $finish called at 10200 (1ps)
Hint: Output 'fr2' has 309 mismatches. First mismatch occurred at time 20.
Hint: Output 'fr1' has 288 mismatches. First mismatch occurred at time 120.
Hint: Output 'fr0' has 273 mismatches. First mismatch occurred at time 130.
Hint: Output 'dfr' has 1313 mismatches. First mismatch occurred at time 20.
Hint: Total mismatched samples is 1593 out of 2040 samples

Simulation finished at 10200 ps
Mismatches: 1593 in 2040 samples