
[attempt 0] → decompose_spec
[attempt 0] ← decompose_spec:
根據您的需求，將設計 `TopModule` 的任務分解為以下 4 個具體、可執行的子目標：

1. 定義 `TopModule` 模組介面，包含輸入訊號 `clk`, `L`, `q_in`, `r_in` 以及輸出訊號 `Q`。
2. 使用 2:1 多工器（Multiplexer）邏輯，根據選擇訊號 `L` 從 `q_in` 和 `r_in` 中選出正確的輸入值。
3. 實作一個 D 型正反器（D flip-flop），將多工器的輸出作為資料輸入端（D），並與時脈 `clk` 連接。
4. 將正反器的輸出端（Q）指派給模組的輸出埠，並確保同步邏輯正確執行。

[attempt 1] → compile_and_test
module TopModule (
    input clk,
    input L,
    input q_in,
    input r_in,
    output Q
[attempt 1] ← compile_and_test: R  mismatches=117
VCD info: dumpfile wave.vcd opened for output.
/mnt/d/Desktop/GitHub/School/強化學習期末專題/verilog-eval/dataset_spec-to-rtl/Prob104_mt2015_muxdff_test.sv:21: $finish called at 996 (1ps)
Hint: Output 'Q' has 117 mismatches. First mismatch occurred at time 5.
Hint: Total mismatched samples is 117 out of 199 samples

Simulation finished at 996 ps
Mismatches: 117 in 199 samples