
[attempt 1] → compile_and_test
module TopModule (
    input  p1a,
    input  p1b,
    input  p1c,
    input  p1d,
    input  p1e,
[attempt 1] ← compile_and_test: w
/tmp/tmpjx8obm59.sv:26: error: p1y is not a valid l-value in tb.top_module1.
/tmp/tmpjx8obm59.sv:12:      : p1y is declared here as wire.
/tmp/tmpjx8obm59.sv:27: error: p2y is not a valid l-value in tb.top_module1.
/tmp/tmpjx8obm59.sv:13:      : p2y is declared here as wire.
/tmp/tmpjx8obm59.sv:25: warning: @* found no sensitivities so it will never trigger.
2 error(s) during elaboration.

[attempt 2] → compile_and_test
module TopModule (
    input  p1a,
    input  p1b,
    input  p1c,
    input  p1d,
    input  p1e,
[attempt 2] ← compile_and_test: .

[attempt 2] → synthesize
[attempt 2] ← synthesize: Y