
[attempt 0] → decompose_spec
[attempt 0] ← decompose_spec:
以下是將該 Verilog 題目分解的 5 個具體子目標：

1. 定義狀態編碼（Parameters）並宣告 FSM 所需的 `current_state` 與 `next_state` 暫存器。
2. 使用 `always` 區塊編寫同步重置（reset）邏輯及狀態切換邏輯（state register）。
3. 使用 `always` 區塊並依據狀態遷移表（State Table），實作組合邏輯以決定 `next_state`。
4. 根據 Moore 型 FSM 定義，實作輸出邏輯（Output Logic），確保 `out` 僅取決於 `current_state`。
5. 編寫 Testbench 驗證所有狀態遷移路徑（包含重置功能與特定輸入序列）是否符合預期輸出。

[attempt 1] → compile_and_test
module TopModule (
    input logic clk,
    input logic reset,
    input logic in,
    output logic out
);
[attempt 1] ← compile_and_test: e
/tmp/tmp2zsa7kno.sv:27: error: This assignment requires an explicit cast.
/tmp/tmp2zsa7kno.sv:28: error: This assignment requires an explicit cast.
/tmp/tmp2zsa7kno.sv:29: error: This assignment requires an explicit cast.
/tmp/tmp2zsa7kno.sv:30: error: This assignment requires an explicit cast.
4 error(s) during elaboration.

[attempt 1] → get_debug_hints(error_type='R')
[attempt 1] ← get_debug_hints: Runtime mismatch 常見原因（請逐項對照自己的程式碼）：
1. Timing offset：FSM 有多餘狀態導致輸出慢一 cycle
2. 狀態轉移條件錯誤：if (w) 應為 if (~w) 或反之
3. 組合邏輯錯誤：output 賦值條件遺漏或邏輯反向
4. Reset 初始值不符：state / counter 初始值與規格不符
5. 計數器邊界：off-by-one（計數

[attempt 2] → compile_and_test
module TopModule (
    input logic clk,
    input logic reset,
    input logic in,
    output logic out
);
[attempt 2] ← compile_and_test: .

[attempt 2] → synthesize
[attempt 2] ← synthesize: Y