
[attempt 1] → compile_and_test
module TopModule (
    input [3:0] x,
    output f
);
    logic [3:0] x_val;
    assign x_val = x;
[attempt 1] ← compile_and_test: w
/tmp/tmpptr8b8h9.sv:46: error: f is not a valid l-value in tb.top_module1.
/tmp/tmpptr8b8h9.sv:3:      : f is declared here as wire.
1 error(s) during elaboration.

[attempt 2] → compile_and_test
module TopModule (
    input [3:0] x,
    output logic f
);
    always @(*) begin
        // Mapping: x[3] is x[0] in 4-bit, x[4] is x[1], ... wait.
[attempt 2] ← compile_and_test: R  mismatches=33
VCD info: dumpfile wave.vcd opened for output.
/mnt/d/school/w4afAILearn/期末/-/verilog-eval/dataset_spec-to-rtl/Prob116_m2014_q3_test.sv:16: $finish called at 501 (1ps)
Hint: Output 'f' has 33 mismatches. First mismatch occurred at time 10.
Hint: Total mismatched samples is 33 out of 100 samples

Simulation finished at 501 ps
Mismatches: 33 in 100 samples

[attempt 2] → get_debug_hints(error_type='R')
[attempt 2] ← get_debug_hints: Runtime mismatch 常見原因（請逐項對照自己的程式碼）：
1. Timing offset：FSM 有多餘狀態導致輸出慢一 cycle
2. 狀態轉移條件錯誤：if (w) 應為 if (~w) 或反之
3. 組合邏輯錯誤：output 賦值條件遺漏或邏輯反向
4. Reset 初始值不符：state / counter 初始值與規格不符
5. 計數器邊界：off-by-one（計數

[attempt 3] → compile_and_test
module TopModule (
    input [3:0] x,
    output logic f
);
    // K-map:
    //         x[1]x[2]
[attempt 3] ← compile_and_test: R  mismatches=27
VCD info: dumpfile wave.vcd opened for output.
/mnt/d/school/w4afAILearn/期末/-/verilog-eval/dataset_spec-to-rtl/Prob116_m2014_q3_test.sv:16: $finish called at 501 (1ps)
Hint: Output 'f' has 27 mismatches. First mismatch occurred at time 10.
Hint: Total mismatched samples is 27 out of 100 samples

Simulation finished at 501 ps
Mismatches: 27 in 100 samples

[attempt 4] → compile_and_test
module TopModule (
    input [3:0] x,
    output logic f
);
    // K-map:
    //                 x[1]x[2]
[attempt 4] ← compile_and_test: R  mismatches=33
VCD info: dumpfile wave.vcd opened for output.
/mnt/d/school/w4afAILearn/期末/-/verilog-eval/dataset_spec-to-rtl/Prob116_m2014_q3_test.sv:16: $finish called at 501 (1ps)
Hint: Output 'f' has 33 mismatches. First mismatch occurred at time 10.
Hint: Total mismatched samples is 33 out of 100 samples

Simulation finished at 501 ps
Mismatches: 33 in 100 samples

[attempt 5] → compile_and_test
module TopModule (
    input [3:0] x,
    output logic f
);
    // Let's re-map based on standard 4-bit input x[3:0]
    // The problem states K-map uses x[3]x[4] and x[1]x[2].
[attempt 5] ← compile_and_test: R  mismatches=33
VCD info: dumpfile wave.vcd opened for output.
/mnt/d/school/w4afAILearn/期末/-/verilog-eval/dataset_spec-to-rtl/Prob116_m2014_q3_test.sv:16: $finish called at 501 (1ps)
Hint: Output 'f' has 33 mismatches. First mismatch occurred at time 10.
Hint: Total mismatched samples is 33 out of 100 samples

Simulation finished at 501 ps
Mismatches: 33 in 100 samples