
[attempt 1] → compile_and_test
module TopModule (
    input a,
    input b,
    input c,
    input d,
    output out
[attempt 1] ← compile_and_test: R  mismatches=112
VCD info: dumpfile wave.vcd opened for output.
/mnt/d/school/w4afAILearn/期末/-/verilog-eval/dataset_spec-to-rtl/Prob122_kmap4_test.sv:38: $finish called at 1161 (1ps)
Hint: Output 'out' has 112 mismatches. First mismatch occurred at time 30.
Hint: Total mismatched samples is 112 out of 232 samples

Simulation finished at 1161 ps
Mismatches: 112 in 232 samples

[attempt 1] → decompose_spec
[attempt 1] ← decompose_spec:
為了完成此卡諾圖（K-map）的 Verilog 實作，建議將任務分解為以下 4 個子目標：

1. 根據卡諾圖的各項邏輯值（1 的位置），推導出輸出 `out` 與輸入 `a, b, c, d` 的布林代數運算式。
2. 建立一個名為 `TopModule` 的 Verilog 模組，並定義輸入埠 `a, b, c, d` 與輸出埠 `out`。
3. 使用邏輯運算子（如 `&`, `|`, `^`, `~`）編寫組合邏輯電路，將步驟 1 推導出的運算式實作至 `assign` 語句中。
4. 編寫一個 Testbench 模擬檔案，遍歷所有 16 種輸入組合（0000 到 1111），驗證輸出結果是否與卡諾圖完全相符。

[attempt 2] → compile_and_test
module TopModule (
    input a,
    input b,
    input c,
    input d,
    output out
[attempt 2] ← compile_and_test: R  mismatches=112
VCD info: dumpfile wave.vcd opened for output.
/mnt/d/school/w4afAILearn/期末/-/verilog-eval/dataset_spec-to-rtl/Prob122_kmap4_test.sv:38: $finish called at 1161 (1ps)
Hint: Output 'out' has 112 mismatches. First mismatch occurred at time 30.
Hint: Total mismatched samples is 112 out of 232 samples

Simulation finished at 1161 ps
Mismatches: 112 in 232 samples

[attempt 2] → get_debug_hints(error_type='R')
[attempt 2] ← get_debug_hints: Runtime mismatch 常見原因（請逐項對照自己的程式碼）：
1. Timing offset：FSM 有多餘狀態導致輸出慢一 cycle
2. 狀態轉移條件錯誤：if (w) 應為 if (~w) 或反之
3. 組合邏輯錯誤：output 賦值條件遺漏或邏輯反向
4. Reset 初始值不符：state / counter 初始值與規格不符
5. 計數器邊界：off-by-one（計數

[attempt 3] → compile_and_test
module TopModule (
    input a,
    input b,
    input c,
    input d,
    output out
[attempt 3] ← compile_and_test: .

[attempt 3] → synthesize
[attempt 3] ← synthesize: Y