
[attempt 0] → decompose_spec
[attempt 0] ← decompose_spec:
為了實現此 UART 接收器，您可以將開發過程拆解為以下 5 個具體子目標：

1. 設計一個分頻器 (Baud Rate Generator) 或計數器，以確保能精確地在每個位元週期的中間點進行取樣。
2. 建立狀態機 (FSM)，定義 IDLE、START、DATA (8個位元)、STOP 四種狀態及其轉換邏輯。
3. 實作移位暫存器 (Shift Register) 邏輯，依據 LSB first 規則將輸入訊號 `in` 依序存入 8-bit 暫存器中。
4. 加入 Stop bit 檢查機制，若在 STOP 狀態偵測到錯誤則進入等待模式，直到 `in` 回復為高電位。
5. 實作輸出邏輯，確保在確認接收成功後的下一個時脈週期，將 `out_byte` 更新並發送一個週期的 `done` 脈衝。

[attempt 1] → compile_and_test
module TopModule (
    input clk,
    input in,
    input reset,
    output logic [7:0] out_byte,
    output logic done
[attempt 1] ← compile_and_test: e
/tmp/tmp4ogm_f2q.sv:50: error: This assignment requires an explicit cast.
/tmp/tmp4ogm_f2q.sv:52: error: This assignment requires an explicit cast.
/tmp/tmp4ogm_f2q.sv:53: error: This assignment requires an explicit cast.
/tmp/tmp4ogm_f2q.sv:54: error: This assignment requires an explicit cast.
4 error(s) during elaboration.

[attempt 1] → get_debug_hints(error_type='R')
[attempt 1] ← get_debug_hints: Runtime mismatch 常見原因（請逐項對照自己的程式碼）：
1. Timing offset：FSM 有多餘狀態導致輸出慢一 cycle
2. 狀態轉移條件錯誤：if (w) 應為 if (~w) 或反之
3. 組合邏輯錯誤：output 賦值條件遺漏或邏輯反向
4. Reset 初始值不符：state / counter 初始值與規格不符
5. 計數器邊界：off-by-one（計數

[attempt 2] → compile_and_test
module TopModule (
    input clk,
    input in,
    input reset,
    output logic [7:0] out_byte,
    output logic done
[attempt 2] ← compile_and_test: e
/tmp/tmpglo6k07s.sv:58: error: This assignment requires an explicit cast.
/tmp/tmpglo6k07s.sv:60: error: This assignment requires an explicit cast.
/tmp/tmpglo6k07s.sv:61: error: This assignment requires an explicit cast.
/tmp/tmpglo6k07s.sv:62: error: This assignment requires an explicit cast.
4 error(s) during elaboration.

[attempt 3] → compile_and_test
module TopModule (
    input clk,
    input in,
    input reset,
    output logic [7:0] out_byte,
    output logic done
[attempt 3] ← compile_and_test: R  mismatches=64
VCD info: dumpfile wave.vcd opened for output.
/mnt/d/school/w4afAILearn/期末/-/verilog-eval/dataset_spec-to-rtl/Prob146_fsm_serialdata_test.sv:45: $finish called at 4526 (1ps)
Hint: Output 'out_byte' has 32 mismatches. First mismatch occurred at time 850.
Hint: Output 'done' has 64 mismatches. First mismatch occurred at time 110.
Hint: Total mismatched samples is 64 out of 905 samples

Simulation finished at 4526 ps
Mismatches: 64 in 905 samples

[attempt 4] → compile_and_test
module TopModule (
    input clk,
    input in,
    input reset,
    output logic [7:0] out_byte,
    output logic done
[attempt 4] ← compile_and_test: R  mismatches=38
VCD info: dumpfile wave.vcd opened for output.
/mnt/d/school/w4afAILearn/期末/-/verilog-eval/dataset_spec-to-rtl/Prob146_fsm_serialdata_test.sv:45: $finish called at 4526 (1ps)
Hint: Output 'out_byte' has 32 mismatches. First mismatch occurred at time 850.
Hint: Output 'done' has 38 mismatches. First mismatch occurred at time 110.
Hint: Total mismatched samples is 38 out of 905 samples

Simulation finished at 4526 ps
Mismatches: 38 in 905 samples

[attempt 5] → compile_and_test
module TopModule (
    input clk,
    input in,
    input reset,
    output logic [7:0] out_byte,
    output logic done
[attempt 5] ← compile_and_test: R  mismatches=64
VCD info: dumpfile wave.vcd opened for output.
/mnt/d/school/w4afAILearn/期末/-/verilog-eval/dataset_spec-to-rtl/Prob146_fsm_serialdata_test.sv:45: $finish called at 4526 (1ps)
Hint: Output 'out_byte' has 32 mismatches. First mismatch occurred at time 850.
Hint: Output 'done' has 64 mismatches. First mismatch occurred at time 110.
Hint: Total mismatched samples is 64 out of 905 samples

Simulation finished at 4526 ps
Mismatches: 64 in 905 samples