
[attempt 0] → decompose_spec
[attempt 0] ← decompose_spec:
以下是完成該 Verilog 設計的 4 個具體、可執行的子目標：

1. 定義模組介面，宣告輸入 `a, b, c, d` 與輸出 `out_sop, out_pos` 並建立邏輯真值表對照關係。
2. 根據 K-map 優化後的 SOP 表達式 `out_sop = (~a & c) | (c & d & (a | b))` 編寫組合邏輯程式碼。
3. 根據 POS 定義或邏輯補數原理，推導並實作 `out_pos` 的組合邏輯電路。
4. 編寫 Testbench 測試所有輸入組合（0-15），驗證輸出是否符合題目要求的 1、0 以及 Don't care 條件。

[attempt 1] → compile_and_test
module TopModule(
    input a,
    input b,
    input c,
    input d,
    output out_sop,
[attempt 1] ← compile_and_test: R  mismatches=7
VCD info: dumpfile wave.vcd opened for output.
/mnt/d/school/w4afAILearn/期末/-/verilog-eval/dataset_spec-to-rtl/Prob070_ece241_2013_q2_test.sv:63: $finish called at 535 (1ps)
Hint: Output 'out_sop' has 7 mismatches. First mismatch occurred at time 60.
Hint: Output 'out_pos' has 7 mismatches. First mismatch occurred at time 60.
Hint: Total mismatched samples is 7 out of 107 samples

Simulation finished at 535 ps
Mismatches: 7 in 107 samples

[attempt 1] → get_debug_hints(error_type='R')
[attempt 1] ← get_debug_hints: Runtime mismatch 常見原因（請逐項對照自己的程式碼）：
1. Timing offset：FSM 有多餘狀態導致輸出慢一 cycle
2. 狀態轉移條件錯誤：if (w) 應為 if (~w) 或反之
3. 組合邏輯錯誤：output 賦值條件遺漏或邏輯反向
4. Reset 初始值不符：state / counter 初始值與規格不符
5. 計數器邊界：off-by-one（計數

[attempt 2] → compile_and_test
module TopModule(
    input a,
    input b,
    input c,
    input d,
    output out_sop,
[attempt 2] ← compile_and_test: R  mismatches=7
VCD info: dumpfile wave.vcd opened for output.
/mnt/d/school/w4afAILearn/期末/-/verilog-eval/dataset_spec-to-rtl/Prob070_ece241_2013_q2_test.sv:63: $finish called at 535 (1ps)
Hint: Output 'out_sop' has 7 mismatches. First mismatch occurred at time 60.
Hint: Output 'out_pos' has 7 mismatches. First mismatch occurred at time 60.
Hint: Total mismatched samples is 7 out of 107 samples

Simulation finished at 535 ps
Mismatches: 7 in 107 samples

[attempt 3] → compile_and_test
module TopModule(
    input a,
    input b,
    input c,
    input d,
    output out_sop,
[attempt 3] ← compile_and_test: R  mismatches=22
VCD info: dumpfile wave.vcd opened for output.
/mnt/d/school/w4afAILearn/期末/-/verilog-eval/dataset_spec-to-rtl/Prob070_ece241_2013_q2_test.sv:63: $finish called at 535 (1ps)
Hint: Output 'out_sop' has 7 mismatches. First mismatch occurred at time 60.
Hint: Output 'out_pos' has 22 mismatches. First mismatch occurred at time 30.
Hint: Total mismatched samples is 22 out of 107 samples

Simulation finished at 535 ps
Mismatches: 22 in 107 samples

[attempt 4] → compile_and_test
module TopModule(
    input a,
    input b,
    input c,
    input d,
    output out_sop,
[attempt 4] ← compile_and_test: R  mismatches=22
VCD info: dumpfile wave.vcd opened for output.
/mnt/d/school/w4afAILearn/期末/-/verilog-eval/dataset_spec-to-rtl/Prob070_ece241_2013_q2_test.sv:63: $finish called at 535 (1ps)
Hint: Output 'out_sop' has no mismatches.
Hint: Output 'out_pos' has 22 mismatches. First mismatch occurred at time 30.
Hint: Total mismatched samples is 22 out of 107 samples

Simulation finished at 535 ps
Mismatches: 22 in 107 samples

[attempt 5] → compile_and_test
module TopModule(
    input a,
    input b,
    input c,
    input d,
    output out_sop,
[attempt 5] ← compile_and_test: R  mismatches=22
VCD info: dumpfile wave.vcd opened for output.
/mnt/d/school/w4afAILearn/期末/-/verilog-eval/dataset_spec-to-rtl/Prob070_ece241_2013_q2_test.sv:63: $finish called at 535 (1ps)
Hint: Output 'out_sop' has no mismatches.
Hint: Output 'out_pos' has 22 mismatches. First mismatch occurred at time 30.
Hint: Total mismatched samples is 22 out of 107 samples

Simulation finished at 535 ps
Mismatches: 22 in 107 samples