
[attempt 0] → decompose_spec
[attempt 0] ← decompose_spec:
以下是針對該 Verilog 題目分解的 5 個具體執行子目標：

1. 定義 10 個獨熱編碼 (One-hot) 參數或常數 (S0-S9)，並宣告輸入 `in`、`state` 及輸出 `next_state`、`out1`、`out2`。
2. 根據邏輯遷移規則，編寫邏輯運算式計算每個狀態在不同輸入 (`in`) 下的下一狀態轉移。
3. 實作「聯集」邏輯：對輸入 `state` 的每一位進行位元運算，整合所有活躍狀態對應的下一狀態，產生 `next_state`。
4. 實作輸出邏輯：根據題目定義，若 S7、S8、S9 對應的特定輸出條件被滿足，且當前對應狀態為活躍，則賦予 `out1` 與 `out2` 對應值。
5. 撰寫組合邏輯電路（Combinational Logic），確保當多個狀態位元同時為 1 時，輸出能正確執行邏輯或 (OR) 的疊加效果。

[attempt 1] → compile_and_test
module TopModule (
    input in,
    input [9:0] state,
    output [9:0] next_state,
    output out1,
    output out2
[attempt 1] ← compile_and_test: R  mismatches=224
VCD info: dumpfile wave.vcd opened for output.
Hint: next_state[0] is incorrect.
Hint: next_state[1] is incorrect.
Hint: next_state[2] is incorrect.
Hint: next_state[3] is incorrect.
Hint: next_state[4] is incorrect.
Hint: next_state[5] is incorrect.
Hint: next_state[6] is incorrect.
Hint: next_state[7] is incorrect.
Hint: next_state[8] is incorrect.
Hint: next_state[9] is incorrect.
/mnt/d/school/w4afAILearn/期末/-/verilog-eval/dataset_spec-to-rtl/Prob143_fsm_onehot_test.sv:62: $finish called at 1121 (1ps)
Hint: Output 'next_state' has 224 mismatches. First mismatch occurred at time 5.
Hint: Output 'out1' has 224 mismatches. First mismatch occurred at time 5.
Hint: Output 'out2' has 224 mismatches. First mismatch occurred at time 5.
Hint: Total mismatched samples is 224 out of 224 samples

Simulation finished at 1121 ps
Mismatches: 224 in 224 samples

[attempt 2] → compile_and_test
module TopModule (
    input in,
    input [9:0] state,
    output [9:0] next_state,
    output out1,
    output out2
[attempt 2] ← compile_and_test: R  mismatches=224
VCD info: dumpfile wave.vcd opened for output.
Hint: next_state[0] is incorrect.
Hint: next_state[1] is incorrect.
Hint: next_state[2] is incorrect.
Hint: next_state[3] is incorrect.
Hint: next_state[4] is incorrect.
Hint: next_state[5] is incorrect.
Hint: next_state[6] is incorrect.
Hint: next_state[7] is incorrect.
Hint: next_state[8] is incorrect.
Hint: next_state[9] is incorrect.
/mnt/d/school/w4afAILearn/期末/-/verilog-eval/dataset_spec-to-rtl/Prob143_fsm_onehot_test.sv:62: $finish called at 1121 (1ps)
Hint: Output 'next_state' has 224 mismatches. First mismatch occurred at time 5.
Hint: Output 'out1' has 224 mismatches. First mismatch occurred at time 5.
Hint: Output 'out2' has 224 mismatches. First mismatch occurred at time 5.
Hint: Total mismatched samples is 224 out of 224 samples

Simulation finished at 1121 ps
Mismatches: 224 in 224 samples

[attempt 3] → compile_and_test
module TopModule (
    input in,
    input [9:0] state,
    output [9:0] next_state,
    output out1,
    output out2
[attempt 3] ← compile_and_test: R  mismatches=31
VCD info: dumpfile wave.vcd opened for output.
Hint: next_state[0] is incorrect.
Hint: next_state[1] is incorrect.
Hint: next_state[2] is   correct.
Hint: next_state[3] is   correct.
Hint: next_state[4] is   correct.
Hint: next_state[5] is   correct.
Hint: next_state[6] is   correct.
Hint: next_state[7] is incorrect.
Hint: next_state[8] is   correct.
Hint: next_state[9] is   correct.
/mnt/d/school/w4afAILearn/期末/-/verilog-eval/dataset_spec-to-rtl/Prob143_fsm_onehot_test.sv:62: $finish called at 1121 (1ps)
Hint: Output 'next_state' has 31 mismatches. First mismatch occurred at time 60.
Hint: Output 'out1' has no mismatches.
Hint: Output 'out2' has no mismatches.
Hint: Total mismatched samples is 31 out of 224 samples

Simulation finished at 1121 ps
Mismatches: 31 in 224 samples

[attempt 3] → get_debug_hints(error_type='R')
[attempt 3] ← get_debug_hints: Runtime mismatch 常見原因（請逐項對照自己的程式碼）：
1. Timing offset：FSM 有多餘狀態導致輸出慢一 cycle
2. 狀態轉移條件錯誤：if (w) 應為 if (~w) 或反之
3. 組合邏輯錯誤：output 賦值條件遺漏或邏輯反向
4. Reset 初始值不符：state / counter 初始值與規格不符
5. 計數器邊界：off-by-one（計數

[attempt 4] → compile_and_test
module TopModule (
    input in,
    input [9:0] state,
    output [9:0] next_state,
    output out1,
    output out2
[attempt 4] ← compile_and_test: .

[attempt 4] → synthesize
[attempt 4] ← synthesize: Y