
[attempt 1] → compile_and_test
module TopModule (
    input clk,
    input [7:0] in,
    output [7:0] pedge
);

[attempt 1] ← compile_and_test: w
/tmp/tmpn_6ct6bi.sv:14: error: pedge is not a valid l-value in tb.top_module1.
/tmp/tmpn_6ct6bi.sv:4:      : pedge is declared here as wire.
1 error(s) during elaboration.

[attempt 2] → compile_and_test
module TopModule (
    input clk,
    input [7:0] in,
    output logic [7:0] pedge
);

[attempt 2] ← compile_and_test: R  mismatches=206
VCD info: dumpfile wave.vcd opened for output.
/mnt/d/school/w4afAILearn/期末/-/verilog-eval/dataset_spec-to-rtl/Prob054_edgedetect_test.sv:45: $finish called at 1135 (1ps)
Hint: Output 'pedge' has 206 mismatches. First mismatch occurred at time 30.
Hint: Total mismatched samples is 206 out of 227 samples

Simulation finished at 1135 ps
Mismatches: 206 in 227 samples

[attempt 3] → compile_and_test
module TopModule (
    input clk,
    input [7:0] in,
    output logic [7:0] pedge
);

[attempt 3] ← compile_and_test: .

[attempt 3] → synthesize
[attempt 3] ← synthesize: Y