
[attempt 1] → compile_and_test
module TopModule (
    input clk,
    input in,
    input reset,
    output logic [7:0] out_byte,
    output logic done
[attempt 1] ← compile_and_test: R  mismatches=38
VCD info: dumpfile wave.vcd opened for output.
/mnt/d/school/w4afAILearn/期末/-/verilog-eval/dataset_spec-to-rtl/Prob146_fsm_serialdata_test.sv:45: $finish called at 4526 (1ps)
Hint: Output 'out_byte' has 32 mismatches. First mismatch occurred at time 850.
Hint: Output 'done' has 38 mismatches. First mismatch occurred at time 110.
Hint: Total mismatched samples is 38 out of 905 samples

Simulation finished at 4526 ps
Mismatches: 38 in 905 samples

[attempt 2] → compile_and_test
module TopModule (
    input clk,
    input in,
    input reset,
    output logic [7:0] out_byte,
    output logic done
[attempt 2] ← compile_and_test: e
/tmp/tmphl0nhkek.sv:50: error: This assignment requires an explicit cast.
/tmp/tmphl0nhkek.sv:51: error: This assignment requires an explicit cast.
/tmp/tmphl0nhkek.sv:52: error: This assignment requires an explicit cast.
3 error(s) during elaboration.

[attempt 3] → compile_and_test
module TopModule (
    input clk,
    input in,
    input reset,
    output logic [7:0] out_byte,
    output logic done
[attempt 3] ← compile_and_test: e
/tmp/tmpa6iht4x5.sv:51: error: This assignment requires an explicit cast.
/tmp/tmpa6iht4x5.sv:52: error: This assignment requires an explicit cast.
/tmp/tmpa6iht4x5.sv:53: error: This assignment requires an explicit cast.
3 error(s) during elaboration.

[attempt 4] → compile_and_test
module TopModule (
    input clk,
    input in,
    input reset,
    output logic [7:0] out_byte,
    output logic done
[attempt 4] ← compile_and_test: R  mismatches=28
VCD info: dumpfile wave.vcd opened for output.
/mnt/d/school/w4afAILearn/期末/-/verilog-eval/dataset_spec-to-rtl/Prob146_fsm_serialdata_test.sv:45: $finish called at 4526 (1ps)
Hint: Output 'out_byte' has no mismatches.
Hint: Output 'done' has 28 mismatches. First mismatch occurred at time 320.
Hint: Total mismatched samples is 28 out of 905 samples

Simulation finished at 4526 ps
Mismatches: 28 in 905 samples

[attempt 5] → compile_and_test
module TopModule (
    input clk,
    input in,
    input reset,
    output logic [7:0] out_byte,
    output logic done
[attempt 5] ← compile_and_test: R  mismatches=22
VCD info: dumpfile wave.vcd opened for output.
/mnt/d/school/w4afAILearn/期末/-/verilog-eval/dataset_spec-to-rtl/Prob146_fsm_serialdata_test.sv:45: $finish called at 4526 (1ps)
Hint: Output 'out_byte' has 8 mismatches. First mismatch occurred at time 850.
Hint: Output 'done' has 22 mismatches. First mismatch occurred at time 530.
Hint: Total mismatched samples is 22 out of 905 samples

Simulation finished at 4526 ps
Mismatches: 22 in 905 samples