
[attempt 0] → decompose_spec
[attempt 0] ← decompose_spec:
根據您提供的 FSM 需求，建議將設計分解為以下 5 個子目標：

1. 定義並編碼 FSM 的所有狀態（包含初始狀態 A、監測狀態 B 以及紀錄中間過程的過渡狀態）。
2. 設計一個計數器模組，用於追蹤檢查 w 的次數（0-3 次）以及記錄 w=1 出現的累計次數。
3. 編寫狀態轉換邏輯（Next State Logic），實現從 A 到 B 的切換，以及在檢查完 3 個週期後自動重置或回到檢查循環。
4. 編寫輸出邏輯（Output Logic），根據計數器結果判斷並在第 4 個週期賦值 z=1 或 z=0。
5. 使用時序邏輯（Sequential Logic）將狀態與暫存器綁定，並加入同步高電位 Reset 重置機制。

[attempt 1] → compile_and_test
module TopModule (
    input logic clk,
    input logic reset,
    input logic s,
    input logic w,
    output logic z
[attempt 1] ← compile_and_test: e
/tmp/tmpjp0hlu8o.sv:46: error: This assignment requires an explicit cast.
1 error(s) during elaboration.

[attempt 1] → get_debug_hints(error_type='R')
[attempt 1] ← get_debug_hints: Runtime mismatch 常見原因（請逐項對照自己的程式碼）：
1. Timing offset：FSM 有多餘狀態導致輸出慢一 cycle
2. 狀態轉移條件錯誤：if (w) 應為 if (~w) 或反之
3. 組合邏輯錯誤：output 賦值條件遺漏或邏輯反向
4. Reset 初始值不符：state / counter 初始值與規格不符
5. 計數器邊界：off-by-one（計數

[attempt 2] → compile_and_test
module TopModule (
    input logic clk,
    input logic reset,
    input logic s,
    input logic w,
    output logic z
[attempt 2] ← compile_and_test: e
/tmp/tmp1c0qv21t.sv:25: error: This assignment requires an explicit cast.
1 error(s) during elaboration.

[attempt 3] → compile_and_test
module TopModule (
    input logic clk,
    input logic reset,
    input logic s,
    input logic w,
    output logic z
[attempt 3] ← compile_and_test: e
/tmp/tmpzsgkvbb9.sv:20: error: This assignment requires an explicit cast.
1 error(s) during elaboration.

[attempt 4] → compile_and_test
module TopModule (
    input logic clk,
    input logic reset,
    input logic s,
    input logic w,
    output logic z
[attempt 4] ← compile_and_test: .

[attempt 4] → synthesize
[attempt 4] ← synthesize: Y