
[attempt 0] → decompose_spec
[attempt 0] ← decompose_spec:
為了實現這個同步 HDLC 封幀狀態機，您可以按照以下步驟進行開發：

1. 定義 Moore 型 FSM 的狀態：設計包含 IDLE、檢測 1 到 6 個連續 1 的狀態機（共約 9-10 個狀態），以精確區分 bit-stuffing (disc)、frame boundary (flag) 與 error (err)。
2. 實作位元計數邏輯：在狀態遷移中設計觸發機制，當偵測到 '0' 時檢查當前連續 '1' 的計數器，並根據計數值（5、6 或 >6）決定跳轉至對應的 disc、flag 或 error 狀態。
3. 設計輸出控制邏輯：確保輸出訊號 (disc, flag, err) 在符合條件後的下一個 Clock Cycle 被拉高，並在週期結束後正確歸零。
4. 實作重置功能：編寫同步 Reset 邏輯，確保在 Reset 發生時狀態機強制回到 IDLE（或起始狀態），並強制設定連串計數器為 0，以符合「假設前一個 bit 為 0」的規範。
5. 驗證與邊界測試：撰寫 Testbench 模擬連續輸入多個 1（例如 0111110、01111110 及 01111111）的序列，確保 FSM 的輸出時序與條件觸發完全正確。

[attempt 1] → compile_and_test
module TopModule (
    input clk,
    input reset,
    input in,
    output logic disc,
    output logic flag,
[attempt 1] ← compile_and_test: e
/tmp/tmpd01ujgaw.sv:20: error: This assignment requires an explicit cast.
/tmp/tmpd01ujgaw.sv:21: error: This assignment requires an explicit cast.
/tmp/tmpd01ujgaw.sv:22: error: This assignment requires an explicit cast.
/tmp/tmpd01ujgaw.sv:23: error: This assignment requires an explicit cast.
/tmp/tmpd01ujgaw.sv:24: error: This assignment requires an explicit cast.
/tmp/tmpd01ujgaw.sv:25: error: This assignment requires an explicit cast.
/tmp/tmpd01ujgaw.sv:26: error: This assignment requires an explicit cast.
/tmp/tmpd01ujgaw.sv:27: error: This assignment requires an explicit cast.
/tmp/tmpd01ujgaw.sv:28: error: This assignment requires an explicit cast.
/tmp/tmpd01ujgaw.sv:29: error: This assignment requires an explicit cast.
/tmp/tmpd01ujgaw.sv:30: error: This assignment requires an explicit cast.
11 error(s) during elaboration.

[attempt 1] → get_debug_hints(error_type='R')
[attempt 1] ← get_debug_hints: Runtime mismatch 常見原因（請逐項對照自己的程式碼）：
1. Timing offset：FSM 有多餘狀態導致輸出慢一 cycle
2. 狀態轉移條件錯誤：if (w) 應為 if (~w) 或反之
3. 組合邏輯錯誤：output 賦值條件遺漏或邏輯反向
4. Reset 初始值不符：state / counter 初始值與規格不符
5. 計數器邊界：off-by-one（計數

[attempt 2] → compile_and_test
module TopModule (
    input clk,
    input reset,
    input in,
    output logic disc,
    output logic flag,
[attempt 2] ← compile_and_test: e
/tmp/tmpm_y8jcek.sv:25: error: This assignment requires an explicit cast.
/tmp/tmpm_y8jcek.sv:26: error: This assignment requires an explicit cast.
/tmp/tmpm_y8jcek.sv:27: error: This assignment requires an explicit cast.
/tmp/tmpm_y8jcek.sv:28: error: This assignment requires an explicit cast.
/tmp/tmpm_y8jcek.sv:29: error: This assignment requires an explicit cast.
/tmp/tmpm_y8jcek.sv:30: error: This assignment requires an explicit cast.
/tmp/tmpm_y8jcek.sv:31: error: This assignment requires an explicit cast.
/tmp/tmpm_y8jcek.sv:32: error: This assignment requires an explicit cast.
/tmp/tmpm_y8jcek.sv:33: error: This assignment requires an explicit cast.
/tmp/tmpm_y8jcek.sv:34: error: This assignment requires an explicit cast.
/tmp/tmpm_y8jcek.sv:35: error: This assignment requires an explicit cast.
11 error(s) during elaboration.

[attempt 3] → compile_and_test
module TopModule (
    input clk,
    input reset,
    input in,
    output logic disc,
    output logic flag,
[attempt 3] ← compile_and_test: R  mismatches=232
VCD info: dumpfile wave.vcd opened for output.
/mnt/d/school/w4afAILearn/期末/-/verilog-eval/dataset_spec-to-rtl/Prob140_fsm_hdlc_test.sv:20: $finish called at 4006 (1ps)
Hint: Output 'disc' has no mismatches.
Hint: Output 'flag' has no mismatches.
Hint: Output 'err' has 232 mismatches. First mismatch occurred at time 80.
Hint: Total mismatched samples is 232 out of 801 samples

Simulation finished at 4006 ps
Mismatches: 232 in 801 samples

[attempt 4] → compile_and_test
module TopModule (
    input clk,
    input reset,
    input in,
    output logic disc,
    output logic flag,
[attempt 4] ← compile_and_test: R  mismatches=232
VCD info: dumpfile wave.vcd opened for output.
/mnt/d/school/w4afAILearn/期末/-/verilog-eval/dataset_spec-to-rtl/Prob140_fsm_hdlc_test.sv:20: $finish called at 4006 (1ps)
Hint: Output 'disc' has no mismatches.
Hint: Output 'flag' has no mismatches.
Hint: Output 'err' has 232 mismatches. First mismatch occurred at time 80.
Hint: Total mismatched samples is 232 out of 801 samples

Simulation finished at 4006 ps
Mismatches: 232 in 801 samples

[attempt 5] → compile_and_test
module TopModule (
    input clk,
    input reset,
    input in,
    output logic disc,
    output logic flag,
[attempt 5] ← compile_and_test: R  mismatches=232
VCD info: dumpfile wave.vcd opened for output.
/mnt/d/school/w4afAILearn/期末/-/verilog-eval/dataset_spec-to-rtl/Prob140_fsm_hdlc_test.sv:20: $finish called at 4006 (1ps)
Hint: Output 'disc' has no mismatches.
Hint: Output 'flag' has no mismatches.
Hint: Output 'err' has 232 mismatches. First mismatch occurred at time 80.
Hint: Total mismatched samples is 232 out of 801 samples

Simulation finished at 4006 ps
Mismatches: 232 in 801 samples