
[attempt 0] → decompose_spec
[attempt 0] ← decompose_spec:
為了完成這個 Verilog 模組設計，建議將工作分解為以下五個具體步驟：

1. 定義模組介面：宣告 `TopModule`，輸入為 4-bit 向量 `x`，輸出為單一 bit 的 `f`。
2. 建立真值表數據集：根據重新確認的 K-map 邏輯，列出所有使得 `f=1` 的輸入組合 (minterms)。
3. 化簡邏輯表達式：利用布林代數或卡諾圖分組，將邏輯函數 `f` 化簡為 `x[3:0]` 的邏輯運算式（例如：使用 AND/OR/NOT 閘組合）。
4. 編寫邏輯實現代碼：在 Verilog 中使用 `assign` 語句配合邏輯運算子（`&`, `|`, `~`）編寫函數邏輯。
5. 驗證設計準確性：編寫一個簡單的 Testbench，遍歷 `x` 的所有 16 種輸入狀態，檢查輸出 `f` 是否與 K-map 的預期值一致。

[attempt 1] → compile_and_test
module TopModule (
    input [3:0] x,
    output f
);
    // x[3] is MSB, x[0] is LSB.
    // Based on the provided K-map:
[attempt 1] ← compile_and_test: p
/tmp/tmpbrg8jppo.sv:36: error: Unable to bind wire/reg/memory `x2' in `tb.top_module1'
/tmp/tmpbrg8jppo.sv:36: error: Unable to bind wire/reg/memory `x0' in `tb.top_module1'
/tmp/tmpbrg8jppo.sv:37: error: Unable to bind wire/reg/memory `x1' in `tb.top_module1'
/tmp/tmpbrg8jppo.sv:37: error: Unable to bind wire/reg/memory `x0' in `tb.top_module1'
/tmp/tmpbrg8jppo.sv:38: error: Unable to bind wire/reg/memory `x1' in `tb.top_module1'
/tmp/tmpbrg8jppo.sv:36: error: Unable to elaborate r-value: ((((((((~(x['sd3]))&(~(x2)))&(~(x0)))|((((x['sd3])&(x['sd2]))&(~(x1)))&(~(x0))))|((((x['sd3])&(x['sd2]))&(~(x1)))&(x['sd0])))|((((x['sd3])&(x['sd2]))&(x['sd1]))&(x['sd0])))|((((x['sd3])&(~(x['sd2])))&(~(x['sd1])))&(~(x['sd0]))))|((((x['sd3])&(~(x['sd2])))&(~(x['sd1])))&(x['sd0])))|((((x['sd3])&(~(x['sd2])))&(x['sd1]))&(~(x['sd0])))
6 error(s) during elaboration.