
[attempt 1] → compile_and_test
module TopModule (
    input in1,
    input in2,
    input in3,
    output out
);
[attempt 1] ← compile_and_test: w
/tmp/tmpzoidtlh6.sv:14: error: out is not a valid l-value in tb.top_module1.
/tmp/tmpzoidtlh6.sv:5:      : out is declared here as wire.
1 error(s) during elaboration.

[attempt 2] → compile_and_test
module TopModule (
    input in1,
    input in2,
    input in3,
    output logic out
);
[attempt 2] ← compile_and_test: .

[attempt 2] → synthesize
[attempt 2] ← synthesize: Y