
[attempt 0] → decompose_spec
[attempt 0] ← decompose_spec:
為了有效實現這個序列接收器（Serial Receiver），建議將開發過程分解為以下五個子目標：

1. 定義 FSM 狀態機（Idle, Start, Data, Stop, Error/Wait），並實作包含同步重置（Synchronous Reset）的狀態跳轉邏輯。
2. 設計一個取樣計數器（Sampling Counter），確保在每個鮑率（Baud rate）週期中心點穩定讀取輸入訊號。
3. 實作一個 8 位元移位暫存器（Shift Register），以 LSB first 的順序依序捕捉並儲存數據位元。
4. 加入 Stop Bit 檢查邏輯，若接收到的位元不為 1，則觸發錯誤狀態並等待線路恢復為高電位（Idle）。
5. 編寫測試平台（Testbench）以模擬完整的接收過程，並驗證正常數據傳輸與停止位元錯誤處理的情境。

[attempt 1] → compile_and_test
module TopModule (
    input clk,
    input reset,
    input in,
    output logic done
);
[attempt 1] ← compile_and_test: R  mismatches=64
VCD info: dumpfile wave.vcd opened for output.
/mnt/d/school/w4afAILearn/期末/-/verilog-eval/dataset_spec-to-rtl/Prob137_fsm_serial_test.sv:45: $finish called at 4526 (1ps)
Hint: Output 'done' has 64 mismatches. First mismatch occurred at time 110.
Hint: Total mismatched samples is 64 out of 905 samples

Simulation finished at 4526 ps
Mismatches: 64 in 905 samples

[attempt 1] → get_debug_hints(error_type='R')
[attempt 1] ← get_debug_hints: Runtime mismatch 常見原因（請逐項對照自己的程式碼）：
1. Timing offset：FSM 有多餘狀態導致輸出慢一 cycle
2. 狀態轉移條件錯誤：if (w) 應為 if (~w) 或反之
3. 組合邏輯錯誤：output 賦值條件遺漏或邏輯反向
4. Reset 初始值不符：state / counter 初始值與規格不符
5. 計數器邊界：off-by-one（計數

[attempt 2] → compile_and_test
module TopModule (
    input clk,
    input reset,
    input in,
    output logic done
);
[attempt 2] ← compile_and_test: R  mismatches=47
VCD info: dumpfile wave.vcd opened for output.
/mnt/d/school/w4afAILearn/期末/-/verilog-eval/dataset_spec-to-rtl/Prob137_fsm_serial_test.sv:45: $finish called at 4526 (1ps)
Hint: Output 'done' has 47 mismatches. First mismatch occurred at time 110.
Hint: Total mismatched samples is 47 out of 905 samples

Simulation finished at 4526 ps
Mismatches: 47 in 905 samples

[attempt 3] → compile_and_test
module TopModule (
    input clk,
    input reset,
    input in,
    output logic done
);
[attempt 3] ← compile_and_test: R  mismatches=47
VCD info: dumpfile wave.vcd opened for output.
/mnt/d/school/w4afAILearn/期末/-/verilog-eval/dataset_spec-to-rtl/Prob137_fsm_serial_test.sv:45: $finish called at 4526 (1ps)
Hint: Output 'done' has 47 mismatches. First mismatch occurred at time 110.
Hint: Total mismatched samples is 47 out of 905 samples

Simulation finished at 4526 ps
Mismatches: 47 in 905 samples

[attempt 4] → compile_and_test
module TopModule (
    input clk,
    input reset,
    input in,
    output logic done
);
[attempt 4] ← compile_and_test: R  mismatches=47
VCD info: dumpfile wave.vcd opened for output.
/mnt/d/school/w4afAILearn/期末/-/verilog-eval/dataset_spec-to-rtl/Prob137_fsm_serial_test.sv:45: $finish called at 4526 (1ps)
Hint: Output 'done' has 47 mismatches. First mismatch occurred at time 110.
Hint: Total mismatched samples is 47 out of 905 samples

Simulation finished at 4526 ps
Mismatches: 47 in 905 samples

[attempt 5] → compile_and_test
module TopModule (
    input clk,
    input reset,
    input in,
    output logic done
);
[attempt 5] ← compile_and_test: R  mismatches=47
VCD info: dumpfile wave.vcd opened for output.
/mnt/d/school/w4afAILearn/期末/-/verilog-eval/dataset_spec-to-rtl/Prob137_fsm_serial_test.sv:45: $finish called at 4526 (1ps)
Hint: Output 'done' has 47 mismatches. First mismatch occurred at time 110.
Hint: Total mismatched samples is 47 out of 905 samples

Simulation finished at 4526 ps
Mismatches: 47 in 905 samples