
[attempt 1] → compile_and_test
module TopModule (
    input [3:0] x,
    output f
);
    // K-map layout:
    // x = {x[2], x[3], x[0], x[1]}
[attempt 1] ← compile_and_test: w
/tmp/tmpc3hm3yzn.sv:26: error: f is not a valid l-value in tb.top_module1.
/tmp/tmpc3hm3yzn.sv:3:      : f is declared here as wire.
/tmp/tmpc3hm3yzn.sv:27: error: f is not a valid l-value in tb.top_module1.
/tmp/tmpc3hm3yzn.sv:3:      : f is declared here as wire.
/tmp/tmpc3hm3yzn.sv:28: error: f is not a valid l-value in tb.top_module1.
/tmp/tmpc3hm3yzn.sv:3:      : f is declared here as wire.
/tmp/tmpc3hm3yzn.sv:29: error: f is not a valid l-value in tb.top_module1.
/tmp/tmpc3hm3yzn.sv:3:      : f is declared here as wire.
/tmp/tmpc3hm3yzn.sv:30: error: f is not a valid l-value in tb.top_module1.
/tmp/tmpc3hm3yzn.sv:3:      : f is declared here as wire.
/tmp/tmpc3hm3yzn.sv:31: error: f is not a valid l-value in tb.top_module1.
/tmp/tmpc3hm3yzn.sv:3:      : f is declared here as wire.
/tmp/tmpc3hm3yzn.sv:32: error: f is not a valid l-value in tb.top_module1.
/tmp/tmpc3hm3yzn.sv:3:      : f is declared here as wire.
/tmp/tmpc3hm3yzn.sv:33: error: f is not a valid l-value in tb.top_mod

[attempt 2] → compile_and_test
module TopModule (
    input [3:0] x,
    output logic f
);
    // K-map layout:
    // Rows (x2x3): 00, 01, 11, 10
[attempt 2] ← compile_and_test: R  mismatches=67
VCD info: dumpfile wave.vcd opened for output.
/mnt/d/school/w4afAILearn/期末/-/verilog-eval/dataset_spec-to-rtl/Prob113_2012_q1g_test.sv:16: $finish called at 501 (1ps)
Hint: Output 'f' has 67 mismatches. First mismatch occurred at time 10.
Hint: Total mismatched samples is 67 out of 100 samples

Simulation finished at 501 ps
Mismatches: 67 in 100 samples

[attempt 3] → compile_and_test
module TopModule (
    input [3:0] x,
    output logic f
);
    // x[2]x[3]  x[0]x[1]
    //           00  01  11  10
[attempt 3] ← compile_and_test: R  mismatches=67
VCD info: dumpfile wave.vcd opened for output.
/mnt/d/school/w4afAILearn/期末/-/verilog-eval/dataset_spec-to-rtl/Prob113_2012_q1g_test.sv:16: $finish called at 501 (1ps)
Hint: Output 'f' has 67 mismatches. First mismatch occurred at time 10.
Hint: Total mismatched samples is 67 out of 100 samples

Simulation finished at 501 ps
Mismatches: 67 in 100 samples

[attempt 4] → compile_and_test
module TopModule (
    input [3:0] x,
    output logic f
);
    // K-map:
    //      x[0]x[1]
[attempt 4] ← compile_and_test: R  mismatches=67
VCD info: dumpfile wave.vcd opened for output.
/mnt/d/school/w4afAILearn/期末/-/verilog-eval/dataset_spec-to-rtl/Prob113_2012_q1g_test.sv:16: $finish called at 501 (1ps)
Hint: Output 'f' has 67 mismatches. First mismatch occurred at time 10.
Hint: Total mismatched samples is 67 out of 100 samples

Simulation finished at 501 ps
Mismatches: 67 in 100 samples

[attempt 5] → compile_and_test
module TopModule (
    input [3:0] x,
    output logic f
);
    // Let's re-interpret: "x[0]x[1]" on top, "x[2]x[3]" on side.
    // The columns are 00, 01, 11, 10.
[attempt 5] ← compile_and_test: .

[attempt 5] → synthesize (auto, last attempt)
[attempt 5] ← synthesize: Y