
[attempt 1] → compile_and_test
module TopModule(
    input clk,
    input reset,
    output logic [31:0] q
);

[attempt 1] ← compile_and_test: R  mismatches=199953
VCD info: dumpfile wave.vcd opened for output.
TIMEOUT
/mnt/d/school/w4afAILearn/期末/-/verilog-eval/dataset_spec-to-rtl/Prob082_lfsr32_test.sv:114: $finish called at 1000000 (1ps)
Hint: Output 'q' has 199953 mismatches. First mismatch occurred at time 190.
Hint: Total mismatched samples is 199953 out of 200000 samples

Simulation finished at 1000000 ps
Mismatches: 199953 in 200000 samples

[attempt 2] → compile_and_test
module TopModule(
    input clk,
    input reset,
    output logic [31:0] q
);

[attempt 2] ← compile_and_test: .

[attempt 2] → synthesize
[attempt 2] ← synthesize: Y