
[attempt 1] → compile_and_test
module TopModule (
    input  [7:0] a,
    input  [7:0] b,
    input  [7:0] c,
    input  [7:0] d,
    output [7:0] min
[attempt 1] ← compile_and_test: w
/tmp/tmp1prlgmhk.sv:17: error: min is not a valid l-value in tb.top_module1.
/tmp/tmp1prlgmhk.sv:6:      : min is declared here as wire.
/tmp/tmp1prlgmhk.sv:19: error: min is not a valid l-value in tb.top_module1.
/tmp/tmp1prlgmhk.sv:6:      : min is declared here as wire.
2 error(s) during elaboration.

[attempt 2] → compile_and_test
module TopModule (
    input  logic [7:0] a,
    input  logic [7:0] b,
    input  logic [7:0] c,
    input  logic [7:0] d,
    output logic [7:0] min
[attempt 2] ← compile_and_test: .

[attempt 2] → synthesize
[attempt 2] ← synthesize: Y