
[attempt 0] → decompose_spec
[attempt 0] ← decompose_spec:
根據您的需求，將設計任務分解為以下 5 個具體且可執行的子目標：

1. 定義 `TopModule` 的模組介面，包含 `clk`、`L`、`q_in`、`r_in` 作為輸入，以及 `Q` 作為輸出。
2. 在 `TopModule` 內實作一個正緣觸發（posedge clk）的暫存器邏輯，依據 `L` 訊號選擇更新 `Q` 的值。
3. 根據題目邏輯編寫 `TopModule` 的選擇器（MUX）行為：當 `L` 為高電位時 `Q` 取 `r_in`，否則取 `q_in`。
4. 實作 `full_module` 頂層模組，並例化（instantiate）三個 `TopModule` 作為 `q[0]`、`q[1]` 與 `q[2]` 的位元單元。
5. 在 `full_module` 中配置組合邏輯以導出正確的 `q_in` 訊號，即：`q[0]_next = q[1] ^ q[2]`、`q[1]_next = q[0]`、`q[2]_next = q[2]`。

[attempt 1] → compile_and_test
module TopModule (
    input clk,
    input L,
    input q_in,
    input r_in,
    output logic Q
[attempt 1] ← compile_and_test: R  mismatches=1
VCD info: dumpfile wave.vcd opened for output.
/mnt/d/school/w4afAILearn/期末/-/verilog-eval/dataset_spec-to-rtl/Prob104_mt2015_muxdff_test.sv:21: $finish called at 996 (1ps)
Hint: Output 'Q' has 1 mismatches. First mismatch occurred at time 5.
Hint: Total mismatched samples is 1 out of 199 samples

Simulation finished at 996 ps
Mismatches: 1 in 199 samples

[attempt 2] → compile_and_test
module TopModule (
    input clk,
    input L,
    input q_in,
    input r_in,
    output logic Q
[attempt 2] ← compile_and_test: R  mismatches=1
VCD info: dumpfile wave.vcd opened for output.
/mnt/d/school/w4afAILearn/期末/-/verilog-eval/dataset_spec-to-rtl/Prob104_mt2015_muxdff_test.sv:21: $finish called at 996 (1ps)
Hint: Output 'Q' has 1 mismatches. First mismatch occurred at time 5.
Hint: Total mismatched samples is 1 out of 199 samples

Simulation finished at 996 ps
Mismatches: 1 in 199 samples

[attempt 3] → compile_and_test
module TopModule (
    input clk,
    input L,
    input q_in,
    input r_in,
    output logic Q
[attempt 3] ← compile_and_test: R  mismatches=1
VCD info: dumpfile wave.vcd opened for output.
/mnt/d/school/w4afAILearn/期末/-/verilog-eval/dataset_spec-to-rtl/Prob104_mt2015_muxdff_test.sv:21: $finish called at 996 (1ps)
Hint: Output 'Q' has 1 mismatches. First mismatch occurred at time 5.
Hint: Total mismatched samples is 1 out of 199 samples

Simulation finished at 996 ps
Mismatches: 1 in 199 samples

[attempt 4] → compile_and_test
module TopModule (
    input clk,
    input L,
    input q_in,
    input r_in,
    output logic Q
[attempt 4] ← compile_and_test: R  mismatches=1
VCD info: dumpfile wave.vcd opened for output.
/mnt/d/school/w4afAILearn/期末/-/verilog-eval/dataset_spec-to-rtl/Prob104_mt2015_muxdff_test.sv:21: $finish called at 996 (1ps)
Hint: Output 'Q' has 1 mismatches. First mismatch occurred at time 5.
Hint: Total mismatched samples is 1 out of 199 samples

Simulation finished at 996 ps
Mismatches: 1 in 199 samples

[attempt 5] → compile_and_test
module TopModule (
    input clk,
    input L,
    input q_in,
    input r_in,
    output logic Q
[attempt 5] ← compile_and_test: R  mismatches=1
VCD info: dumpfile wave.vcd opened for output.
/mnt/d/school/w4afAILearn/期末/-/verilog-eval/dataset_spec-to-rtl/Prob104_mt2015_muxdff_test.sv:21: $finish called at 996 (1ps)
Hint: Output 'Q' has 1 mismatches. First mismatch occurred at time 5.
Hint: Total mismatched samples is 1 out of 199 samples

Simulation finished at 996 ps
Mismatches: 1 in 199 samples