
[attempt 1] → compile_and_test
module TopModule (
    input  a,
    input  b,
    output out_assign,
    output out_alwaysblock
);
[attempt 1] ← compile_and_test: w
/tmp/tmp8tairod2.sv:11: error: out_alwaysblock is not a valid l-value in tb.top_module1.
/tmp/tmp8tairod2.sv:5:      : out_alwaysblock is declared here as wire.
1 error(s) during elaboration.

[attempt 2] → compile_and_test
module TopModule (
    input  a,
    input  b,
    output out_assign,
    output logic out_alwaysblock
);
[attempt 2] ← compile_and_test: .

[attempt 2] → synthesize
[attempt 2] ← synthesize: Y