
[attempt 1] → compile_and_test
module TopModule (
    input logic [4:0] a,
    input logic [4:0] b,
    input logic [4:0] c,
    input logic [4:0] d,
    input logic [4:0] e,
[attempt 1] ← compile_and_test: R  mismatches=1
VCD info: dumpfile wave.vcd opened for output.
/mnt/d/school/w4afAILearn/期末/-/verilog-eval/dataset_spec-to-rtl/Prob064_vector3_test.sv:44: $finish called at 630 (1ps)
Hint: Output 'w' has no mismatches.
Hint: Output 'x' has no mismatches.
Hint: Output 'y' has no mismatches.
Hint: Output 'z' has 1 mismatches. First mismatch occurred at time 5.
Hint: Total mismatched samples is 1 out of 126 samples

Simulation finished at 630 ps
Mismatches: 1 in 126 samples

[attempt 1] → get_debug_hints(error_type='R')
[attempt 1] ← get_debug_hints: Runtime mismatch 常見原因（請逐項對照自己的程式碼）：
1. Timing offset：FSM 有多餘狀態導致輸出慢一 cycle
2. 狀態轉移條件錯誤：if (w) 應為 if (~w) 或反之
3. 組合邏輯錯誤：output 賦值條件遺漏或邏輯反向
4. Reset 初始值不符：state / counter 初始值與規格不符
5. 計數器邊界：off-by-one（計數

[attempt 2] → compile_and_test
module TopModule (
    input logic [4:0] a,
    input logic [4:0] b,
    input logic [4:0] c,
    input logic [4:0] d,
    input logic [4:0] e,
[attempt 2] ← compile_and_test: R  mismatches=1
VCD info: dumpfile wave.vcd opened for output.
/mnt/d/school/w4afAILearn/期末/-/verilog-eval/dataset_spec-to-rtl/Prob064_vector3_test.sv:44: $finish called at 630 (1ps)
Hint: Output 'w' has no mismatches.
Hint: Output 'x' has no mismatches.
Hint: Output 'y' has no mismatches.
Hint: Output 'z' has 1 mismatches. First mismatch occurred at time 5.
Hint: Total mismatched samples is 1 out of 126 samples

Simulation finished at 630 ps
Mismatches: 1 in 126 samples

[attempt 3] → compile_and_test
module TopModule (
    input logic [4:0] a,
    input logic [4:0] b,
    input logic [4:0] c,
    input logic [4:0] d,
    input logic [4:0] e,
[attempt 3] ← compile_and_test: R  mismatches=1
VCD info: dumpfile wave.vcd opened for output.
/mnt/d/school/w4afAILearn/期末/-/verilog-eval/dataset_spec-to-rtl/Prob064_vector3_test.sv:44: $finish called at 630 (1ps)
Hint: Output 'w' has no mismatches.
Hint: Output 'x' has no mismatches.
Hint: Output 'y' has no mismatches.
Hint: Output 'z' has 1 mismatches. First mismatch occurred at time 5.
Hint: Total mismatched samples is 1 out of 126 samples

Simulation finished at 630 ps
Mismatches: 1 in 126 samples

[attempt 4] → compile_and_test
module TopModule (
    input logic [4:0] a,
    input logic [4:0] b,
    input logic [4:0] c,
    input logic [4:0] d,
    input logic [4:0] e,
[attempt 4] ← compile_and_test: R  mismatches=126
VCD info: dumpfile wave.vcd opened for output.
/mnt/d/school/w4afAILearn/期末/-/verilog-eval/dataset_spec-to-rtl/Prob064_vector3_test.sv:44: $finish called at 630 (1ps)
Hint: Output 'w' has 125 mismatches. First mismatch occurred at time 10.
Hint: Output 'x' has 111 mismatches. First mismatch occurred at time 80.
Hint: Output 'y' has 111 mismatches. First mismatch occurred at time 80.
Hint: Output 'z' has 126 mismatches. First mismatch occurred at time 5.
Hint: Total mismatched samples is 126 out of 126 samples

Simulation finished at 630 ps
Mismatches: 126 in 126 samples

[attempt 5] → compile_and_test
module TopModule (
    input logic [4:0] a,
    input logic [4:0] b,
    input logic [4:0] c,
    input logic [4:0] d,
    input logic [4:0] e,
[attempt 5] ← compile_and_test: R  mismatches=1
VCD info: dumpfile wave.vcd opened for output.
/mnt/d/school/w4afAILearn/期末/-/verilog-eval/dataset_spec-to-rtl/Prob064_vector3_test.sv:44: $finish called at 630 (1ps)
Hint: Output 'w' has no mismatches.
Hint: Output 'x' has no mismatches.
Hint: Output 'y' has no mismatches.
Hint: Output 'z' has 1 mismatches. First mismatch occurred at time 5.
Hint: Total mismatched samples is 1 out of 126 samples

Simulation finished at 630 ps
Mismatches: 1 in 126 samples