
[attempt 1] → compile_and_test
module TopModule (
    output logic one
);

    always @(*) begin
        one = 1'b1;
[attempt 1] ← compile_and_test: R  mismatches=20
VCD info: dumpfile wave.vcd opened for output.
/mnt/d/school/w4afAILearn/期末/-/verilog-eval/dataset_spec-to-rtl/Prob003_step_one_test.sv:30: $finish called at 102 (1ps)
Hint: Output 'one' has 20 mismatches. First mismatch occurred at time 5.
Hint: Total mismatched samples is 20 out of 20 samples

Simulation finished at 102 ps
Mismatches: 20 in 20 samples

[attempt 1] → get_debug_hints(error_type='e')
[attempt 1] ← get_debug_hints: Explicit cast 錯誤常見原因（iverilog 要求明確型別轉換）：
1. 把整數常數賦值給 enum 變數（改用 enum 成員名稱，如 state <= IDLE 而非 state <= 2'd0）
2. 三元運算符兩側混用 enum 和整數（兩側都必須是同一 enum 的成員）
3. 對 enum 變數做算術（如 cnt <= cnt + 1）（改用 logic [N:0] 型態

[attempt 2] → compile_and_test
module TopModule (
    output logic one
);

    assign one = 1'b1;

[attempt 2] ← compile_and_test: .

[attempt 2] → synthesize
[attempt 2] ← synthesize: Y