
[attempt 1] → compile_and_test
module TopModule (
    input clk,
    input reset,
    input in,
    output done
);
[attempt 1] ← compile_and_test: R  mismatches=64
VCD info: dumpfile wave.vcd opened for output.
/mnt/d/school/w4afAILearn/期末/-/verilog-eval/dataset_spec-to-rtl/Prob137_fsm_serial_test.sv:45: $finish called at 4526 (1ps)
Hint: Output 'done' has 64 mismatches. First mismatch occurred at time 110.
Hint: Total mismatched samples is 64 out of 905 samples

Simulation finished at 4526 ps
Mismatches: 64 in 905 samples

[attempt 1] → get_debug_hints(error_type='R')
[attempt 1] ← get_debug_hints: Runtime mismatch 常見原因（請逐項對照自己的程式碼）：
1. Timing offset：FSM 有多餘狀態導致輸出慢一 cycle
2. 狀態轉移條件錯誤：if (w) 應為 if (~w) 或反之
3. 組合邏輯錯誤：output 賦值條件遺漏或邏輯反向
4. Reset 初始值不符：state / counter 初始值與規格不符
5. 計數器邊界：off-by-one（計數

[attempt 2] → compile_and_test
module TopModule (
    input clk,
    input reset,
    input in,
    output done
);
[attempt 2] ← compile_and_test: R  mismatches=64
VCD info: dumpfile wave.vcd opened for output.
/mnt/d/school/w4afAILearn/期末/-/verilog-eval/dataset_spec-to-rtl/Prob137_fsm_serial_test.sv:45: $finish called at 4526 (1ps)
Hint: Output 'done' has 64 mismatches. First mismatch occurred at time 110.
Hint: Total mismatched samples is 64 out of 905 samples

Simulation finished at 4526 ps
Mismatches: 64 in 905 samples

[attempt 3] → compile_and_test
module TopModule (
    input clk,
    input reset,
    input in,
    output done
);
[attempt 3] ← compile_and_test: R  mismatches=64
VCD info: dumpfile wave.vcd opened for output.
/mnt/d/school/w4afAILearn/期末/-/verilog-eval/dataset_spec-to-rtl/Prob137_fsm_serial_test.sv:45: $finish called at 4526 (1ps)
Hint: Output 'done' has 64 mismatches. First mismatch occurred at time 110.
Hint: Total mismatched samples is 64 out of 905 samples

Simulation finished at 4526 ps
Mismatches: 64 in 905 samples

[attempt 4] → compile_and_test
module TopModule (
    input clk,
    input reset,
    input in,
    output done
);
[attempt 4] ← compile_and_test: R  mismatches=47
VCD info: dumpfile wave.vcd opened for output.
/mnt/d/school/w4afAILearn/期末/-/verilog-eval/dataset_spec-to-rtl/Prob137_fsm_serial_test.sv:45: $finish called at 4526 (1ps)
Hint: Output 'done' has 47 mismatches. First mismatch occurred at time 110.
Hint: Total mismatched samples is 47 out of 905 samples

Simulation finished at 4526 ps
Mismatches: 47 in 905 samples

[attempt 5] → compile_and_test
module TopModule (
    input clk,
    input reset,
    input in,
    output done
);
[attempt 5] ← compile_and_test: p
/tmp/tmpjom0yft9.sv:49: error: Unable to bind wire/reg/memory `WAIT' in `tb.top_module1'
/tmp/tmpjom0yft9.sv:50: error: Unable to bind wire/reg/memory `WAIT' in `tb.top_module1'
/tmp/tmpjom0yft9.sv:50: error: Unable to bind wire/reg/memory `WAIT' in `tb.top_module1'
3 error(s) during elaboration.