
[attempt 1] → compile_and_test
module TopModule (
    input a,
    input b,
    input c,
    input d,
    output out
[attempt 1] ← compile_and_test: R  mismatches=53
VCD info: dumpfile wave.vcd opened for output.
/mnt/d/school/w4afAILearn/期末/-/verilog-eval/dataset_spec-to-rtl/Prob057_kmap2_test.sv:38: $finish called at 1161 (1ps)
Hint: Output 'out' has 53 mismatches. First mismatch occurred at time 70.
Hint: Total mismatched samples is 53 out of 232 samples

Simulation finished at 1161 ps
Mismatches: 53 in 232 samples

[attempt 2] → compile_and_test
module TopModule (
    input a,
    input b,
    input c,
    input d,
    output out
[attempt 2] ← compile_and_test: R  mismatches=12
VCD info: dumpfile wave.vcd opened for output.
/mnt/d/school/w4afAILearn/期末/-/verilog-eval/dataset_spec-to-rtl/Prob057_kmap2_test.sv:38: $finish called at 1161 (1ps)
Hint: Output 'out' has 12 mismatches. First mismatch occurred at time 150.
Hint: Total mismatched samples is 12 out of 232 samples

Simulation finished at 1161 ps
Mismatches: 12 in 232 samples

[attempt 3] → compile_and_test
module TopModule (
    input a,
    input b,
    input c,
    input d,
    output out
[attempt 3] ← compile_and_test: R  mismatches=57
VCD info: dumpfile wave.vcd opened for output.
/mnt/d/school/w4afAILearn/期末/-/verilog-eval/dataset_spec-to-rtl/Prob057_kmap2_test.sv:38: $finish called at 1161 (1ps)
Hint: Output 'out' has 57 mismatches. First mismatch occurred at time 30.
Hint: Total mismatched samples is 57 out of 232 samples

Simulation finished at 1161 ps
Mismatches: 57 in 232 samples

[attempt 4] → compile_and_test
module TopModule (
    input a,
    input b,
    input c,
    input d,
    output out
[attempt 4] ← compile_and_test: .

[attempt 4] → synthesize
[attempt 4] ← synthesize: Y