
[attempt 1] → compile_and_test
module TopModule (
    input clk,
    input a,
    output logic [2:0] q
);
    logic [2:0] state;
[attempt 1] ← compile_and_test: R  mismatches=160
VCD info: dumpfile wave.vcd opened for output.
/mnt/d/school/w4afAILearn/期末/-/verilog-eval/dataset_spec-to-rtl/Prob117_circuit9_test.sv:42: $finish called at 1225 (1ps)
Hint: Output 'q' has 160 mismatches. First mismatch occurred at time 90.
Hint: Total mismatched samples is 160 out of 245 samples

Simulation finished at 1225 ps
Mismatches: 160 in 245 samples

[attempt 1] → get_debug_hints(error_type='R')
[attempt 1] ← get_debug_hints: Runtime mismatch 常見原因（請逐項對照自己的程式碼）：
1. Timing offset：FSM 有多餘狀態導致輸出慢一 cycle
2. 狀態轉移條件錯誤：if (w) 應為 if (~w) 或反之
3. 組合邏輯錯誤：output 賦值條件遺漏或邏輯反向
4. Reset 初始值不符：state / counter 初始值與規格不符
5. 計數器邊界：off-by-one（計數

[attempt 2] → compile_and_test
module TopModule (
    input clk,
    input a,
    output logic [2:0] q
);
    logic [2:0] state;
[attempt 2] ← compile_and_test: R  mismatches=156
VCD info: dumpfile wave.vcd opened for output.
/mnt/d/school/w4afAILearn/期末/-/verilog-eval/dataset_spec-to-rtl/Prob117_circuit9_test.sv:42: $finish called at 1225 (1ps)
Hint: Output 'q' has 156 mismatches. First mismatch occurred at time 100.
Hint: Total mismatched samples is 156 out of 245 samples

Simulation finished at 1225 ps
Mismatches: 156 in 245 samples

[attempt 3] → compile_and_test
module TopModule (
    input clk,
    input a,
    output logic [2:0] q
);
    logic [2:0] state;
[attempt 3] ← compile_and_test: C
/tmp/tmpxqzvjgl7.sv:20: error: System function $past not defined in system table or SFT file(s).
/tmp/tmpxqzvjgl7.sv:20: internal error: Failed to synthesize expression: ((((state[2:0])==(3'd0))&&(!(a)))&&(($past(state[2:0]))==(32'b00000000000000000000000000000000))) ? (3'd0) : (state[2:0])
2 error(s) during elaboration.

[attempt 4] → compile_and_test
module TopModule (
    input clk,
    input a,
    output logic [2:0] q
);
    logic [2:0] state;
[attempt 4] ← compile_and_test: R  mismatches=192
VCD info: dumpfile wave.vcd opened for output.
/mnt/d/school/w4afAILearn/期末/-/verilog-eval/dataset_spec-to-rtl/Prob117_circuit9_test.sv:42: $finish called at 1225 (1ps)
Hint: Output 'q' has 192 mismatches. First mismatch occurred at time 80.
Hint: Total mismatched samples is 192 out of 245 samples

Simulation finished at 1225 ps
Mismatches: 192 in 245 samples

[attempt 5] → compile_and_test
module TopModule (
    input clk,
    input a,
    output logic [2:0] q
);
    logic [2:0] state;
[attempt 5] ← compile_and_test: R  mismatches=162
VCD info: dumpfile wave.vcd opened for output.
/mnt/d/school/w4afAILearn/期末/-/verilog-eval/dataset_spec-to-rtl/Prob117_circuit9_test.sv:42: $finish called at 1225 (1ps)
Hint: Output 'q' has 162 mismatches. First mismatch occurred at time 110.
Hint: Total mismatched samples is 162 out of 245 samples

Simulation finished at 1225 ps
Mismatches: 162 in 245 samples