
[attempt 1] → compile_and_test
module TopModule(
    input clock,
    input a,
    output p,
    output q
);
[attempt 1] ← compile_and_test: R  mismatches=186
VCD info: dumpfile wave.vcd opened for output.
/mnt/d/school/w4afAILearn/期末/-/verilog-eval/dataset_spec-to-rtl/Prob145_circuit8_test.sv:45: $finish called at 1200 (1ps)
Hint: Output 'p' has 112 mismatches. First mismatch occurred at time 90.
Hint: Output 'q' has 127 mismatches. First mismatch occurred at time 60.
Hint: Total mismatched samples is 186 out of 240 samples

Simulation finished at 1200 ps
Mismatches: 186 in 240 samples

[attempt 1] → get_debug_hints(error_type='R')
[attempt 1] ← get_debug_hints: Runtime mismatch 常見原因（請逐項對照自己的程式碼）：
1. Timing offset：FSM 有多餘狀態導致輸出慢一 cycle
2. 狀態轉移條件錯誤：if (w) 應為 if (~w) 或反之
3. 組合邏輯錯誤：output 賦值條件遺漏或邏輯反向
4. Reset 初始值不符：state / counter 初始值與規格不符
5. 計數器邊界：off-by-one（計數

[attempt 2] → compile_and_test
module TopModule(
    input clock,
    input a,
    output p,
    output q
);
[attempt 2] ← compile_and_test: R  mismatches=138
VCD info: dumpfile wave.vcd opened for output.
/mnt/d/school/w4afAILearn/期末/-/verilog-eval/dataset_spec-to-rtl/Prob145_circuit8_test.sv:45: $finish called at 1200 (1ps)
Hint: Output 'p' has 112 mismatches. First mismatch occurred at time 90.
Hint: Output 'q' has 109 mismatches. First mismatch occurred at time 240.
Hint: Total mismatched samples is 138 out of 240 samples

Simulation finished at 1200 ps
Mismatches: 138 in 240 samples

[attempt 3] → compile_and_test
module TopModule(
    input clock,
    input a,
    output p,
    output q
);
[attempt 3] ← compile_and_test: R  mismatches=109
VCD info: dumpfile wave.vcd opened for output.
/mnt/d/school/w4afAILearn/期末/-/verilog-eval/dataset_spec-to-rtl/Prob145_circuit8_test.sv:45: $finish called at 1200 (1ps)
Hint: Output 'p' has 55 mismatches. First mismatch occurred at time 240.
Hint: Output 'q' has 109 mismatches. First mismatch occurred at time 240.
Hint: Total mismatched samples is 109 out of 240 samples

Simulation finished at 1200 ps
Mismatches: 109 in 240 samples

[attempt 3] → decompose_spec
[attempt 3] ← decompose_spec:
根據您提供的時序表，將其轉換為 Verilog 電路的實作步驟建議如下：

1. 根據時序表分析輸入 (a, clock) 與輸出 (p, q) 的邏輯關係，歸納出狀態轉移表或布林邏輯表達式。
2. 使用 `always @(posedge clock)` 語法編寫主邏輯，定義暫存器以儲存狀態或輸出的當前值。
3. 根據轉移邏輯編寫組合電路區塊（Assign 或 Always block），處理輸入變化對輸出造成的即時影響。
4. 編寫 Testbench 測試腳本，按照題目規定的時間點（25ns, 70ns, 85ns...）注入訊號以驗證輸出是否符合預期。
5. 使用模擬器（如 Vivado, ModelSim 或 Icarus Verilog）執行波形驗證，並修正邏輯以確保對應時間點的數值正確。

[attempt 4] → compile_and_test
module TopModule(
    input clock,
    input a,
    output p,
    output q
);
[attempt 4] ← compile_and_test: R  mismatches=109
VCD info: dumpfile wave.vcd opened for output.
/mnt/d/school/w4afAILearn/期末/-/verilog-eval/dataset_spec-to-rtl/Prob145_circuit8_test.sv:45: $finish called at 1200 (1ps)
Hint: Output 'p' has 55 mismatches. First mismatch occurred at time 240.
Hint: Output 'q' has 109 mismatches. First mismatch occurred at time 240.
Hint: Total mismatched samples is 109 out of 240 samples

Simulation finished at 1200 ps
Mismatches: 109 in 240 samples

[attempt 5] → compile_and_test
module TopModule(
    input clock,
    input a,
    output p,
    output q
);
[attempt 5] ← compile_and_test: R  mismatches=91
VCD info: dumpfile wave.vcd opened for output.
/mnt/d/school/w4afAILearn/期末/-/verilog-eval/dataset_spec-to-rtl/Prob145_circuit8_test.sv:45: $finish called at 1200 (1ps)
Hint: Output 'p' has no mismatches.
Hint: Output 'q' has 91 mismatches. First mismatch occurred at time 60.
Hint: Total mismatched samples is 91 out of 240 samples

Simulation finished at 1200 ps
Mismatches: 91 in 240 samples