
[attempt 0] → decompose_spec
[attempt 0] ← decompose_spec:
為了有效完成此 Verilog 模組，建議將任務分解為以下 5 個具體步驟：

1. 設計一個狀態機 (FSM)，包含「等待起始位元」、「接收第 2 位元」與「接收第 3 位元」三個狀態。
2. 實作起始位元的偵測邏輯，確保在 `in[3] == 1` 時觸發狀態轉換並捕捉第一個 8-bit 位元。
3. 建立一個 24-bit 的暫存器，依序將連續的三個 8-bit 輸入資料移入（Shift）或寫入至對應的位置。
4. 在接收完第三個位元後的下一個時脈週期，將資料輸出至 `out_bytes` 並將 `done` 訊號拉高一個週期。
5. 加入同步高電位重置 (Reset) 邏輯，確保在重置發生時狀態機回到初始狀態且所有暫存器歸零。

[attempt 1] → compile_and_test
module TopModule (
    input clk,
    input reset,
    input [7:0] in,
    output logic [23:0] out_bytes,
    output logic done
[attempt 1] ← compile_and_test: R  mismatches=664
VCD info: dumpfile wave.vcd opened for output.
/mnt/d/school/w4afAILearn/期末/-/verilog-eval/dataset_spec-to-rtl/Prob154_fsm_ps2data_test.sv:31: $finish called at 8096 (1ps)
Hint: Output 'out_bytes' has 490 mismatches. First mismatch occurred at time 210.
Hint: Output 'done' has 490 mismatches. First mismatch occurred at time 240.
Hint: Total mismatched samples is 664 out of 1619 samples

Simulation finished at 8096 ps
Mismatches: 664 in 1619 samples

[attempt 1] → get_debug_hints(error_type='R')
[attempt 1] ← get_debug_hints: Runtime mismatch 常見原因（請逐項對照自己的程式碼）：
1. Timing offset：FSM 有多餘狀態導致輸出慢一 cycle
2. 狀態轉移條件錯誤：if (w) 應為 if (~w) 或反之
3. 組合邏輯錯誤：output 賦值條件遺漏或邏輯反向
4. Reset 初始值不符：state / counter 初始值與規格不符
5. 計數器邊界：off-by-one（計數

[attempt 2] → compile_and_test
module TopModule (
    input clk,
    input reset,
    input [7:0] in,
    output logic [23:0] out_bytes,
    output logic done
[attempt 2] ← compile_and_test: .

[attempt 2] → synthesize
[attempt 2] ← synthesize: Y