
[attempt 1] → compile_and_test
module TopModule (
    input logic [3:0] x,
    output logic f
);
    // K-map decoding:
    // x = [x[3], x[2], x[1], x[0]] based on the provided table:
[attempt 1] ← compile_and_test: R  mismatches=28
VCD info: dumpfile wave.vcd opened for output.
/mnt/d/school/w4afAILearn/期末/-/verilog-eval/dataset_spec-to-rtl/Prob116_m2014_q3_test.sv:16: $finish called at 501 (1ps)
Hint: Output 'f' has 28 mismatches. First mismatch occurred at time 10.
Hint: Total mismatched samples is 28 out of 100 samples

Simulation finished at 501 ps
Mismatches: 28 in 100 samples

[attempt 2] → compile_and_test
module TopModule (
    input logic [3:0] x,
    output logic f
);
    // Re-mapping input bits based on the K-map provided:
    // Row bits (high): x[3], x[2]
[attempt 2] ← compile_and_test: R  mismatches=33
VCD info: dumpfile wave.vcd opened for output.
/mnt/d/school/w4afAILearn/期末/-/verilog-eval/dataset_spec-to-rtl/Prob116_m2014_q3_test.sv:16: $finish called at 501 (1ps)
Hint: Output 'f' has 33 mismatches. First mismatch occurred at time 10.
Hint: Total mismatched samples is 33 out of 100 samples

Simulation finished at 501 ps
Mismatches: 33 in 100 samples

[attempt 3] → compile_and_test
module TopModule (
    input logic [3:0] x,
    output logic f
);
    // Based on standard K-map row/col ordering:
    // Rows: x[3] x[2]
[attempt 3] ← compile_and_test: R  mismatches=28
VCD info: dumpfile wave.vcd opened for output.
/mnt/d/school/w4afAILearn/期末/-/verilog-eval/dataset_spec-to-rtl/Prob116_m2014_q3_test.sv:16: $finish called at 501 (1ps)
Hint: Output 'f' has 28 mismatches. First mismatch occurred at time 10.
Hint: Total mismatched samples is 28 out of 100 samples

Simulation finished at 501 ps
Mismatches: 28 in 100 samples

[attempt 4] → compile_and_test
module TopModule (
    input logic [3:0] x,
    output logic f
);
    // The prompt says: 
    //   x[1]x[2] are columns
[attempt 4] ← compile_and_test: R  mismatches=28
VCD info: dumpfile wave.vcd opened for output.
/mnt/d/school/w4afAILearn/期末/-/verilog-eval/dataset_spec-to-rtl/Prob116_m2014_q3_test.sv:16: $finish called at 501 (1ps)
Hint: Output 'f' has 28 mismatches. First mismatch occurred at time 10.
Hint: Total mismatched samples is 28 out of 100 samples

Simulation finished at 501 ps
Mismatches: 28 in 100 samples

[attempt 5] → compile_and_test
module TopModule (
    input logic [3:0] x,
    output logic f
);
    // Maybe the mapping is different. 
    // "x[3]x[4] on the left and x[1]x[2] on top"
[attempt 5] ← compile_and_test: R  mismatches=23
VCD info: dumpfile wave.vcd opened for output.
/mnt/d/school/w4afAILearn/期末/-/verilog-eval/dataset_spec-to-rtl/Prob116_m2014_q3_test.sv:16: $finish called at 501 (1ps)
Hint: Output 'f' has 23 mismatches. First mismatch occurred at time 10.
Hint: Total mismatched samples is 23 out of 100 samples

Simulation finished at 501 ps
Mismatches: 23 in 100 samples