
[attempt 0] → decompose_spec
[attempt 0] ← decompose_spec:
根據您推導出的邏輯公式，以下是完成該 Verilog 電路的 4 個具體、可執行子目標：

1. 定義模組介面，包含時脈訊號 `clk`、輸入 `a` 與 `b`，以及輸出 `q` 與內部狀態 `state`。
2. 在 `always @(posedge clk)` 區塊中，使用 `state <= state ^ (a & b)` 更新內部暫存器狀態。
3. 使用連續賦值語句（assign）計算輸出 `assign q = state ^ a ^ b`。
4. 撰寫測試平台（Testbench）並根據題目提供的時序資料（Trace）驗證邏輯與狀態轉換是否正確。

[attempt 1] → compile_and_test
module TopModule(
    input clk,
    input a,
    input b,
    output logic q,
    output logic state
[attempt 1] ← compile_and_test: R  mismatches=229
VCD info: dumpfile wave.vcd opened for output.
/mnt/d/school/w4afAILearn/期末/-/verilog-eval/dataset_spec-to-rtl/Prob147_circuit10_test.sv:50: $finish called at 1160 (1ps)
Hint: Output 'q' has 229 mismatches. First mismatch occurred at time 20.
Hint: Output 'state' has 229 mismatches. First mismatch occurred at time 20.
Hint: Total mismatched samples is 229 out of 232 samples

Simulation finished at 1160 ps
Mismatches: 229 in 232 samples

[attempt 1] → get_debug_hints(error_type='R')
[attempt 1] ← get_debug_hints: Runtime mismatch 常見原因（請逐項對照自己的程式碼）：
1. Timing offset：FSM 有多餘狀態導致輸出慢一 cycle
2. 狀態轉移條件錯誤：if (w) 應為 if (~w) 或反之
3. 組合邏輯錯誤：output 賦值條件遺漏或邏輯反向
4. Reset 初始值不符：state / counter 初始值與規格不符
5. 計數器邊界：off-by-one（計數

[attempt 2] → compile_and_test
module TopModule(
    input clk,
    input a,
    input b,
    output logic q,
    output logic state
[attempt 2] ← compile_and_test: R  mismatches=229
VCD info: dumpfile wave.vcd opened for output.
/mnt/d/school/w4afAILearn/期末/-/verilog-eval/dataset_spec-to-rtl/Prob147_circuit10_test.sv:50: $finish called at 1160 (1ps)
Hint: Output 'q' has 229 mismatches. First mismatch occurred at time 20.
Hint: Output 'state' has 229 mismatches. First mismatch occurred at time 20.
Hint: Total mismatched samples is 229 out of 232 samples

Simulation finished at 1160 ps
Mismatches: 229 in 232 samples

[attempt 3] → compile_and_test
module TopModule(
    input clk,
    input a,
    input b,
    output logic q,
    output logic state
[attempt 3] ← compile_and_test: R  mismatches=229
VCD info: dumpfile wave.vcd opened for output.
/mnt/d/school/w4afAILearn/期末/-/verilog-eval/dataset_spec-to-rtl/Prob147_circuit10_test.sv:50: $finish called at 1160 (1ps)
Hint: Output 'q' has 229 mismatches. First mismatch occurred at time 20.
Hint: Output 'state' has 229 mismatches. First mismatch occurred at time 20.
Hint: Total mismatched samples is 229 out of 232 samples

Simulation finished at 1160 ps
Mismatches: 229 in 232 samples

[attempt 4] → compile_and_test
module TopModule(
    input clk,
    input a,
    input b,
    output logic q,
    output logic state
[attempt 4] ← compile_and_test: R  mismatches=229
VCD info: dumpfile wave.vcd opened for output.
/mnt/d/school/w4afAILearn/期末/-/verilog-eval/dataset_spec-to-rtl/Prob147_circuit10_test.sv:50: $finish called at 1160 (1ps)
Hint: Output 'q' has 229 mismatches. First mismatch occurred at time 20.
Hint: Output 'state' has 229 mismatches. First mismatch occurred at time 20.
Hint: Total mismatched samples is 229 out of 232 samples

Simulation finished at 1160 ps
Mismatches: 229 in 232 samples

[attempt 5] → compile_and_test
module TopModule(
    input clk,
    input a,
    input b,
    output logic q,
    output logic state
[attempt 5] ← compile_and_test: C
/tmp/tmpubyl7bmc.sv:118: error: Unresolved net/uwire q cannot have multiple drivers.
1 error(s) during elaboration.