
[attempt 0] → decompose_spec
[attempt 0] ← decompose_spec:
為了完成此 Moore FSM 設計，建議將任務分解為以下 5 個步驟：

1. 定義狀態機枚舉型別（`typedef enum`），包含 S0 至 S7_err 等 9 個狀態，並宣告 current_state 與 next_state 暫存器。
2. 編寫同步 Reset 與狀態轉移邏輯（Sequential logic），依據輸入 `in` 與當前狀態更新至 `next_state`，處理 0111111... 的累進與分支判斷。
3. 編寫輸出邏輯（Combinational logic），根據 Moore FSM 特性，僅依據 `current_state` 對 `disc`、`flag` 及 `err` 進行指派。
4. 處理特殊邊界條件，確保 S6_disc 與 S6_flag 在輸出結束後能正確跳轉回基礎狀態（如 S0 或 S1），並實作連續 1 錯誤觸發機制。
5. 編寫 Testbench 驗證波形，測試包含正常 Flag、Discard 序列、連續 7 個 1 以上的錯誤情況，以及 Reset 功能的正確性。

[attempt 1] → compile_and_test
module TopModule (
    input clk,
    input reset,
    input in,
    output logic disc,
    output logic flag,
[attempt 1] ← compile_and_test: e
/tmp/tmptgbfjprd.sv:33: error: This assignment requires an explicit cast.
/tmp/tmptgbfjprd.sv:34: error: This assignment requires an explicit cast.
/tmp/tmptgbfjprd.sv:35: error: This assignment requires an explicit cast.
/tmp/tmptgbfjprd.sv:36: error: This assignment requires an explicit cast.
/tmp/tmptgbfjprd.sv:37: error: This assignment requires an explicit cast.
/tmp/tmptgbfjprd.sv:38: error: This assignment requires an explicit cast.
/tmp/tmptgbfjprd.sv:39: error: This assignment requires an explicit cast.
/tmp/tmptgbfjprd.sv:40: error: This assignment requires an explicit cast.
/tmp/tmptgbfjprd.sv:41: error: This assignment requires an explicit cast.
9 error(s) during elaboration.

[attempt 2] → compile_and_test
module TopModule (
    input clk,
    input reset,
    input in,
    output logic disc,
    output logic flag,
[attempt 2] ← compile_and_test: e
/tmp/tmpzj7p8j9i.sv:25: error: This assignment requires an explicit cast.
/tmp/tmpzj7p8j9i.sv:26: error: This assignment requires an explicit cast.
/tmp/tmpzj7p8j9i.sv:27: error: This assignment requires an explicit cast.
/tmp/tmpzj7p8j9i.sv:28: error: This assignment requires an explicit cast.
/tmp/tmpzj7p8j9i.sv:29: error: This assignment requires an explicit cast.
/tmp/tmpzj7p8j9i.sv:30: error: This assignment requires an explicit cast.
/tmp/tmpzj7p8j9i.sv:31: error: This assignment requires an explicit cast.
/tmp/tmpzj7p8j9i.sv:32: error: This assignment requires an explicit cast.
/tmp/tmpzj7p8j9i.sv:33: error: This assignment requires an explicit cast.
9 error(s) during elaboration.

[attempt 3] → compile_and_test
module TopModule (
    input clk,
    input reset,
    input in,
    output logic disc,
    output logic flag,
[attempt 3] ← compile_and_test: R  mismatches=52
VCD info: dumpfile wave.vcd opened for output.
/mnt/d/school/w4afAILearn/期末/-/verilog-eval/dataset_spec-to-rtl/Prob140_fsm_hdlc_test.sv:20: $finish called at 4006 (1ps)
Hint: Output 'disc' has no mismatches.
Hint: Output 'flag' has 52 mismatches. First mismatch occurred at time 70.
Hint: Output 'err' has no mismatches.
Hint: Total mismatched samples is 52 out of 801 samples

Simulation finished at 4006 ps
Mismatches: 52 in 801 samples

[attempt 4] → compile_and_test
module TopModule (
    input clk,
    input reset,
    input in,
    output logic disc,
    output logic flag,
[attempt 4] ← compile_and_test: R  mismatches=52
VCD info: dumpfile wave.vcd opened for output.
/mnt/d/school/w4afAILearn/期末/-/verilog-eval/dataset_spec-to-rtl/Prob140_fsm_hdlc_test.sv:20: $finish called at 4006 (1ps)
Hint: Output 'disc' has no mismatches.
Hint: Output 'flag' has 52 mismatches. First mismatch occurred at time 70.
Hint: Output 'err' has no mismatches.
Hint: Total mismatched samples is 52 out of 801 samples

Simulation finished at 4006 ps
Mismatches: 52 in 801 samples

[attempt 5] → compile_and_test
module TopModule (
    input clk,
    input reset,
    input in,
    output logic disc,
    output logic flag,
[attempt 5] ← compile_and_test: .

[attempt 5] → synthesize (auto, last attempt)
[attempt 5] ← synthesize: Y