
[attempt 0] → decompose_spec
[attempt 0] ← decompose_spec:
這裡將該 Moore 狀態機設計分解為 5 個具體執行步驟：

1. 定義狀態參數與內部暫存器：使用 `parameter` 定義 10 個 One-hot 狀態編碼，並宣告一個 10-bit 的 `state` 與 `next_state` 暫存器。
2. 實作組合邏輯轉態區塊（Next State Logic）：根據輸入 `d`、`done_counting`、`ack` 與當前狀態，使用 `case` 陳述式規劃完整的狀態跳轉邏輯。
3. 實作時序邏輯區塊（State Register）：撰寫 `always @(posedge clk or posedge reset)`，將 `next_state` 更新至 `state`，並處理 Reset 機制（重置為 S 狀態）。
4. 實作輸出邏輯與指定埠位：根據當前狀態（Current State）對 `shift_ena`、`counting`、`done` 進行賦值，並根據邏輯需求實作各狀態輸出埠（如 `B3_next` 等）。
5. 驗證輸出埠連接：確保所有輸出的邏輯與狀態機行為對齊，並針對 `B0` 至 `B3` 狀態下的 `shift_ena` 及 `Count` 狀態下的 `counting` 進行編碼檢查。

[attempt 1] → compile_and_test
module TopModule (
    input d,
    input done_counting,
    input ack,
    input [9:0] state,
    output B3_next,
[attempt 1] ← compile_and_test: R  mismatches=1
VCD info: dumpfile wave.vcd opened for output.
/mnt/d/school/w4afAILearn/期末/-/verilog-eval/dataset_spec-to-rtl/Prob150_review2015_fsmonehot_test.sv:22: $finish called at 1501 (1ps)
Hint: Output 'B3_next' has no mismatches.
Hint: Output 'S_next' has 1 mismatches. First mismatch occurred at time 5.
Hint: Output 'S1_next' has no mismatches.
Hint: Output 'Count_next' has no mismatches.
Hint: Output 'Wait_next' has no mismatches.
Hint: Output 'done' has no mismatches.
Hint: Output 'counting' has no mismatches.
Hint: Output 'shift_ena' has no mismatches.
Hint: Total mismatched samples is 1 out of 300 samples

Simulation finished at 1501 ps
Mismatches: 1 in 300 samples

[attempt 2] → compile_and_test
module TopModule (
    input d,
    input done_counting,
    input ack,
    input [9:0] state,
    output B3_next,
[attempt 2] ← compile_and_test: R  mismatches=1
VCD info: dumpfile wave.vcd opened for output.
/mnt/d/school/w4afAILearn/期末/-/verilog-eval/dataset_spec-to-rtl/Prob150_review2015_fsmonehot_test.sv:22: $finish called at 1501 (1ps)
Hint: Output 'B3_next' has no mismatches.
Hint: Output 'S_next' has 1 mismatches. First mismatch occurred at time 5.
Hint: Output 'S1_next' has no mismatches.
Hint: Output 'Count_next' has no mismatches.
Hint: Output 'Wait_next' has no mismatches.
Hint: Output 'done' has no mismatches.
Hint: Output 'counting' has no mismatches.
Hint: Output 'shift_ena' has no mismatches.
Hint: Total mismatched samples is 1 out of 300 samples

Simulation finished at 1501 ps
Mismatches: 1 in 300 samples

[attempt 3] → compile_and_test
module TopModule (
    input d,
    input done_counting,
    input ack,
    input [9:0] state,
    output B3_next,
[attempt 3] ← compile_and_test: R  mismatches=1
VCD info: dumpfile wave.vcd opened for output.
/mnt/d/school/w4afAILearn/期末/-/verilog-eval/dataset_spec-to-rtl/Prob150_review2015_fsmonehot_test.sv:22: $finish called at 1501 (1ps)
Hint: Output 'B3_next' has no mismatches.
Hint: Output 'S_next' has 1 mismatches. First mismatch occurred at time 5.
Hint: Output 'S1_next' has no mismatches.
Hint: Output 'Count_next' has no mismatches.
Hint: Output 'Wait_next' has no mismatches.
Hint: Output 'done' has no mismatches.
Hint: Output 'counting' has no mismatches.
Hint: Output 'shift_ena' has no mismatches.
Hint: Total mismatched samples is 1 out of 300 samples

Simulation finished at 1501 ps
Mismatches: 1 in 300 samples

[attempt 4] → compile_and_test
module TopModule (
    input d,
    input done_counting,
    input ack,
    input [9:0] state,
    output B3_next,
[attempt 4] ← compile_and_test: R  mismatches=1
VCD info: dumpfile wave.vcd opened for output.
/mnt/d/school/w4afAILearn/期末/-/verilog-eval/dataset_spec-to-rtl/Prob150_review2015_fsmonehot_test.sv:22: $finish called at 1501 (1ps)
Hint: Output 'B3_next' has no mismatches.
Hint: Output 'S_next' has 1 mismatches. First mismatch occurred at time 5.
Hint: Output 'S1_next' has no mismatches.
Hint: Output 'Count_next' has no mismatches.
Hint: Output 'Wait_next' has no mismatches.
Hint: Output 'done' has no mismatches.
Hint: Output 'counting' has no mismatches.
Hint: Output 'shift_ena' has no mismatches.
Hint: Total mismatched samples is 1 out of 300 samples

Simulation finished at 1501 ps
Mismatches: 1 in 300 samples

[attempt 5] → compile_and_test
module TopModule (
    input d,
    input done_counting,
    input ack,
    input [9:0] state,
    output B3_next,
[attempt 5] ← compile_and_test: R  mismatches=1
VCD info: dumpfile wave.vcd opened for output.
/mnt/d/school/w4afAILearn/期末/-/verilog-eval/dataset_spec-to-rtl/Prob150_review2015_fsmonehot_test.sv:22: $finish called at 1501 (1ps)
Hint: Output 'B3_next' has no mismatches.
Hint: Output 'S_next' has 1 mismatches. First mismatch occurred at time 5.
Hint: Output 'S1_next' has no mismatches.
Hint: Output 'Count_next' has no mismatches.
Hint: Output 'Wait_next' has no mismatches.
Hint: Output 'done' has no mismatches.
Hint: Output 'counting' has no mismatches.
Hint: Output 'shift_ena' has no mismatches.
Hint: Total mismatched samples is 1 out of 300 samples

Simulation finished at 1501 ps
Mismatches: 1 in 300 samples