
[attempt 1] → compile_and_test
module TopModule (
    input logic clk,
    input logic in,
    output logic out
);
    logic d;
[attempt 1] ← compile_and_test: R  mismatches=1
VCD info: dumpfile wave.vcd opened for output.
/mnt/d/school/w4afAILearn/期末/-/verilog-eval/dataset_spec-to-rtl/Prob053_m2014_q4d_test.sv:16: $finish called at 501 (1ps)
Hint: Output 'out' has 1 mismatches. First mismatch occurred at time 5.
Hint: Total mismatched samples is 1 out of 100 samples

Simulation finished at 501 ps
Mismatches: 1 in 100 samples

[attempt 1] → get_debug_hints(error_type='R')
[attempt 1] ← get_debug_hints: Runtime mismatch 常見原因（請逐項對照自己的程式碼）：
1. Timing offset：FSM 有多餘狀態導致輸出慢一 cycle
2. 狀態轉移條件錯誤：if (w) 應為 if (~w) 或反之
3. 組合邏輯錯誤：output 賦值條件遺漏或邏輯反向
4. Reset 初始值不符：state / counter 初始值與規格不符
5. 計數器邊界：off-by-one（計數

[attempt 2] → compile_and_test
module TopModule (
    input logic clk,
    input logic in,
    output logic out
);
    logic q;
[attempt 2] ← compile_and_test: R  mismatches=1
VCD info: dumpfile wave.vcd opened for output.
/mnt/d/school/w4afAILearn/期末/-/verilog-eval/dataset_spec-to-rtl/Prob053_m2014_q4d_test.sv:16: $finish called at 501 (1ps)
Hint: Output 'out' has 1 mismatches. First mismatch occurred at time 5.
Hint: Total mismatched samples is 1 out of 100 samples

Simulation finished at 501 ps
Mismatches: 1 in 100 samples

[attempt 3] → compile_and_test
module TopModule (
    input logic clk,
    input logic in,
    output logic out
);
    logic q;
[attempt 3] ← compile_and_test: .

[attempt 3] → synthesize
[attempt 3] ← synthesize: Y