
[attempt 0] → decompose_spec
[attempt 0] ← decompose_spec:
為了完成此設計任務，建議將工作拆解為以下五個具體的執行步驟：

1. **建立邏輯真值表：** 根據提供的 K-map 數值，整理出 4-bit 輸入 (x3, x2, x1, x0) 對應輸出 f 的完整真值表（包含 don't care 項 'd'）。
2. **圈選 K-map 與化簡邏輯：** 在 K-map 上圈選所有為 '1' 的項，並合理利用 'd' (don't care) 以求得輸出函數 f 的最簡布林代數表達式 (Sum of Products)。
3. **撰寫 Verilog 模組程式碼：** 使用 `assign` 敘述或閘級元件 (Gate-level modeling) 將化簡後的布林邏輯寫入 Verilog 模組。
4. **編寫測試平台 (Testbench)：** 建立一個 Testbench 產生所有 16 種可能的輸入組合 (0000~1111)，並觀察輸出 f 是否符合步驟 2 的推導結果。
5. **進行邏輯模擬與驗證：** 執行 EDA 工具進行模擬，檢查波形圖確認輸出邏輯在各種輸入情況下皆符合設計規格。

[attempt 1] → compile_and_test
module TopModule(
    input [3:0] x,
    output f
);
    // x[3] is MSB, x[0] is LSB
    // Map: x3 x2 | x1 x0
[attempt 1] ← compile_and_test: R  mismatches=28
VCD info: dumpfile wave.vcd opened for output.
/mnt/d/school/w4afAILearn/期末/-/verilog-eval/dataset_spec-to-rtl/Prob116_m2014_q3_test.sv:16: $finish called at 501 (1ps)
Hint: Output 'f' has 28 mismatches. First mismatch occurred at time 10.
Hint: Total mismatched samples is 28 out of 100 samples

Simulation finished at 501 ps
Mismatches: 28 in 100 samples

[attempt 1] → get_debug_hints(error_type='R')
[attempt 1] ← get_debug_hints: Runtime mismatch 常見原因（請逐項對照自己的程式碼）：
1. Timing offset：FSM 有多餘狀態導致輸出慢一 cycle
2. 狀態轉移條件錯誤：if (w) 應為 if (~w) 或反之
3. 組合邏輯錯誤：output 賦值條件遺漏或邏輯反向
4. Reset 初始值不符：state / counter 初始值與規格不符
5. 計數器邊界：off-by-one（計數

[attempt 2] → compile_and_test
module TopModule(
    input [3:0] x,
    output f
);
    // x[3] is MSB, x[0] is LSB
    // Map indices: 
[attempt 2] ← compile_and_test: R  mismatches=21
VCD info: dumpfile wave.vcd opened for output.
/mnt/d/school/w4afAILearn/期末/-/verilog-eval/dataset_spec-to-rtl/Prob116_m2014_q3_test.sv:16: $finish called at 501 (1ps)
Hint: Output 'f' has 21 mismatches. First mismatch occurred at time 10.
Hint: Total mismatched samples is 21 out of 100 samples

Simulation finished at 501 ps
Mismatches: 21 in 100 samples

[attempt 3] → compile_and_test
module TopModule(
    input [3:0] x,
    output f
);
    // K-map:
    // Row/Col   x1x0: 00 01 11 10
[attempt 3] ← compile_and_test: R  mismatches=33
VCD info: dumpfile wave.vcd opened for output.
/mnt/d/school/w4afAILearn/期末/-/verilog-eval/dataset_spec-to-rtl/Prob116_m2014_q3_test.sv:16: $finish called at 501 (1ps)
Hint: Output 'f' has 33 mismatches. First mismatch occurred at time 10.
Hint: Total mismatched samples is 33 out of 100 samples

Simulation finished at 501 ps
Mismatches: 33 in 100 samples

[attempt 4] → compile_and_test
module TopModule(
    input [3:0] x,
    output f
);
    // K-map given:
    // Row x[3]x[4]  Col x[1]x[2]
[attempt 4] ← compile_and_test: R  mismatches=33
VCD info: dumpfile wave.vcd opened for output.
/mnt/d/school/w4afAILearn/期末/-/verilog-eval/dataset_spec-to-rtl/Prob116_m2014_q3_test.sv:16: $finish called at 501 (1ps)
Hint: Output 'f' has 33 mismatches. First mismatch occurred at time 10.
Hint: Total mismatched samples is 33 out of 100 samples

Simulation finished at 501 ps
Mismatches: 33 in 100 samples

[attempt 5] → compile_and_test
module TopModule(
    input [3:0] x,
    output f
);
    // K-map (Row=x[3]x[2], Col=x[1]x[0]):
    //      00 01 11 10
[attempt 5] ← compile_and_test: R  mismatches=33
VCD info: dumpfile wave.vcd opened for output.
/mnt/d/school/w4afAILearn/期末/-/verilog-eval/dataset_spec-to-rtl/Prob116_m2014_q3_test.sv:16: $finish called at 501 (1ps)
Hint: Output 'f' has 33 mismatches. First mismatch occurred at time 10.
Hint: Total mismatched samples is 33 out of 100 samples

Simulation finished at 501 ps
Mismatches: 33 in 100 samples