
[attempt 1] → compile_and_test
module TopModule (
    input clk,
    input [7:0] in,
    output [7:0] pedge
);
    logic [7:0] prev_in;
[attempt 1] ← compile_and_test: R  mismatches=206
VCD info: dumpfile wave.vcd opened for output.
/mnt/d/school/w4afAILearn/期末/-/verilog-eval/dataset_spec-to-rtl/Prob054_edgedetect_test.sv:45: $finish called at 1135 (1ps)
Hint: Output 'pedge' has 206 mismatches. First mismatch occurred at time 30.
Hint: Total mismatched samples is 206 out of 227 samples

Simulation finished at 1135 ps
Mismatches: 206 in 227 samples

[attempt 1] → get_debug_hints(error_type='S')
[attempt 1] ← get_debug_hints: Syntax Error：iverilog 無法解析程式碼語法。
修正方式：
1. 查看 error_log 中的行號，確認該行附近是否有拼寫錯誤
2. 常見原因：缺少分號、begin/end 未配對、module/endmodule 未配對
3. 確認 port 宣告格式正確（input/output logic，不使用 wire/reg）

[attempt 2] → compile_and_test
module TopModule (
    input clk,
    input [7:0] in,
    output logic [7:0] pedge
);
    logic [7:0] prev_in;
[attempt 2] ← compile_and_test: R  mismatches=206
VCD info: dumpfile wave.vcd opened for output.
/mnt/d/school/w4afAILearn/期末/-/verilog-eval/dataset_spec-to-rtl/Prob054_edgedetect_test.sv:45: $finish called at 1135 (1ps)
Hint: Output 'pedge' has 206 mismatches. First mismatch occurred at time 30.
Hint: Total mismatched samples is 206 out of 227 samples

Simulation finished at 1135 ps
Mismatches: 206 in 227 samples

[attempt 2] → get_debug_hints(error_type='e')
[attempt 2] ← get_debug_hints: Explicit cast 錯誤常見原因（iverilog 要求明確型別轉換）：
1. 把整數常數賦值給 enum 變數（改用 enum 成員名稱，如 state <= IDLE 而非 state <= 2'd0）
2. 三元運算符兩側混用 enum 和整數（兩側都必須是同一 enum 的成員）
3. 對 enum 變數做算術（如 cnt <= cnt + 1）（改用 logic [N:0] 型態

[attempt 3] → compile_and_test
module TopModule (
    input clk,
    input [7:0] in,
    output logic [7:0] pedge
);
    logic [7:0] prev_in;
[attempt 3] ← compile_and_test: R  mismatches=206
VCD info: dumpfile wave.vcd opened for output.
/mnt/d/school/w4afAILearn/期末/-/verilog-eval/dataset_spec-to-rtl/Prob054_edgedetect_test.sv:45: $finish called at 1135 (1ps)
Hint: Output 'pedge' has 206 mismatches. First mismatch occurred at time 30.
Hint: Total mismatched samples is 206 out of 227 samples

Simulation finished at 1135 ps
Mismatches: 206 in 227 samples

[attempt 4] → compile_and_test
module TopModule (
    input clk,
    input [7:0] in,
    output logic [7:0] pedge
);
    logic [7:0] prev_in;
[attempt 4] ← compile_and_test: R  mismatches=206
VCD info: dumpfile wave.vcd opened for output.
/mnt/d/school/w4afAILearn/期末/-/verilog-eval/dataset_spec-to-rtl/Prob054_edgedetect_test.sv:45: $finish called at 1135 (1ps)
Hint: Output 'pedge' has 206 mismatches. First mismatch occurred at time 30.
Hint: Total mismatched samples is 206 out of 227 samples

Simulation finished at 1135 ps
Mismatches: 206 in 227 samples

[attempt 4] → get_debug_hints(error_type='e')
[attempt 4] ← get_debug_hints: Explicit cast 錯誤常見原因（iverilog 要求明確型別轉換）：
1. 把整數常數賦值給 enum 變數（改用 enum 成員名稱，如 state <= IDLE 而非 state <= 2'd0）
2. 三元運算符兩側混用 enum 和整數（兩側都必須是同一 enum 的成員）
3. 對 enum 變數做算術（如 cnt <= cnt + 1）（改用 logic [N:0] 型態

[attempt 5] → compile_and_test
module TopModule (
    input clk,
    input [7:0] in,
    output [7:0] pedge
);
    logic [7:0] prev_in;
[attempt 5] ← compile_and_test: .

[attempt 5] → synthesize (auto, last attempt)
[attempt 5] ← synthesize: Y