
[attempt 0] → decompose_spec
[attempt 0] ← decompose_spec:
根據您的需求，將 Verilog 設計題目分解為以下 5 個具體、可執行的子目標：

1. 定義狀態機架構：建立同步重置（Active Low）的 FSM 框架，並實作初始狀態 A 的重置邏輯及重置解除後的單週期 $f=1$ 輸出。
2. 實作序列偵測器：設計狀態轉移邏輯，監控輸入 $x$ 以偵測「1-0-1」序列，並在該序列完成後的下一個時脈週期將 $g$ 置為 1。
3. 實作條件監控器：設計計數器或額外狀態，在 $g=1$ 的狀態下啟動監控 $y$ 的機制，並設定 2 個時脈週期的限時條件。
4. 處理最終狀態判定：根據 $y$ 是否在限時內變為 1，編寫條件邏輯以決定 $g$ 是保持為 1 還是歸零。
5. 完成輸出與時序整合：確保所有邏輯皆在 `posedge clk` 下同步執行，並確認各狀態轉換與輸出訊號的時序符合題意要求。

[attempt 1] → compile_and_test
module TopModule (
    input clk,
    input resetn,
    input x,
    input y,
    output f,
[attempt 1] ← compile_and_test: R  mismatches=660
VCD info: dumpfile wave.vcd opened for output.
/mnt/d/school/w4afAILearn/期末/-/verilog-eval/dataset_spec-to-rtl/Prob139_2013_q2bfsm_test.sv:24: $finish called at 5011 (1ps)
Hint: Output 'f' has no mismatches.
Hint: Output 'g' has 660 mismatches. First mismatch occurred at time 60.
Hint: Total mismatched samples is 660 out of 1002 samples

Simulation finished at 5011 ps
Mismatches: 660 in 1002 samples

[attempt 1] → get_debug_hints(error_type='R')
[attempt 1] ← get_debug_hints: Runtime mismatch 常見原因（請逐項對照自己的程式碼）：
1. Timing offset：FSM 有多餘狀態導致輸出慢一 cycle
2. 狀態轉移條件錯誤：if (w) 應為 if (~w) 或反之
3. 組合邏輯錯誤：output 賦值條件遺漏或邏輯反向
4. Reset 初始值不符：state / counter 初始值與規格不符
5. 計數器邊界：off-by-one（計數

[attempt 2] → compile_and_test
module TopModule (
    input clk,
    input resetn,
    input x,
    input y,
    output f,
[attempt 2] ← compile_and_test: R  mismatches=240
VCD info: dumpfile wave.vcd opened for output.
/mnt/d/school/w4afAILearn/期末/-/verilog-eval/dataset_spec-to-rtl/Prob139_2013_q2bfsm_test.sv:24: $finish called at 5011 (1ps)
Hint: Output 'f' has 42 mismatches. First mismatch occurred at time 30.
Hint: Output 'g' has 198 mismatches. First mismatch occurred at time 3330.
Hint: Total mismatched samples is 240 out of 1002 samples

Simulation finished at 5011 ps
Mismatches: 240 in 1002 samples

[attempt 3] → compile_and_test
module TopModule (
    input clk,
    input resetn,
    input x,
    input y,
    output f,
[attempt 3] ← compile_and_test: R  mismatches=240
VCD info: dumpfile wave.vcd opened for output.
/mnt/d/school/w4afAILearn/期末/-/verilog-eval/dataset_spec-to-rtl/Prob139_2013_q2bfsm_test.sv:24: $finish called at 5011 (1ps)
Hint: Output 'f' has 42 mismatches. First mismatch occurred at time 30.
Hint: Output 'g' has 198 mismatches. First mismatch occurred at time 3330.
Hint: Total mismatched samples is 240 out of 1002 samples

Simulation finished at 5011 ps
Mismatches: 240 in 1002 samples

[attempt 4] → compile_and_test
module TopModule (
    input clk,
    input resetn,
    input x,
    input y,
    output f,
[attempt 4] ← compile_and_test: R  mismatches=198
VCD info: dumpfile wave.vcd opened for output.
/mnt/d/school/w4afAILearn/期末/-/verilog-eval/dataset_spec-to-rtl/Prob139_2013_q2bfsm_test.sv:24: $finish called at 5011 (1ps)
Hint: Output 'f' has no mismatches.
Hint: Output 'g' has 198 mismatches. First mismatch occurred at time 3330.
Hint: Total mismatched samples is 198 out of 1002 samples

Simulation finished at 5011 ps
Mismatches: 198 in 1002 samples

[attempt 5] → compile_and_test
module TopModule (
    input clk,
    input resetn,
    input x,
    input y,
    output f,
[attempt 5] ← compile_and_test: R  mismatches=660
VCD info: dumpfile wave.vcd opened for output.
/mnt/d/school/w4afAILearn/期末/-/verilog-eval/dataset_spec-to-rtl/Prob139_2013_q2bfsm_test.sv:24: $finish called at 5011 (1ps)
Hint: Output 'f' has no mismatches.
Hint: Output 'g' has 660 mismatches. First mismatch occurred at time 60.
Hint: Total mismatched samples is 660 out of 1002 samples

Simulation finished at 5011 ps
Mismatches: 660 in 1002 samples