
[attempt 0] → decompose_spec
[attempt 0] ← decompose_spec:
為了實現這個 UART 序列接收器，建議將設計分解為以下 5 個子目標：

1. 定義並設計 FSM 狀態機，包含 IDLE、START、DATA_BITS（8 位元）、STOP 以及錯誤處理狀態。
2. 實作一個計數器來追蹤接收到的資料位元數量，確保在 DATA 狀態精確採樣 8 個位元。
3. 編寫邏輯以在 IDLE 狀態偵測起始位元（in == 0），並在正確時間點對串列輸入訊號進行採樣。
4. 加入停止位元驗證邏輯，若接收到的位元為 1 則輸出 `done` 訊號，否則進入等待恢復的錯誤處理狀態。
5. 整合所有邏輯並確保 `done` 訊號僅在正確接收後維持一個時脈週期的輸出，並使用同步重置完成設計。

[attempt 1] → compile_and_test
module TopModule (
    input clk,
    input reset,
    input in,
    output logic done
);
[attempt 1] ← compile_and_test: R  mismatches=72
VCD info: dumpfile wave.vcd opened for output.
/mnt/d/school/w4afAILearn/期末/-/verilog-eval/dataset_spec-to-rtl/Prob137_fsm_serial_test.sv:45: $finish called at 4526 (1ps)
Hint: Output 'done' has 72 mismatches. First mismatch occurred at time 100.
Hint: Total mismatched samples is 72 out of 905 samples

Simulation finished at 4526 ps
Mismatches: 72 in 905 samples

[attempt 2] → compile_and_test
module TopModule (
    input clk,
    input reset,
    input in,
    output logic done
);
[attempt 2] ← compile_and_test: .

[attempt 2] → synthesize
[attempt 2] ← synthesize: Y