
[attempt 1] → compile_and_test
module TopModule(
    input clk,
    input reset,
    input in,
    output logic out
);
[attempt 1] ← compile_and_test: e
/tmp/tmp2260qg7s.sv:27: error: This assignment requires an explicit cast.
/tmp/tmp2260qg7s.sv:28: error: This assignment requires an explicit cast.
/tmp/tmp2260qg7s.sv:29: error: This assignment requires an explicit cast.
/tmp/tmp2260qg7s.sv:30: error: This assignment requires an explicit cast.
4 error(s) during elaboration.

[attempt 1] → get_debug_hints(error_type='e')
[attempt 1] ← get_debug_hints: Explicit cast 錯誤常見原因（iverilog 要求明確型別轉換）：
1. 把整數常數賦值給 enum 變數（改用 enum 成員名稱，如 state <= IDLE 而非 state <= 2'd0）
2. 三元運算符兩側混用 enum 和整數（兩側都必須是同一 enum 的成員）
3. 對 enum 變數做算術（如 cnt <= cnt + 1）（改用 logic [N:0] 型態

[attempt 2] → compile_and_test
module TopModule(
    input clk,
    input reset,
    input in,
    output logic out
);
[attempt 2] ← compile_and_test: .

[attempt 2] → synthesize
[attempt 2] ← synthesize: Y