
[attempt 0] → decompose_spec
[attempt 0] ← decompose_spec:
以下是將該 Verilog 題目分解的 5 個具體執行子目標：

1. 定義 FSM 狀態（IDLE、START、DATA、STOP、ERROR）並建立同步重置邏輯。
2. 實作波特率控制或採樣邏輯，以在正確的時間點（位元中心）取樣串列輸入 `in`。
3. 編寫狀態轉換邏輯，實現從偵測起始位元（0）、依序接收 8 個資料位元到檢查停止位元（1）的流程。
4. 實作資料緩衝暫存器（Shift Register），以 LSB first 的順序將串列資料組裝成 8 位元 `out_byte`。
5. 實作輸出邏輯，當停止位元驗證成功時將 `done` 訊號拉高一週期，並處理錯誤情況下的重啟判斷。

[attempt 1] → compile_and_test
module TopModule (
    input clk,
    input in,
    input reset,
    output logic [7:0] out_byte,
    output logic done
[attempt 1] ← compile_and_test: R  mismatches=64
VCD info: dumpfile wave.vcd opened for output.
/mnt/d/school/w4afAILearn/期末/-/verilog-eval/dataset_spec-to-rtl/Prob146_fsm_serialdata_test.sv:45: $finish called at 4526 (1ps)
Hint: Output 'out_byte' has 32 mismatches. First mismatch occurred at time 850.
Hint: Output 'done' has 64 mismatches. First mismatch occurred at time 110.
Hint: Total mismatched samples is 64 out of 905 samples

Simulation finished at 4526 ps
Mismatches: 64 in 905 samples

[attempt 2] → compile_and_test
module TopModule (
    input clk,
    input in,
    input reset,
    output logic [7:0] out_byte,
    output logic done
[attempt 2] ← compile_and_test: R  mismatches=64
VCD info: dumpfile wave.vcd opened for output.
/mnt/d/school/w4afAILearn/期末/-/verilog-eval/dataset_spec-to-rtl/Prob146_fsm_serialdata_test.sv:45: $finish called at 4526 (1ps)
Hint: Output 'out_byte' has 32 mismatches. First mismatch occurred at time 850.
Hint: Output 'done' has 64 mismatches. First mismatch occurred at time 110.
Hint: Total mismatched samples is 64 out of 905 samples

Simulation finished at 4526 ps
Mismatches: 64 in 905 samples

[attempt 3] → compile_and_test
module TopModule (
    input clk,
    input in,
    input reset,
    output logic [7:0] out_byte,
    output logic done
[attempt 3] ← compile_and_test: R  mismatches=74
VCD info: dumpfile wave.vcd opened for output.
/mnt/d/school/w4afAILearn/期末/-/verilog-eval/dataset_spec-to-rtl/Prob146_fsm_serialdata_test.sv:45: $finish called at 4526 (1ps)
Hint: Output 'out_byte' has 20 mismatches. First mismatch occurred at time 850.
Hint: Output 'done' has 72 mismatches. First mismatch occurred at time 210.
Hint: Total mismatched samples is 74 out of 905 samples

Simulation finished at 4526 ps
Mismatches: 74 in 905 samples

[attempt 4] → compile_and_test
module TopModule (
    input clk,
    input in,
    input reset,
    output logic [7:0] out_byte,
    output logic done
[attempt 4] ← compile_and_test: R  mismatches=38
VCD info: dumpfile wave.vcd opened for output.
/mnt/d/school/w4afAILearn/期末/-/verilog-eval/dataset_spec-to-rtl/Prob146_fsm_serialdata_test.sv:45: $finish called at 4526 (1ps)
Hint: Output 'out_byte' has 32 mismatches. First mismatch occurred at time 850.
Hint: Output 'done' has 38 mismatches. First mismatch occurred at time 110.
Hint: Total mismatched samples is 38 out of 905 samples

Simulation finished at 4526 ps
Mismatches: 38 in 905 samples

[attempt 5] → compile_and_test
module TopModule (
    input clk,
    input in,
    input reset,
    output logic [7:0] out_byte,
    output logic done
[attempt 5] ← compile_and_test: .

[attempt 5] → synthesize (auto, last attempt)
[attempt 5] ← synthesize: Y