
[attempt 1] → compile_and_test
module TopModule (
    input clk,
    input reset,
    input data,
    output logic [3:0] count,
    output logic counting,
[attempt 1] ← compile_and_test: R  mismatches=67893
VCD info: dumpfile wave.vcd opened for output.
Hint: The first test case should count for 2000 cycles. Your circuit counted 2001
Hint: The second test case should count for 15000 cycles. Your circuit counted 1001
Hint: Your FSM didn't pass the sample timing diagram posted with the problem statement. Perhaps try debugging that?
TIMEOUT
/mnt/d/school/w4afAILearn/期末/-/verilog-eval/dataset_spec-to-rtl/Prob156_review2015_fancytimer_test.sv:216: $finish called at 1000000 (1ps)
Hint: Output 'count' has 67803 mismatches. First mismatch occurred at time 20250.
Hint: Output 'counting' has 28204 mismatches. First mismatch occurred at time 20130.
Hint: Output 'done' has 28106 mismatches. First mismatch occurred at time 20130.
Hint: Total mismatched samples is 67893 out of 200000 samples

Simulation finished at 1000000 ps
Mismatches: 67893 in 200000 samples

[attempt 2] → compile_and_test
module TopModule (
    input clk,
    input reset,
    input data,
    output logic [3:0] count,
    output logic counting,
[attempt 2] ← compile_and_test: e
/tmp/tmpsi5i94z7.sv:19: error: This assignment requires an explicit cast.
/tmp/tmpsi5i94z7.sv:20: error: This assignment requires an explicit cast.
/tmp/tmpsi5i94z7.sv:21: error: This assignment requires an explicit cast.
/tmp/tmpsi5i94z7.sv:23: error: This assignment requires an explicit cast.
/tmp/tmpsi5i94z7.sv:24: error: This assignment requires an explicit cast.
/tmp/tmpsi5i94z7.sv:25: error: This assignment requires an explicit cast.
/tmp/tmpsi5i94z7.sv:26: error: This assignment requires an explicit cast.
/tmp/tmpsi5i94z7.sv:27: error: This assignment requires an explicit cast.
/tmp/tmpsi5i94z7.sv:28: error: This assignment requires an explicit cast.
9 error(s) during elaboration.

[attempt 3] → compile_and_test
module TopModule (
    input clk,
    input reset,
    input data,
    output logic [3:0] count,
    output logic counting,
[attempt 3] ← compile_and_test: .

[attempt 3] → synthesize
[attempt 3] ← synthesize: Y