
[attempt 1] → compile_and_test
module TopModule (
    input clk,
    input a,
    input b,
    output out_assign,
    output out_always_comb,
[attempt 1] ← compile_and_test: w
/tmp/tmpigbcpji7.sv:13: error: out_always_comb is not a valid l-value in tb.top_module1.
/tmp/tmpigbcpji7.sv:6:      : out_always_comb is declared here as wire.
1 error(s) during elaboration.

[attempt 1] → get_debug_hints(error_type='R')
[attempt 1] ← get_debug_hints: Runtime mismatch 常見原因（請逐項對照自己的程式碼）：
1. Timing offset：FSM 有多餘狀態導致輸出慢一 cycle
2. 狀態轉移條件錯誤：if (w) 應為 if (~w) 或反之
3. 組合邏輯錯誤：output 賦值條件遺漏或邏輯反向
4. Reset 初始值不符：state / counter 初始值與規格不符
5. 計數器邊界：off-by-one（計數

[attempt 2] → compile_and_test
module TopModule (
    input clk,
    input a,
    input b,
    output out_assign,
    output out_always_comb,
[attempt 2] ← compile_and_test: .

[attempt 2] → synthesize
[attempt 2] ← synthesize: Y