
[attempt 1] → compile_and_test
module TopModule(
    input clk,
    input reset,
    input in,
    output out
);
[attempt 1] ← compile_and_test: e
/tmp/tmp7uvmran3.sv:27: error: This assignment requires an explicit cast.
/tmp/tmp7uvmran3.sv:28: error: This assignment requires an explicit cast.
/tmp/tmp7uvmran3.sv:29: error: This assignment requires an explicit cast.
/tmp/tmp7uvmran3.sv:30: error: This assignment requires an explicit cast.
4 error(s) during elaboration.

[attempt 2] → compile_and_test
module TopModule(
    input clk,
    input reset,
    input in,
    output out
);
[attempt 2] ← compile_and_test: .

[attempt 2] → synthesize
[attempt 2] ← synthesize: Y