
[attempt 1] → compile_and_test
module TopModule (
    input logic a,
    input logic b,
    input logic c,
    input logic d,
    output logic out
[attempt 1] ← compile_and_test: R  mismatches=43
VCD info: dumpfile wave.vcd opened for output.
/mnt/d/school/w4afAILearn/期末/-/verilog-eval/dataset_spec-to-rtl/Prob057_kmap2_test.sv:38: $finish called at 1161 (1ps)
Hint: Output 'out' has 43 mismatches. First mismatch occurred at time 30.
Hint: Total mismatched samples is 43 out of 232 samples

Simulation finished at 1161 ps
Mismatches: 43 in 232 samples

[attempt 1] → decompose_spec
[attempt 1] ← decompose_spec:
為了完成這個 Verilog 設計任務，建議採取以下 5 個步驟：

1. 將卡諾圖 (K-map) 轉換為布林代數運算式（透過群組化 1 的項次進行化簡）。
2. 在 Verilog 中宣告名為 `TopModule` 的模組，並正確定義 `a`, `b`, `c`, `d` 輸入與 `out` 輸出的介面。
3. 根據步驟 1 推導出的布林邏輯公式，使用 `assign` 陳述式撰寫組合邏輯電路。
4. 編寫一個簡單的 Testbench，針對所有 16 種 (2^4) 輸入組合進行模擬驗證。
5. 使用模擬器觀察波形或檢查輸出結果，確認其邏輯與卡諾圖的真值表完全吻合。

[attempt 2] → compile_and_test
module TopModule (
    input logic a,
    input logic b,
    input logic c,
    input logic d,
    output logic out
[attempt 2] ← compile_and_test: R  mismatches=72
VCD info: dumpfile wave.vcd opened for output.
/mnt/d/school/w4afAILearn/期末/-/verilog-eval/dataset_spec-to-rtl/Prob057_kmap2_test.sv:38: $finish called at 1161 (1ps)
Hint: Output 'out' has 72 mismatches. First mismatch occurred at time 30.
Hint: Total mismatched samples is 72 out of 232 samples

Simulation finished at 1161 ps
Mismatches: 72 in 232 samples

[attempt 3] → compile_and_test
module TopModule (
    input logic a,
    input logic b,
    input logic c,
    input logic d,
    output logic out
[attempt 3] ← compile_and_test: .

[attempt 3] → synthesize
[attempt 3] ← synthesize: Y