
[attempt 0] → decompose_spec
[attempt 0] ← decompose_spec:
以下是將該 Verilog 題目分解的 5 個具體執行步驟：

1. 定義 FSM 狀態機（Idle, Start, Data_Sampling, Stop_Check, Done），並設計用於處理同步重置與狀態跳轉的邏輯。
2. 實作取樣計數器（Counter）與移位暫存器（Shift Register），用於在正確的時序下抓取 8 個資料位元。
3. 設計狀態轉移邏輯，確保在偵測到 Start bit (0) 後開始運作，並於接收 8 位元資料後進入驗證階段。
4. 撰寫 Stop bit 驗證邏輯，判斷是否為 1 以決定是否輸出 `out_byte` 並將 `done` 旗標拉高，否則回到 Idle 狀態。
5. 整合所有邏輯並進行測試，確保輸入資料位元（LSB first）正確被轉存至 8 位元輸出暫存器。

[attempt 1] → compile_and_test
module TopModule (
    input clk,
    input in,
    input reset,
    output logic [7:0] out_byte,
    output logic done
[attempt 1] ← compile_and_test: e
/tmp/tmpv4ujwh25.sv:49: error: This assignment requires an explicit cast.
/tmp/tmpv4ujwh25.sv:51: error: This assignment requires an explicit cast.
/tmp/tmpv4ujwh25.sv:52: error: This assignment requires an explicit cast.
3 error(s) during elaboration.

[attempt 2] → compile_and_test
module TopModule (
    input clk,
    input in,
    input reset,
    output logic [7:0] out_byte,
    output logic done
[attempt 2] ← compile_and_test: e
/tmp/tmph52shsn_.sv:49: error: This assignment requires an explicit cast.
/tmp/tmph52shsn_.sv:51: error: This assignment requires an explicit cast.
/tmp/tmph52shsn_.sv:52: error: This assignment requires an explicit cast.
3 error(s) during elaboration.

[attempt 3] → compile_and_test
module TopModule (
    input clk,
    input in,
    input reset,
    output logic [7:0] out_byte,
    output logic done
[attempt 3] ← compile_and_test: R  mismatches=94
VCD info: dumpfile wave.vcd opened for output.
/mnt/d/school/w4afAILearn/期末/-/verilog-eval/dataset_spec-to-rtl/Prob146_fsm_serialdata_test.sv:45: $finish called at 4526 (1ps)
Hint: Output 'out_byte' has 34 mismatches. First mismatch occurred at time 210.
Hint: Output 'done' has 92 mismatches. First mismatch occurred at time 110.
Hint: Total mismatched samples is 94 out of 905 samples

Simulation finished at 4526 ps
Mismatches: 94 in 905 samples

[attempt 4] → compile_and_test
module TopModule (
    input clk,
    input in,
    input reset,
    output logic [7:0] out_byte,
    output logic done
[attempt 4] ← compile_and_test: R  mismatches=68
VCD info: dumpfile wave.vcd opened for output.
/mnt/d/school/w4afAILearn/期末/-/verilog-eval/dataset_spec-to-rtl/Prob146_fsm_serialdata_test.sv:45: $finish called at 4526 (1ps)
Hint: Output 'out_byte' has 32 mismatches. First mismatch occurred at time 850.
Hint: Output 'done' has 68 mismatches. First mismatch occurred at time 110.
Hint: Total mismatched samples is 68 out of 905 samples

Simulation finished at 4526 ps
Mismatches: 68 in 905 samples

[attempt 5] → compile_and_test
module TopModule (
    input clk,
    input in,
    input reset,
    output logic [7:0] out_byte,
    output logic done
[attempt 5] ← compile_and_test: R  mismatches=68
VCD info: dumpfile wave.vcd opened for output.
/mnt/d/school/w4afAILearn/期末/-/verilog-eval/dataset_spec-to-rtl/Prob146_fsm_serialdata_test.sv:45: $finish called at 4526 (1ps)
Hint: Output 'out_byte' has 32 mismatches. First mismatch occurred at time 850.
Hint: Output 'done' has 68 mismatches. First mismatch occurred at time 110.
Hint: Total mismatched samples is 68 out of 905 samples

Simulation finished at 4526 ps
Mismatches: 68 in 905 samples