
[attempt 0] → decompose_spec
[attempt 0] ← decompose_spec:
根據您的需求，將該 Verilog 題目分解為以下 5 個具體且可執行的子目標：

1. 定義狀態機（FSM）的狀態編碼（A 到 I），並建立包含同步重置（resetn）與時脈（clk）邏輯的雙程序塊（always block）架構。
2. 實現從初始狀態 A 到狀態 B 的轉換邏輯，並確保在進入狀態 B 時輸出 f 為高電位且持續一個週期。
3. 設計狀態 C、D、E、F 的監測邏輯，實現輸入訊號 x 的序列偵測（1, 0, 1），偵測完成後將輸出 g 設為高電位。
4. 實作一個計數器或額外狀態來追蹤狀態 G 下的 y 輸入，監測其在 2 個週期內的變化情形。
5. 根據 y 的偵測結果，編寫轉移至狀態 H（g=1）或狀態 I（g=0）的終止邏輯，並確保兩者皆為鎖定狀態。

[attempt 1] → compile_and_test
module TopModule (
    input clk,
    input resetn,
    input x,
    input y,
    output logic f,
[attempt 1] ← compile_and_test: R  mismatches=548
VCD info: dumpfile wave.vcd opened for output.
/mnt/d/Desktop/GitHub/School/強化學習期末專題/verilog-eval/dataset_spec-to-rtl/Prob139_2013_q2bfsm_test.sv:24: $finish called at 5011 (1ps)
Hint: Output 'f' has no mismatches.
Hint: Output 'g' has 548 mismatches. First mismatch occurred at time 280.
Hint: Total mismatched samples is 548 out of 1002 samples

Simulation finished at 5011 ps
Mismatches: 548 in 1002 samples