
[attempt 1] → compile_and_test
module TopModule(
    input clk,
    input a,
    input b,
    output logic q,
    output logic state
[attempt 1] ← compile_and_test: S
/tmp/tmp8041cydq.sv:15: syntax error
/tmp/tmp8041cydq.sv:16: error: Invalid module item.
/tmp/tmp8041cydq.sv:17: syntax error
/tmp/tmp8041cydq.sv:17: error: Invalid module instantiation
/mnt/d/school/w4afAILearn/期末/-/verilog-eval/dataset_spec-to-rtl/Prob147_circuit10_test.sv:12: error: Invalid module item.

[attempt 2] → compile_and_test
module TopModule(
    input clk,
    input a,
    input b,
    output logic q,
    output logic state
[attempt 2] ← compile_and_test: R  mismatches=229
VCD info: dumpfile wave.vcd opened for output.
/mnt/d/school/w4afAILearn/期末/-/verilog-eval/dataset_spec-to-rtl/Prob147_circuit10_test.sv:50: $finish called at 1160 (1ps)
Hint: Output 'q' has 229 mismatches. First mismatch occurred at time 20.
Hint: Output 'state' has 229 mismatches. First mismatch occurred at time 20.
Hint: Total mismatched samples is 229 out of 232 samples

Simulation finished at 1160 ps
Mismatches: 229 in 232 samples

[attempt 3] → compile_and_test
module TopModule(
    input clk,
    input a,
    input b,
    output logic q,
    output logic state
[attempt 3] ← compile_and_test: R  mismatches=215
VCD info: dumpfile wave.vcd opened for output.
/mnt/d/school/w4afAILearn/期末/-/verilog-eval/dataset_spec-to-rtl/Prob147_circuit10_test.sv:50: $finish called at 1160 (1ps)
Hint: Output 'q' has 215 mismatches. First mismatch occurred at time 20.
Hint: Output 'state' has 215 mismatches. First mismatch occurred at time 20.
Hint: Total mismatched samples is 215 out of 232 samples

Simulation finished at 1160 ps
Mismatches: 215 in 232 samples

[attempt 4] → compile_and_test
module TopModule(
    input clk,
    input a,
    input b,
    output logic q,
    output logic state
[attempt 4] ← compile_and_test: R  mismatches=229
VCD info: dumpfile wave.vcd opened for output.
/mnt/d/school/w4afAILearn/期末/-/verilog-eval/dataset_spec-to-rtl/Prob147_circuit10_test.sv:50: $finish called at 1160 (1ps)
Hint: Output 'q' has 229 mismatches. First mismatch occurred at time 20.
Hint: Output 'state' has 229 mismatches. First mismatch occurred at time 20.
Hint: Total mismatched samples is 229 out of 232 samples

Simulation finished at 1160 ps
Mismatches: 229 in 232 samples

[attempt 5] → compile_and_test
module TopModule(
    input clk,
    input a,
    input b,
    output logic q,
    output logic state
[attempt 5] ← compile_and_test: R  mismatches=4
VCD info: dumpfile wave.vcd opened for output.
/mnt/d/school/w4afAILearn/期末/-/verilog-eval/dataset_spec-to-rtl/Prob147_circuit10_test.sv:50: $finish called at 1160 (1ps)
Hint: Output 'q' has 4 mismatches. First mismatch occurred at time 130.
Hint: Output 'state' has 4 mismatches. First mismatch occurred at time 130.
Hint: Total mismatched samples is 4 out of 232 samples

Simulation finished at 1160 ps
Mismatches: 4 in 232 samples