
[attempt 1] → compile_and_test
module TopModule (
    input clk,
    input reset,
    input s,
    input w,
    output logic z
[attempt 1] ← compile_and_test: e
/tmp/tmpsr0tth0j.sv:46: error: This assignment requires an explicit cast.
1 error(s) during elaboration.

[attempt 1] → get_debug_hints(error_type='e')
[attempt 1] ← get_debug_hints: Explicit cast 錯誤常見原因（iverilog 要求明確型別轉換）：
1. 把整數常數賦值給 enum 變數（改用 enum 成員名稱，如 state <= IDLE 而非 state <= 2'd0）
2. 三元運算符兩側混用 enum 和整數（兩側都必須是同一 enum 的成員）
3. 對 enum 變數做算術（如 cnt <= cnt + 1）（改用 logic [N:0] 型態

[attempt 2] → compile_and_test
module TopModule (
    input clk,
    input reset,
    input s,
    input w,
    output logic z
[attempt 2] ← compile_and_test: R  mismatches=252
VCD info: dumpfile wave.vcd opened for output.
/mnt/d/school/w4afAILearn/期末/-/verilog-eval/dataset_spec-to-rtl/Prob133_2014_q3fsm_test.sv:59: $finish called at 7071 (1ps)
Hint: Output 'z' has 252 mismatches. First mismatch occurred at time 110.
Hint: Total mismatched samples is 252 out of 1414 samples

Simulation finished at 7071 ps
Mismatches: 252 in 1414 samples

[attempt 3] → compile_and_test
module TopModule (
    input clk,
    input reset,
    input s,
    input w,
    output logic z
[attempt 3] ← compile_and_test: .

[attempt 3] → synthesize
[attempt 3] ← synthesize: Y