
[attempt 0] → decompose_spec
[attempt 0] ← decompose_spec:
針對上述 8-bit 2-to-1 Mux 的修正需求，請執行以下步驟：

1. 修正模組宣告中的連接埠定義，將 `out` 改為 `[7:0]` 寬度並修正輸入訊號 `b` 的名稱與重複宣告錯誤。
2. 確保多工器的邏輯運算符合向量處理規範，使用正確的位元寬度（8-bit）進行 `assign` 指派。
3. 編寫對應的測試平台 (Testbench)，設定 sel 為 0 與 1，並驗證 `out` 是否正確輸出 8-bit 的資料。
4. 進行語法檢查與邏輯模擬，確保編譯通過且模擬結果符合 8-bit Mux 的選擇行為。

[attempt 1] → compile_and_test
module TopModule (
    input        sel,
    input  [7:0] a,
    input  [7:0] b,
    output [7:0] out
);
[attempt 1] ← compile_and_test: R  mismatches=111
VCD info: dumpfile wave.vcd opened for output.
/mnt/d/school/w4afAILearn/期末/-/verilog-eval/dataset_spec-to-rtl/Prob062_bugs_mux2_test.sv:47: $finish called at 570 (1ps)
Hint: Output 'out' has 111 mismatches. First mismatch occurred at time 20.
Hint: Total mismatched samples is 111 out of 114 samples

Simulation finished at 570 ps
Mismatches: 111 in 114 samples