
[attempt 1] → compile_and_test
module TopModule (
    input logic clk,
    input logic reset,
    input logic [31:0] in,
    output logic [31:0] out
);
[attempt 1] ← compile_and_test: R  mismatches=91
VCD info: dumpfile wave.vcd opened for output.
/mnt/d/school/w4afAILearn/期末/-/verilog-eval/dataset_spec-to-rtl/Prob066_edgecapture_test.sv:86: $finish called at 1330 (1ps)
Hint: Output 'out' has 91 mismatches. First mismatch occurred at time 140.
Hint: Total mismatched samples is 91 out of 266 samples

Simulation finished at 1330 ps
Mismatches: 91 in 266 samples

[attempt 2] → compile_and_test
module TopModule (
    input logic clk,
    input logic reset,
    input logic [31:0] in,
    output logic [31:0] out
);
[attempt 2] ← compile_and_test: .

[attempt 2] → synthesize
[attempt 2] ← synthesize: Y