
[attempt 0] → decompose_spec
[attempt 0] ← decompose_spec:
以下是將該 Verilog 設計任務分解為 4 個具體、可執行子目標的建議：

1. 定義狀態機（FSM）的狀態編碼，記錄目前的感測器水位狀態（四種區間）以及前一次變動前的狀態，以供判斷水位升降趨勢。
2. 實作組合邏輯電路，依據感測器輸入 `s[2:0]` 的組合對應表，產生基礎的標稱流量輸出訊號（`fr0`, `fr1`, `fr2`）。
3. 設計狀態轉移邏輯，在 `clk` 上升緣觸發時更新狀態，並依據「當前水位與前次水位之比較」決定補充流量訊號 `dfr` 的開關狀態。
4. 實作同步 `reset` 機制，在重置時強制將 FSM 狀態設為「水位低於所有感測器」的情境，並確保所有輸出（`fr0`, `fr1`, `fr2`, `dfr`）均被置為高電位。

[attempt 1] → compile_and_test
module TopModule (
    input clk,
    input reset,
    input [2:0] s,
    output logic fr2,
    output logic fr1,
[attempt 1] ← compile_and_test: R  mismatches=1
VCD info: dumpfile wave.vcd opened for output.
Hint: Your reset should be synchronous, but doesn't appear to be.
/mnt/d/school/w4afAILearn/期末/-/verilog-eval/dataset_spec-to-rtl/Prob149_ece241_2013_q4_test.sv:84: $finish called at 10200 (1ps)
Hint: Output 'fr2' has no mismatches.
Hint: Output 'fr1' has no mismatches.
Hint: Output 'fr0' has no mismatches.
Hint: Output 'dfr' has 1 mismatches. First mismatch occurred at time 55.
Hint: Total mismatched samples is 1 out of 2040 samples

Simulation finished at 10200 ps
Mismatches: 1 in 2040 samples

[attempt 1] → get_debug_hints(error_type='R')
[attempt 1] ← get_debug_hints: Runtime mismatch 常見原因（請逐項對照自己的程式碼）：
1. Timing offset：FSM 有多餘狀態導致輸出慢一 cycle
2. 狀態轉移條件錯誤：if (w) 應為 if (~w) 或反之
3. 組合邏輯錯誤：output 賦值條件遺漏或邏輯反向
4. Reset 初始值不符：state / counter 初始值與規格不符
5. 計數器邊界：off-by-one（計數

[attempt 2] → compile_and_test
module TopModule (
    input clk,
    input reset,
    input [2:0] s,
    output logic fr2,
    output logic fr1,
[attempt 2] ← compile_and_test: R  mismatches=5
VCD info: dumpfile wave.vcd opened for output.
Hint: Your reset should be synchronous, but doesn't appear to be.
/mnt/d/school/w4afAILearn/期末/-/verilog-eval/dataset_spec-to-rtl/Prob149_ece241_2013_q4_test.sv:84: $finish called at 10200 (1ps)
Hint: Output 'fr2' has no mismatches.
Hint: Output 'fr1' has no mismatches.
Hint: Output 'fr0' has no mismatches.
Hint: Output 'dfr' has 5 mismatches. First mismatch occurred at time 20.
Hint: Total mismatched samples is 5 out of 2040 samples

Simulation finished at 10200 ps
Mismatches: 5 in 2040 samples

[attempt 3] → compile_and_test
module TopModule (
    input clk,
    input reset,
    input [2:0] s,
    output logic fr2,
    output logic fr1,
[attempt 3] ← compile_and_test: R  mismatches=817
VCD info: dumpfile wave.vcd opened for output.
Hint: Your reset should be synchronous, but doesn't appear to be.
/mnt/d/school/w4afAILearn/期末/-/verilog-eval/dataset_spec-to-rtl/Prob149_ece241_2013_q4_test.sv:84: $finish called at 10200 (1ps)
Hint: Output 'fr2' has no mismatches.
Hint: Output 'fr1' has no mismatches.
Hint: Output 'fr0' has no mismatches.
Hint: Output 'dfr' has 817 mismatches. First mismatch occurred at time 20.
Hint: Total mismatched samples is 817 out of 2040 samples

Simulation finished at 10200 ps
Mismatches: 817 in 2040 samples

[attempt 4] → compile_and_test
module TopModule (
    input clk,
    input reset,
    input [2:0] s,
    output logic fr2,
    output logic fr1,
[attempt 4] ← compile_and_test: R  mismatches=5
VCD info: dumpfile wave.vcd opened for output.
Hint: Your reset should be synchronous, but doesn't appear to be.
/mnt/d/school/w4afAILearn/期末/-/verilog-eval/dataset_spec-to-rtl/Prob149_ece241_2013_q4_test.sv:84: $finish called at 10200 (1ps)
Hint: Output 'fr2' has no mismatches.
Hint: Output 'fr1' has no mismatches.
Hint: Output 'fr0' has no mismatches.
Hint: Output 'dfr' has 5 mismatches. First mismatch occurred at time 20.
Hint: Total mismatched samples is 5 out of 2040 samples

Simulation finished at 10200 ps
Mismatches: 5 in 2040 samples

[attempt 5] → compile_and_test
module TopModule (
    input clk,
    input reset,
    input [2:0] s,
    output logic fr2,
    output logic fr1,
[attempt 5] ← compile_and_test: R  mismatches=1357
VCD info: dumpfile wave.vcd opened for output.
Hint: Your reset doesn't seem to be working.
/mnt/d/school/w4afAILearn/期末/-/verilog-eval/dataset_spec-to-rtl/Prob149_ece241_2013_q4_test.sv:84: $finish called at 10200 (1ps)
Hint: Output 'fr2' has 312 mismatches. First mismatch occurred at time 10.
Hint: Output 'fr1' has 288 mismatches. First mismatch occurred at time 120.
Hint: Output 'fr0' has 273 mismatches. First mismatch occurred at time 130.
Hint: Output 'dfr' has 817 mismatches. First mismatch occurred at time 20.
Hint: Total mismatched samples is 1357 out of 2040 samples

Simulation finished at 10200 ps
Mismatches: 1357 in 2040 samples