
[attempt 1] → compile_and_test
module TopModule (
    input        sel,
    input  [7:0] a,
    input  [7:0] b,
    output [7:0] out
);
[attempt 1] ← compile_and_test: w
/tmp/tmp3m9z0a3l.sv:10: error: out is not a valid l-value in tb.top_module1.
/tmp/tmp3m9z0a3l.sv:5:      : out is declared here as wire.
/tmp/tmp3m9z0a3l.sv:12: error: out is not a valid l-value in tb.top_module1.
/tmp/tmp3m9z0a3l.sv:5:      : out is declared here as wire.
2 error(s) during elaboration.

[attempt 2] → compile_and_test
module TopModule (
    input        sel,
    input  [7:0] a,
    input  [7:0] b,
    output logic [7:0] out
);
[attempt 2] ← compile_and_test: R  mismatches=111
VCD info: dumpfile wave.vcd opened for output.
/mnt/d/school/w4afAILearn/期末/-/verilog-eval/dataset_spec-to-rtl/Prob062_bugs_mux2_test.sv:47: $finish called at 570 (1ps)
Hint: Output 'out' has 111 mismatches. First mismatch occurred at time 20.
Hint: Total mismatched samples is 111 out of 114 samples

Simulation finished at 570 ps
Mismatches: 111 in 114 samples

[attempt 3] → compile_and_test
module TopModule (
    input        sel,
    input  [7:0] a,
    input  [7:0] b,
    output logic out
);
[attempt 3] ← compile_and_test: R  mismatches=110
VCD info: dumpfile wave.vcd opened for output.
/mnt/d/school/w4afAILearn/期末/-/verilog-eval/dataset_spec-to-rtl/Prob062_bugs_mux2_test.sv:47: $finish called at 570 (1ps)
Hint: Output 'out' has 110 mismatches. First mismatch occurred at time 20.
Hint: Total mismatched samples is 110 out of 114 samples

Simulation finished at 570 ps
Mismatches: 110 in 114 samples

[attempt 4] → compile_and_test
module TopModule (
    input        sel,
    input  [7:0] a,
    input  [7:0] b,
    output logic [7:0] out
);
[attempt 4] ← compile_and_test: R  mismatches=111
VCD info: dumpfile wave.vcd opened for output.
/mnt/d/school/w4afAILearn/期末/-/verilog-eval/dataset_spec-to-rtl/Prob062_bugs_mux2_test.sv:47: $finish called at 570 (1ps)
Hint: Output 'out' has 111 mismatches. First mismatch occurred at time 20.
Hint: Total mismatched samples is 111 out of 114 samples

Simulation finished at 570 ps
Mismatches: 111 in 114 samples

[attempt 5] → compile_and_test
module TopModule (
    input        sel,
    input  [7:0] a,
    input  [7:0] b,
    output logic [7:0] out
);
[attempt 5] ← compile_and_test: R  mismatches=111
VCD info: dumpfile wave.vcd opened for output.
/mnt/d/school/w4afAILearn/期末/-/verilog-eval/dataset_spec-to-rtl/Prob062_bugs_mux2_test.sv:47: $finish called at 570 (1ps)
Hint: Output 'out' has 111 mismatches. First mismatch occurred at time 20.
Hint: Total mismatched samples is 111 out of 114 samples

Simulation finished at 570 ps
Mismatches: 111 in 114 samples