
[attempt 0] → decompose_spec
[attempt 0] ← decompose_spec:
根據題目需求，您可以將該 Verilog 模組的實作拆解為以下 5 個子目標：

1. 定義 `TopModule` 模組介面，包含 `clk`、`L`、`q_in`、`r_in` 作為輸入以及 `Q` 作為輸出。
2. 在模組內部宣告一個 1-bit 的暫存器（register）作為 flip-flop 的狀態儲存元件。
3. 使用 `always @(posedge clk)` 區塊建立時序邏輯，確保狀態在每個時脈邊緣更新。
4. 在時序邏輯內部實作 2:1 多工器邏輯：當 `L` 為 1 時載入 `r_in`，否則載入 `q_in`。
5. 將內部暫存器的值持續指派（assign）給輸出埠 `Q`，完成模組功能。

[attempt 1] → compile_and_test
module TopModule (
    input clk,
    input L,
    input q_in,
    input r_in,
    output Q
[attempt 1] ← compile_and_test: R  mismatches=1
VCD info: dumpfile wave.vcd opened for output.
/mnt/d/school/w4afAILearn/期末/-/verilog-eval/dataset_spec-to-rtl/Prob104_mt2015_muxdff_test.sv:21: $finish called at 996 (1ps)
Hint: Output 'Q' has 1 mismatches. First mismatch occurred at time 5.
Hint: Total mismatched samples is 1 out of 199 samples

Simulation finished at 996 ps
Mismatches: 1 in 199 samples