
[attempt 0] → decompose_spec
[attempt 0] ← decompose_spec:
為了完成這個邏輯設計題目，建議將步驟分解為以下 5 個子目標：

1. 繪製真值表並標註所有輸入組合 (0-15) 的輸出值，包括指定的 1、0 及 Don't Care (x) 項。
2. 使用卡諾圖 (K-Map) 進行 SOP 化簡，並根據化簡後的布林函數編寫 Verilog 組合邏輯程式碼。
3. 使用卡諾圖 (K-Map) 對 0 的補數進行化簡，透過對偶原則轉換為 POS 形式並編寫 Verilog 程式碼。
4. 在 `TopModule` 中整合這兩組邏輯，將 SOP 與 POS 的結果分別賦值給 `out_sop` 與 `out_pos`。
5. 編寫 Testbench 對所有輸入組合進行模擬驗證，確保輸出符合邏輯規格。

[attempt 1] → compile_and_test
module TopModule (
    input  a,
    input  b,
    input  c,
    input  d,
    output out_sop,
[attempt 1] ← compile_and_test: w
/tmp/tmpy_4qbsuq.sv:57: error: out_sop is not a valid l-value in tb.top_module1.
/tmp/tmpy_4qbsuq.sv:6:      : out_sop is declared here as wire.
/tmp/tmpy_4qbsuq.sv:58: error: out_pos is not a valid l-value in tb.top_module1.
/tmp/tmpy_4qbsuq.sv:7:      : out_pos is declared here as wire.
/tmp/tmpy_4qbsuq.sv:56: warning: @* found no sensitivities so it will never trigger.
2 error(s) during elaboration.

[attempt 1] → get_debug_hints(error_type='R')
[attempt 1] ← get_debug_hints: Runtime mismatch 常見原因（請逐項對照自己的程式碼）：
1. Timing offset：FSM 有多餘狀態導致輸出慢一 cycle
2. 狀態轉移條件錯誤：if (w) 應為 if (~w) 或反之
3. 組合邏輯錯誤：output 賦值條件遺漏或邏輯反向
4. Reset 初始值不符：state / counter 初始值與規格不符
5. 計數器邊界：off-by-one（計數

[attempt 2] → compile_and_test
module TopModule (
    input  a,
    input  b,
    input  c,
    input  d,
    output out_sop,
[attempt 2] ← compile_and_test: R  mismatches=30
VCD info: dumpfile wave.vcd opened for output.
/mnt/d/school/w4afAILearn/期末/-/verilog-eval/dataset_spec-to-rtl/Prob070_ece241_2013_q2_test.sv:63: $finish called at 535 (1ps)
Hint: Output 'out_sop' has 3 mismatches. First mismatch occurred at time 250.
Hint: Output 'out_pos' has 27 mismatches. First mismatch occurred at time 80.
Hint: Total mismatched samples is 30 out of 107 samples

Simulation finished at 535 ps
Mismatches: 30 in 107 samples

[attempt 3] → compile_and_test
module TopModule (
    input  a,
    input  b,
    input  c,
    input  d,
    output out_sop,
[attempt 3] ← compile_and_test: R  mismatches=30
VCD info: dumpfile wave.vcd opened for output.
/mnt/d/school/w4afAILearn/期末/-/verilog-eval/dataset_spec-to-rtl/Prob070_ece241_2013_q2_test.sv:63: $finish called at 535 (1ps)
Hint: Output 'out_sop' has 3 mismatches. First mismatch occurred at time 250.
Hint: Output 'out_pos' has 27 mismatches. First mismatch occurred at time 80.
Hint: Total mismatched samples is 30 out of 107 samples

Simulation finished at 535 ps
Mismatches: 30 in 107 samples

[attempt 4] → compile_and_test
module TopModule (
    input  a,
    input  b,
    input  c,
    input  d,
    output out_sop,
[attempt 4] ← compile_and_test: R  mismatches=30
VCD info: dumpfile wave.vcd opened for output.
/mnt/d/school/w4afAILearn/期末/-/verilog-eval/dataset_spec-to-rtl/Prob070_ece241_2013_q2_test.sv:63: $finish called at 535 (1ps)
Hint: Output 'out_sop' has 3 mismatches. First mismatch occurred at time 250.
Hint: Output 'out_pos' has 27 mismatches. First mismatch occurred at time 80.
Hint: Total mismatched samples is 30 out of 107 samples

Simulation finished at 535 ps
Mismatches: 30 in 107 samples

[attempt 5] → compile_and_test
module TopModule (
    input  a,
    input  b,
    input  c,
    input  d,
    output out_sop,
[attempt 5] ← compile_and_test: R  mismatches=30
VCD info: dumpfile wave.vcd opened for output.
/mnt/d/school/w4afAILearn/期末/-/verilog-eval/dataset_spec-to-rtl/Prob070_ece241_2013_q2_test.sv:63: $finish called at 535 (1ps)
Hint: Output 'out_sop' has 3 mismatches. First mismatch occurred at time 250.
Hint: Output 'out_pos' has 27 mismatches. First mismatch occurred at time 80.
Hint: Total mismatched samples is 30 out of 107 samples

Simulation finished at 535 ps
Mismatches: 30 in 107 samples