
[attempt 1] → compile_and_test
module TopModule (
    input [2:0] y,
    input w,
    output Y1
);

[attempt 1] ← compile_and_test: R  mismatches=45
VCD info: dumpfile wave.vcd opened for output.
/mnt/d/school/w4afAILearn/期末/-/verilog-eval/dataset_spec-to-rtl/Prob135_m2014_q6b_test.sv:17: $finish called at 501 (1ps)
Hint: Output 'Y1' has 45 mismatches. First mismatch occurred at time 10.
Hint: Total mismatched samples is 45 out of 100 samples

Simulation finished at 501 ps
Mismatches: 45 in 100 samples

[attempt 1] → decompose_spec
[attempt 1] ← decompose_spec:
以下是針對該狀態機實現 `y[1]` 下一狀態邏輯的分解步驟：

1. 根據狀態轉移表，列出所有當前狀態 (y2, y1, y0) 與輸入 (w) 對應的下一狀態 (next_y2, next_y1, next_y0) 真值表。
2. 從真值表中提取所有包含 `next_y1` 為 1 的組合，並編寫出 `next_y1` 的布林代數表達式（或卡諾圖）。
3. 使用卡諾圖化簡該布林表達式，以獲得針對 `y[1]` 的最佳化組合邏輯電路方程式。
4. 使用 Verilog 的 `assign` 語句或 `always` 組合邏輯塊，編寫實現該邏輯方程式的程式碼。

[attempt 2] → compile_and_test
module TopModule (
    input [2:0] y,
    input w,
    output Y1
);

[attempt 2] ← compile_and_test: .

[attempt 2] → synthesize
[attempt 2] ← synthesize: Y