
[attempt 1] → compile_and_test
module TopModule(
    input clock,
    input a,
    output p,
    output q
);
[attempt 1] ← compile_and_test: R  mismatches=186
VCD info: dumpfile wave.vcd opened for output.
/mnt/d/school/w4afAILearn/期末/-/verilog-eval/dataset_spec-to-rtl/Prob145_circuit8_test.sv:45: $finish called at 1200 (1ps)
Hint: Output 'p' has 112 mismatches. First mismatch occurred at time 90.
Hint: Output 'q' has 127 mismatches. First mismatch occurred at time 60.
Hint: Total mismatched samples is 186 out of 240 samples

Simulation finished at 1200 ps
Mismatches: 186 in 240 samples

[attempt 1] → get_debug_hints(error_type='R')
[attempt 1] ← get_debug_hints: Runtime mismatch 常見原因（請逐項對照自己的程式碼）：
1. Timing offset：FSM 有多餘狀態導致輸出慢一 cycle
2. 狀態轉移條件錯誤：if (w) 應為 if (~w) 或反之
3. 組合邏輯錯誤：output 賦值條件遺漏或邏輯反向
4. Reset 初始值不符：state / counter 初始值與規格不符
5. 計數器邊界：off-by-one（計數

[attempt 2] → compile_and_test
module TopModule(
    input clock,
    input a,
    output p,
    output q
);
[attempt 2] ← compile_and_test: R  mismatches=145
VCD info: dumpfile wave.vcd opened for output.
/mnt/d/school/w4afAILearn/期末/-/verilog-eval/dataset_spec-to-rtl/Prob145_circuit8_test.sv:45: $finish called at 1200 (1ps)
Hint: Output 'p' has 113 mismatches. First mismatch occurred at time 75.
Hint: Output 'q' has 110 mismatches. First mismatch occurred at time 75.
Hint: Total mismatched samples is 145 out of 240 samples

Simulation finished at 1200 ps
Mismatches: 145 in 240 samples

[attempt 3] → compile_and_test
module TopModule(
    input clock,
    input a,
    output p,
    output q
);
[attempt 3] ← compile_and_test: S
/tmp/tmpplvd_qj0.sv:17: syntax error
/tmp/tmpplvd_qj0.sv:17: error: Syntax error in continuous assignment

[attempt 4] → compile_and_test
module TopModule(
    input clock,
    input a,
    output p,
    output q
);
[attempt 4] ← compile_and_test: R  mismatches=110
VCD info: dumpfile wave.vcd opened for output.
/mnt/d/school/w4afAILearn/期末/-/verilog-eval/dataset_spec-to-rtl/Prob145_circuit8_test.sv:45: $finish called at 1200 (1ps)
Hint: Output 'p' has no mismatches.
Hint: Output 'q' has 110 mismatches. First mismatch occurred at time 75.
Hint: Total mismatched samples is 110 out of 240 samples

Simulation finished at 1200 ps
Mismatches: 110 in 240 samples

[attempt 5] → compile_and_test
module TopModule(
    input clock,
    input a,
    output p,
    output q
);
[attempt 5] ← compile_and_test: R  mismatches=31
VCD info: dumpfile wave.vcd opened for output.
/mnt/d/school/w4afAILearn/期末/-/verilog-eval/dataset_spec-to-rtl/Prob145_circuit8_test.sv:45: $finish called at 1200 (1ps)
Hint: Output 'p' has no mismatches.
Hint: Output 'q' has 31 mismatches. First mismatch occurred at time 75.
Hint: Total mismatched samples is 31 out of 240 samples

Simulation finished at 1200 ps
Mismatches: 31 in 240 samples