
[attempt 1] → compile_and_test
module TopModule(
    input x,
    input y,
    output z
);
    // Truth table analysis:
[attempt 1] ← compile_and_test: w
/tmp/tmpa6dt87br.sv:15: error: z is not a valid l-value in tb.top_module1.
/tmp/tmpa6dt87br.sv:4:      : z is declared here as wire.
1 error(s) during elaboration.

[attempt 2] → compile_and_test
module TopModule(
    input x,
    input y,
    output logic z
);
    // Truth table analysis:
[attempt 2] ← compile_and_test: .

[attempt 2] → synthesize
[attempt 2] ← synthesize: Y