
[attempt 1] → compile_and_test
module TopModule (
    input  a,
    input  b,
    output out
);
    always @(*) begin
[attempt 1] ← compile_and_test: w
/tmp/tmpqjklx25p.sv:7: error: out is not a valid l-value in tb.top_module1.
/tmp/tmpqjklx25p.sv:4:      : out is declared here as wire.
1 error(s) during elaboration.

[attempt 2] → compile_and_test
module TopModule (
    input  a,
    input  b,
    output logic out
);
    always @(*) begin
[attempt 2] ← compile_and_test: .

[attempt 2] → synthesize
[attempt 2] ← synthesize: Y