
[attempt 0] → decompose_spec
[attempt 0] ← decompose_spec:
為了完成此 HDLC 幀處理的 FSM 設計，建議將任務分解為以下五個子目標：

1. 定義 Moore 型 FSM 的狀態集合（State Encoding），包含初始狀態、偵測 1 到 7 個連續 1 的狀態，以及錯誤鎖定狀態。
2. 實作組合邏輯部分，根據當前狀態與輸入 `in`，決定下一個狀態的轉移邏輯，確保能正確區分 5 個 1 後的 0（discard）、6 個 1 後的 0（flag）及超過 7 個 1（error）。
3. 實作同步時序邏輯，將 FSM 更新至下一個狀態，並在 `reset` 為高電位時將狀態重置為「先前輸入為 0」的初始狀態。
4. 實作輸出邏輯，根據 FSM 目前所處的狀態，在下一個時脈週期分別輸出正確的 `disc`、`flag` 與 `err` 訊號。
5. 建立測試平台（Testbench）驗證多種情境，包含正常的資料流、插入 0 的情境、正確的旗標偵測以及 7 個 1 以上的錯誤情況。

[attempt 1] → compile_and_test
module TopModule(
    input clk,
    input reset,
    input in,
    output logic disc,
    output logic flag,
[attempt 1] ← compile_and_test: e
/tmp/tmp6577589h.sv:38: error: This assignment requires an explicit cast.
/tmp/tmp6577589h.sv:39: error: This assignment requires an explicit cast.
/tmp/tmp6577589h.sv:40: error: This assignment requires an explicit cast.
/tmp/tmp6577589h.sv:41: error: This assignment requires an explicit cast.
/tmp/tmp6577589h.sv:42: error: This assignment requires an explicit cast.
/tmp/tmp6577589h.sv:43: error: This assignment requires an explicit cast.
/tmp/tmp6577589h.sv:44: error: This assignment requires an explicit cast.
/tmp/tmp6577589h.sv:45: error: This assignment requires an explicit cast.
8 error(s) during elaboration.