
[attempt 1] → compile_and_test
module TopModule (
    input clk,
    input reset,
    input ena,
    output logic pm,
    output logic [7:0] hh,
[attempt 1] ← compile_and_test: R  mismatches=177947
VCD info: dumpfile wave.vcd opened for output.
TIMEOUT
/mnt/d/school/w4afAILearn/期末/-/verilog-eval/dataset_spec-to-rtl/Prob141_count_clock_test.sv:261: $finish called at 1000000 (1ps)
Hint: Output 'pm' has 105947 mismatches. First mismatch occurred at time 182270.
Hint: Output 'hh' has 177947 mismatches. First mismatch occurred at time 110270.
Hint: Output 'mm' has no mismatches.
Hint: Output 'ss' has no mismatches.
Hint: Total mismatched samples is 177947 out of 200000 samples

Simulation finished at 1000000 ps
Mismatches: 177947 in 200000 samples

[attempt 1] → get_debug_hints(error_type='R')
[attempt 1] ← get_debug_hints: Runtime mismatch 常見原因（請逐項對照自己的程式碼）：
1. Timing offset：FSM 有多餘狀態導致輸出慢一 cycle
2. 狀態轉移條件錯誤：if (w) 應為 if (~w) 或反之
3. 組合邏輯錯誤：output 賦值條件遺漏或邏輯反向
4. Reset 初始值不符：state / counter 初始值與規格不符
5. 計數器邊界：off-by-one（計數

[attempt 2] → compile_and_test
module TopModule (
    input clk,
    input reset,
    input ena,
    output logic pm,
    output logic [7:0] hh,
[attempt 2] ← compile_and_test: .

[attempt 2] → synthesize
[attempt 2] ← synthesize: Y