
[attempt 1] → compile_and_test
module TopModule (
    input [99:0] in,
    output out_and,
    output out_or,
    output out_xor
);
[attempt 1] ← compile_and_test: w
/tmp/tmpfs2x07j_.sv:9: error: out_and is not a valid l-value in tb.top_module1.
/tmp/tmpfs2x07j_.sv:3:      : out_and is declared here as wire.
/tmp/tmpfs2x07j_.sv:10: error: out_or is not a valid l-value in tb.top_module1.
/tmp/tmpfs2x07j_.sv:4:      : out_or is declared here as wire.
/tmp/tmpfs2x07j_.sv:11: error: out_xor is not a valid l-value in tb.top_module1.
/tmp/tmpfs2x07j_.sv:5:      : out_xor is declared here as wire.
/tmp/tmpfs2x07j_.sv:8: warning: @* found no sensitivities so it will never trigger.
3 error(s) during elaboration.

[attempt 1] → get_debug_hints(error_type='w')
[attempt 1] ← get_debug_hints: Declared as wire：對宣告為 wire 的訊號做程序性賦值（在 always 區塊內賦值）。
修正方式：
1. 將該訊號的宣告從 wire 改為 logic
2. 若已使用 logic 宣告但仍報此錯，確認沒有重複宣告
3. 建議使用 logic，不使用 wire 或 reg

[attempt 2] → compile_and_test
module TopModule (
    input [99:0] in,
    output logic out_and,
    output logic out_or,
    output logic out_xor
);
[attempt 2] ← compile_and_test: .

[attempt 2] → synthesize
[attempt 2] ← synthesize: Y