
[attempt 1] → compile_and_test
module TopModule (
    input clk,
    input resetn,
    input x,
    input y,
    output logic f,
[attempt 1] ← compile_and_test: R  mismatches=240
VCD info: dumpfile wave.vcd opened for output.
/mnt/d/school/w4afAILearn/期末/-/verilog-eval/dataset_spec-to-rtl/Prob139_2013_q2bfsm_test.sv:24: $finish called at 5011 (1ps)
Hint: Output 'f' has no mismatches.
Hint: Output 'g' has 240 mismatches. First mismatch occurred at time 1970.
Hint: Total mismatched samples is 240 out of 1002 samples

Simulation finished at 5011 ps
Mismatches: 240 in 1002 samples

[attempt 1] → get_debug_hints(error_type='R')
[attempt 1] ← get_debug_hints: Runtime mismatch 常見原因（請逐項對照自己的程式碼）：
1. Timing offset：FSM 有多餘狀態導致輸出慢一 cycle
2. 狀態轉移條件錯誤：if (w) 應為 if (~w) 或反之
3. 組合邏輯錯誤：output 賦值條件遺漏或邏輯反向
4. Reset 初始值不符：state / counter 初始值與規格不符
5. 計數器邊界：off-by-one（計數

[attempt 2] → compile_and_test
module TopModule (
    input clk,
    input resetn,
    input x,
    input y,
    output logic f,
[attempt 2] ← compile_and_test: R  mismatches=240
VCD info: dumpfile wave.vcd opened for output.
/mnt/d/school/w4afAILearn/期末/-/verilog-eval/dataset_spec-to-rtl/Prob139_2013_q2bfsm_test.sv:24: $finish called at 5011 (1ps)
Hint: Output 'f' has no mismatches.
Hint: Output 'g' has 240 mismatches. First mismatch occurred at time 1970.
Hint: Total mismatched samples is 240 out of 1002 samples

Simulation finished at 5011 ps
Mismatches: 240 in 1002 samples

[attempt 3] → compile_and_test
module TopModule (
    input clk,
    input resetn,
    input x,
    input y,
    output logic f,
[attempt 3] ← compile_and_test: R  mismatches=240
VCD info: dumpfile wave.vcd opened for output.
/mnt/d/school/w4afAILearn/期末/-/verilog-eval/dataset_spec-to-rtl/Prob139_2013_q2bfsm_test.sv:24: $finish called at 5011 (1ps)
Hint: Output 'f' has no mismatches.
Hint: Output 'g' has 240 mismatches. First mismatch occurred at time 1970.
Hint: Total mismatched samples is 240 out of 1002 samples

Simulation finished at 5011 ps
Mismatches: 240 in 1002 samples

[attempt 4] → compile_and_test
module TopModule (
    input clk,
    input resetn,
    input x,
    input y,
    output logic f,
[attempt 4] ← compile_and_test: R  mismatches=240
VCD info: dumpfile wave.vcd opened for output.
/mnt/d/school/w4afAILearn/期末/-/verilog-eval/dataset_spec-to-rtl/Prob139_2013_q2bfsm_test.sv:24: $finish called at 5011 (1ps)
Hint: Output 'f' has no mismatches.
Hint: Output 'g' has 240 mismatches. First mismatch occurred at time 1970.
Hint: Total mismatched samples is 240 out of 1002 samples

Simulation finished at 5011 ps
Mismatches: 240 in 1002 samples

[attempt 5] → compile_and_test
module TopModule (
    input clk,
    input resetn,
    input x,
    input y,
    output logic f,
[attempt 5] ← compile_and_test: R  mismatches=240
VCD info: dumpfile wave.vcd opened for output.
/mnt/d/school/w4afAILearn/期末/-/verilog-eval/dataset_spec-to-rtl/Prob139_2013_q2bfsm_test.sv:24: $finish called at 5011 (1ps)
Hint: Output 'f' has no mismatches.
Hint: Output 'g' has 240 mismatches. First mismatch occurred at time 1970.
Hint: Total mismatched samples is 240 out of 1002 samples

Simulation finished at 5011 ps
Mismatches: 240 in 1002 samples