
[attempt 0] → decompose_spec
[attempt 0] ← decompose_spec:
針對此 Verilog 電路設計題目，建議將開發流程分解為以下 4 個具體子目標：

1. 將卡諾圖 (K-map) 轉換為真值表，並將「不關心項目 (don't-care)」指定為 0 或 1 以簡化邏輯表達式。
2. 利用布林代數或卡諾圖化簡技巧，導出輸出訊號 `f` 的邏輯方程式。
3. 編寫 Verilog 模組 `TopModule`，依照輸入 `x[3:0]` 與輸出 `f` 的定義進行埠宣告。
4. 在模組中使用組合邏輯 (assign 語句或 logic 運算子) 實作步驟 2 所得的邏輯方程式。

[attempt 1] → compile_and_test
module TopModule(
    input logic [3:0] x,
    output logic f
);
    // K-map (x3 x4 | x1 x2)
    //        00 01 11 10
[attempt 1] ← compile_and_test: R  mismatches=33
VCD info: dumpfile wave.vcd opened for output.
/mnt/d/school/w4afAILearn/期末/-/verilog-eval/dataset_spec-to-rtl/Prob116_m2014_q3_test.sv:16: $finish called at 501 (1ps)
Hint: Output 'f' has 33 mismatches. First mismatch occurred at time 10.
Hint: Total mismatched samples is 33 out of 100 samples

Simulation finished at 501 ps
Mismatches: 33 in 100 samples