
[attempt 0] → decompose_spec
[attempt 0] ← decompose_spec:
為了完成這個 Verilog 模組設計，建議將工作拆解為以下四個子目標：

1. **處理無關項 (Don't-cares)：** 根據邏輯設計原則將地圖中的所有 'd' 賦值為 0 或 1，以優化邏輯表達式。
2. **推導布林邏輯表達式：** 使用卡諾圖 (K-map) 進行化簡，根據已確定的數值推導出 f 的最小化邏輯公式。
3. **編寫 Verilog 模組架構：** 定義 `TopModule` 的埠口 (input x[3:0], output f)，並確認輸入順序對應到卡諾圖的座標。
4. **實現邏輯並驗證：** 將推導出的布林運算式以連續賦值 (assign) 或邏輯閘方式寫入模組，並確保其正確反映卡諾圖結果。

[attempt 1] → compile_and_test
module TopModule (
    input [3:0] x,
    output f
);
    // x[3] = x[3], x[4] = x[2], x[1] = x[1], x[2] = x[0] based on standard K-map indexing:
    // map labels: x[3]x[4] | x[1]x[2]
[attempt 1] ← compile_and_test: R  mismatches=33
VCD info: dumpfile wave.vcd opened for output.
/mnt/d/school/w4afAILearn/期末/-/verilog-eval/dataset_spec-to-rtl/Prob116_m2014_q3_test.sv:16: $finish called at 501 (1ps)
Hint: Output 'f' has 33 mismatches. First mismatch occurred at time 10.
Hint: Total mismatched samples is 33 out of 100 samples

Simulation finished at 501 ps
Mismatches: 33 in 100 samples

[attempt 2] → compile_and_test
module TopModule (
    input [3:0] x,
    output f
);
    // Re-evaluating K-map with bits x[3], x[2], x[1], x[0]
    // x[3], x[2] are rows, x[1], x[0] are columns.
[attempt 2] ← compile_and_test: R  mismatches=17
VCD info: dumpfile wave.vcd opened for output.
/mnt/d/school/w4afAILearn/期末/-/verilog-eval/dataset_spec-to-rtl/Prob116_m2014_q3_test.sv:16: $finish called at 501 (1ps)
Hint: Output 'f' has 17 mismatches. First mismatch occurred at time 10.
Hint: Total mismatched samples is 17 out of 100 samples

Simulation finished at 501 ps
Mismatches: 17 in 100 samples

[attempt 3] → compile_and_test
module TopModule (
    input [3:0] x,
    output f
);
    // K-map labels:
    // x3 x4 (rows), x1 x2 (cols)
[attempt 3] ← compile_and_test: R  mismatches=13
VCD info: dumpfile wave.vcd opened for output.
/mnt/d/school/w4afAILearn/期末/-/verilog-eval/dataset_spec-to-rtl/Prob116_m2014_q3_test.sv:16: $finish called at 501 (1ps)
Hint: Output 'f' has 13 mismatches. First mismatch occurred at time 10.
Hint: Total mismatched samples is 13 out of 100 samples

Simulation finished at 501 ps
Mismatches: 13 in 100 samples

[attempt 4] → compile_and_test
module TopModule (
    input [3:0] x,
    output f
);
    // K-map given:
    //         x[1]x[2]
[attempt 4] ← compile_and_test: R  mismatches=31
VCD info: dumpfile wave.vcd opened for output.
/mnt/d/school/w4afAILearn/期末/-/verilog-eval/dataset_spec-to-rtl/Prob116_m2014_q3_test.sv:16: $finish called at 501 (1ps)
Hint: Output 'f' has 31 mismatches. First mismatch occurred at time 10.
Hint: Total mismatched samples is 31 out of 100 samples

Simulation finished at 501 ps
Mismatches: 31 in 100 samples

[attempt 5] → compile_and_test
module TopModule (
    input [3:0] x,
    output f
);
    // Based on K-map rows: x[3]x[4], cols: x[1]x[2]
    // Let's use x[3] as MSB of row, x[4] as LSB of row, x[1] as MSB of col, x[2] as LSB of col
[attempt 5] ← compile_and_test: R  mismatches=23
VCD info: dumpfile wave.vcd opened for output.
/mnt/d/school/w4afAILearn/期末/-/verilog-eval/dataset_spec-to-rtl/Prob116_m2014_q3_test.sv:16: $finish called at 501 (1ps)
Hint: Output 'f' has 23 mismatches. First mismatch occurred at time 10.
Hint: Total mismatched samples is 23 out of 100 samples

Simulation finished at 501 ps
Mismatches: 23 in 100 samples