
[attempt 0] → decompose_spec
[attempt 0] ← decompose_spec:
根據您的邏輯分析，請依照以下 4 個步驟完成 Verilog 設計：

1. 定義 `TopModule` 的介面，包含輸入埠 `c`, `d` 以及輸出埠 `mux_in[3:0]`。
2. 根據邏輯分析，編寫 `mux_in` 的邏輯分配：`mux_in[0] = c | d` (對應 ab=00)、`mux_in[1] = 0` (對應 ab=01)、`mux_in[2] = c & d` (對應 ab=11)、`mux_in[3] = ~(c ^ d)` (對應 ab=10)。
3. 設計一個 4-to-1 MUX 模組，將 `mux_in` 作為四個輸入，並根據選擇訊號 `a`, `b` 輸出對應的 `mux_in` 值。
4. 在 `TopModule` 中實例化上述 MUX 模組，並將 `mux_in` 的邏輯輸出連接至 MUX 的輸入端，完成頂層電路整合。

[attempt 1] → compile_and_test
module TopModule (
    input c,
    input d,
    output [3:0] mux_in
);
    // Based on K-map analysis:
[attempt 1] ← compile_and_test: R  mismatches=38
VCD info: dumpfile wave.vcd opened for output.
/mnt/d/school/w4afAILearn/期末/-/verilog-eval/dataset_spec-to-rtl/Prob093_ece241_2014_q3_test.sv:38: $finish called at 300 (1ps)
Hint: Output 'mux_in' has 38 mismatches. First mismatch occurred at time 5.
Hint: Total mismatched samples is 38 out of 60 samples

Simulation finished at 300 ps
Mismatches: 38 in 60 samples

[attempt 1] → get_debug_hints(error_type='R')
[attempt 1] ← get_debug_hints: Runtime mismatch 常見原因（請逐項對照自己的程式碼）：
1. Timing offset：FSM 有多餘狀態導致輸出慢一 cycle
2. 狀態轉移條件錯誤：if (w) 應為 if (~w) 或反之
3. 組合邏輯錯誤：output 賦值條件遺漏或邏輯反向
4. Reset 初始值不符：state / counter 初始值與規格不符
5. 計數器邊界：off-by-one（計數

[attempt 2] → compile_and_test
module TopModule (
    input c,
    input d,
    output [3:0] mux_in
);
    // K-map:
[attempt 2] ← compile_and_test: R  mismatches=38
VCD info: dumpfile wave.vcd opened for output.
/mnt/d/school/w4afAILearn/期末/-/verilog-eval/dataset_spec-to-rtl/Prob093_ece241_2014_q3_test.sv:38: $finish called at 300 (1ps)
Hint: Output 'mux_in' has 38 mismatches. First mismatch occurred at time 5.
Hint: Total mismatched samples is 38 out of 60 samples

Simulation finished at 300 ps
Mismatches: 38 in 60 samples

[attempt 3] → compile_and_test
module TopModule (
    input c,
    input d,
    output [3:0] mux_in
);
    // Let's re-verify the K-map mapping:
[attempt 3] ← compile_and_test: R  mismatches=38
VCD info: dumpfile wave.vcd opened for output.
/mnt/d/school/w4afAILearn/期末/-/verilog-eval/dataset_spec-to-rtl/Prob093_ece241_2014_q3_test.sv:38: $finish called at 300 (1ps)
Hint: Output 'mux_in' has 38 mismatches. First mismatch occurred at time 5.
Hint: Total mismatched samples is 38 out of 60 samples

Simulation finished at 300 ps
Mismatches: 38 in 60 samples

[attempt 4] → compile_and_test
module TopModule (
    input c,
    input d,
    output [3:0] mux_in
);
    // Let's reconsider the mapping:
[attempt 4] ← compile_and_test: R  mismatches=38
VCD info: dumpfile wave.vcd opened for output.
/mnt/d/school/w4afAILearn/期末/-/verilog-eval/dataset_spec-to-rtl/Prob093_ece241_2014_q3_test.sv:38: $finish called at 300 (1ps)
Hint: Output 'mux_in' has 38 mismatches. First mismatch occurred at time 5.
Hint: Total mismatched samples is 38 out of 60 samples

Simulation finished at 300 ps
Mismatches: 38 in 60 samples

[attempt 5] → compile_and_test
module TopModule (
    input c,
    input d,
    output [3:0] mux_in
);
    // Based on the assumption that mux_in[0..3] corresponds to ab=00, 01, 10, 11
[attempt 5] ← compile_and_test: R  mismatches=27
VCD info: dumpfile wave.vcd opened for output.
/mnt/d/school/w4afAILearn/期末/-/verilog-eval/dataset_spec-to-rtl/Prob093_ece241_2014_q3_test.sv:38: $finish called at 300 (1ps)
Hint: Output 'mux_in' has 27 mismatches. First mismatch occurred at time 40.
Hint: Total mismatched samples is 27 out of 60 samples

Simulation finished at 300 ps
Mismatches: 27 in 60 samples