
[attempt 0] → decompose_spec
[attempt 0] ← decompose_spec:
這裡將設計任務分解為 5 個具體的子目標：

1. 定義狀態機（FSM）並建立計數器以處理 8 位元資料的採樣與時序同步。
2. 實作 Idle 狀態邏輯，偵測輸入訊號從 '1' 跳變至 '0' 的起始位元（Start Bit）。
3. 實作資料接收邏輯，在採樣週期內依序移入（Shift-in）8 位元資料至暫存器。
4. 實作停止位元（Stop Bit）驗證機制，判斷訊號是否為 '1' 以觸發完成訊號（Done）。
5. 實作錯誤處理邏輯與輸出暫存器，確保在停止位元錯誤時能自動重置並返回 Idle 狀態。

[attempt 1] → compile_and_test
module TopModule (
    input logic clk,
    input logic in,
    input logic reset,
    output logic [7:0] out_byte,
    output logic done
[attempt 1] ← compile_and_test: R  mismatches=40
VCD info: dumpfile wave.vcd opened for output.
/mnt/d/school/w4afAILearn/期末/-/verilog-eval/dataset_spec-to-rtl/Prob146_fsm_serialdata_test.sv:45: $finish called at 4526 (1ps)
Hint: Output 'out_byte' has 14 mismatches. First mismatch occurred at time 850.
Hint: Output 'done' has 40 mismatches. First mismatch occurred at time 210.
Hint: Total mismatched samples is 40 out of 905 samples

Simulation finished at 4526 ps
Mismatches: 40 in 905 samples

[attempt 1] → get_debug_hints(error_type='R')
[attempt 1] ← get_debug_hints: Runtime mismatch 常見原因（請逐項對照自己的程式碼）：
1. Timing offset：FSM 有多餘狀態導致輸出慢一 cycle
2. 狀態轉移條件錯誤：if (w) 應為 if (~w) 或反之
3. 組合邏輯錯誤：output 賦值條件遺漏或邏輯反向
4. Reset 初始值不符：state / counter 初始值與規格不符
5. 計數器邊界：off-by-one（計數

[attempt 2] → compile_and_test
module TopModule (
    input logic clk,
    input logic in,
    input logic reset,
    output logic [7:0] out_byte,
    output logic done
[attempt 2] ← compile_and_test: R  mismatches=28
VCD info: dumpfile wave.vcd opened for output.
/mnt/d/school/w4afAILearn/期末/-/verilog-eval/dataset_spec-to-rtl/Prob146_fsm_serialdata_test.sv:45: $finish called at 4526 (1ps)
Hint: Output 'out_byte' has no mismatches.
Hint: Output 'done' has 28 mismatches. First mismatch occurred at time 320.
Hint: Total mismatched samples is 28 out of 905 samples

Simulation finished at 4526 ps
Mismatches: 28 in 905 samples

[attempt 3] → compile_and_test
module TopModule (
    input logic clk,
    input logic in,
    input logic reset,
    output logic [7:0] out_byte,
    output logic done
[attempt 3] ← compile_and_test: R  mismatches=28
VCD info: dumpfile wave.vcd opened for output.
/mnt/d/school/w4afAILearn/期末/-/verilog-eval/dataset_spec-to-rtl/Prob146_fsm_serialdata_test.sv:45: $finish called at 4526 (1ps)
Hint: Output 'out_byte' has no mismatches.
Hint: Output 'done' has 28 mismatches. First mismatch occurred at time 320.
Hint: Total mismatched samples is 28 out of 905 samples

Simulation finished at 4526 ps
Mismatches: 28 in 905 samples

[attempt 4] → compile_and_test
module TopModule (
    input logic clk,
    input logic in,
    input logic reset,
    output logic [7:0] out_byte,
    output logic done
[attempt 4] ← compile_and_test: R  mismatches=28
VCD info: dumpfile wave.vcd opened for output.
/mnt/d/school/w4afAILearn/期末/-/verilog-eval/dataset_spec-to-rtl/Prob146_fsm_serialdata_test.sv:45: $finish called at 4526 (1ps)
Hint: Output 'out_byte' has no mismatches.
Hint: Output 'done' has 28 mismatches. First mismatch occurred at time 320.
Hint: Total mismatched samples is 28 out of 905 samples

Simulation finished at 4526 ps
Mismatches: 28 in 905 samples

[attempt 5] → compile_and_test
module TopModule (
    input logic clk,
    input logic in,
    input logic reset,
    output logic [7:0] out_byte,
    output logic done
[attempt 5] ← compile_and_test: R  mismatches=20
VCD info: dumpfile wave.vcd opened for output.
/mnt/d/school/w4afAILearn/期末/-/verilog-eval/dataset_spec-to-rtl/Prob146_fsm_serialdata_test.sv:45: $finish called at 4526 (1ps)
Hint: Output 'out_byte' has 8 mismatches. First mismatch occurred at time 850.
Hint: Output 'done' has 20 mismatches. First mismatch occurred at time 820.
Hint: Total mismatched samples is 20 out of 905 samples

Simulation finished at 4526 ps
Mismatches: 20 in 905 samples