
[attempt 0] → decompose_spec
[attempt 0] ← decompose_spec:
為了實現這個序列接收器（Serial Receiver），你可以將開發過程分解為以下 5 個具體子目標：

1. 設計狀態機（FSM）架構，定義 IDLE、START、DATA、STOP 及 ERROR 等狀態以處理接收流程。
2. 實作位元計數器與移位暫存器，確保能準確捕捉並儲存 8 位元資料（LSB first）。
3. 加入起始位元（0）的偵測邏輯，並在檢測到下降緣後準確進入資料接收狀態。
4. 實作停止位元（1）的驗證機制，並加入錯誤處理邏輯，確保只有正確接收時才輸出 done。
5. 整合所有邏輯並加入同步重置（Synchronous Reset）電路，完成測試平台的驗證。

[attempt 1] → compile_and_test
module TopModule (
    input clk,
    input reset,
    input in,
    output logic done
);
[attempt 1] ← compile_and_test: R  mismatches=64
VCD info: dumpfile wave.vcd opened for output.
/mnt/d/school/w4afAILearn/期末/-/verilog-eval/dataset_spec-to-rtl/Prob137_fsm_serial_test.sv:45: $finish called at 4526 (1ps)
Hint: Output 'done' has 64 mismatches. First mismatch occurred at time 110.
Hint: Total mismatched samples is 64 out of 905 samples

Simulation finished at 4526 ps
Mismatches: 64 in 905 samples

[attempt 2] → compile_and_test
module TopModule (
    input clk,
    input reset,
    input in,
    output logic done
);
[attempt 2] ← compile_and_test: R  mismatches=64
VCD info: dumpfile wave.vcd opened for output.
/mnt/d/school/w4afAILearn/期末/-/verilog-eval/dataset_spec-to-rtl/Prob137_fsm_serial_test.sv:45: $finish called at 4526 (1ps)
Hint: Output 'done' has 64 mismatches. First mismatch occurred at time 110.
Hint: Total mismatched samples is 64 out of 905 samples

Simulation finished at 4526 ps
Mismatches: 64 in 905 samples

[attempt 3] → compile_and_test
module TopModule (
    input clk,
    input reset,
    input in,
    output logic done
);
[attempt 3] ← compile_and_test: R  mismatches=64
VCD info: dumpfile wave.vcd opened for output.
/mnt/d/school/w4afAILearn/期末/-/verilog-eval/dataset_spec-to-rtl/Prob137_fsm_serial_test.sv:45: $finish called at 4526 (1ps)
Hint: Output 'done' has 64 mismatches. First mismatch occurred at time 110.
Hint: Total mismatched samples is 64 out of 905 samples

Simulation finished at 4526 ps
Mismatches: 64 in 905 samples

[attempt 4] → compile_and_test
module TopModule (
    input clk,
    input reset,
    input in,
    output logic done
);
[attempt 4] ← compile_and_test: R  mismatches=64
VCD info: dumpfile wave.vcd opened for output.
/mnt/d/school/w4afAILearn/期末/-/verilog-eval/dataset_spec-to-rtl/Prob137_fsm_serial_test.sv:45: $finish called at 4526 (1ps)
Hint: Output 'done' has 64 mismatches. First mismatch occurred at time 110.
Hint: Total mismatched samples is 64 out of 905 samples

Simulation finished at 4526 ps
Mismatches: 64 in 905 samples

[attempt 5] → compile_and_test
module TopModule (
    input clk,
    input reset,
    input in,
    output logic done
);
[attempt 5] ← compile_and_test: R  mismatches=64
VCD info: dumpfile wave.vcd opened for output.
/mnt/d/school/w4afAILearn/期末/-/verilog-eval/dataset_spec-to-rtl/Prob137_fsm_serial_test.sv:45: $finish called at 4526 (1ps)
Hint: Output 'done' has 64 mismatches. First mismatch occurred at time 110.
Hint: Total mismatched samples is 64 out of 905 samples

Simulation finished at 4526 ps
Mismatches: 64 in 905 samples