
[attempt 0] → decompose_spec
[attempt 0] ← decompose_spec:
為了達成使用 4-to-1 MUX 與 2-to-1 MUX 實現該邏輯電路的目標，建議將工作拆解如下：

1. 建立一個通用的 `MUX2to1` 模組，其邏輯為 `assign out = (sel) ? in1 : in0;`。
2. 利用 `MUX2to1` 模組分別實現邏輯運算：OR (c,d)、AND (c,d) 以及 XNOR (c,d) (需先額外使用一個 `MUX2to1` 產生 `~d` 作為 XNOR 的輸入)。
3. 將上述運算結果作為輸入 `mux_in[3:0]`，連接到一個 4-to-1 MUX，其中 `mux_in[0]` 接 OR 結果，`mux_in[1]` 接常數 0，`mux_in[2]` 接 AND 結果，`mux_in[3]` 接 XNOR 結果。
4. 在 `TopModule` 中實例化上述所有模組，並將 `a, b` 連接至 4-to-1 MUX 的選擇端 (selector)，完成電路整合。

[attempt 1] → compile_and_test
module MUX2to1(
    input sel,
    input in0,
    input in1,
    output out
);
[attempt 1] ← compile_and_test: R  mismatches=60
VCD info: dumpfile wave.vcd opened for output.
/mnt/d/school/w4afAILearn/期末/-/verilog-eval/dataset_spec-to-rtl/Prob093_ece241_2014_q3_test.sv:38: $finish called at 300 (1ps)
Hint: Output 'mux_in' has 60 mismatches. First mismatch occurred at time 5.
Hint: Total mismatched samples is 60 out of 60 samples

Simulation finished at 300 ps
Mismatches: 60 in 60 samples

[attempt 1] → decompose_spec
[attempt 1] ← decompose_spec:
以下是針對該 Verilog 邏輯修正的具體執行子目標：

1. 確認並更新 `mux_in[0]` 的邏輯連結，確保其輸入為 `c | d` (or_out)。
2. 確認並更新 `mux_in[1]` 的邏輯連結，確保其輸入保持為 `1'b0`。
3. 修改 `mux_in[2]` 的賦值語句，將其正確指定為 `xnor_out` (對應 ab = 10)。
4. 修改 `mux_in[3]` 的賦值語句，將其正確指定為 `and_out` (對應 ab = 11)。
5. 進行語法檢查並執行模擬測試，驗證 MUX 輸出結果是否完全符合原始 K-map 的真值表。

[attempt 2] → compile_and_test
module MUX2to1(
    input sel,
    input in0,
    input in1,
    output out
);
[attempt 2] ← compile_and_test: R  mismatches=33
VCD info: dumpfile wave.vcd opened for output.
/mnt/d/school/w4afAILearn/期末/-/verilog-eval/dataset_spec-to-rtl/Prob093_ece241_2014_q3_test.sv:38: $finish called at 300 (1ps)
Hint: Output 'mux_in' has 33 mismatches. First mismatch occurred at time 5.
Hint: Total mismatched samples is 33 out of 60 samples

Simulation finished at 300 ps
Mismatches: 33 in 60 samples

[attempt 2] → decompose_spec
[attempt 2] ← decompose_spec:
針對您的問題，為了釐清 K-map 順序與 MUX 輸入腳位的映射關係並修正潛在的邏輯錯誤，建議採取以下執行步驟：

1. **修正邏輯映射表**：根據 K-map 的 Gray code 順序 (00, 01, 11, 10) 對應 index (0, 1, 2, 3)，將 mux_in[2] 更新為 `c & d`，並將 mux_in[3] 更新為 `~(c ^ d)`。
2. **實作模組化邏輯**：在 Verilog 中明確宣告並賦值這四個輸入訊號：`mux_in[0] = c | d; mux_in[1] = 1'b0; mux_in[2] = c & d; mux_in[3] = ~(c ^ d);`。
3. **建立測試平台 (Testbench) 驗證**：撰寫一個 Testbench，窮舉所有 {a, b, c, d} 的 16 種組合，並比對輸出是否完全符合題目的 K-map 真值表。
4. **確認訊號位元權重**：檢查原始模組頂層 (Top-level) 的 MUX selector 輸入接線，確保 `{a, b}` 是依照規格中的高位元 (MSB) 到低位元 (LSB) 順序傳入 MUX 的 `sel` 埠。

[attempt 3] → compile_and_test
module MUX2to1(
    input sel,
    input in0,
    input in1,
    output out
);
[attempt 3] ← compile_and_test: R  mismatches=60
VCD info: dumpfile wave.vcd opened for output.
/mnt/d/school/w4afAILearn/期末/-/verilog-eval/dataset_spec-to-rtl/Prob093_ece241_2014_q3_test.sv:38: $finish called at 300 (1ps)
Hint: Output 'mux_in' has 60 mismatches. First mismatch occurred at time 5.
Hint: Total mismatched samples is 60 out of 60 samples

Simulation finished at 300 ps
Mismatches: 60 in 60 samples

[attempt 3] → decompose_spec
[attempt 3] ← decompose_spec:
為了確保您的 Verilog 實作正確且符合規格，請依序執行以下子目標：

1. **定義布林邏輯公式**：根據您重新解析的 K-map，將每個 MUX 輸入對應至 c 和 d 的邏輯關係：`mux_in[0] = (c | d)`，`mux_in[1] = 1'b0`，`mux_in[2] = ~d`，`mux_in[3] = (c & d)`。
2. **建立 TopModule 介面**：編寫 Verilog 模組宣告 `module TopModule (input c, input d, output [3:0] mux_in);` 以符合題目定義的輸入輸出端點。
3. **編寫組合邏輯實作**：在模組內使用 `assign` 語句將步驟 1 導出的邏輯公式直接指派給 `mux_in` 的各個位元。
4. **驗證與除錯**：執行模擬測試（Testbench），針對所有可能的 (a, b, c, d) 組合檢查 `mux_in` 的輸出是否能正確驅動 MUX 得到 K-map 所需的輸出值。

[attempt 4] → compile_and_test
module MUX2to1(
    input sel,
    input in0,
    input in1,
    output out
);
[attempt 4] ← compile_and_test: .

[attempt 4] → synthesize
[attempt 4] ← synthesize: Y