
[attempt 1] → compile_and_test
module TopModule (
    input logic [3:0] x,
    output logic f
);

    // x[0] is x[3] in K-map (MSB)
[attempt 1] ← compile_and_test: R  mismatches=25
VCD info: dumpfile wave.vcd opened for output.
/mnt/d/school/w4afAILearn/期末/-/verilog-eval/dataset_spec-to-rtl/Prob116_m2014_q3_test.sv:16: $finish called at 501 (1ps)
Hint: Output 'f' has 25 mismatches. First mismatch occurred at time 10.
Hint: Total mismatched samples is 25 out of 100 samples

Simulation finished at 501 ps
Mismatches: 25 in 100 samples

[attempt 2] → compile_and_test
module TopModule (
    input logic [3:0] x,
    output logic f
);
    // x[3], x[2], x[1], x[0]
    // K-map:
[attempt 2] ← compile_and_test: R  mismatches=23
VCD info: dumpfile wave.vcd opened for output.
/mnt/d/school/w4afAILearn/期末/-/verilog-eval/dataset_spec-to-rtl/Prob116_m2014_q3_test.sv:16: $finish called at 501 (1ps)
Hint: Output 'f' has 23 mismatches. First mismatch occurred at time 10.
Hint: Total mismatched samples is 23 out of 100 samples

Simulation finished at 501 ps
Mismatches: 23 in 100 samples

[attempt 3] → compile_and_test
module TopModule (
    input logic [3:0] x,
    output logic f
);
    // Re-interpreting the K-map based on the indices:
    // Rows (x[3]x[4]): 00, 01, 11, 10
[attempt 3] ← compile_and_test: R  mismatches=35
VCD info: dumpfile wave.vcd opened for output.
/mnt/d/school/w4afAILearn/期末/-/verilog-eval/dataset_spec-to-rtl/Prob116_m2014_q3_test.sv:16: $finish called at 501 (1ps)
Hint: Output 'f' has 35 mismatches. First mismatch occurred at time 10.
Hint: Total mismatched samples is 35 out of 100 samples

Simulation finished at 501 ps
Mismatches: 35 in 100 samples

[attempt 4] → compile_and_test
module TopModule (
    input logic [3:0] x,
    output logic f
);
    // Let's assume standard order: x[3] is MSB, x[0] is LSB.
    // The K-map labels:
[attempt 4] ← compile_and_test: R  mismatches=23
VCD info: dumpfile wave.vcd opened for output.
/mnt/d/school/w4afAILearn/期末/-/verilog-eval/dataset_spec-to-rtl/Prob116_m2014_q3_test.sv:16: $finish called at 501 (1ps)
Hint: Output 'f' has 23 mismatches. First mismatch occurred at time 10.
Hint: Total mismatched samples is 23 out of 100 samples

Simulation finished at 501 ps
Mismatches: 23 in 100 samples

[attempt 5] → compile_and_test
module TopModule (
    input logic [3:0] x,
    output logic f
);
    // Re-reading K-map again.
    // The inputs are x[0], x[1], x[2], x[3]
[attempt 5] ← compile_and_test: R  mismatches=36
VCD info: dumpfile wave.vcd opened for output.
/mnt/d/school/w4afAILearn/期末/-/verilog-eval/dataset_spec-to-rtl/Prob116_m2014_q3_test.sv:16: $finish called at 501 (1ps)
Hint: Output 'f' has 36 mismatches. First mismatch occurred at time 10.
Hint: Total mismatched samples is 36 out of 100 samples

Simulation finished at 501 ps
Mismatches: 36 in 100 samples