
[attempt 1] → compile_and_test
module TopModule (
    input  a,
    input  b,
    input  c,
    input  d,
    output q
[attempt 1] ← compile_and_test: w
/tmp/tmph84ynsns.sv:45: error: q is not a valid l-value in tb.top_module1.
/tmp/tmph84ynsns.sv:6:      : q is declared here as wire.
1 error(s) during elaboration.

[attempt 2] → compile_and_test
module TopModule (
    input  a,
    input  b,
    input  c,
    input  d,
    output logic q
[attempt 2] ← compile_and_test: R  mismatches=22
VCD info: dumpfile wave.vcd opened for output.
/mnt/d/school/w4afAILearn/期末/-/verilog-eval/dataset_spec-to-rtl/Prob102_circuit3_test.sv:36: $finish called at 605 (1ps)
Hint: Output 'q' has 22 mismatches. First mismatch occurred at time 50.
Hint: Total mismatched samples is 22 out of 121 samples

Simulation finished at 605 ps
Mismatches: 22 in 121 samples

[attempt 3] → compile_and_test
module TopModule (
    input  a,
    input  b,
    input  c,
    input  d,
    output logic q
[attempt 3] ← compile_and_test: .

[attempt 3] → synthesize
[attempt 3] ← synthesize: Y