
[attempt 1] → compile_and_test
module TopModule (
    input clk,
    input in,
    input reset,
    output logic [7:0] out_byte,
    output logic done
[attempt 1] ← compile_and_test: e
/tmp/tmpzyrjtus0.sv:52: error: This assignment requires an explicit cast.
/tmp/tmpzyrjtus0.sv:54: error: This assignment requires an explicit cast.
/tmp/tmpzyrjtus0.sv:55: error: This assignment requires an explicit cast.
3 error(s) during elaboration.

[attempt 2] → compile_and_test
module TopModule (
    input clk,
    input in,
    input reset,
    output logic [7:0] out_byte,
    output logic done
[attempt 2] ← compile_and_test: e
/tmp/tmprrqn6pj5.sv:55: error: This assignment requires an explicit cast.
/tmp/tmprrqn6pj5.sv:57: error: This assignment requires an explicit cast.
/tmp/tmprrqn6pj5.sv:58: error: This assignment requires an explicit cast.
3 error(s) during elaboration.

[attempt 3] → compile_and_test
module TopModule (
    input clk,
    input in,
    input reset,
    output logic [7:0] out_byte,
    output logic done
[attempt 3] ← compile_and_test: R  mismatches=94
VCD info: dumpfile wave.vcd opened for output.
/mnt/d/school/w4afAILearn/期末/-/verilog-eval/dataset_spec-to-rtl/Prob146_fsm_serialdata_test.sv:45: $finish called at 4526 (1ps)
Hint: Output 'out_byte' has 34 mismatches. First mismatch occurred at time 210.
Hint: Output 'done' has 92 mismatches. First mismatch occurred at time 110.
Hint: Total mismatched samples is 94 out of 905 samples

Simulation finished at 4526 ps
Mismatches: 94 in 905 samples

[attempt 3] → get_debug_hints(error_type='R')
[attempt 3] ← get_debug_hints: Runtime mismatch 常見原因（請逐項對照自己的程式碼）：
1. Timing offset：FSM 有多餘狀態導致輸出慢一 cycle
2. 狀態轉移條件錯誤：if (w) 應為 if (~w) 或反之
3. 組合邏輯錯誤：output 賦值條件遺漏或邏輯反向
4. Reset 初始值不符：state / counter 初始值與規格不符
5. 計數器邊界：off-by-one（計數

[attempt 4] → compile_and_test
module TopModule (
    input clk,
    input in,
    input reset,
    output logic [7:0] out_byte,
    output logic done
[attempt 4] ← compile_and_test: R  mismatches=134
VCD info: dumpfile wave.vcd opened for output.
/mnt/d/school/w4afAILearn/期末/-/verilog-eval/dataset_spec-to-rtl/Prob146_fsm_serialdata_test.sv:45: $finish called at 4526 (1ps)
Hint: Output 'out_byte' has 38 mismatches. First mismatch occurred at time 110.
Hint: Output 'done' has 108 mismatches. First mismatch occurred at time 120.
Hint: Total mismatched samples is 134 out of 905 samples

Simulation finished at 4526 ps
Mismatches: 134 in 905 samples

[attempt 5] → compile_and_test
module TopModule (
    input clk,
    input in,
    input reset,
    output logic [7:0] out_byte,
    output logic done
[attempt 5] ← compile_and_test: R  mismatches=94
VCD info: dumpfile wave.vcd opened for output.
/mnt/d/school/w4afAILearn/期末/-/verilog-eval/dataset_spec-to-rtl/Prob146_fsm_serialdata_test.sv:45: $finish called at 4526 (1ps)
Hint: Output 'out_byte' has 34 mismatches. First mismatch occurred at time 210.
Hint: Output 'done' has 92 mismatches. First mismatch occurred at time 110.
Hint: Total mismatched samples is 94 out of 905 samples

Simulation finished at 4526 ps
Mismatches: 94 in 905 samples