
[attempt 1] → compile_and_test
module TopModule (
    input a,
    input b,
    input c,
    input d,
    output out_sop,
[attempt 1] ← compile_and_test: R  mismatches=25
VCD info: dumpfile wave.vcd opened for output.
/mnt/d/school/w4afAILearn/期末/-/verilog-eval/dataset_spec-to-rtl/Prob070_ece241_2013_q2_test.sv:63: $finish called at 535 (1ps)
Hint: Output 'out_sop' has no mismatches.
Hint: Output 'out_pos' has 25 mismatches. First mismatch occurred at time 10.
Hint: Total mismatched samples is 25 out of 107 samples

Simulation finished at 535 ps
Mismatches: 25 in 107 samples

[attempt 1] → get_debug_hints(error_type='R')
[attempt 1] ← get_debug_hints: Runtime mismatch 常見原因（請逐項對照自己的程式碼）：
1. Timing offset：FSM 有多餘狀態導致輸出慢一 cycle
2. 狀態轉移條件錯誤：if (w) 應為 if (~w) 或反之
3. 組合邏輯錯誤：output 賦值條件遺漏或邏輯反向
4. Reset 初始值不符：state / counter 初始值與規格不符
5. 計數器邊界：off-by-one（計數

[attempt 2] → compile_and_test
module TopModule (
    input a,
    input b,
    input c,
    input d,
    output out_sop,
[attempt 2] ← compile_and_test: R  mismatches=3
VCD info: dumpfile wave.vcd opened for output.
Hint: Your circuit passes on the 12 required input combinations, but doesn't match the don't-care cases. Are you using minimal SOP and POS?
/mnt/d/school/w4afAILearn/期末/-/verilog-eval/dataset_spec-to-rtl/Prob070_ece241_2013_q2_test.sv:63: $finish called at 535 (1ps)
Hint: Output 'out_sop' has 3 mismatches. First mismatch occurred at time 250.
Hint: Output 'out_pos' has no mismatches.
Hint: Total mismatched samples is 3 out of 107 samples

Simulation finished at 535 ps
Mismatches: 3 in 107 samples

[attempt 3] → compile_and_test
module TopModule (
    input a,
    input b,
    input c,
    input d,
    output out_sop,
[attempt 3] ← compile_and_test: .

[attempt 3] → synthesize
[attempt 3] ← synthesize: Y