
[attempt 0] → decompose_spec
[attempt 0] ← decompose_spec:
以下是將該 Verilog 專案分解成的 5 個具體執行步驟：

1. 設計一個 FSM（有限狀態機）並利用 Shift Register 實作 '1101' 樣式偵測，成功後切換至讀取狀態。
2. 實作一個 4-bit 移位暫存器，在偵測到 '1101' 後，連續接收 4 個時脈週期的輸入並存入 `delay[3:0]`。
3. 設計一個 10-bit 計數器（用於產生 1000 cycle 的計時區段）以及一個 4-bit 遞減計數器（用於更新 `count[3:0]` 的剩餘 delay）。
4. 撰寫計數邏輯，在 `counting` 期間依據計數器狀態輸出 `count[3:0]`，並在計數結束時拉高 `done` 信號。
5. 加入 `ack` 信號握手機制，在 `done` 狀態下等待 `ack` 為高電位後跳回初始偵測狀態，並整合同步重置邏輯。

[attempt 1] → compile_and_test
module TopModule (
    input clk,
    input reset,
    input data,
    output logic [3:0] count,
    output logic counting,
[attempt 1] ← compile_and_test: R  mismatches=14
VCD info: dumpfile wave.vcd opened for output.
Hint: Your FSM didn't pass the sample timing diagram posted with the problem statement. Perhaps try debugging that?
TIMEOUT
/mnt/d/school/w4afAILearn/期末/-/verilog-eval/dataset_spec-to-rtl/Prob156_review2015_fancytimer_test.sv:216: $finish called at 1000000 (1ps)
Hint: Output 'count' has no mismatches.
Hint: Output 'counting' has no mismatches.
Hint: Output 'done' has 14 mismatches. First mismatch occurred at time 20170.
Hint: Total mismatched samples is 14 out of 200000 samples

Simulation finished at 1000000 ps
Mismatches: 14 in 200000 samples

[attempt 1] → get_debug_hints(error_type='R')
[attempt 1] ← get_debug_hints: Runtime mismatch 常見原因（請逐項對照自己的程式碼）：
1. Timing offset：FSM 有多餘狀態導致輸出慢一 cycle
2. 狀態轉移條件錯誤：if (w) 應為 if (~w) 或反之
3. 組合邏輯錯誤：output 賦值條件遺漏或邏輯反向
4. Reset 初始值不符：state / counter 初始值與規格不符
5. 計數器邊界：off-by-one（計數

[attempt 2] → compile_and_test
module TopModule (
    input clk,
    input reset,
    input data,
    output logic [3:0] count,
    output logic counting,
[attempt 2] ← compile_and_test: R  mismatches=14
VCD info: dumpfile wave.vcd opened for output.
Hint: Your FSM didn't pass the sample timing diagram posted with the problem statement. Perhaps try debugging that?
TIMEOUT
/mnt/d/school/w4afAILearn/期末/-/verilog-eval/dataset_spec-to-rtl/Prob156_review2015_fancytimer_test.sv:216: $finish called at 1000000 (1ps)
Hint: Output 'count' has no mismatches.
Hint: Output 'counting' has no mismatches.
Hint: Output 'done' has 14 mismatches. First mismatch occurred at time 20170.
Hint: Total mismatched samples is 14 out of 200000 samples

Simulation finished at 1000000 ps
Mismatches: 14 in 200000 samples

[attempt 3] → compile_and_test
module TopModule (
    input clk,
    input reset,
    input data,
    output logic [3:0] count,
    output logic counting,
[attempt 3] ← compile_and_test: R  mismatches=199075
VCD info: dumpfile wave.vcd opened for output.
Hint: The first test case should count for 2000 cycles. Your circuit counted 0
Hint: The second test case should count for 15000 cycles. Your circuit counted 0
Hint: Your FSM didn't pass the sample timing diagram posted with the problem statement. Perhaps try debugging that?
TIMEOUT
/mnt/d/school/w4afAILearn/期末/-/verilog-eval/dataset_spec-to-rtl/Prob156_review2015_fancytimer_test.sv:216: $finish called at 1000000 (1ps)
Hint: Output 'count' has 198551 mismatches. First mismatch occurred at time 130.
Hint: Output 'counting' has 198551 mismatches. First mismatch occurred at time 130.
Hint: Output 'done' has 524 mismatches. First mismatch occurred at time 20130.
Hint: Total mismatched samples is 199075 out of 200000 samples

Simulation finished at 1000000 ps
Mismatches: 199075 in 200000 samples

[attempt 4] → compile_and_test
module TopModule (
    input clk,
    input reset,
    input data,
    output logic [3:0] count,
    output logic counting,
[attempt 4] ← compile_and_test: R  mismatches=14
VCD info: dumpfile wave.vcd opened for output.
Hint: Your FSM didn't pass the sample timing diagram posted with the problem statement. Perhaps try debugging that?
TIMEOUT
/mnt/d/school/w4afAILearn/期末/-/verilog-eval/dataset_spec-to-rtl/Prob156_review2015_fancytimer_test.sv:216: $finish called at 1000000 (1ps)
Hint: Output 'count' has no mismatches.
Hint: Output 'counting' has no mismatches.
Hint: Output 'done' has 14 mismatches. First mismatch occurred at time 20170.
Hint: Total mismatched samples is 14 out of 200000 samples

Simulation finished at 1000000 ps
Mismatches: 14 in 200000 samples

[attempt 5] → compile_and_test
module TopModule (
    input clk,
    input reset,
    input data,
    output logic [3:0] count,
    output logic counting,
[attempt 5] ← compile_and_test: R  mismatches=14
VCD info: dumpfile wave.vcd opened for output.
Hint: Your FSM didn't pass the sample timing diagram posted with the problem statement. Perhaps try debugging that?
TIMEOUT
/mnt/d/school/w4afAILearn/期末/-/verilog-eval/dataset_spec-to-rtl/Prob156_review2015_fancytimer_test.sv:216: $finish called at 1000000 (1ps)
Hint: Output 'count' has no mismatches.
Hint: Output 'counting' has no mismatches.
Hint: Output 'done' has 14 mismatches. First mismatch occurred at time 20170.
Hint: Total mismatched samples is 14 out of 200000 samples

Simulation finished at 1000000 ps
Mismatches: 14 in 200000 samples