
[attempt 0] → decompose_spec
[attempt 0] ← decompose_spec:
為了實現這個 3 位元移位暫存器，我們將題目拆解為以下五個子目標：

1. 定義 `TopModule` 的介面（ports），包含 `clk`、`L`、`r_in`、`q_in` 與輸出 `Q`。
2. 在 `TopModule` 內實作一個 2 對 1 多工器（MUX），根據 `L` 訊號選擇輸入為 `r_in` 或 `q_in`。
3. 在 `TopModule` 內編寫 D 型正反器（D Flip-Flop）邏輯，在 `clk` 正緣觸發時更新並輸出 `Q`。
4. 建立 `full_module` 頂層架構，並將 `TopModule` 進行三次實例化（instantiation）。
5. 在 `full_module` 內根據題目邏輯編寫組合邏輯，將正確的 feedback 與 shift 訊號連接至各個 `TopModule` 的 `q_in` 輸入端。

[attempt 1] → compile_and_test
module TopModule (
    input clk,
    input L,
    input q_in,
    input r_in,
    output Q
[attempt 1] ← compile_and_test: R  mismatches=1
VCD info: dumpfile wave.vcd opened for output.
/mnt/d/school/w4afAILearn/期末/-/verilog-eval/dataset_spec-to-rtl/Prob104_mt2015_muxdff_test.sv:21: $finish called at 996 (1ps)
Hint: Output 'Q' has 1 mismatches. First mismatch occurred at time 5.
Hint: Total mismatched samples is 1 out of 199 samples

Simulation finished at 996 ps
Mismatches: 1 in 199 samples

[attempt 2] → compile_and_test
module TopModule (
    input clk,
    input L,
    input q_in,
    input r_in,
    output Q
[attempt 2] ← compile_and_test: R  mismatches=1
VCD info: dumpfile wave.vcd opened for output.
/mnt/d/school/w4afAILearn/期末/-/verilog-eval/dataset_spec-to-rtl/Prob104_mt2015_muxdff_test.sv:21: $finish called at 996 (1ps)
Hint: Output 'Q' has 1 mismatches. First mismatch occurred at time 5.
Hint: Total mismatched samples is 1 out of 199 samples

Simulation finished at 996 ps
Mismatches: 1 in 199 samples

[attempt 3] → compile_and_test
module TopModule (
    input clk,
    input L,
    input q_in,
    input r_in,
    output Q
[attempt 3] ← compile_and_test: R  mismatches=1
VCD info: dumpfile wave.vcd opened for output.
/mnt/d/school/w4afAILearn/期末/-/verilog-eval/dataset_spec-to-rtl/Prob104_mt2015_muxdff_test.sv:21: $finish called at 996 (1ps)
Hint: Output 'Q' has 1 mismatches. First mismatch occurred at time 5.
Hint: Total mismatched samples is 1 out of 199 samples

Simulation finished at 996 ps
Mismatches: 1 in 199 samples

[attempt 4] → compile_and_test
module TopModule (
    input clk,
    input L,
    input q_in,
    input r_in,
    output Q
[attempt 4] ← compile_and_test: R  mismatches=1
VCD info: dumpfile wave.vcd opened for output.
/mnt/d/school/w4afAILearn/期末/-/verilog-eval/dataset_spec-to-rtl/Prob104_mt2015_muxdff_test.sv:21: $finish called at 996 (1ps)
Hint: Output 'Q' has 1 mismatches. First mismatch occurred at time 5.
Hint: Total mismatched samples is 1 out of 199 samples

Simulation finished at 996 ps
Mismatches: 1 in 199 samples

[attempt 5] → compile_and_test
module TopModule (
    input clk,
    input L,
    input q_in,
    input r_in,
    output Q
[attempt 5] ← compile_and_test: R  mismatches=1
VCD info: dumpfile wave.vcd opened for output.
/mnt/d/school/w4afAILearn/期末/-/verilog-eval/dataset_spec-to-rtl/Prob104_mt2015_muxdff_test.sv:21: $finish called at 996 (1ps)
Hint: Output 'Q' has 1 mismatches. First mismatch occurred at time 5.
Hint: Total mismatched samples is 1 out of 199 samples

Simulation finished at 996 ps
Mismatches: 1 in 199 samples