
[attempt 0] → decompose_spec
[attempt 0] ← decompose_spec:
為了實現此 FSM，建議將開發過程分解為以下 5 個子目標：

1. 定義 FSM 狀態機架構，包含初始狀態 A、監控狀態 B，以及用於 3 個時脈週期循環的狀態轉換邏輯。
2. 設計一個計數器 (Counter)，用於追蹤 3-cycle 週期內的時脈次數（0 到 2），並在到達 3 次後重置。
3. 設計一個累加器 (Accumulator)，用於在狀態 B 的 3 個週期內統計 w 為高電位 (w=1) 的次數。
4. 實作輸出邏輯，當 3 個週期結束時，根據累加器的數值判斷 z 是否應輸出 1，並在下一週期同步更新。
5. 編寫測試模組 (Testbench) 以模擬輸入訊號 s 與 w，驗證狀態轉換與 z 輸出的時序是否符合 3-cycle 群組規格。

[attempt 1] → compile_and_test
module TopModule (
    input clk,
    input reset,
    input s,
    input w,
    output logic z
[attempt 1] ← compile_and_test: R  mismatches=252
VCD info: dumpfile wave.vcd opened for output.
/mnt/d/school/w4afAILearn/期末/-/verilog-eval/dataset_spec-to-rtl/Prob133_2014_q3fsm_test.sv:59: $finish called at 7071 (1ps)
Hint: Output 'z' has 252 mismatches. First mismatch occurred at time 110.
Hint: Total mismatched samples is 252 out of 1414 samples

Simulation finished at 7071 ps
Mismatches: 252 in 1414 samples

[attempt 2] → compile_and_test
module TopModule (
    input clk,
    input reset,
    input s,
    input w,
    output logic z
[attempt 2] ← compile_and_test: R  mismatches=571
VCD info: dumpfile wave.vcd opened for output.
/mnt/d/school/w4afAILearn/期末/-/verilog-eval/dataset_spec-to-rtl/Prob133_2014_q3fsm_test.sv:59: $finish called at 7071 (1ps)
Hint: Output 'z' has 571 mismatches. First mismatch occurred at time 110.
Hint: Total mismatched samples is 571 out of 1414 samples

Simulation finished at 7071 ps
Mismatches: 571 in 1414 samples

[attempt 3] → compile_and_test
module TopModule (
    input clk,
    input reset,
    input s,
    input w,
    output logic z
[attempt 3] ← compile_and_test: R  mismatches=571
VCD info: dumpfile wave.vcd opened for output.
/mnt/d/school/w4afAILearn/期末/-/verilog-eval/dataset_spec-to-rtl/Prob133_2014_q3fsm_test.sv:59: $finish called at 7071 (1ps)
Hint: Output 'z' has 571 mismatches. First mismatch occurred at time 110.
Hint: Total mismatched samples is 571 out of 1414 samples

Simulation finished at 7071 ps
Mismatches: 571 in 1414 samples

[attempt 4] → compile_and_test
module TopModule (
    input clk,
    input reset,
    input s,
    input w,
    output logic z
[attempt 4] ← compile_and_test: .

[attempt 4] → synthesize
[attempt 4] ← synthesize: Y