
[attempt 1] → compile_and_test
module TopModule(
    input [2:0] y,
    input w,
    output Y1
);

[attempt 1] ← compile_and_test: R  mismatches=45
VCD info: dumpfile wave.vcd opened for output.
/mnt/d/school/w4afAILearn/期末/-/verilog-eval/dataset_spec-to-rtl/Prob135_m2014_q6b_test.sv:17: $finish called at 501 (1ps)
Hint: Output 'Y1' has 45 mismatches. First mismatch occurred at time 10.
Hint: Total mismatched samples is 45 out of 100 samples

Simulation finished at 501 ps
Mismatches: 45 in 100 samples

[attempt 2] → compile_and_test
module TopModule(
    input [2:0] y,
    input w,
    output Y1
);

[attempt 2] ← compile_and_test: .

[attempt 2] → synthesize
[attempt 2] ← synthesize: Y