
[attempt 0] → decompose_spec
[attempt 0] ← decompose_spec:
以下是將該 Verilog 題目分解為 5 個具體、可執行子目標的清單：

1. 定義模組介面，宣告包含 `clk`、`areset`、`x` 的輸入埠以及 `z` 的輸出埠。
2. 使用 `parameter` 定義狀態編碼（S0: Haven't seen '1', S1: Have seen '1'）並宣告當前與下一狀態的暫存器變數。
3. 實作非同步重置的時序邏輯區塊（always block），於正緣觸發時更新狀態至 `next_state`。
4. 實作組合邏輯區塊（always block），依據當前狀態與輸入 `x` 設定 `next_state` 的跳轉條件。
5. 實作輸出邏輯，依據題目要求的狀態機行為（S0 輸出 `x`，S1 輸出 `!x`）更新輸出 `z`。

[attempt 1] → compile_and_test
module TopModule (
    input logic clk,
    input logic areset,
    input logic x,
    output logic z
);
[attempt 1] ← compile_and_test: e
/tmp/tmpk19r8zrw.sv:24: error: This assignment requires an explicit cast.
1 error(s) during elaboration.

[attempt 2] → compile_and_test
module TopModule (
    input logic clk,
    input logic areset,
    input logic x,
    output logic z
);
[attempt 2] ← compile_and_test: R  mismatches=209
VCD info: dumpfile wave.vcd opened for output.
/mnt/d/school/w4afAILearn/期末/-/verilog-eval/dataset_spec-to-rtl/Prob089_ece241_2014_q5a_test.sv:73: $finish called at 2180 (1ps)
Hint: Output 'z' has 209 mismatches. First mismatch occurred at time 10.
Hint: Total mismatched samples is 209 out of 436 samples

Simulation finished at 2180 ps
Mismatches: 209 in 436 samples

[attempt 3] → compile_and_test
module TopModule (
    input logic clk,
    input logic areset,
    input logic x,
    output logic z
);
[attempt 3] ← compile_and_test: R  mismatches=209
VCD info: dumpfile wave.vcd opened for output.
/mnt/d/school/w4afAILearn/期末/-/verilog-eval/dataset_spec-to-rtl/Prob089_ece241_2014_q5a_test.sv:73: $finish called at 2180 (1ps)
Hint: Output 'z' has 209 mismatches. First mismatch occurred at time 10.
Hint: Total mismatched samples is 209 out of 436 samples

Simulation finished at 2180 ps
Mismatches: 209 in 436 samples

[attempt 4] → compile_and_test
module TopModule (
    input logic clk,
    input logic areset,
    input logic x,
    output logic z
);
[attempt 4] ← compile_and_test: R  mismatches=185
VCD info: dumpfile wave.vcd opened for output.
/mnt/d/school/w4afAILearn/期末/-/verilog-eval/dataset_spec-to-rtl/Prob089_ece241_2014_q5a_test.sv:73: $finish called at 2180 (1ps)
Hint: Output 'z' has 185 mismatches. First mismatch occurred at time 150.
Hint: Total mismatched samples is 185 out of 436 samples

Simulation finished at 2180 ps
Mismatches: 185 in 436 samples

[attempt 5] → compile_and_test
module TopModule (
    input logic clk,
    input logic areset,
    input logic x,
    output logic z
);
[attempt 5] ← compile_and_test: .

[attempt 5] → synthesize (auto, last attempt)
[attempt 5] ← synthesize: Y