
[attempt 0] → decompose_spec
[attempt 0] ← decompose_spec:
根據您的需求，將此 Verilog 題目分解為以下 5 個具體執行步驟：

1. 定義模組介面，輸入為三個感測器訊號 (s[2:0]) 與時鐘/重置訊號，輸出為四個閥門控制訊號 (fr[2:0], dfr)。
2. 建立組合邏輯區塊，根據感測器狀態碼判斷目前水位（水位等級 0 到 3），並據此對應設定 fr[2:0] 的輸出值。
3. 建立狀態暫存器，在每個時鐘週期儲存上一刻的水位等級資訊，作為判斷 `dfr` 的依據。
4. 實作 `dfr` 的控制邏輯：當目前水位低於上一刻水位（水位下降）時，將 `dfr` 設定為 1，否則維持 0。
5. 實作同步重置機制，確保在 reset 訊號觸發時，將水位狀態設為「低於 s[0]」並將所有輸出閥門強制設為 1。

[attempt 1] → compile_and_test
module TopModule (
    input clk,
    input reset,
    input [2:0] s,
    output fr2,
    output fr1,
[attempt 1] ← compile_and_test: R  mismatches=1356
VCD info: dumpfile wave.vcd opened for output.
Hint: Your reset doesn't seem to be working.
/mnt/d/school/w4afAILearn/期末/-/verilog-eval/dataset_spec-to-rtl/Prob149_ece241_2013_q4_test.sv:84: $finish called at 10200 (1ps)
Hint: Output 'fr2' has 312 mismatches. First mismatch occurred at time 10.
Hint: Output 'fr1' has 288 mismatches. First mismatch occurred at time 120.
Hint: Output 'fr0' has 273 mismatches. First mismatch occurred at time 130.
Hint: Output 'dfr' has 812 mismatches. First mismatch occurred at time 100.
Hint: Total mismatched samples is 1356 out of 2040 samples

Simulation finished at 10200 ps
Mismatches: 1356 in 2040 samples

[attempt 1] → get_debug_hints(error_type='R')
[attempt 1] ← get_debug_hints: Runtime mismatch 常見原因（請逐項對照自己的程式碼）：
1. Timing offset：FSM 有多餘狀態導致輸出慢一 cycle
2. 狀態轉移條件錯誤：if (w) 應為 if (~w) 或反之
3. 組合邏輯錯誤：output 賦值條件遺漏或邏輯反向
4. Reset 初始值不符：state / counter 初始值與規格不符
5. 計數器邊界：off-by-one（計數

[attempt 2] → compile_and_test
module TopModule (
    input clk,
    input reset,
    input [2:0] s,
    output fr2,
    output fr1,
[attempt 2] ← compile_and_test: R  mismatches=1356
VCD info: dumpfile wave.vcd opened for output.
Hint: Your reset doesn't seem to be working.
/mnt/d/school/w4afAILearn/期末/-/verilog-eval/dataset_spec-to-rtl/Prob149_ece241_2013_q4_test.sv:84: $finish called at 10200 (1ps)
Hint: Output 'fr2' has 312 mismatches. First mismatch occurred at time 10.
Hint: Output 'fr1' has 288 mismatches. First mismatch occurred at time 120.
Hint: Output 'fr0' has 273 mismatches. First mismatch occurred at time 130.
Hint: Output 'dfr' has 812 mismatches. First mismatch occurred at time 100.
Hint: Total mismatched samples is 1356 out of 2040 samples

Simulation finished at 10200 ps
Mismatches: 1356 in 2040 samples

[attempt 3] → compile_and_test
module TopModule (
    input clk,
    input reset,
    input [2:0] s,
    output fr2,
    output fr1,
[attempt 3] ← compile_and_test: R  mismatches=1356
VCD info: dumpfile wave.vcd opened for output.
Hint: Your reset doesn't seem to be working.
/mnt/d/school/w4afAILearn/期末/-/verilog-eval/dataset_spec-to-rtl/Prob149_ece241_2013_q4_test.sv:84: $finish called at 10200 (1ps)
Hint: Output 'fr2' has 312 mismatches. First mismatch occurred at time 10.
Hint: Output 'fr1' has 288 mismatches. First mismatch occurred at time 120.
Hint: Output 'fr0' has 273 mismatches. First mismatch occurred at time 130.
Hint: Output 'dfr' has 812 mismatches. First mismatch occurred at time 100.
Hint: Total mismatched samples is 1356 out of 2040 samples

Simulation finished at 10200 ps
Mismatches: 1356 in 2040 samples

[attempt 4] → compile_and_test
module TopModule (
    input clk,
    input reset,
    input [2:0] s,
    output fr2,
    output fr1,
[attempt 4] ← compile_and_test: R  mismatches=1597
VCD info: dumpfile wave.vcd opened for output.
Hint: Your reset doesn't seem to be working.
/mnt/d/school/w4afAILearn/期末/-/verilog-eval/dataset_spec-to-rtl/Prob149_ece241_2013_q4_test.sv:84: $finish called at 10200 (1ps)
Hint: Output 'fr2' has 312 mismatches. First mismatch occurred at time 10.
Hint: Output 'fr1' has 288 mismatches. First mismatch occurred at time 120.
Hint: Output 'fr0' has 273 mismatches. First mismatch occurred at time 130.
Hint: Output 'dfr' has 1313 mismatches. First mismatch occurred at time 20.
Hint: Total mismatched samples is 1597 out of 2040 samples

Simulation finished at 10200 ps
Mismatches: 1597 in 2040 samples

[attempt 5] → compile_and_test
module TopModule (
    input clk,
    input reset,
    input [2:0] s,
    output fr2,
    output fr1,
[attempt 5] ← compile_and_test: R  mismatches=1356
VCD info: dumpfile wave.vcd opened for output.
Hint: Your reset doesn't seem to be working.
/mnt/d/school/w4afAILearn/期末/-/verilog-eval/dataset_spec-to-rtl/Prob149_ece241_2013_q4_test.sv:84: $finish called at 10200 (1ps)
Hint: Output 'fr2' has 312 mismatches. First mismatch occurred at time 10.
Hint: Output 'fr1' has 288 mismatches. First mismatch occurred at time 120.
Hint: Output 'fr0' has 273 mismatches. First mismatch occurred at time 130.
Hint: Output 'dfr' has 812 mismatches. First mismatch occurred at time 100.
Hint: Total mismatched samples is 1356 out of 2040 samples

Simulation finished at 10200 ps
Mismatches: 1356 in 2040 samples