
[attempt 1] → compile_and_test
module TopModule (
    input a,
    input b,
    input c,
    input d,
    output q
[attempt 1] ← compile_and_test: w
/tmp/tmpzw12jqth.sv:45: error: q is not a valid l-value in tb.top_module1.
/tmp/tmpzw12jqth.sv:6:      : q is declared here as wire.
1 error(s) during elaboration.

[attempt 2] → compile_and_test
module TopModule (
    input a,
    input b,
    input c,
    input d,
    output logic q
[attempt 2] ← compile_and_test: .

[attempt 2] → synthesize
[attempt 2] ← synthesize: Y