
[attempt 1] → compile_and_test
module TopModule (
    input a,
    input b,
    input c,
    input d,
    output out
[attempt 1] ← compile_and_test: w
/tmp/tmps2ii28yz.sv:58: error: out is not a valid l-value in tb.top_module1.
/tmp/tmps2ii28yz.sv:6:      : out is declared here as wire.
1 error(s) during elaboration.

[attempt 2] → compile_and_test
module TopModule (
    input a,
    input b,
    input c,
    input d,
    output logic out
[attempt 2] ← compile_and_test: .

[attempt 2] → synthesize
[attempt 2] ← synthesize: Y