
[attempt 1] → compile_and_test
module TopModule (
    input [2:0] a,
    output [15:0] q
);
    always @(*) begin
        case (a)
[attempt 1] ← compile_and_test: w
/tmp/tmpbbfa5s4a.sv:7: error: q is not a valid l-value in tb.top_module1.
/tmp/tmpbbfa5s4a.sv:3:      : q is declared here as wire.
/tmp/tmpbbfa5s4a.sv:8: error: q is not a valid l-value in tb.top_module1.
/tmp/tmpbbfa5s4a.sv:3:      : q is declared here as wire.
/tmp/tmpbbfa5s4a.sv:9: error: q is not a valid l-value in tb.top_module1.
/tmp/tmpbbfa5s4a.sv:3:      : q is declared here as wire.
/tmp/tmpbbfa5s4a.sv:10: error: q is not a valid l-value in tb.top_module1.
/tmp/tmpbbfa5s4a.sv:3:      : q is declared here as wire.
/tmp/tmpbbfa5s4a.sv:11: error: q is not a valid l-value in tb.top_module1.
/tmp/tmpbbfa5s4a.sv:3:      : q is declared here as wire.
/tmp/tmpbbfa5s4a.sv:12: error: q is not a valid l-value in tb.top_module1.
/tmp/tmpbbfa5s4a.sv:3:      : q is declared here as wire.
/tmp/tmpbbfa5s4a.sv:13: error: q is not a valid l-value in tb.top_module1.
/tmp/tmpbbfa5s4a.sv:3:      : q is declared here as wire.
/tmp/tmpbbfa5s4a.sv:14: error: q is not a valid l-value in tb.top_module

[attempt 2] → compile_and_test
module TopModule (
    input [2:0] a,
    output logic [15:0] q
);
    always @(*) begin
        case (a)
[attempt 2] ← compile_and_test: .

[attempt 2] → synthesize
[attempt 2] ← synthesize: Y