
[attempt 1] → compile_and_test
module TopModule (
    input d,
    input done_counting,
    input ack,
    input [9:0] state,
    output B3_next,
[attempt 1] ← compile_and_test: R  mismatches=17
VCD info: dumpfile wave.vcd opened for output.
/mnt/d/school/w4afAILearn/期末/-/verilog-eval/dataset_spec-to-rtl/Prob150_review2015_fsmonehot_test.sv:22: $finish called at 1501 (1ps)
Hint: Output 'B3_next' has no mismatches.
Hint: Output 'S_next' has no mismatches.
Hint: Output 'S1_next' has 17 mismatches. First mismatch occurred at time 100.
Hint: Output 'Count_next' has no mismatches.
Hint: Output 'Wait_next' has no mismatches.
Hint: Output 'done' has no mismatches.
Hint: Output 'counting' has no mismatches.
Hint: Output 'shift_ena' has no mismatches.
Hint: Total mismatched samples is 17 out of 300 samples

Simulation finished at 1501 ps
Mismatches: 17 in 300 samples

[attempt 2] → compile_and_test
module TopModule (
    input d,
    input done_counting,
    input ack,
    input [9:0] state,
    output B3_next,
[attempt 2] ← compile_and_test: R  mismatches=17
VCD info: dumpfile wave.vcd opened for output.
/mnt/d/school/w4afAILearn/期末/-/verilog-eval/dataset_spec-to-rtl/Prob150_review2015_fsmonehot_test.sv:22: $finish called at 1501 (1ps)
Hint: Output 'B3_next' has no mismatches.
Hint: Output 'S_next' has no mismatches.
Hint: Output 'S1_next' has 17 mismatches. First mismatch occurred at time 100.
Hint: Output 'Count_next' has no mismatches.
Hint: Output 'Wait_next' has no mismatches.
Hint: Output 'done' has no mismatches.
Hint: Output 'counting' has no mismatches.
Hint: Output 'shift_ena' has no mismatches.
Hint: Total mismatched samples is 17 out of 300 samples

Simulation finished at 1501 ps
Mismatches: 17 in 300 samples

[attempt 3] → compile_and_test
module TopModule (
    input d,
    input done_counting,
    input ack,
    input [9:0] state,
    output B3_next,
[attempt 3] ← compile_and_test: C
/tmp/tmpg2lu4tn4.sv:23: error: n_S1 Unable to assign to unresolved wires.
1 error(s) during elaboration.

[attempt 4] → compile_and_test
module TopModule (
    input d,
    input done_counting,
    input ack,
    input [9:0] state,
    output B3_next,
[attempt 4] ← compile_and_test: .

[attempt 4] → synthesize
[attempt 4] ← synthesize: Y