
[attempt 1] → compile_and_test
module TopModule (
    input  logic [3:0] in,
    output logic [1:0] pos
);

    always @(*) begin
[attempt 1] ← compile_and_test: R  mismatches=61
VCD info: dumpfile wave.vcd opened for output.
/mnt/d/school/w4afAILearn/期末/-/verilog-eval/dataset_spec-to-rtl/Prob112_always_case2_test.sv:38: $finish called at 470 (1ps)
Hint: Output 'pos' has 61 mismatches. First mismatch occurred at time 90.
Hint: Total mismatched samples is 61 out of 94 samples

Simulation finished at 470 ps
Mismatches: 61 in 94 samples

[attempt 2] → compile_and_test
module TopModule (
    input  logic [3:0] in,
    output logic [1:0] pos
);

    always @(*) begin
[attempt 2] ← compile_and_test: R  mismatches=61
VCD info: dumpfile wave.vcd opened for output.
/mnt/d/school/w4afAILearn/期末/-/verilog-eval/dataset_spec-to-rtl/Prob112_always_case2_test.sv:38: $finish called at 470 (1ps)
Hint: Output 'pos' has 61 mismatches. First mismatch occurred at time 90.
Hint: Total mismatched samples is 61 out of 94 samples

Simulation finished at 470 ps
Mismatches: 61 in 94 samples

[attempt 2] → decompose_spec
[attempt 2] ← decompose_spec:
為了完成這個 4-bit 優先編碼器 (Priority Encoder) 的設計，可以將任務分解為以下 4 個具體步驟：

1. 定義模組介面，包含 4-bit 輸入 `in` 以及能夠容納輸出值（0-3）的 2-bit 輸出 `out`。
2. 使用 `always` 區塊搭配 `if-else if` 優先順序判斷邏輯，依序檢查從 MSB (位元 3) 到 LSB (位元 0) 的位元狀態。
3. 在 `if-else` 邏輯中設定判斷規則：若 `in[3]` 為 1 則輸出 3，否則檢查 `in[2]`，依此類推。
4. 處理預設情況，確保當所有輸入位元皆為 0 時，輸出值為 0。

[attempt 3] → compile_and_test
module TopModule (
    input  logic [3:0] in,
    output logic [1:0] pos
);

    always @(*) begin
[attempt 3] ← compile_and_test: R  mismatches=61
VCD info: dumpfile wave.vcd opened for output.
/mnt/d/school/w4afAILearn/期末/-/verilog-eval/dataset_spec-to-rtl/Prob112_always_case2_test.sv:38: $finish called at 470 (1ps)
Hint: Output 'pos' has 61 mismatches. First mismatch occurred at time 90.
Hint: Total mismatched samples is 61 out of 94 samples

Simulation finished at 470 ps
Mismatches: 61 in 94 samples

[attempt 4] → compile_and_test
module TopModule (
    input  logic [3:0] in,
    output logic [1:0] pos
);

    always @(*) begin
[attempt 4] ← compile_and_test: R  mismatches=61
VCD info: dumpfile wave.vcd opened for output.
/mnt/d/school/w4afAILearn/期末/-/verilog-eval/dataset_spec-to-rtl/Prob112_always_case2_test.sv:38: $finish called at 470 (1ps)
Hint: Output 'pos' has 61 mismatches. First mismatch occurred at time 90.
Hint: Total mismatched samples is 61 out of 94 samples

Simulation finished at 470 ps
Mismatches: 61 in 94 samples

[attempt 5] → compile_and_test
module TopModule (
    input  logic [3:0] in,
    output logic [1:0] pos
);

    always @(*) begin
[attempt 5] ← compile_and_test: R  mismatches=61
VCD info: dumpfile wave.vcd opened for output.
/mnt/d/school/w4afAILearn/期末/-/verilog-eval/dataset_spec-to-rtl/Prob112_always_case2_test.sv:38: $finish called at 470 (1ps)
Hint: Output 'pos' has 61 mismatches. First mismatch occurred at time 90.
Hint: Total mismatched samples is 61 out of 94 samples

Simulation finished at 470 ps
Mismatches: 61 in 94 samples