
[attempt 0] → decompose_spec
[attempt 0] ← decompose_spec:
為了實現此 12 小時制時鐘，建議將開發分解為以下 4 個具體子目標：

1. 設計秒與分的 BCD 計數器邏輯，當計數達到 59 時自動歸零並輸出進位信號。
2. 設計 12 小時制的 BCD 計數器，實現 01 至 12 的循環，並在 12 變為 01 時切換 AM/PM 狀態。
3. 實作同步重置邏輯，確保在 reset 高電位時強制時鐘歸零為 12:00:00 AM。
4. 整合各模組並加入使能（ena）控制，確保僅在 ena 為高時觸發計數邏輯，完成頂層電路連接。

[attempt 1] → compile_and_test
module TopModule (
    input clk,
    input reset,
    input ena,
    output logic pm,
    output logic [7:0] hh,
[attempt 1] ← compile_and_test: R  mismatches=113147
VCD info: dumpfile wave.vcd opened for output.
TIMEOUT
/mnt/d/school/w4afAILearn/期末/-/verilog-eval/dataset_spec-to-rtl/Prob141_count_clock_test.sv:261: $finish called at 1000000 (1ps)
Hint: Output 'pm' has 14400 mismatches. First mismatch occurred at time 794270.
Hint: Output 'hh' has 113147 mismatches. First mismatch occurred at time 434270.
Hint: Output 'mm' has no mismatches.
Hint: Output 'ss' has no mismatches.
Hint: Total mismatched samples is 113147 out of 200000 samples

Simulation finished at 1000000 ps
Mismatches: 113147 in 200000 samples

[attempt 2] → compile_and_test
module TopModule (
    input clk,
    input reset,
    input ena,
    output logic pm,
    output logic [7:0] hh,
[attempt 2] ← compile_and_test: .

[attempt 2] → synthesize
[attempt 2] ← synthesize: Y