
[attempt 0] → decompose_spec
[attempt 0] ← decompose_spec:
以下是將該 Verilog 題目分解為 5 個具體子目標的清單：

1. 定義模組介面並宣告狀態參數：宣告輸入（clk, areset, x）、輸出（z）以及 S0 與 S1 狀態。
2. 實作非同步重置的狀態暫存器（State Register）：使用 `always` 區塊並配合 `posedge clk` 與 `posedge areset` 來更新當前狀態。
3. 實作狀態轉換邏輯（Next State Logic）：根據目前的狀態與輸入 `x`，編寫 `case` 陳述式以決定下一個狀態。
4. 實作輸出邏輯（Output Logic）：根據題目規則，將當前狀態與輸入 `x` 對應到正確的輸出 `z`。
5. 進行邏輯驗證與時序檢查：確保狀態機完全符合 Moore 型架構（輸出僅取決於當前狀態）並處理好 reset 與 clk 的邊緣觸發。

[attempt 1] → compile_and_test
module TopModule (
    input logic clk,
    input logic areset,
    input logic x,
    output logic z
);
[attempt 1] ← compile_and_test: e
/tmp/tmpgwg27jbr.sv:67: error: This assignment requires an explicit cast.
/tmp/tmpgwg27jbr.sv:68: error: This assignment requires an explicit cast.
/tmp/tmpgwg27jbr.sv:69: error: This assignment requires an explicit cast.
3 error(s) during elaboration.