
[attempt 1] → compile_and_test
module TopModule (
    input clk,
    input reset,
    input [2:0] s,
    output fr2,
    output fr1,
[attempt 1] ← compile_and_test: w
/tmp/tmpyw79ofsx.sv:53: error: fr2 is not a valid l-value in tb.top_module1.
/tmp/tmpyw79ofsx.sv:5:      : fr2 is declared here as wire.
/tmp/tmpyw79ofsx.sv:53: error: fr1 is not a valid l-value in tb.top_module1.
/tmp/tmpyw79ofsx.sv:6:      : fr1 is declared here as wire.
/tmp/tmpyw79ofsx.sv:53: error: fr0 is not a valid l-value in tb.top_module1.
/tmp/tmpyw79ofsx.sv:7:      : fr0 is declared here as wire.
/tmp/tmpyw79ofsx.sv:53: error: dfr is not a valid l-value in tb.top_module1.
/tmp/tmpyw79ofsx.sv:8:      : dfr is declared here as wire.
/tmp/tmpyw79ofsx.sv:55: error: fr2 is not a valid l-value in tb.top_module1.
/tmp/tmpyw79ofsx.sv:5:      : fr2 is declared here as wire.
/tmp/tmpyw79ofsx.sv:55: error: fr1 is not a valid l-value in tb.top_module1.
/tmp/tmpyw79ofsx.sv:6:      : fr1 is declared here as wire.
/tmp/tmpyw79ofsx.sv:55: error: fr0 is not a valid l-value in tb.top_module1.
/tmp/tmpyw79ofsx.sv:7:      : fr0 is declared here as wire.
/tmp/tmpyw79ofsx.sv:55: error: dfr is not

[attempt 2] → compile_and_test
module TopModule (
    input clk,
    input reset,
    input [2:0] s,
    output logic fr2,
    output logic fr1,
[attempt 2] ← compile_and_test: R  mismatches=1453
VCD info: dumpfile wave.vcd opened for output.
Hint: Your reset doesn't seem to be working.
/mnt/d/school/w4afAILearn/期末/-/verilog-eval/dataset_spec-to-rtl/Prob149_ece241_2013_q4_test.sv:84: $finish called at 10200 (1ps)
Hint: Output 'fr2' has 312 mismatches. First mismatch occurred at time 10.
Hint: Output 'fr1' has 288 mismatches. First mismatch occurred at time 120.
Hint: Output 'fr0' has 273 mismatches. First mismatch occurred at time 130.
Hint: Output 'dfr' has 1107 mismatches. First mismatch occurred at time 10.
Hint: Total mismatched samples is 1453 out of 2040 samples

Simulation finished at 10200 ps
Mismatches: 1453 in 2040 samples

[attempt 2] → get_debug_hints(error_type='R')
[attempt 2] ← get_debug_hints: Runtime mismatch 常見原因（請逐項對照自己的程式碼）：
1. Timing offset：FSM 有多餘狀態導致輸出慢一 cycle
2. 狀態轉移條件錯誤：if (w) 應為 if (~w) 或反之
3. 組合邏輯錯誤：output 賦值條件遺漏或邏輯反向
4. Reset 初始值不符：state / counter 初始值與規格不符
5. 計數器邊界：off-by-one（計數

[attempt 3] → compile_and_test
module TopModule (
    input clk,
    input reset,
    input [2:0] s,
    output logic fr2,
    output logic fr1,
[attempt 3] ← compile_and_test: R  mismatches=1453
VCD info: dumpfile wave.vcd opened for output.
Hint: Your reset doesn't seem to be working.
/mnt/d/school/w4afAILearn/期末/-/verilog-eval/dataset_spec-to-rtl/Prob149_ece241_2013_q4_test.sv:84: $finish called at 10200 (1ps)
Hint: Output 'fr2' has 312 mismatches. First mismatch occurred at time 10.
Hint: Output 'fr1' has 288 mismatches. First mismatch occurred at time 120.
Hint: Output 'fr0' has 273 mismatches. First mismatch occurred at time 130.
Hint: Output 'dfr' has 1107 mismatches. First mismatch occurred at time 10.
Hint: Total mismatched samples is 1453 out of 2040 samples

Simulation finished at 10200 ps
Mismatches: 1453 in 2040 samples

[attempt 4] → compile_and_test
module TopModule (
    input clk,
    input reset,
    input [2:0] s,
    output logic fr2,
    output logic fr1,
[attempt 4] ← compile_and_test: R  mismatches=1593
VCD info: dumpfile wave.vcd opened for output.
Hint: Your reset should be synchronous, but doesn't appear to be.
/mnt/d/school/w4afAILearn/期末/-/verilog-eval/dataset_spec-to-rtl/Prob149_ece241_2013_q4_test.sv:84: $finish called at 10200 (1ps)
Hint: Output 'fr2' has 309 mismatches. First mismatch occurred at time 20.
Hint: Output 'fr1' has 288 mismatches. First mismatch occurred at time 120.
Hint: Output 'fr0' has 273 mismatches. First mismatch occurred at time 130.
Hint: Output 'dfr' has 1303 mismatches. First mismatch occurred at time 20.
Hint: Total mismatched samples is 1593 out of 2040 samples

Simulation finished at 10200 ps
Mismatches: 1593 in 2040 samples

[attempt 5] → compile_and_test
module TopModule (
    input clk,
    input reset,
    input [2:0] s,
    output logic fr2,
    output logic fr1,
[attempt 5] ← compile_and_test: R  mismatches=1593
VCD info: dumpfile wave.vcd opened for output.
Hint: Your reset should be synchronous, but doesn't appear to be.
/mnt/d/school/w4afAILearn/期末/-/verilog-eval/dataset_spec-to-rtl/Prob149_ece241_2013_q4_test.sv:84: $finish called at 10200 (1ps)
Hint: Output 'fr2' has 309 mismatches. First mismatch occurred at time 20.
Hint: Output 'fr1' has 288 mismatches. First mismatch occurred at time 120.
Hint: Output 'fr0' has 273 mismatches. First mismatch occurred at time 130.
Hint: Output 'dfr' has 1303 mismatches. First mismatch occurred at time 20.
Hint: Total mismatched samples is 1593 out of 2040 samples

Simulation finished at 10200 ps
Mismatches: 1593 in 2040 samples