
[attempt 1] → compile_and_test
module TopModule (
    input logic [3:0] in,
    output logic [1:0] pos
);

    always @(*) begin
[attempt 1] ← compile_and_test: R  mismatches=61
VCD info: dumpfile wave.vcd opened for output.
/mnt/d/school/w4afAILearn/期末/-/verilog-eval/dataset_spec-to-rtl/Prob112_always_case2_test.sv:38: $finish called at 470 (1ps)
Hint: Output 'pos' has 61 mismatches. First mismatch occurred at time 90.
Hint: Total mismatched samples is 61 out of 94 samples

Simulation finished at 470 ps
Mismatches: 61 in 94 samples

[attempt 1] → get_debug_hints(error_type='R')
[attempt 1] ← get_debug_hints: Runtime mismatch 常見原因（請逐項對照自己的程式碼）：
1. Timing offset：FSM 有多餘狀態導致輸出慢一 cycle
2. 狀態轉移條件錯誤：if (w) 應為 if (~w) 或反之
3. 組合邏輯錯誤：output 賦值條件遺漏或邏輯反向
4. Reset 初始值不符：state / counter 初始值與規格不符
5. 計數器邊界：off-by-one（計數

[attempt 2] → compile_and_test
module TopModule (
    input logic [3:0] in,
    output logic [1:0] pos
);

    always @(*) begin
[attempt 2] ← compile_and_test: R  mismatches=61
VCD info: dumpfile wave.vcd opened for output.
/mnt/d/school/w4afAILearn/期末/-/verilog-eval/dataset_spec-to-rtl/Prob112_always_case2_test.sv:38: $finish called at 470 (1ps)
Hint: Output 'pos' has 61 mismatches. First mismatch occurred at time 90.
Hint: Total mismatched samples is 61 out of 94 samples

Simulation finished at 470 ps
Mismatches: 61 in 94 samples

[attempt 3] → compile_and_test
module TopModule (
    input logic [3:0] in,
    output logic [1:0] pos
);

    always @(*) begin
[attempt 3] ← compile_and_test: R  mismatches=61
VCD info: dumpfile wave.vcd opened for output.
/mnt/d/school/w4afAILearn/期末/-/verilog-eval/dataset_spec-to-rtl/Prob112_always_case2_test.sv:38: $finish called at 470 (1ps)
Hint: Output 'pos' has 61 mismatches. First mismatch occurred at time 90.
Hint: Total mismatched samples is 61 out of 94 samples

Simulation finished at 470 ps
Mismatches: 61 in 94 samples

[attempt 3] → decompose_spec
[attempt 3] ← decompose_spec:
根據你的邏輯修正（優先級由 LSB 到 MSB，即優先偵測最右側的 1），以下是將該 Verilog 題目分解為 4 個具體、可執行子目標的步驟：

1. 定義一個 4-bit 輸入埠 `in` 和一個 2-bit 輸出埠 `pos`，並宣告處理 `4'b0000` 預設輸出 `0` 的邏輯。
2. 使用 `priority encoder` 的邏輯結構（或 `if-else if` 語句），優先檢查 `in[0]` 是否為 1，若是則輸出 0。
3. 依序檢查 `in[1]`、`in[2]`、`in[3]`，若當前位元為 1 且之前的位元皆為 0，則輸出對應的位元索引值（分別為 1, 2, 3）。
4. 編寫 Testbench 驗證所有輸入組合（包含 `4'b0000`, `4'b0001`, `4'b0010`, `4'b0100`, `4'b1000` 以及 `4'b1010` 等組合），確認輸出符合從 LSB 到 MSB 的優先級規則。

[attempt 4] → compile_and_test
module TopModule (
    input logic [3:0] in,
    output logic [1:0] pos
);

    always @(*) begin
[attempt 4] ← compile_and_test: .

[attempt 4] → synthesize
[attempt 4] ← synthesize: Y