
[attempt 0] → decompose_spec
[attempt 0] ← decompose_spec:
為了完成此 Lemmings 有限狀態機（FSM），建議將任務分解為以下 5 個步驟：

1. 定義狀態編碼（Parameters）與輸出邏輯，並建立狀態轉換所需的計數器（用於紀錄墜落時間）。
2. 實作非同步重置（areset）的狀態暫存器更新邏輯，確保在時鐘上升緣更新當前狀態。
3. 編寫狀態轉換邏輯（Next State Logic），依據 `ground`、`bump`、`dig` 等輸入以及「墜落 > 挖掘 > 方向切換」的優先順序定義轉移條件。
4. 實作墜落計數器邏輯，當狀態為 `FallLeft/Right` 時遞增，並判斷若超過 20 個週期且觸地則轉向 `Splatter`。
5. 根據當前狀態（Moore Machine）設定所有輸出信號（`walk_left`, `walk_right`, `aaah`, `digging`）的組合邏輯。

[attempt 1] → compile_and_test
module TopModule (
    input clk,
    input areset,
    input bump_left,
    input bump_right,
    input ground,
[attempt 1] ← compile_and_test: R  mismatches=184
VCD info: dumpfile wave.vcd opened for output.
/mnt/d/school/w4afAILearn/期末/-/verilog-eval/dataset_spec-to-rtl/Prob155_lemmings4_test.sv:158: $finish called at 5016 (1ps)
Hint: Output 'walk_left' has 128 mismatches. First mismatch occurred at time 580.
Hint: Output 'walk_right' has 78 mismatches. First mismatch occurred at time 710.
Hint: Output 'aaah' has 14 mismatches. First mismatch occurred at time 690.
Hint: Output 'digging' has 34 mismatches. First mismatch occurred at time 620.
Hint: Total mismatched samples is 184 out of 1003 samples

Simulation finished at 5016 ps
Mismatches: 184 in 1003 samples