
[attempt 1] → compile_and_test
module TopModule (
    input a,
    input b,
    input c,
    output out
);
[attempt 1] ← compile_and_test: w
/tmp/tmppkx59ikr.sv:18: error: out is not a valid l-value in tb.top_module1.
/tmp/tmppkx59ikr.sv:5:      : out is declared here as wire.
1 error(s) during elaboration.

[attempt 1] → get_debug_hints(error_type='R')
[attempt 1] ← get_debug_hints: Runtime mismatch 常見原因（請逐項對照自己的程式碼）：
1. Timing offset：FSM 有多餘狀態導致輸出慢一 cycle
2. 狀態轉移條件錯誤：if (w) 應為 if (~w) 或反之
3. 組合邏輯錯誤：output 賦值條件遺漏或邏輯反向
4. Reset 初始值不符：state / counter 初始值與規格不符
5. 計數器邊界：off-by-one（計數

[attempt 2] → compile_and_test
module TopModule (
    input a,
    input b,
    input c,
    output out
);
[attempt 2] ← compile_and_test: w
/tmp/tmp3jtz5d6f.sv:57: error: out is not a valid l-value in tb.top_module1.
/tmp/tmp3jtz5d6f.sv:5:      : out is declared here as wire.
1 error(s) during elaboration.

[attempt 3] → compile_and_test
module TopModule (
    input a,
    input b,
    input c,
    output logic out
);
[attempt 3] ← compile_and_test: .

[attempt 3] → synthesize
[attempt 3] ← synthesize: Y