
[attempt 0] → decompose_spec
[attempt 0] ← decompose_spec:
根據您提供的真值表與邏輯需求，以下是將此 Verilog 設計任務分解的 3-5 個具體子目標：

1. 定義模組介面，包含時鐘訊號 `clk`、輸入 `a`、`b`，以及輸出 `q` 與暫存器 `state`。
2. 根據真值表推導並編寫 `q` 的組合邏輯運算式（例如：`assign q = a ^ b ^ state;`）。
3. 使用 `always @(posedge clk)` 區塊建立 `state` 的時序邏輯，並根據真值表歸納其下一狀態的轉態條件。
4. 編寫測試平台 (Testbench) 並依據題目提供的時間點（15ns 至 145ns）模擬輸入變化，以驗證 `q` 與 `state` 的輸出是否符合預期。

[attempt 1] → compile_and_test
module TopModule (
    input clk,
    input a,
    input b,
    output logic q,
    output logic state
[attempt 1] ← compile_and_test: R  mismatches=229
VCD info: dumpfile wave.vcd opened for output.
/mnt/d/school/w4afAILearn/期末/-/verilog-eval/dataset_spec-to-rtl/Prob147_circuit10_test.sv:50: $finish called at 1160 (1ps)
Hint: Output 'q' has 229 mismatches. First mismatch occurred at time 20.
Hint: Output 'state' has 229 mismatches. First mismatch occurred at time 20.
Hint: Total mismatched samples is 229 out of 232 samples

Simulation finished at 1160 ps
Mismatches: 229 in 232 samples

[attempt 1] → get_debug_hints(error_type='R')
[attempt 1] ← get_debug_hints: Runtime mismatch 常見原因（請逐項對照自己的程式碼）：
1. Timing offset：FSM 有多餘狀態導致輸出慢一 cycle
2. 狀態轉移條件錯誤：if (w) 應為 if (~w) 或反之
3. 組合邏輯錯誤：output 賦值條件遺漏或邏輯反向
4. Reset 初始值不符：state / counter 初始值與規格不符
5. 計數器邊界：off-by-one（計數

[attempt 2] → compile_and_test
module TopModule (
    input clk,
    input a,
    input b,
    output logic q,
    output logic state
[attempt 2] ← compile_and_test: R  mismatches=229
VCD info: dumpfile wave.vcd opened for output.
/mnt/d/school/w4afAILearn/期末/-/verilog-eval/dataset_spec-to-rtl/Prob147_circuit10_test.sv:50: $finish called at 1160 (1ps)
Hint: Output 'q' has 221 mismatches. First mismatch occurred at time 20.
Hint: Output 'state' has 229 mismatches. First mismatch occurred at time 20.
Hint: Total mismatched samples is 229 out of 232 samples

Simulation finished at 1160 ps
Mismatches: 229 in 232 samples

[attempt 3] → compile_and_test
module TopModule (
    input clk,
    input a,
    input b,
    output logic q,
    output logic state
[attempt 3] ← compile_and_test: R  mismatches=229
VCD info: dumpfile wave.vcd opened for output.
/mnt/d/school/w4afAILearn/期末/-/verilog-eval/dataset_spec-to-rtl/Prob147_circuit10_test.sv:50: $finish called at 1160 (1ps)
Hint: Output 'q' has 223 mismatches. First mismatch occurred at time 20.
Hint: Output 'state' has 229 mismatches. First mismatch occurred at time 20.
Hint: Total mismatched samples is 229 out of 232 samples

Simulation finished at 1160 ps
Mismatches: 229 in 232 samples

[attempt 4] → compile_and_test
module TopModule (
    input clk,
    input a,
    input b,
    output logic q,
    output logic state
[attempt 4] ← compile_and_test: R  mismatches=110
VCD info: dumpfile wave.vcd opened for output.
/mnt/d/school/w4afAILearn/期末/-/verilog-eval/dataset_spec-to-rtl/Prob147_circuit10_test.sv:50: $finish called at 1160 (1ps)
Hint: Output 'q' has 110 mismatches. First mismatch occurred at time 20.
Hint: Output 'state' has 106 mismatches. First mismatch occurred at time 20.
Hint: Total mismatched samples is 110 out of 232 samples

Simulation finished at 1160 ps
Mismatches: 110 in 232 samples

[attempt 5] → compile_and_test
module TopModule (
    input clk,
    input a,
    input b,
    output logic q,
    output logic state
[attempt 5] ← compile_and_test: R  mismatches=229
VCD info: dumpfile wave.vcd opened for output.
/mnt/d/school/w4afAILearn/期末/-/verilog-eval/dataset_spec-to-rtl/Prob147_circuit10_test.sv:50: $finish called at 1160 (1ps)
Hint: Output 'q' has 227 mismatches. First mismatch occurred at time 20.
Hint: Output 'state' has 229 mismatches. First mismatch occurred at time 20.
Hint: Total mismatched samples is 229 out of 232 samples

Simulation finished at 1160 ps
Mismatches: 229 in 232 samples