
[attempt 1] → compile_and_test
module TopModule (
    input clk,
    input a,
    input b,
    output q,
    output state
[attempt 1] ← compile_and_test: R  mismatches=229
VCD info: dumpfile wave.vcd opened for output.
/mnt/d/school/w4afAILearn/期末/-/verilog-eval/dataset_spec-to-rtl/Prob147_circuit10_test.sv:50: $finish called at 1160 (1ps)
Hint: Output 'q' has 12 mismatches. First mismatch occurred at time 80.
Hint: Output 'state' has 229 mismatches. First mismatch occurred at time 20.
Hint: Total mismatched samples is 229 out of 232 samples

Simulation finished at 1160 ps
Mismatches: 229 in 232 samples

[attempt 1] → get_debug_hints(error_type='R')
[attempt 1] ← get_debug_hints: Runtime mismatch 常見原因（請逐項對照自己的程式碼）：
1. Timing offset：FSM 有多餘狀態導致輸出慢一 cycle
2. 狀態轉移條件錯誤：if (w) 應為 if (~w) 或反之
3. 組合邏輯錯誤：output 賦值條件遺漏或邏輯反向
4. Reset 初始值不符：state / counter 初始值與規格不符
5. 計數器邊界：off-by-one（計數

[attempt 2] → compile_and_test
module TopModule (
    input clk,
    input a,
    input b,
    output q,
    output state
[attempt 2] ← compile_and_test: R  mismatches=14
VCD info: dumpfile wave.vcd opened for output.
/mnt/d/school/w4afAILearn/期末/-/verilog-eval/dataset_spec-to-rtl/Prob147_circuit10_test.sv:50: $finish called at 1160 (1ps)
Hint: Output 'q' has 14 mismatches. First mismatch occurred at time 60.
Hint: Output 'state' has 14 mismatches. First mismatch occurred at time 60.
Hint: Total mismatched samples is 14 out of 232 samples

Simulation finished at 1160 ps
Mismatches: 14 in 232 samples

[attempt 3] → compile_and_test
module TopModule (
    input clk,
    input a,
    input b,
    output q,
    output state
[attempt 3] ← compile_and_test: R  mismatches=22
VCD info: dumpfile wave.vcd opened for output.
/mnt/d/school/w4afAILearn/期末/-/verilog-eval/dataset_spec-to-rtl/Prob147_circuit10_test.sv:50: $finish called at 1160 (1ps)
Hint: Output 'q' has 12 mismatches. First mismatch occurred at time 80.
Hint: Output 'state' has 14 mismatches. First mismatch occurred at time 60.
Hint: Total mismatched samples is 22 out of 232 samples

Simulation finished at 1160 ps
Mismatches: 22 in 232 samples

[attempt 4] → compile_and_test
module TopModule (
    input clk,
    input a,
    input b,
    output q,
    output state
[attempt 4] ← compile_and_test: R  mismatches=4
VCD info: dumpfile wave.vcd opened for output.
/mnt/d/school/w4afAILearn/期末/-/verilog-eval/dataset_spec-to-rtl/Prob147_circuit10_test.sv:50: $finish called at 1160 (1ps)
Hint: Output 'q' has 4 mismatches. First mismatch occurred at time 120.
Hint: Output 'state' has no mismatches.
Hint: Total mismatched samples is 4 out of 232 samples

Simulation finished at 1160 ps
Mismatches: 4 in 232 samples

[attempt 5] → compile_and_test
module TopModule (
    input clk,
    input a,
    input b,
    output q,
    output state
[attempt 5] ← compile_and_test: .

[attempt 5] → synthesize (auto, last attempt)
[attempt 5] ← synthesize: Y