
[attempt 1] → compile_and_test
module TopModule (
    input [3:0] x,
    output f
);
    // K-map mapping:
    // x[2]x[3] | x[0]x[1]
[attempt 1] ← compile_and_test: w
/tmp/tmpogmi9nea.sv:27: error: f is not a valid l-value in tb.top_module1.
/tmp/tmpogmi9nea.sv:3:      : f is declared here as wire.
/tmp/tmpogmi9nea.sv:28: error: f is not a valid l-value in tb.top_module1.
/tmp/tmpogmi9nea.sv:3:      : f is declared here as wire.
/tmp/tmpogmi9nea.sv:29: error: f is not a valid l-value in tb.top_module1.
/tmp/tmpogmi9nea.sv:3:      : f is declared here as wire.
/tmp/tmpogmi9nea.sv:30: error: f is not a valid l-value in tb.top_module1.
/tmp/tmpogmi9nea.sv:3:      : f is declared here as wire.
/tmp/tmpogmi9nea.sv:31: error: f is not a valid l-value in tb.top_module1.
/tmp/tmpogmi9nea.sv:3:      : f is declared here as wire.
/tmp/tmpogmi9nea.sv:32: error: f is not a valid l-value in tb.top_module1.
/tmp/tmpogmi9nea.sv:3:      : f is declared here as wire.
/tmp/tmpogmi9nea.sv:33: error: f is not a valid l-value in tb.top_module1.
/tmp/tmpogmi9nea.sv:3:      : f is declared here as wire.
/tmp/tmpogmi9nea.sv:34: error: f is not a valid l-value in tb.top_mod

[attempt 2] → compile_and_test
module TopModule (
    input [3:0] x,
    output logic f
);
    // K-map mapping:
    // x[2]x[3] | x[0]x[1]
[attempt 2] ← compile_and_test: R  mismatches=67
VCD info: dumpfile wave.vcd opened for output.
/mnt/d/school/w4afAILearn/期末/-/verilog-eval/dataset_spec-to-rtl/Prob113_2012_q1g_test.sv:16: $finish called at 501 (1ps)
Hint: Output 'f' has 67 mismatches. First mismatch occurred at time 10.
Hint: Total mismatched samples is 67 out of 100 samples

Simulation finished at 501 ps
Mismatches: 67 in 100 samples

[attempt 3] → compile_and_test
module TopModule (
    input [3:0] x,
    output logic f
);
    // K-map:
    //         x[0]x[1]
[attempt 3] ← compile_and_test: .

[attempt 3] → synthesize
[attempt 3] ← synthesize: Y