
[attempt 0] → decompose_spec
[attempt 0] ← decompose_spec:
為了完成此 HDLC Framing Moore FSM 的設計，建議將任務分解為以下 5 個子目標：

1. 定義 FSM 狀態：依據連續「1」的數量（0 至 7+）規劃狀態機狀態，並確保每一狀態的輸出（disc, flag, err）符合 Moore 型定義。
2. 實作狀態轉移邏輯：根據輸入 `in` 與當前狀態，處理連續「1」的計數增減，並在接收到「0」時正確跳轉回初始狀態或錯誤狀態。
3. 實作輸出邏輯：根據當前狀態的性質，確保 `disc` 與 `flag` 僅在特定狀態下維持一個時脈週期的輸出，且 `err` 狀態在接收到「0」之前保持有效。
4. 處理同步重置：於時序邏輯中加入同步 Active High `reset`，確保重置後狀態機歸零並將前一個輸入視為「0」。
5. 編寫測試平台 (Testbench)：設計包含正常數據、插入 0 (bit-stuffing)、Flag 偵測以及連續 7 個 1 以上（Error）的輸入序列來驗證邏輯正確性。

[attempt 1] → compile_and_test
module TopModule (
    input clk,
    input reset,
    input in,
    output logic disc,
    output logic flag,
[attempt 1] ← compile_and_test: e
/tmp/tmpoxz0nysl.sv:27: error: This assignment requires an explicit cast.
/tmp/tmpoxz0nysl.sv:28: error: This assignment requires an explicit cast.
/tmp/tmpoxz0nysl.sv:29: error: This assignment requires an explicit cast.
/tmp/tmpoxz0nysl.sv:30: error: This assignment requires an explicit cast.
/tmp/tmpoxz0nysl.sv:31: error: This assignment requires an explicit cast.
/tmp/tmpoxz0nysl.sv:32: error: This assignment requires an explicit cast.
/tmp/tmpoxz0nysl.sv:33: error: This assignment requires an explicit cast.
/tmp/tmpoxz0nysl.sv:34: error: This assignment requires an explicit cast.
/tmp/tmpoxz0nysl.sv:35: error: This assignment requires an explicit cast.
/tmp/tmpoxz0nysl.sv:36: error: This assignment requires an explicit cast.
/tmp/tmpoxz0nysl.sv:37: error: This assignment requires an explicit cast.
11 error(s) during elaboration.

[attempt 2] → compile_and_test
module TopModule (
    input clk,
    input reset,
    input in,
    output logic disc,
    output logic flag,
[attempt 2] ← compile_and_test: e
/tmp/tmpzel2kuwk.sv:26: error: This assignment requires an explicit cast.
/tmp/tmpzel2kuwk.sv:27: error: This assignment requires an explicit cast.
/tmp/tmpzel2kuwk.sv:28: error: This assignment requires an explicit cast.
/tmp/tmpzel2kuwk.sv:29: error: This assignment requires an explicit cast.
/tmp/tmpzel2kuwk.sv:30: error: This assignment requires an explicit cast.
/tmp/tmpzel2kuwk.sv:31: error: This assignment requires an explicit cast.
/tmp/tmpzel2kuwk.sv:32: error: This assignment requires an explicit cast.
/tmp/tmpzel2kuwk.sv:33: error: This assignment requires an explicit cast.
/tmp/tmpzel2kuwk.sv:34: error: This assignment requires an explicit cast.
/tmp/tmpzel2kuwk.sv:35: error: This assignment requires an explicit cast.
/tmp/tmpzel2kuwk.sv:36: error: This assignment requires an explicit cast.
11 error(s) during elaboration.

[attempt 3] → compile_and_test
module TopModule (
    input clk,
    input reset,
    input in,
    output logic disc,
    output logic flag,
[attempt 3] ← compile_and_test: R  mismatches=196
VCD info: dumpfile wave.vcd opened for output.
/mnt/d/school/w4afAILearn/期末/-/verilog-eval/dataset_spec-to-rtl/Prob140_fsm_hdlc_test.sv:20: $finish called at 4006 (1ps)
Hint: Output 'disc' has 6 mismatches. First mismatch occurred at time 480.
Hint: Output 'flag' has no mismatches.
Hint: Output 'err' has 196 mismatches. First mismatch occurred at time 240.
Hint: Total mismatched samples is 196 out of 801 samples

Simulation finished at 4006 ps
Mismatches: 196 in 801 samples

[attempt 4] → compile_and_test
module TopModule (
    input clk,
    input reset,
    input in,
    output logic disc,
    output logic flag,
[attempt 4] ← compile_and_test: R  mismatches=260
VCD info: dumpfile wave.vcd opened for output.
/mnt/d/school/w4afAILearn/期末/-/verilog-eval/dataset_spec-to-rtl/Prob140_fsm_hdlc_test.sv:20: $finish called at 4006 (1ps)
Hint: Output 'disc' has 2 mismatches. First mismatch occurred at time 1180.
Hint: Output 'flag' has no mismatches.
Hint: Output 'err' has 258 mismatches. First mismatch occurred at time 80.
Hint: Total mismatched samples is 260 out of 801 samples

Simulation finished at 4006 ps
Mismatches: 260 in 801 samples

[attempt 5] → compile_and_test
module TopModule (
    input clk,
    input reset,
    input in,
    output logic disc,
    output logic flag,
[attempt 5] ← compile_and_test: R  mismatches=38
VCD info: dumpfile wave.vcd opened for output.
/mnt/d/school/w4afAILearn/期末/-/verilog-eval/dataset_spec-to-rtl/Prob140_fsm_hdlc_test.sv:20: $finish called at 4006 (1ps)
Hint: Output 'disc' has no mismatches.
Hint: Output 'flag' has 4 mismatches. First mismatch occurred at time 2100.
Hint: Output 'err' has 34 mismatches. First mismatch occurred at time 80.
Hint: Total mismatched samples is 38 out of 801 samples

Simulation finished at 4006 ps
Mismatches: 38 in 801 samples