
[attempt 1] → compile_and_test
module TopModule (
    input clk,
    input reset,
    input data,
    input done_counting,
    input ack,
[attempt 1] ← compile_and_test: e
/tmp/tmpqdift6ne.sv:45: error: This assignment requires an explicit cast.
/tmp/tmpqdift6ne.sv:46: error: This assignment requires an explicit cast.
/tmp/tmpqdift6ne.sv:47: error: This assignment requires an explicit cast.
/tmp/tmpqdift6ne.sv:48: error: This assignment requires an explicit cast.
4 error(s) during elaboration.

[attempt 2] → compile_and_test
module TopModule (
    input clk,
    input reset,
    input data,
    input done_counting,
    input ack,
[attempt 2] ← compile_and_test: e
/tmp/tmp5kjx2_z1.sv:45: error: This assignment requires an explicit cast.
/tmp/tmp5kjx2_z1.sv:46: error: This assignment requires an explicit cast.
/tmp/tmp5kjx2_z1.sv:47: error: This assignment requires an explicit cast.
/tmp/tmp5kjx2_z1.sv:48: error: This assignment requires an explicit cast.
4 error(s) during elaboration.

[attempt 3] → compile_and_test
module TopModule (
    input clk,
    input reset,
    input data,
    input done_counting,
    input ack,
[attempt 3] ← compile_and_test: .

[attempt 3] → synthesize
[attempt 3] ← synthesize: Y