
[attempt 0] → decompose_spec
[attempt 0] ← decompose_spec:
以下是將該 Verilog Moore 狀態機題目分解為 5 個具體、可執行子目標的建議：

1. 定義 10 個 one-hot 編碼的狀態參數（parameter）與狀態暫存器（current_state/next_state）。
2. 編寫第一個 `always` 區塊，定義狀態轉移邏輯（Next State Logic），根據輸入 `d`, `done_counting`, `ack` 決定下一個狀態。
3. 編寫第二個 `always` 區塊，依據 Moore 機定義，僅根據當前狀態（current_state）指定輸出 `shift_ena`, `counting`, `done`。
4. 實作時序邏輯（Sequential Logic），將 `current_state` 在時脈邊緣更新為 `next_state`，並設定初始狀態為 `S`。
5. 根據轉移邏輯推導並確認各狀態的轉移條件（例如：`B3_next` 為 `Count`，`S_next` 根據 `d` 與 `ack` 判斷等）。

[attempt 1] → compile_and_test
module TopModule (
    input d,
    input done_counting,
    input ack,
    input [9:0] state,
    output B3_next,
[attempt 1] ← compile_and_test: R  mismatches=1
VCD info: dumpfile wave.vcd opened for output.
/mnt/d/school/w4afAILearn/期末/-/verilog-eval/dataset_spec-to-rtl/Prob150_review2015_fsmonehot_test.sv:22: $finish called at 1501 (1ps)
Hint: Output 'B3_next' has no mismatches.
Hint: Output 'S_next' has 1 mismatches. First mismatch occurred at time 5.
Hint: Output 'S1_next' has no mismatches.
Hint: Output 'Count_next' has no mismatches.
Hint: Output 'Wait_next' has no mismatches.
Hint: Output 'done' has no mismatches.
Hint: Output 'counting' has no mismatches.
Hint: Output 'shift_ena' has no mismatches.
Hint: Total mismatched samples is 1 out of 300 samples

Simulation finished at 1501 ps
Mismatches: 1 in 300 samples

[attempt 1] → get_debug_hints(error_type='R')
[attempt 1] ← get_debug_hints: Runtime mismatch 常見原因（請逐項對照自己的程式碼）：
1. Timing offset：FSM 有多餘狀態導致輸出慢一 cycle
2. 狀態轉移條件錯誤：if (w) 應為 if (~w) 或反之
3. 組合邏輯錯誤：output 賦值條件遺漏或邏輯反向
4. Reset 初始值不符：state / counter 初始值與規格不符
5. 計數器邊界：off-by-one（計數

[attempt 2] → compile_and_test
module TopModule (
    input d,
    input done_counting,
    input ack,
    input [9:0] state,
    output B3_next,
[attempt 2] ← compile_and_test: R  mismatches=1
VCD info: dumpfile wave.vcd opened for output.
/mnt/d/school/w4afAILearn/期末/-/verilog-eval/dataset_spec-to-rtl/Prob150_review2015_fsmonehot_test.sv:22: $finish called at 1501 (1ps)
Hint: Output 'B3_next' has no mismatches.
Hint: Output 'S_next' has 1 mismatches. First mismatch occurred at time 5.
Hint: Output 'S1_next' has no mismatches.
Hint: Output 'Count_next' has no mismatches.
Hint: Output 'Wait_next' has no mismatches.
Hint: Output 'done' has no mismatches.
Hint: Output 'counting' has no mismatches.
Hint: Output 'shift_ena' has no mismatches.
Hint: Total mismatched samples is 1 out of 300 samples

Simulation finished at 1501 ps
Mismatches: 1 in 300 samples

[attempt 3] → compile_and_test
module TopModule (
    input d,
    input done_counting,
    input ack,
    input [9:0] state,
    output B3_next,
[attempt 3] ← compile_and_test: C
/tmp/tmpv1gm1mkv.sv:24: error: Unresolved net/uwire S cannot have multiple drivers.
/tmp/tmpv1gm1mkv.sv:25: error: Unresolved net/uwire S1 cannot have multiple drivers.
/tmp/tmpv1gm1mkv.sv:26: error: Unresolved net/uwire S11 cannot have multiple drivers.
/tmp/tmpv1gm1mkv.sv:27: error: Unresolved net/uwire S110 cannot have multiple drivers.
/tmp/tmpv1gm1mkv.sv:28: error: Unresolved net/uwire B0 cannot have multiple drivers.
/tmp/tmpv1gm1mkv.sv:29: error: Unresolved net/uwire B1 cannot have multiple drivers.
/tmp/tmpv1gm1mkv.sv:30: error: Unresolved net/uwire B2 cannot have multiple drivers.
/tmp/tmpv1gm1mkv.sv:31: error: Unresolved net/uwire B3 cannot have multiple drivers.
/tmp/tmpv1gm1mkv.sv:32: error: Unresolved net/uwire Count cannot have multiple drivers.
/tmp/tmpv1gm1mkv.sv:33: error: Unresolved net/uwire Wait cannot have multiple drivers.
10 error(s) during elaboration.

[attempt 4] → compile_and_test
module TopModule (
    input d,
    input done_counting,
    input ack,
    input [9:0] state,
    output B3_next,
[attempt 4] ← compile_and_test: R  mismatches=1
VCD info: dumpfile wave.vcd opened for output.
/mnt/d/school/w4afAILearn/期末/-/verilog-eval/dataset_spec-to-rtl/Prob150_review2015_fsmonehot_test.sv:22: $finish called at 1501 (1ps)
Hint: Output 'B3_next' has no mismatches.
Hint: Output 'S_next' has 1 mismatches. First mismatch occurred at time 5.
Hint: Output 'S1_next' has no mismatches.
Hint: Output 'Count_next' has no mismatches.
Hint: Output 'Wait_next' has no mismatches.
Hint: Output 'done' has no mismatches.
Hint: Output 'counting' has no mismatches.
Hint: Output 'shift_ena' has no mismatches.
Hint: Total mismatched samples is 1 out of 300 samples

Simulation finished at 1501 ps
Mismatches: 1 in 300 samples

[attempt 5] → compile_and_test
module TopModule (
    input d,
    input done_counting,
    input ack,
    input [9:0] state,
    output B3_next,
[attempt 5] ← compile_and_test: R  mismatches=1
VCD info: dumpfile wave.vcd opened for output.
/mnt/d/school/w4afAILearn/期末/-/verilog-eval/dataset_spec-to-rtl/Prob150_review2015_fsmonehot_test.sv:22: $finish called at 1501 (1ps)
Hint: Output 'B3_next' has no mismatches.
Hint: Output 'S_next' has 1 mismatches. First mismatch occurred at time 5.
Hint: Output 'S1_next' has no mismatches.
Hint: Output 'Count_next' has no mismatches.
Hint: Output 'Wait_next' has no mismatches.
Hint: Output 'done' has no mismatches.
Hint: Output 'counting' has no mismatches.
Hint: Output 'shift_ena' has no mismatches.
Hint: Total mismatched samples is 1 out of 300 samples

Simulation finished at 1501 ps
Mismatches: 1 in 300 samples