
[attempt 1] → compile_and_test
module TopModule (
    input x,
    input y,
    output z
);
    // Analysis of the truth table:
[attempt 1] ← compile_and_test: w
/tmp/tmpafb2_90i.sv:16: error: z is not a valid l-value in tb.top_module1.
/tmp/tmpafb2_90i.sv:4:      : z is declared here as wire.
1 error(s) during elaboration.

[attempt 2] → compile_and_test
module TopModule (
    input x,
    input y,
    output logic z
);
    // Analysis of the truth table:
[attempt 2] ← compile_and_test: .

[attempt 2] → synthesize
[attempt 2] ← synthesize: Y