
[attempt 1] → compile_and_test
module SubModuleA(
    input x,
    input y,
    output z
);
    assign z = (x ^ y) & x;
[attempt 1] ← compile_and_test: w
/tmp/tmpem5b3zzr.sv:39: error: z is not a valid l-value in tb.top_module1.
/tmp/tmpem5b3zzr.sv:26:      : z is declared here as wire.
1 error(s) during elaboration.

[attempt 2] → compile_and_test
module SubModuleA(
    input x,
    input y,
    output logic z
);
    always @(*) z = (x ^ y) & x;
[attempt 2] ← compile_and_test: .

[attempt 2] → synthesize
[attempt 2] ← synthesize: Y