
[attempt 1] → compile_and_test
module TopModule (
    input clk,
    input reset,
    input [31:0] in,
    output [31:0] out
);
[attempt 1] ← compile_and_test: R  mismatches=99
VCD info: dumpfile wave.vcd opened for output.
/mnt/d/school/w4afAILearn/期末/-/verilog-eval/dataset_spec-to-rtl/Prob066_edgecapture_test.sv:86: $finish called at 1330 (1ps)
Hint: Output 'out' has 99 mismatches. First mismatch occurred at time 90.
Hint: Total mismatched samples is 99 out of 266 samples

Simulation finished at 1330 ps
Mismatches: 99 in 266 samples

[attempt 2] → compile_and_test
module TopModule (
    input clk,
    input reset,
    input [31:0] in,
    output [31:0] out
);
[attempt 2] ← compile_and_test: R  mismatches=99
VCD info: dumpfile wave.vcd opened for output.
/mnt/d/school/w4afAILearn/期末/-/verilog-eval/dataset_spec-to-rtl/Prob066_edgecapture_test.sv:86: $finish called at 1330 (1ps)
Hint: Output 'out' has 99 mismatches. First mismatch occurred at time 90.
Hint: Total mismatched samples is 99 out of 266 samples

Simulation finished at 1330 ps
Mismatches: 99 in 266 samples

[attempt 2] → decompose_spec
[attempt 2] ← decompose_spec:
針對這個題目，可以將其拆解為以下 5 個具體且可執行的子目標：

1. 定義具有 32-bit 輸入、32-bit 輸出以及時脈與同步重置訊號的模組介面。
2. 建立一個 32-bit 的暫存器，用來儲存前一個週期的輸入訊號狀態，以便進行比較。
3. 利用邏輯運算式 `(~current_input & previous_input)` 偵測每個位元從 1 變為 0 的下降緣觸發條件。
4. 實作一個 32-bit 的鎖存機制（Latch/Capture），當偵測到下降緣時將對應的輸出位元設為 1，並維持該狀態。
5. 撰寫同步重置邏輯，確保在重置訊號為高電位時，將所有輸出位元清零。

[attempt 3] → compile_and_test
module TopModule (
    input clk,
    input reset,
    input [31:0] in,
    output [31:0] out
);
[attempt 3] ← compile_and_test: R  mismatches=91
VCD info: dumpfile wave.vcd opened for output.
/mnt/d/school/w4afAILearn/期末/-/verilog-eval/dataset_spec-to-rtl/Prob066_edgecapture_test.sv:86: $finish called at 1330 (1ps)
Hint: Output 'out' has 91 mismatches. First mismatch occurred at time 140.
Hint: Total mismatched samples is 91 out of 266 samples

Simulation finished at 1330 ps
Mismatches: 91 in 266 samples

[attempt 4] → compile_and_test
module TopModule (
    input clk,
    input reset,
    input [31:0] in,
    output [31:0] out
);
[attempt 4] ← compile_and_test: .

[attempt 4] → synthesize
[attempt 4] ← synthesize: Y