
[attempt 1] → compile_and_test
module TopModule (
    input logic [3:0] in,
    output logic [1:0] pos
);

    always @(*) begin
[attempt 1] ← compile_and_test: R  mismatches=61
VCD info: dumpfile wave.vcd opened for output.
/mnt/d/school/w4afAILearn/期末/-/verilog-eval/dataset_spec-to-rtl/Prob112_always_case2_test.sv:38: $finish called at 470 (1ps)
Hint: Output 'pos' has 61 mismatches. First mismatch occurred at time 90.
Hint: Total mismatched samples is 61 out of 94 samples

Simulation finished at 470 ps
Mismatches: 61 in 94 samples

[attempt 1] → get_debug_hints(error_type='R')
[attempt 1] ← get_debug_hints: Runtime mismatch 常見原因（請逐項對照自己的程式碼）：
1. Timing offset：FSM 有多餘狀態導致輸出慢一 cycle
2. 狀態轉移條件錯誤：if (w) 應為 if (~w) 或反之
3. 組合邏輯錯誤：output 賦值條件遺漏或邏輯反向
4. Reset 初始值不符：state / counter 初始值與規格不符
5. 計數器邊界：off-by-one（計數

[attempt 2] → compile_and_test
module TopModule (
    input logic [3:0] in,
    output logic [1:0] pos
);

    always @(*) begin
[attempt 2] ← compile_and_test: R  mismatches=61
VCD info: dumpfile wave.vcd opened for output.
/mnt/d/school/w4afAILearn/期末/-/verilog-eval/dataset_spec-to-rtl/Prob112_always_case2_test.sv:38: $finish called at 470 (1ps)
Hint: Output 'pos' has 61 mismatches. First mismatch occurred at time 90.
Hint: Total mismatched samples is 61 out of 94 samples

Simulation finished at 470 ps
Mismatches: 61 in 94 samples

[attempt 3] → compile_and_test
module TopModule (
    input logic [3:0] in,
    output logic [1:0] pos
);

    always @(*) begin
[attempt 3] ← compile_and_test: R  mismatches=61
VCD info: dumpfile wave.vcd opened for output.
/mnt/d/school/w4afAILearn/期末/-/verilog-eval/dataset_spec-to-rtl/Prob112_always_case2_test.sv:38: $finish called at 470 (1ps)
Hint: Output 'pos' has 61 mismatches. First mismatch occurred at time 90.
Hint: Total mismatched samples is 61 out of 94 samples

Simulation finished at 470 ps
Mismatches: 61 in 94 samples

[attempt 4] → compile_and_test
module TopModule (
    input logic [3:0] in,
    output logic [1:0] pos
);

    always @(*) begin
[attempt 4] ← compile_and_test: R  mismatches=61
VCD info: dumpfile wave.vcd opened for output.
/mnt/d/school/w4afAILearn/期末/-/verilog-eval/dataset_spec-to-rtl/Prob112_always_case2_test.sv:38: $finish called at 470 (1ps)
Hint: Output 'pos' has 61 mismatches. First mismatch occurred at time 90.
Hint: Total mismatched samples is 61 out of 94 samples

Simulation finished at 470 ps
Mismatches: 61 in 94 samples

[attempt 5] → compile_and_test
module TopModule (
    input logic [3:0] in,
    output logic [1:0] pos
);

    always @(*) begin
[attempt 5] ← compile_and_test: .

[attempt 5] → synthesize (auto, last attempt)
[attempt 5] ← synthesize: Y