
[attempt 1] → compile_and_test
module TopModule (
    input [3:0] x,
    output f
);
    // K-map structure:
    // x[2]x[3] \ x[0]x[1]
[attempt 1] ← compile_and_test: w
/tmp/tmpr1hd97_m.sv:24: error: f is not a valid l-value in tb.top_module1.
/tmp/tmpr1hd97_m.sv:3:      : f is declared here as wire.
/tmp/tmpr1hd97_m.sv:25: error: f is not a valid l-value in tb.top_module1.
/tmp/tmpr1hd97_m.sv:3:      : f is declared here as wire.
/tmp/tmpr1hd97_m.sv:26: error: f is not a valid l-value in tb.top_module1.
/tmp/tmpr1hd97_m.sv:3:      : f is declared here as wire.
/tmp/tmpr1hd97_m.sv:27: error: f is not a valid l-value in tb.top_module1.
/tmp/tmpr1hd97_m.sv:3:      : f is declared here as wire.
/tmp/tmpr1hd97_m.sv:28: error: f is not a valid l-value in tb.top_module1.
/tmp/tmpr1hd97_m.sv:3:      : f is declared here as wire.
/tmp/tmpr1hd97_m.sv:29: error: f is not a valid l-value in tb.top_module1.
/tmp/tmpr1hd97_m.sv:3:      : f is declared here as wire.
/tmp/tmpr1hd97_m.sv:30: error: f is not a valid l-value in tb.top_module1.
/tmp/tmpr1hd97_m.sv:3:      : f is declared here as wire.
/tmp/tmpr1hd97_m.sv:31: error: f is not a valid l-value in tb.top_mod

[attempt 1] → get_debug_hints(error_type='w')
[attempt 1] ← get_debug_hints: Declared as wire：對宣告為 wire 的訊號做程序性賦值（在 always 區塊內賦值）。
修正方式：
1. 將該訊號的宣告從 wire 改為 logic
2. 若已使用 logic 宣告但仍報此錯，確認沒有重複宣告
3. 建議使用 logic，不使用 wire 或 reg

[attempt 2] → compile_and_test
module TopModule (
    input [3:0] x,
    output logic f
);
    // x[2]x[3]  00  01  11  10
    // x[0]x[1]
[attempt 2] ← compile_and_test: R  mismatches=66
VCD info: dumpfile wave.vcd opened for output.
/mnt/d/school/w4afAILearn/期末/-/verilog-eval/dataset_spec-to-rtl/Prob113_2012_q1g_test.sv:16: $finish called at 501 (1ps)
Hint: Output 'f' has 66 mismatches. First mismatch occurred at time 10.
Hint: Total mismatched samples is 66 out of 100 samples

Simulation finished at 501 ps
Mismatches: 66 in 100 samples

[attempt 3] → compile_and_test
module TopModule (
    input [3:0] x,
    output logic f
);
    // x = {x[3], x[2], x[1], x[0]} 
    // Wait, the specification says:
[attempt 3] ← compile_and_test: .

[attempt 3] → synthesize
[attempt 3] ← synthesize: Y