
[attempt 1] → compile_and_test
module TopModule (
    input clk,
    input reset,
    input [31:0] in,
    output logic [31:0] out
);
[attempt 1] ← compile_and_test: R  mismatches=99
VCD info: dumpfile wave.vcd opened for output.
/mnt/d/school/w4afAILearn/期末/-/verilog-eval/dataset_spec-to-rtl/Prob066_edgecapture_test.sv:86: $finish called at 1330 (1ps)
Hint: Output 'out' has 99 mismatches. First mismatch occurred at time 90.
Hint: Total mismatched samples is 99 out of 266 samples

Simulation finished at 1330 ps
Mismatches: 99 in 266 samples

[attempt 2] → compile_and_test
module TopModule (
    input clk,
    input reset,
    input [31:0] in,
    output logic [31:0] out
);
[attempt 2] ← compile_and_test: R  mismatches=8
VCD info: dumpfile wave.vcd opened for output.
/mnt/d/school/w4afAILearn/期末/-/verilog-eval/dataset_spec-to-rtl/Prob066_edgecapture_test.sv:86: $finish called at 1330 (1ps)
Hint: Output 'out' has 8 mismatches. First mismatch occurred at time 90.
Hint: Total mismatched samples is 8 out of 266 samples

Simulation finished at 1330 ps
Mismatches: 8 in 266 samples

[attempt 3] → compile_and_test
module TopModule (
    input clk,
    input reset,
    input [31:0] in,
    output logic [31:0] out
);
[attempt 3] ← compile_and_test: R  mismatches=99
VCD info: dumpfile wave.vcd opened for output.
/mnt/d/school/w4afAILearn/期末/-/verilog-eval/dataset_spec-to-rtl/Prob066_edgecapture_test.sv:86: $finish called at 1330 (1ps)
Hint: Output 'out' has 99 mismatches. First mismatch occurred at time 90.
Hint: Total mismatched samples is 99 out of 266 samples

Simulation finished at 1330 ps
Mismatches: 99 in 266 samples

[attempt 4] → compile_and_test
module TopModule (
    input clk,
    input reset,
    input [31:0] in,
    output logic [31:0] out
);
[attempt 4] ← compile_and_test: R  mismatches=8
VCD info: dumpfile wave.vcd opened for output.
/mnt/d/school/w4afAILearn/期末/-/verilog-eval/dataset_spec-to-rtl/Prob066_edgecapture_test.sv:86: $finish called at 1330 (1ps)
Hint: Output 'out' has 8 mismatches. First mismatch occurred at time 90.
Hint: Total mismatched samples is 8 out of 266 samples

Simulation finished at 1330 ps
Mismatches: 8 in 266 samples

[attempt 5] → compile_and_test
module TopModule (
    input clk,
    input reset,
    input [31:0] in,
    output logic [31:0] out
);
[attempt 5] ← compile_and_test: R  mismatches=8
VCD info: dumpfile wave.vcd opened for output.
/mnt/d/school/w4afAILearn/期末/-/verilog-eval/dataset_spec-to-rtl/Prob066_edgecapture_test.sv:86: $finish called at 1330 (1ps)
Hint: Output 'out' has 8 mismatches. First mismatch occurred at time 90.
Hint: Total mismatched samples is 8 out of 266 samples

Simulation finished at 1330 ps
Mismatches: 8 in 266 samples