
[attempt 0] → decompose_spec
[attempt 0] ← decompose_spec:
根據您提供的系統規格，以下是將此 Verilog 設計分解為 5 個具體、可執行子目標的建議：

1. **定義狀態機與編碼**：定義 4 個代表水位狀態（Level 0 至 Level 3）的參數（Parameter），並宣告一個暫存器來記錄當前狀態（Current Level）與上一狀態（Previous Level）。
2. **實現感測器解碼邏輯**：編寫組合邏輯，根據輸入訊號 `s[2:0]` 的組合（3'b111, 3'b011, 3'b001, 3'b000）決定目前的 Level 狀態。
3. **實作狀態轉移與歷史記錄**：建立同步時序邏輯（Sequential Logic），在每個 Clock Cycle 更新狀態，並在感測器輸入改變時將舊的 Level 存入 Previous Level 變數。
4. **設計流量控制輸出邏輯 (fr)**：編寫組合邏輯，根據 Current Level 輸出對應的閥門訊號 `fr2, fr1, fr0`（Level 0 時全開，Level 3 時全關）。
5. **設計補償閥 (dfr) 與重置機制**：實作比較邏輯，當 `Current Level < Previous Level` 時將 `dfr` 設為 1，並加入同步 Reset 機制將系統強制恢復至 Level 0 的初始狀態。

[attempt 1] → compile_and_test
module TopModule (
    input clk,
    input reset,
    input [2:0] s,
    output fr2,
    output fr1,
[attempt 1] ← compile_and_test: R  mismatches=5
VCD info: dumpfile wave.vcd opened for output.
Hint: Your reset should be synchronous, but doesn't appear to be.
/mnt/d/Desktop/GitHub/School/強化學習期末專題/verilog-eval/dataset_spec-to-rtl/Prob149_ece241_2013_q4_test.sv:84: $finish called at 10200 (1ps)
Hint: Output 'fr2' has no mismatches.
Hint: Output 'fr1' has no mismatches.
Hint: Output 'fr0' has no mismatches.
Hint: Output 'dfr' has 5 mismatches. First mismatch occurred at time 20.
Hint: Total mismatched samples is 5 out of 2040 samples

Simulation finished at 10200 ps
Mismatches: 5 in 2040 samples