
[attempt 0] → decompose_spec
[attempt 0] ← decompose_spec:
為了實現這個 Verilog 模組，我們可以將任務分解為以下五個具體步驟：

1. 根據卡諾圖（Karnaugh Map）列出所有輸入組合 (a, b, c, d) 對應的輸出真值表。
2. 對真值表進行布林代數化簡或邏輯分析，得出輸出的邏輯表達式（例如使用 Sum of Products 形式）。
3. 建立 Verilog 模組框架，定義 `TopModule` 的輸入埠 `a, b, c, d` 與輸出埠 `out`。
4. 使用 `assign` 語句根據化簡後的邏輯表達式編寫組合邏輯電路。
5. 編寫一個簡單的 Testbench 對所有輸入組合進行模擬，驗證輸出結果是否符合題目要求的卡諾圖。

[attempt 1] → compile_and_test
module TopModule (
    input logic a,
    input logic b,
    input logic c,
    input logic d,
    output logic out
[attempt 1] ← compile_and_test: R  mismatches=58
VCD info: dumpfile wave.vcd opened for output.
/mnt/d/school/w4afAILearn/期末/-/verilog-eval/dataset_spec-to-rtl/Prob125_kmap3_test.sv:38: $finish called at 1161 (1ps)
Hint: Output 'out' has 58 mismatches. First mismatch occurred at time 30.
Hint: Total mismatched samples is 58 out of 232 samples

Simulation finished at 1161 ps
Mismatches: 58 in 232 samples

[attempt 1] → get_debug_hints(error_type='R')
[attempt 1] ← get_debug_hints: Runtime mismatch 常見原因（請逐項對照自己的程式碼）：
1. Timing offset：FSM 有多餘狀態導致輸出慢一 cycle
2. 狀態轉移條件錯誤：if (w) 應為 if (~w) 或反之
3. 組合邏輯錯誤：output 賦值條件遺漏或邏輯反向
4. Reset 初始值不符：state / counter 初始值與規格不符
5. 計數器邊界：off-by-one（計數

[attempt 2] → compile_and_test
module TopModule (
    input logic a,
    input logic b,
    input logic c,
    input logic d,
    output logic out
[attempt 2] ← compile_and_test: R  mismatches=58
VCD info: dumpfile wave.vcd opened for output.
/mnt/d/school/w4afAILearn/期末/-/verilog-eval/dataset_spec-to-rtl/Prob125_kmap3_test.sv:38: $finish called at 1161 (1ps)
Hint: Output 'out' has 58 mismatches. First mismatch occurred at time 30.
Hint: Total mismatched samples is 58 out of 232 samples

Simulation finished at 1161 ps
Mismatches: 58 in 232 samples

[attempt 3] → compile_and_test
module TopModule (
    input logic a,
    input logic b,
    input logic c,
    input logic d,
    output logic out
[attempt 3] ← compile_and_test: R  mismatches=58
VCD info: dumpfile wave.vcd opened for output.
/mnt/d/school/w4afAILearn/期末/-/verilog-eval/dataset_spec-to-rtl/Prob125_kmap3_test.sv:38: $finish called at 1161 (1ps)
Hint: Output 'out' has 58 mismatches. First mismatch occurred at time 30.
Hint: Total mismatched samples is 58 out of 232 samples

Simulation finished at 1161 ps
Mismatches: 58 in 232 samples

[attempt 4] → compile_and_test
module TopModule (
    input logic a,
    input logic b,
    input logic c,
    input logic d,
    output logic out
[attempt 4] ← compile_and_test: R  mismatches=67
VCD info: dumpfile wave.vcd opened for output.
/mnt/d/school/w4afAILearn/期末/-/verilog-eval/dataset_spec-to-rtl/Prob125_kmap3_test.sv:38: $finish called at 1161 (1ps)
Hint: Output 'out' has 67 mismatches. First mismatch occurred at time 5.
Hint: Total mismatched samples is 67 out of 232 samples

Simulation finished at 1161 ps
Mismatches: 67 in 232 samples

[attempt 5] → compile_and_test
module TopModule (
    input logic a,
    input logic b,
    input logic c,
    input logic d,
    output logic out
[attempt 5] ← compile_and_test: R  mismatches=58
VCD info: dumpfile wave.vcd opened for output.
/mnt/d/school/w4afAILearn/期末/-/verilog-eval/dataset_spec-to-rtl/Prob125_kmap3_test.sv:38: $finish called at 1161 (1ps)
Hint: Output 'out' has 58 mismatches. First mismatch occurred at time 30.
Hint: Total mismatched samples is 58 out of 232 samples

Simulation finished at 1161 ps
Mismatches: 58 in 232 samples