
[attempt 0] → decompose_spec
[attempt 0] ← decompose_spec:
根據您的觀察與邏輯分析，以下是將此 Verilog 設計任務分解的 4 個具體子目標：

1. 宣告模組結構，定義 `clock` 與 `a` 為輸入，`p` 與 `q` 為輸出，並建立一個暫存器 `q_reg` 用於保存狀態。
2. 撰寫時序邏輯（Sequential Logic），在 `posedge clock` 時將 `a` 的值更新至 `q_reg`。
3. 撰寫組合邏輯（Combinational Logic），實作 `p = (clock & a) | (~clock & q_reg)` 的運算邏輯。
4. 將 `q_reg` 的值指派給輸出 `q`，並編寫 Testbench 驗證其在不同時間點（如 90ns, 115ns, 165ns）的訊號行為是否符合觀察結果。

[attempt 1] → compile_and_test
module TopModule(
    input clock,
    input a,
    output p,
    output q
);
[attempt 1] ← compile_and_test: R  mismatches=109
VCD info: dumpfile wave.vcd opened for output.
/mnt/d/Desktop/GitHub/School/強化學習期末專題/verilog-eval/dataset_spec-to-rtl/Prob145_circuit8_test.sv:45: $finish called at 1200 (1ps)
Hint: Output 'p' has 55 mismatches. First mismatch occurred at time 240.
Hint: Output 'q' has 109 mismatches. First mismatch occurred at time 90.
Hint: Total mismatched samples is 109 out of 240 samples

Simulation finished at 1200 ps
Mismatches: 109 in 240 samples