
[attempt 1] → compile_and_test
module TopModule (
    input a,
    input b,
    output out_and,
    output out_or,
    output out_xor,
[attempt 1] ← compile_and_test: w
/tmp/tmplh7ty2p6.sv:14: error: out_and is not a valid l-value in tb.top_module1.
/tmp/tmplh7ty2p6.sv:4:      : out_and is declared here as wire.
/tmp/tmplh7ty2p6.sv:15: error: out_or is not a valid l-value in tb.top_module1.
/tmp/tmplh7ty2p6.sv:5:      : out_or is declared here as wire.
/tmp/tmplh7ty2p6.sv:16: error: out_xor is not a valid l-value in tb.top_module1.
/tmp/tmplh7ty2p6.sv:6:      : out_xor is declared here as wire.
/tmp/tmplh7ty2p6.sv:17: error: out_nand is not a valid l-value in tb.top_module1.
/tmp/tmplh7ty2p6.sv:7:      : out_nand is declared here as wire.
/tmp/tmplh7ty2p6.sv:18: error: out_nor is not a valid l-value in tb.top_module1.
/tmp/tmplh7ty2p6.sv:8:      : out_nor is declared here as wire.
/tmp/tmplh7ty2p6.sv:19: error: out_xnor is not a valid l-value in tb.top_module1.
/tmp/tmplh7ty2p6.sv:9:      : out_xnor is declared here as wire.
/tmp/tmplh7ty2p6.sv:20: error: out_anotb is not a valid l-value in tb.top_module1.
/tmp/tmplh7ty2p6.sv:10:      : out_anotb is d

[attempt 1] → get_debug_hints(error_type='w')
[attempt 1] ← get_debug_hints: Declared as wire：對宣告為 wire 的訊號做程序性賦值（在 always 區塊內賦值）。
修正方式：
1. 將該訊號的宣告從 wire 改為 logic
2. 若已使用 logic 宣告但仍報此錯，確認沒有重複宣告
3. 建議使用 logic，不使用 wire 或 reg

[attempt 2] → compile_and_test
module TopModule (
    input logic a,
    input logic b,
    output logic out_and,
    output logic out_or,
    output logic out_xor,
[attempt 2] ← compile_and_test: .

[attempt 2] → synthesize
[attempt 2] ← synthesize: Y