
[attempt 0] → decompose_spec
[attempt 0] ← decompose_spec:
將此問題分解為以下 4 個具體、可執行的子目標：

1. 根據 K-map 分析結果，將 mux_in[0] 定義為輸入 c 與 d 的邏輯表達式 `c | d`。
2. 將 mux_in[1] 直接賦值為常數 `0`，並將 mux_in[2] 定義為邏輯表達式 `c & d`。
3. 將 mux_in[3] 定義為邏輯表達式 `~(c ^ d)` (或其等效邏輯 `(~c & ~d) | (c & d)`)。
4. 在 Verilog `TopModule` 中宣告輸入 `c, d` 與輸出 `mux_in[3:0]` 並完成邏輯賦值。

[attempt 1] → compile_and_test
module TopModule (
    input c,
    input d,
    output [3:0] mux_in
);
    // mux_in[0] (ab=00): row entries {0, 1, 1, 1} for cd {00, 01, 11, 10} => c | d
[attempt 1] ← compile_and_test: R  mismatches=38
VCD info: dumpfile wave.vcd opened for output.
/mnt/d/school/w4afAILearn/期末/-/verilog-eval/dataset_spec-to-rtl/Prob093_ece241_2014_q3_test.sv:38: $finish called at 300 (1ps)
Hint: Output 'mux_in' has 38 mismatches. First mismatch occurred at time 5.
Hint: Total mismatched samples is 38 out of 60 samples

Simulation finished at 300 ps
Mismatches: 38 in 60 samples