
[attempt 1] → compile_and_test
module TopModule (
    input [3:0] in,
    output [1:0] pos
);

    logic [1:0] pos_next;
[attempt 1] ← compile_and_test: R  mismatches=61
VCD info: dumpfile wave.vcd opened for output.
/mnt/d/school/w4afAILearn/期末/-/verilog-eval/dataset_spec-to-rtl/Prob112_always_case2_test.sv:38: $finish called at 470 (1ps)
Hint: Output 'pos' has 61 mismatches. First mismatch occurred at time 90.
Hint: Total mismatched samples is 61 out of 94 samples

Simulation finished at 470 ps
Mismatches: 61 in 94 samples

[attempt 2] → compile_and_test
module TopModule (
    input [3:0] in,
    output [1:0] pos
);

    logic [1:0] pos_int;
[attempt 2] ← compile_and_test: R  mismatches=61
VCD info: dumpfile wave.vcd opened for output.
/mnt/d/school/w4afAILearn/期末/-/verilog-eval/dataset_spec-to-rtl/Prob112_always_case2_test.sv:38: $finish called at 470 (1ps)
Hint: Output 'pos' has 61 mismatches. First mismatch occurred at time 90.
Hint: Total mismatched samples is 61 out of 94 samples

Simulation finished at 470 ps
Mismatches: 61 in 94 samples

[attempt 2] → decompose_spec
[attempt 2] ← decompose_spec:
針對您描述的 4-bit Priority Encoder 設計問題，以下是分解後的執行子目標：

1. 定義 `module` 介面，輸入為 4-bit `in`，輸出為 2-bit `pos` 以及一個表示是否有位元為 1 的 `valid` 訊號（用以區分「無輸入」與「第 0 位元為 1」）。
2. 使用 `always @(*)` 區塊搭配 `if-else if` 條件判斷式，按照由高位 (bit 3) 到低位 (bit 0) 的優先順序編寫邏輯。
3. 在邏輯中加入顯式的 `else` 分支，將無輸入時的 `pos` 設為 0，並確保此狀態與第 0 位元為 1 的狀態在邏輯上可透過 `valid` 訊號區隔。
4. 撰寫 Testbench 測試所有 16 種輸入組合，特別針對 `4'b0000` (無輸入) 與 `4'b0001` (第 0 位元為 1) 進行比對，確認是否符合規格要求。

[attempt 3] → compile_and_test
module TopModule (
    input [3:0] in,
    output [1:0] pos
);

    // Re-evaluating: 
[attempt 3] ← compile_and_test: w
/tmp/tmpjnev_m9h.sv:36: error: pos is not a valid l-value in tb.top_module1.
/tmp/tmpjnev_m9h.sv:3:      : pos is declared here as wire.
/tmp/tmpjnev_m9h.sv:37: error: pos is not a valid l-value in tb.top_module1.
/tmp/tmpjnev_m9h.sv:3:      : pos is declared here as wire.
/tmp/tmpjnev_m9h.sv:38: error: pos is not a valid l-value in tb.top_module1.
/tmp/tmpjnev_m9h.sv:3:      : pos is declared here as wire.
/tmp/tmpjnev_m9h.sv:39: error: pos is not a valid l-value in tb.top_module1.
/tmp/tmpjnev_m9h.sv:3:      : pos is declared here as wire.
/tmp/tmpjnev_m9h.sv:42: error: pos is not a valid l-value in tb.top_module1.
/tmp/tmpjnev_m9h.sv:3:      : pos is declared here as wire.
/tmp/tmpjnev_m9h.sv:34: warning: @* found no sensitivities so it will never trigger.
5 error(s) during elaboration.

[attempt 4] → compile_and_test
module TopModule (
    input [3:0] in,
    output logic [1:0] pos
);

    always @(*) begin
[attempt 4] ← compile_and_test: R  mismatches=61
VCD info: dumpfile wave.vcd opened for output.
/mnt/d/school/w4afAILearn/期末/-/verilog-eval/dataset_spec-to-rtl/Prob112_always_case2_test.sv:38: $finish called at 470 (1ps)
Hint: Output 'pos' has 61 mismatches. First mismatch occurred at time 90.
Hint: Total mismatched samples is 61 out of 94 samples

Simulation finished at 470 ps
Mismatches: 61 in 94 samples

[attempt 5] → compile_and_test
module TopModule (
    input [3:0] in,
    output logic [1:0] pos
);

    // Maybe the index is 1-based?
[attempt 5] ← compile_and_test: R  mismatches=85
VCD info: dumpfile wave.vcd opened for output.
/mnt/d/school/w4afAILearn/期末/-/verilog-eval/dataset_spec-to-rtl/Prob112_always_case2_test.sv:38: $finish called at 470 (1ps)
Hint: Output 'pos' has 85 mismatches. First mismatch occurred at time 20.
Hint: Total mismatched samples is 85 out of 94 samples

Simulation finished at 470 ps
Mismatches: 85 in 94 samples