
[attempt 1] → compile_and_test
module TopModule(
    input [4:0] a,
    input [4:0] b,
    input [4:0] c,
    input [4:0] d,
    input [4:0] e,
[attempt 1] ← compile_and_test: w
/tmp/tmpz855f9f9.sv:21: error: z is not a valid l-value in tb.top_module1.
/tmp/tmpz855f9f9.sv:11:      : z is declared here as wire.
/tmp/tmpz855f9f9.sv:21: error: y is not a valid l-value in tb.top_module1.
/tmp/tmpz855f9f9.sv:10:      : y is declared here as wire.
/tmp/tmpz855f9f9.sv:21: error: x is not a valid l-value in tb.top_module1.
/tmp/tmpz855f9f9.sv:9:      : x is declared here as wire.
/tmp/tmpz855f9f9.sv:21: error: w is not a valid l-value in tb.top_module1.
/tmp/tmpz855f9f9.sv:8:      : w is declared here as wire.
4 error(s) during elaboration.

[attempt 1] → get_debug_hints(error_type='R')
[attempt 1] ← get_debug_hints: Runtime mismatch 常見原因（請逐項對照自己的程式碼）：
1. Timing offset：FSM 有多餘狀態導致輸出慢一 cycle
2. 狀態轉移條件錯誤：if (w) 應為 if (~w) 或反之
3. 組合邏輯錯誤：output 賦值條件遺漏或邏輯反向
4. Reset 初始值不符：state / counter 初始值與規格不符
5. 計數器邊界：off-by-one（計數

[attempt 2] → compile_and_test
module TopModule(
    input [4:0] a,
    input [4:0] b,
    input [4:0] c,
    input [4:0] d,
    input [4:0] e,
[attempt 2] ← compile_and_test: w
/tmp/tmp11h0x43_.sv:23: error: w is not a valid l-value in tb.top_module1.
/tmp/tmp11h0x43_.sv:8:      : w is declared here as wire.
/tmp/tmp11h0x43_.sv:23: error: x is not a valid l-value in tb.top_module1.
/tmp/tmp11h0x43_.sv:9:      : x is declared here as wire.
/tmp/tmp11h0x43_.sv:23: error: y is not a valid l-value in tb.top_module1.
/tmp/tmp11h0x43_.sv:10:      : y is declared here as wire.
/tmp/tmp11h0x43_.sv:23: error: z is not a valid l-value in tb.top_module1.
/tmp/tmp11h0x43_.sv:11:      : z is declared here as wire.
4 error(s) during elaboration.

[attempt 3] → compile_and_test
module TopModule(
    input [4:0] a,
    input [4:0] b,
    input [4:0] c,
    input [4:0] d,
    input [4:0] e,
[attempt 3] ← compile_and_test: w
/tmp/tmp__dpbark.sv:22: error: w is not a valid l-value in tb.top_module1.
/tmp/tmp__dpbark.sv:8:      : w is declared here as wire.
/tmp/tmp__dpbark.sv:22: error: x is not a valid l-value in tb.top_module1.
/tmp/tmp__dpbark.sv:9:      : x is declared here as wire.
/tmp/tmp__dpbark.sv:22: error: y is not a valid l-value in tb.top_module1.
/tmp/tmp__dpbark.sv:10:      : y is declared here as wire.
/tmp/tmp__dpbark.sv:22: error: z is not a valid l-value in tb.top_module1.
/tmp/tmp__dpbark.sv:11:      : z is declared here as wire.
4 error(s) during elaboration.

[attempt 4] → compile_and_test
module TopModule(
    input [4:0] a,
    input [4:0] b,
    input [4:0] c,
    input [4:0] d,
    input [4:0] e,
[attempt 4] ← compile_and_test: w
/tmp/tmpzmdpedj3.sv:24: error: w is not a valid l-value in tb.top_module1.
/tmp/tmpzmdpedj3.sv:8:      : w is declared here as wire.
/tmp/tmpzmdpedj3.sv:25: error: x is not a valid l-value in tb.top_module1.
/tmp/tmpzmdpedj3.sv:9:      : x is declared here as wire.
/tmp/tmpzmdpedj3.sv:26: error: y is not a valid l-value in tb.top_module1.
/tmp/tmpzmdpedj3.sv:10:      : y is declared here as wire.
/tmp/tmpzmdpedj3.sv:27: error: z is not a valid l-value in tb.top_module1.
/tmp/tmpzmdpedj3.sv:11:      : z is declared here as wire.
4 error(s) during elaboration.

[attempt 5] → compile_and_test
module TopModule(
    input [4:0] a,
    input [4:0] b,
    input [4:0] c,
    input [4:0] d,
    input [4:0] e,
[attempt 5] ← compile_and_test: w
/tmp/tmprwkk5sfx.sv:21: error: w is not a valid l-value in tb.top_module1.
/tmp/tmprwkk5sfx.sv:8:      : w is declared here as wire.
/tmp/tmprwkk5sfx.sv:22: error: x is not a valid l-value in tb.top_module1.
/tmp/tmprwkk5sfx.sv:9:      : x is declared here as wire.
/tmp/tmprwkk5sfx.sv:23: error: y is not a valid l-value in tb.top_module1.
/tmp/tmprwkk5sfx.sv:10:      : y is declared here as wire.
/tmp/tmprwkk5sfx.sv:24: error: z is not a valid l-value in tb.top_module1.
/tmp/tmprwkk5sfx.sv:11:      : z is declared here as wire.
4 error(s) during elaboration.