
[attempt 1] → compile_and_test
module TopModule (
    input a,
    input b,
    input c,
    input d,
    output out_sop,
[attempt 1] ← compile_and_test: R  mismatches=34
VCD info: dumpfile wave.vcd opened for output.
/mnt/d/school/w4afAILearn/期末/-/verilog-eval/dataset_spec-to-rtl/Prob070_ece241_2013_q2_test.sv:63: $finish called at 535 (1ps)
Hint: Output 'out_sop' has 10 mismatches. First mismatch occurred at time 170.
Hint: Output 'out_pos' has 31 mismatches. First mismatch occurred at time 40.
Hint: Total mismatched samples is 34 out of 107 samples

Simulation finished at 535 ps
Mismatches: 34 in 107 samples

[attempt 1] → get_debug_hints(error_type='R')
[attempt 1] ← get_debug_hints: Runtime mismatch 常見原因（請逐項對照自己的程式碼）：
1. Timing offset：FSM 有多餘狀態導致輸出慢一 cycle
2. 狀態轉移條件錯誤：if (w) 應為 if (~w) 或反之
3. 組合邏輯錯誤：output 賦值條件遺漏或邏輯反向
4. Reset 初始值不符：state / counter 初始值與規格不符
5. 計數器邊界：off-by-one（計數

[attempt 2] → compile_and_test
module TopModule (
    input a,
    input b,
    input c,
    input d,
    output out_sop,
[attempt 2] ← compile_and_test: R  mismatches=17
VCD info: dumpfile wave.vcd opened for output.
/mnt/d/school/w4afAILearn/期末/-/verilog-eval/dataset_spec-to-rtl/Prob070_ece241_2013_q2_test.sv:63: $finish called at 535 (1ps)
Hint: Output 'out_sop' has 10 mismatches. First mismatch occurred at time 170.
Hint: Output 'out_pos' has 14 mismatches. First mismatch occurred at time 60.
Hint: Total mismatched samples is 17 out of 107 samples

Simulation finished at 535 ps
Mismatches: 17 in 107 samples

[attempt 3] → compile_and_test
module TopModule (
    input a,
    input b,
    input c,
    input d,
    output out_sop,
[attempt 3] ← compile_and_test: R  mismatches=44
VCD info: dumpfile wave.vcd opened for output.
/mnt/d/school/w4afAILearn/期末/-/verilog-eval/dataset_spec-to-rtl/Prob070_ece241_2013_q2_test.sv:63: $finish called at 535 (1ps)
Hint: Output 'out_sop' has 10 mismatches. First mismatch occurred at time 170.
Hint: Output 'out_pos' has 34 mismatches. First mismatch occurred at time 40.
Hint: Total mismatched samples is 44 out of 107 samples

Simulation finished at 535 ps
Mismatches: 44 in 107 samples

[attempt 4] → compile_and_test
module TopModule (
    input a,
    input b,
    input c,
    input d,
    output out_sop,
[attempt 4] ← compile_and_test: R  mismatches=30
VCD info: dumpfile wave.vcd opened for output.
/mnt/d/school/w4afAILearn/期末/-/verilog-eval/dataset_spec-to-rtl/Prob070_ece241_2013_q2_test.sv:63: $finish called at 535 (1ps)
Hint: Output 'out_sop' has 10 mismatches. First mismatch occurred at time 170.
Hint: Output 'out_pos' has 27 mismatches. First mismatch occurred at time 60.
Hint: Total mismatched samples is 30 out of 107 samples

Simulation finished at 535 ps
Mismatches: 30 in 107 samples

[attempt 5] → compile_and_test
module TopModule (
    input a,
    input b,
    input c,
    input d,
    output out_sop,
[attempt 5] ← compile_and_test: R  mismatches=30
VCD info: dumpfile wave.vcd opened for output.
/mnt/d/school/w4afAILearn/期末/-/verilog-eval/dataset_spec-to-rtl/Prob070_ece241_2013_q2_test.sv:63: $finish called at 535 (1ps)
Hint: Output 'out_sop' has 10 mismatches. First mismatch occurred at time 170.
Hint: Output 'out_pos' has 27 mismatches. First mismatch occurred at time 60.
Hint: Total mismatched samples is 30 out of 107 samples

Simulation finished at 535 ps
Mismatches: 30 in 107 samples