
[attempt 0] → decompose_spec
[attempt 0] ← decompose_spec:
根據您提供的題目，以下是實現該功能的 3-5 個具體子目標：

1. **推導邏輯函數**：針對每個 $ab$ 的組合 (00, 01, 11, 10)，根據 K-map 寫出輸出值與 $c, d$ 的布林函數關係（即求出 $mux\_in[0]$ 至 $mux\_in[3]$ 的邏輯式）。
2. **定義模組介面**：宣告 `TopModule`，定義輸入埠 `c, d` 與輸出埠 `mux_in[3:0]`。
3. **編寫組合邏輯**：在模組中使用 `assign` 語句或 `always` 區塊，依據步驟 1 推導出的邏輯式，將 `c` 與 `d` 映射至 `mux_in` 的四個位元。
4. **驗證邏輯正確性**：撰寫 Testbench 或進行邏輯模擬，確認當輸入 $c, d, a, b$ 組合改變時，4-to-1 MUX 的輸出符合 K-map 給定的真值表。

[attempt 1] → compile_and_test
module TopModule (
    input c,
    input d,
    output [3:0] mux_in
);
    // K-map Analysis:
[attempt 1] ← compile_and_test: R  mismatches=38
VCD info: dumpfile wave.vcd opened for output.
/mnt/d/school/w4afAILearn/期末/-/verilog-eval/dataset_spec-to-rtl/Prob093_ece241_2014_q3_test.sv:38: $finish called at 300 (1ps)
Hint: Output 'mux_in' has 38 mismatches. First mismatch occurred at time 5.
Hint: Total mismatched samples is 38 out of 60 samples

Simulation finished at 300 ps
Mismatches: 38 in 60 samples

[attempt 1] → get_debug_hints(error_type='R')
[attempt 1] ← get_debug_hints: Runtime mismatch 常見原因（請逐項對照自己的程式碼）：
1. Timing offset：FSM 有多餘狀態導致輸出慢一 cycle
2. 狀態轉移條件錯誤：if (w) 應為 if (~w) 或反之
3. 組合邏輯錯誤：output 賦值條件遺漏或邏輯反向
4. Reset 初始值不符：state / counter 初始值與規格不符
5. 計數器邊界：off-by-one（計數

[attempt 2] → compile_and_test
module TopModule (
    input c,
    input d,
    output [3:0] mux_in
);
    // K-map:
[attempt 2] ← compile_and_test: R  mismatches=38
VCD info: dumpfile wave.vcd opened for output.
/mnt/d/school/w4afAILearn/期末/-/verilog-eval/dataset_spec-to-rtl/Prob093_ece241_2014_q3_test.sv:38: $finish called at 300 (1ps)
Hint: Output 'mux_in' has 38 mismatches. First mismatch occurred at time 5.
Hint: Total mismatched samples is 38 out of 60 samples

Simulation finished at 300 ps
Mismatches: 38 in 60 samples

[attempt 3] → compile_and_test
module TopModule (
    input c,
    input d,
    output [3:0] mux_in
);
    // K-map:
[attempt 3] ← compile_and_test: R  mismatches=27
VCD info: dumpfile wave.vcd opened for output.
/mnt/d/school/w4afAILearn/期末/-/verilog-eval/dataset_spec-to-rtl/Prob093_ece241_2014_q3_test.sv:38: $finish called at 300 (1ps)
Hint: Output 'mux_in' has 27 mismatches. First mismatch occurred at time 40.
Hint: Total mismatched samples is 27 out of 60 samples

Simulation finished at 300 ps
Mismatches: 27 in 60 samples

[attempt 4] → compile_and_test
module TopModule (
    input c,
    input d,
    output [3:0] mux_in
);
    // Let's re-read carefully:
[attempt 4] ← compile_and_test: R  mismatches=38
VCD info: dumpfile wave.vcd opened for output.
/mnt/d/school/w4afAILearn/期末/-/verilog-eval/dataset_spec-to-rtl/Prob093_ece241_2014_q3_test.sv:38: $finish called at 300 (1ps)
Hint: Output 'mux_in' has 38 mismatches. First mismatch occurred at time 5.
Hint: Total mismatched samples is 38 out of 60 samples

Simulation finished at 300 ps
Mismatches: 38 in 60 samples

[attempt 5] → compile_and_test
module TopModule (
    input c,
    input d,
    output [3:0] mux_in
);
    // Maybe the K-map inputs (cd) are not (00, 01, 11, 10)?
[attempt 5] ← compile_and_test: .

[attempt 5] → synthesize (auto, last attempt)
[attempt 5] ← synthesize: Y