
[attempt 0] → decompose_spec
[attempt 0] ← decompose_spec:
以下是將該 Verilog 題目分解的 5 個具體子目標：

1. 定義模組介面並宣告狀態暫存器，使用 `parameter` 設定 `STATE_KEEP` 與 `STATE_INVERT`。
2. 實作非同步重置（areset）邏輯，確保在重置時狀態回到初始狀態（STATE_KEEP）。
3. 撰寫組合邏輯區塊（always @(*)），根據當前狀態與輸入 x 決定下一個狀態（next_state）。
4. 撰寫組合邏輯區塊，根據當前狀態與輸入 x 設定輸出 z 的值（Moore 型狀態機）。
5. 實作同步時脈邊緣（posedge clk）邏輯，將下一個狀態更新至當前狀態（current_state）。

[attempt 1] → compile_and_test
module TopModule (
    input logic clk,
    input logic areset,
    input logic x,
    output logic z
);
[attempt 1] ← compile_and_test: R  mismatches=209
VCD info: dumpfile wave.vcd opened for output.
/mnt/d/Desktop/GitHub/School/強化學習期末專題/verilog-eval/dataset_spec-to-rtl/Prob089_ece241_2014_q5a_test.sv:73: $finish called at 2180 (1ps)
Hint: Output 'z' has 209 mismatches. First mismatch occurred at time 10.
Hint: Total mismatched samples is 209 out of 436 samples

Simulation finished at 2180 ps
Mismatches: 209 in 436 samples