
[attempt 1] → compile_and_test
module TopModule (
    input logic clk,
    input logic reset,
    input logic s,
    input logic w,
    output logic z
[attempt 1] ← compile_and_test: R  mismatches=260
VCD info: dumpfile wave.vcd opened for output.
/mnt/d/school/w4afAILearn/期末/-/verilog-eval/dataset_spec-to-rtl/Prob133_2014_q3fsm_test.sv:59: $finish called at 7071 (1ps)
Hint: Output 'z' has 260 mismatches. First mismatch occurred at time 110.
Hint: Total mismatched samples is 260 out of 1414 samples

Simulation finished at 7071 ps
Mismatches: 260 in 1414 samples

[attempt 1] → get_debug_hints(error_type='R')
[attempt 1] ← get_debug_hints: Runtime mismatch 常見原因（請逐項對照自己的程式碼）：
1. Timing offset：FSM 有多餘狀態導致輸出慢一 cycle
2. 狀態轉移條件錯誤：if (w) 應為 if (~w) 或反之
3. 組合邏輯錯誤：output 賦值條件遺漏或邏輯反向
4. Reset 初始值不符：state / counter 初始值與規格不符
5. 計數器邊界：off-by-one（計數

[attempt 2] → compile_and_test
module TopModule (
    input logic clk,
    input logic reset,
    input logic s,
    input logic w,
    output logic z
[attempt 2] ← compile_and_test: R  mismatches=166
VCD info: dumpfile wave.vcd opened for output.
/mnt/d/school/w4afAILearn/期末/-/verilog-eval/dataset_spec-to-rtl/Prob133_2014_q3fsm_test.sv:59: $finish called at 7071 (1ps)
Hint: Output 'z' has 166 mismatches. First mismatch occurred at time 120.
Hint: Total mismatched samples is 166 out of 1414 samples

Simulation finished at 7071 ps
Mismatches: 166 in 1414 samples

[attempt 3] → compile_and_test
module TopModule (
    input logic clk,
    input logic reset,
    input logic s,
    input logic w,
    output logic z
[attempt 3] ← compile_and_test: e
/tmp/tmpo9e12erj.sv:47: error: This assignment requires an explicit cast.
/tmp/tmpo9e12erj.sv:49: error: This assignment requires an explicit cast.
2 error(s) during elaboration.

[attempt 4] → compile_and_test
module TopModule (
    input logic clk,
    input logic reset,
    input logic s,
    input logic w,
    output logic z
[attempt 4] ← compile_and_test: .

[attempt 4] → synthesize
[attempt 4] ← synthesize: Y