
[attempt 1] → compile_and_test
module TopModule (
    input a,
    input b,
    input c,
    input d,
    output out
[attempt 1] ← compile_and_test: R  mismatches=138
VCD info: dumpfile wave.vcd opened for output.
/mnt/d/school/w4afAILearn/期末/-/verilog-eval/dataset_spec-to-rtl/Prob057_kmap2_test.sv:38: $finish called at 1161 (1ps)
Hint: Output 'out' has 138 mismatches. First mismatch occurred at time 30.
Hint: Total mismatched samples is 138 out of 232 samples

Simulation finished at 1161 ps
Mismatches: 138 in 232 samples

[attempt 1] → decompose_spec
[attempt 1] ← decompose_spec:
以下是針對該 Verilog 題目分解的 3-5 個具體執行步驟：

1. 將 K-map 數據填入真值表（Truth Table），並列出輸出為 1 的所有輸入組合 (a, b, c, d)。
2. 使用布林代數化簡法或邏輯群組（K-map grouping）找出輸出函數的最小化布林表達式。
3. 撰寫 Verilog 模組定義，宣告輸入埠 (a, b, c, d) 與輸出埠 (out)。
4. 在模組內使用 `assign` 語句實現化簡後的邏輯表達式。
5. 編寫 Testbench 對所有 16 種輸入組合進行模擬，以驗證邏輯與 K-map 結果完全一致。

[attempt 2] → compile_and_test
module TopModule (
    input a,
    input b,
    input c,
    input d,
    output out
[attempt 2] ← compile_and_test: R  mismatches=59
VCD info: dumpfile wave.vcd opened for output.
/mnt/d/school/w4afAILearn/期末/-/verilog-eval/dataset_spec-to-rtl/Prob057_kmap2_test.sv:38: $finish called at 1161 (1ps)
Hint: Output 'out' has 59 mismatches. First mismatch occurred at time 80.
Hint: Total mismatched samples is 59 out of 232 samples

Simulation finished at 1161 ps
Mismatches: 59 in 232 samples

[attempt 2] → get_debug_hints(error_type='R')
[attempt 2] ← get_debug_hints: Runtime mismatch 常見原因（請逐項對照自己的程式碼）：
1. Timing offset：FSM 有多餘狀態導致輸出慢一 cycle
2. 狀態轉移條件錯誤：if (w) 應為 if (~w) 或反之
3. 組合邏輯錯誤：output 賦值條件遺漏或邏輯反向
4. Reset 初始值不符：state / counter 初始值與規格不符
5. 計數器邊界：off-by-one（計數

[attempt 3] → compile_and_test
module TopModule (
    input a,
    input b,
    input c,
    input d,
    output out
[attempt 3] ← compile_and_test: R  mismatches=55
VCD info: dumpfile wave.vcd opened for output.
/mnt/d/school/w4afAILearn/期末/-/verilog-eval/dataset_spec-to-rtl/Prob057_kmap2_test.sv:38: $finish called at 1161 (1ps)
Hint: Output 'out' has 55 mismatches. First mismatch occurred at time 30.
Hint: Total mismatched samples is 55 out of 232 samples

Simulation finished at 1161 ps
Mismatches: 55 in 232 samples

[attempt 4] → compile_and_test
module TopModule (
    input a,
    input b,
    input c,
    input d,
    output out
[attempt 4] ← compile_and_test: R  mismatches=34
VCD info: dumpfile wave.vcd opened for output.
/mnt/d/school/w4afAILearn/期末/-/verilog-eval/dataset_spec-to-rtl/Prob057_kmap2_test.sv:38: $finish called at 1161 (1ps)
Hint: Output 'out' has 34 mismatches. First mismatch occurred at time 120.
Hint: Total mismatched samples is 34 out of 232 samples

Simulation finished at 1161 ps
Mismatches: 34 in 232 samples

[attempt 5] → compile_and_test
module TopModule (
    input a,
    input b,
    input c,
    input d,
    output out
[attempt 5] ← compile_and_test: R  mismatches=46
VCD info: dumpfile wave.vcd opened for output.
/mnt/d/school/w4afAILearn/期末/-/verilog-eval/dataset_spec-to-rtl/Prob057_kmap2_test.sv:38: $finish called at 1161 (1ps)
Hint: Output 'out' has 46 mismatches. First mismatch occurred at time 120.
Hint: Total mismatched samples is 46 out of 232 samples

Simulation finished at 1161 ps
Mismatches: 46 in 232 samples