
[attempt 1] → compile_and_test
module TopModule (
    input  a,
    input  b,
    input  c,
    input  d,
    output out_sop,
[attempt 1] ← compile_and_test: R  mismatches=38
VCD info: dumpfile wave.vcd opened for output.
/mnt/d/school/w4afAILearn/期末/-/verilog-eval/dataset_spec-to-rtl/Prob070_ece241_2013_q2_test.sv:63: $finish called at 535 (1ps)
Hint: Output 'out_sop' has 7 mismatches. First mismatch occurred at time 60.
Hint: Output 'out_pos' has 38 mismatches. First mismatch occurred at time 20.
Hint: Total mismatched samples is 38 out of 107 samples

Simulation finished at 535 ps
Mismatches: 38 in 107 samples

[attempt 2] → compile_and_test
module TopModule (
    input  a,
    input  b,
    input  c,
    input  d,
    output out_sop,
[attempt 2] ← compile_and_test: C
/mnt/d/school/w4afAILearn/期末/-/verilog-eval/dataset_spec-to-rtl/Prob070_ece241_2013_q2_test.sv:99: vvp.tgt error: uwire "out_pos_dut" must have a single driver, found (2).
error: Code generation had 1 error(s).

[attempt 3] → compile_and_test
module TopModule (
    input  a,
    input  b,
    input  c,
    input  d,
    output out_sop,
[attempt 3] ← compile_and_test: R  mismatches=28
VCD info: dumpfile wave.vcd opened for output.
/mnt/d/school/w4afAILearn/期末/-/verilog-eval/dataset_spec-to-rtl/Prob070_ece241_2013_q2_test.sv:63: $finish called at 535 (1ps)
Hint: Output 'out_sop' has no mismatches.
Hint: Output 'out_pos' has 28 mismatches. First mismatch occurred at time 60.
Hint: Total mismatched samples is 28 out of 107 samples

Simulation finished at 535 ps
Mismatches: 28 in 107 samples

[attempt 4] → compile_and_test
module TopModule (
    input  a,
    input  b,
    input  c,
    input  d,
    output out_sop,
[attempt 4] ← compile_and_test: R  mismatches=20
VCD info: dumpfile wave.vcd opened for output.
/mnt/d/school/w4afAILearn/期末/-/verilog-eval/dataset_spec-to-rtl/Prob070_ece241_2013_q2_test.sv:63: $finish called at 535 (1ps)
Hint: Output 'out_sop' has 7 mismatches. First mismatch occurred at time 170.
Hint: Output 'out_pos' has 13 mismatches. First mismatch occurred at time 110.
Hint: Total mismatched samples is 20 out of 107 samples

Simulation finished at 535 ps
Mismatches: 20 in 107 samples

[attempt 5] → compile_and_test
module TopModule (
    input  a,
    input  b,
    input  c,
    input  d,
    output out_sop,
[attempt 5] ← compile_and_test: .

[attempt 5] → synthesize (auto, last attempt)
[attempt 5] ← synthesize: Y