
[attempt 0] → decompose_spec
[attempt 0] ← decompose_spec:
針對此 Verilog 設計任務，以下是建議的 4 個具體、可執行子目標：

1. 定義 `TopModule` 模組介面，宣告包含 `clk`、`reset`、`in` 與 `out` 的輸入輸出訊號。
2. 實作一個暫存器陣列 (或 32 位元暫存器) 來儲存上一週期的 `in` 值，用於比較訊號變化。
3. 撰寫組合邏輯或連續賦值語句，檢測每個位元是否從 1 變為 0 (即 `prev_in[i] == 1 && in[i] == 0`)。
4. 撰寫同步重置的 `always` 區塊，當檢測到邊緣觸發或 `out` 已經為 1 時鎖存該位元，並在 `reset` 為高電位時將 `out` 清零。

[attempt 1] → compile_and_test
module TopModule (
    input clk,
    input reset,
    input [31:0] in,
    output logic [31:0] out
);
[attempt 1] ← compile_and_test: R  mismatches=99
VCD info: dumpfile wave.vcd opened for output.
/mnt/d/school/w4afAILearn/期末/-/verilog-eval/dataset_spec-to-rtl/Prob066_edgecapture_test.sv:86: $finish called at 1330 (1ps)
Hint: Output 'out' has 99 mismatches. First mismatch occurred at time 90.
Hint: Total mismatched samples is 99 out of 266 samples

Simulation finished at 1330 ps
Mismatches: 99 in 266 samples