
[attempt 0] → decompose_spec
[attempt 0] ← decompose_spec:
為了達成此 Verilog 設計目標，建議將工作分解為以下 5 個步驟：

1. 定義 Moore 型有限狀態機（FSM）的狀態轉移邏輯，追蹤連續輸入 `1` 的數量（需包含 0 到 7+ 個 `1` 的狀態）。
2. 實作同步 `reset` 機制，確保重置後狀態機回到「上一位元為 0」的初始狀態。
3. 根據當前狀態與輸入位元，撰寫狀態轉移規則以正確識別 `0111110` (discard)、`01111110` (flag) 與 `7+` 個 `1` (err) 的序列。
4. 設計組合邏輯輸出電路，確保當狀態機進入對應的偵測結果狀態時，輸出訊號在下一個時脈週期正確拉高。
5. 使用暫存器同步輸出 `disc`、`flag` 與 `err`，保證輸出訊號精確對齊時脈週期並符合規範要求。

[attempt 1] → compile_and_test
module TopModule(
    input clk,
    input reset,
    input in,
    output logic disc,
    output logic flag,
[attempt 1] ← compile_and_test: e
/tmp/tmpi3ap_967.sv:27: error: This assignment requires an explicit cast.
/tmp/tmpi3ap_967.sv:28: error: This assignment requires an explicit cast.
/tmp/tmpi3ap_967.sv:29: error: This assignment requires an explicit cast.
/tmp/tmpi3ap_967.sv:30: error: This assignment requires an explicit cast.
/tmp/tmpi3ap_967.sv:31: error: This assignment requires an explicit cast.
/tmp/tmpi3ap_967.sv:32: error: This assignment requires an explicit cast.
/tmp/tmpi3ap_967.sv:33: error: This assignment requires an explicit cast.
/tmp/tmpi3ap_967.sv:34: error: This assignment requires an explicit cast.
/tmp/tmpi3ap_967.sv:35: error: This assignment requires an explicit cast.
9 error(s) during elaboration.

[attempt 1] → get_debug_hints(error_type='R')
[attempt 1] ← get_debug_hints: Runtime mismatch 常見原因（請逐項對照自己的程式碼）：
1. Timing offset：FSM 有多餘狀態導致輸出慢一 cycle
2. 狀態轉移條件錯誤：if (w) 應為 if (~w) 或反之
3. 組合邏輯錯誤：output 賦值條件遺漏或邏輯反向
4. Reset 初始值不符：state / counter 初始值與規格不符
5. 計數器邊界：off-by-one（計數

[attempt 2] → compile_and_test
module TopModule(
    input clk,
    input reset,
    input in,
    output logic disc,
    output logic flag,
[attempt 2] ← compile_and_test: e
/tmp/tmpvy8t5h9_.sv:32: error: This assignment requires an explicit cast.
/tmp/tmpvy8t5h9_.sv:33: error: This assignment requires an explicit cast.
/tmp/tmpvy8t5h9_.sv:34: error: This assignment requires an explicit cast.
/tmp/tmpvy8t5h9_.sv:35: error: This assignment requires an explicit cast.
/tmp/tmpvy8t5h9_.sv:36: error: This assignment requires an explicit cast.
/tmp/tmpvy8t5h9_.sv:37: error: This assignment requires an explicit cast.
/tmp/tmpvy8t5h9_.sv:38: error: This assignment requires an explicit cast.
/tmp/tmpvy8t5h9_.sv:39: error: This assignment requires an explicit cast.
/tmp/tmpvy8t5h9_.sv:40: error: This assignment requires an explicit cast.
/tmp/tmpvy8t5h9_.sv:41: error: This assignment requires an explicit cast.
10 error(s) during elaboration.

[attempt 3] → compile_and_test
module TopModule(
    input clk,
    input reset,
    input in,
    output logic disc,
    output logic flag,
[attempt 3] ← compile_and_test: e
/tmp/tmpp4x3ud4g.sv:33: error: This assignment requires an explicit cast.
/tmp/tmpp4x3ud4g.sv:34: error: This assignment requires an explicit cast.
/tmp/tmpp4x3ud4g.sv:35: error: This assignment requires an explicit cast.
/tmp/tmpp4x3ud4g.sv:36: error: This assignment requires an explicit cast.
/tmp/tmpp4x3ud4g.sv:37: error: This assignment requires an explicit cast.
/tmp/tmpp4x3ud4g.sv:38: error: This assignment requires an explicit cast.
/tmp/tmpp4x3ud4g.sv:39: error: This assignment requires an explicit cast.
/tmp/tmpp4x3ud4g.sv:40: error: This assignment requires an explicit cast.
8 error(s) during elaboration.

[attempt 4] → compile_and_test
module TopModule(
    input clk,
    input reset,
    input in,
    output logic disc,
    output logic flag,
[attempt 4] ← compile_and_test: e
/tmp/tmp5num8vq1.sv:24: error: This assignment requires an explicit cast.
/tmp/tmp5num8vq1.sv:25: error: This assignment requires an explicit cast.
/tmp/tmp5num8vq1.sv:26: error: This assignment requires an explicit cast.
/tmp/tmp5num8vq1.sv:27: error: This assignment requires an explicit cast.
/tmp/tmp5num8vq1.sv:28: error: This assignment requires an explicit cast.
/tmp/tmp5num8vq1.sv:29: error: This assignment requires an explicit cast.
/tmp/tmp5num8vq1.sv:30: error: This assignment requires an explicit cast.
/tmp/tmp5num8vq1.sv:31: error: This assignment requires an explicit cast.
/tmp/tmp5num8vq1.sv:32: error: This assignment requires an explicit cast.
/tmp/tmp5num8vq1.sv:33: error: This assignment requires an explicit cast.
/tmp/tmp5num8vq1.sv:34: error: This assignment requires an explicit cast.
11 error(s) during elaboration.

[attempt 5] → compile_and_test
module TopModule(
    input clk,
    input reset,
    input in,
    output logic disc,
    output logic flag,
[attempt 5] ← compile_and_test: e
/tmp/tmpt91ekvrk.sv:25: error: This assignment requires an explicit cast.
/tmp/tmpt91ekvrk.sv:26: error: This assignment requires an explicit cast.
/tmp/tmpt91ekvrk.sv:27: error: This assignment requires an explicit cast.
/tmp/tmpt91ekvrk.sv:28: error: This assignment requires an explicit cast.
/tmp/tmpt91ekvrk.sv:29: error: This assignment requires an explicit cast.
/tmp/tmpt91ekvrk.sv:30: error: This assignment requires an explicit cast.
/tmp/tmpt91ekvrk.sv:31: error: This assignment requires an explicit cast.
/tmp/tmpt91ekvrk.sv:32: error: This assignment requires an explicit cast.
8 error(s) during elaboration.