
[attempt 1] → compile_and_test
module TopModule (
    input clk,
    input in,
    output out
);

[attempt 1] ← compile_and_test: R  mismatches=1
VCD info: dumpfile wave.vcd opened for output.
/mnt/d/school/w4afAILearn/期末/-/verilog-eval/dataset_spec-to-rtl/Prob053_m2014_q4d_test.sv:16: $finish called at 501 (1ps)
Hint: Output 'out' has 1 mismatches. First mismatch occurred at time 5.
Hint: Total mismatched samples is 1 out of 100 samples

Simulation finished at 501 ps
Mismatches: 1 in 100 samples

[attempt 2] → compile_and_test
module TopModule (
    input clk,
    input in,
    output out
);

[attempt 2] ← compile_and_test: R  mismatches=1
VCD info: dumpfile wave.vcd opened for output.
/mnt/d/school/w4afAILearn/期末/-/verilog-eval/dataset_spec-to-rtl/Prob053_m2014_q4d_test.sv:16: $finish called at 501 (1ps)
Hint: Output 'out' has 1 mismatches. First mismatch occurred at time 5.
Hint: Total mismatched samples is 1 out of 100 samples

Simulation finished at 501 ps
Mismatches: 1 in 100 samples

[attempt 3] → compile_and_test
module TopModule (
    input clk,
    input in,
    output out
);

[attempt 3] ← compile_and_test: .

[attempt 3] → synthesize
[attempt 3] ← synthesize: Y