
[attempt 1] → compile_and_test
module TopModule(
    input clk,
    input areset,
    input in,
    output out
);
[attempt 1] ← compile_and_test: R  mismatches=228
VCD info: dumpfile wave.vcd opened for output.
Hint: Your reset doesn't seem to be working.
/mnt/d/school/w4afAILearn/期末/-/verilog-eval/dataset_spec-to-rtl/Prob109_fsm1_test.sv:71: $finish called at 1141 (1ps)
Hint: Output 'out' has 228 mismatches. First mismatch occurred at time 5.
Hint: Total mismatched samples is 228 out of 228 samples

Simulation finished at 1141 ps
Mismatches: 228 in 228 samples

[attempt 2] → compile_and_test
module TopModule(
    input clk,
    input areset,
    input in,
    output out
);
[attempt 2] ← compile_and_test: .

[attempt 2] → synthesize
[attempt 2] ← synthesize: Y