
[attempt 0] → decompose_spec
[attempt 0] ← decompose_spec:
針對該串列接收器（Serial Receiver）的設計，建議將任務分解為以下五個具體步驟：

1. 定義 FSM 狀態（IDLE, START, DATA, STOP, DONE）並建立一個計數器來追蹤 8 位元資料的接收進度與採樣時序。
2. 實作訊號採樣邏輯，在 START 狀態偵測到低電位後，依照時脈週期在 DATA 狀態依序移入（Shift）8 位元資料。
3. 實作 STOP 狀態邏輯，檢查停止位元是否為 1，並根據結果決定進入 DONE 狀態或是等待訊號回復高電位。
4. 設計同步重置（Synchronous Reset）邏輯，確保在任何狀態下重置訊號皆能將 FSM 歸零。
5. 整合輸出邏輯，當狀態進入 DONE 時將暫存的 8 位元資料送出並觸發 done 訊號，隨後返回 IDLE 狀態。

[attempt 1] → compile_and_test
module TopModule (
    input clk,
    input in,
    input reset,
    output logic [7:0] out_byte,
    output logic done
[attempt 1] ← compile_and_test: e
/tmp/tmpupeh3zuv.sv:76: error: This assignment requires an explicit cast.
/tmp/tmpupeh3zuv.sv:78: error: This assignment requires an explicit cast.
/tmp/tmpupeh3zuv.sv:79: error: This assignment requires an explicit cast.
3 error(s) during elaboration.