
[attempt 1] → compile_and_test
module TopModule (
    input clk,
    input reset,
    input in,
    output out
);
[attempt 1] ← compile_and_test: w
/tmp/tmpsmg9vn3p.sv:24: error: out is not a valid l-value in tb.top_module1.
/tmp/tmpsmg9vn3p.sv:5:      : out is declared here as wire.
1 error(s) during elaboration.

[attempt 2] → compile_and_test
module TopModule (
    input clk,
    input reset,
    input in,
    output logic out
);
[attempt 2] ← compile_and_test: .

[attempt 2] → synthesize
[attempt 2] ← synthesize: Y