
[attempt 0] → decompose_spec
[attempt 0] ← decompose_spec:
為了完成這個 FSM 設計，你可以按照以下 4 個步驟進行分解：

1. 定義 FSM 狀態機架構（State Encoding），包含初始狀態 A、觸發 f=1 的狀態、偵測序列 1-0-1 的狀態序列。
2. 實作序列偵測邏輯，使用位移暫存器或狀態轉移來監控輸入 x 是否連續出現 1-0-1 的模式。
3. 實作輸出 g 的邏輯：當序列偵測成功後將 g 設為 1，並啟動一個 2 週期的計數器來監控輸入 y。
4. 實作 g 的鎖定邏輯：根據計數器期間 y 的狀態，決定 g 是否鎖定為 1 或歸零，並確保狀態在 reset 前保持不變。

[attempt 1] → compile_and_test
module TopModule (
    input clk,
    input resetn,
    input x,
    input y,
    output logic f,
[attempt 1] ← compile_and_test: R  mismatches=548
VCD info: dumpfile wave.vcd opened for output.
/mnt/d/school/w4afAILearn/期末/-/verilog-eval/dataset_spec-to-rtl/Prob139_2013_q2bfsm_test.sv:24: $finish called at 5011 (1ps)
Hint: Output 'f' has no mismatches.
Hint: Output 'g' has 548 mismatches. First mismatch occurred at time 270.
Hint: Total mismatched samples is 548 out of 1002 samples

Simulation finished at 5011 ps
Mismatches: 548 in 1002 samples