
[attempt 0] → decompose_spec
[attempt 0] ← decompose_spec:
根據您的需求，將設計 `TopModule` 的過程分解為以下 5 個具體子目標：

1. 定義 `TopModule` 模組介面，包含輸入埠 `clk`, `L`, `q_in`, `r_in` 以及輸出埠 `Q`。
2. 在模組內部宣告一個暫存器類型（reg）變數作為 D 型正反器的儲存元件。
3. 實作一個 2:1 多工器邏輯，根據輸入 `L` 的狀態選擇 `q_in` 或 `r_in` 作為下一狀態的輸入。
4. 使用 `always @(posedge clk)` 區塊編寫同步邏輯，確保在時鐘上升緣更新暫存器的值。
5. 將內部暫存器的值指定給輸出埠 `Q`，完成模組功能並進行語法檢查。

[attempt 1] → compile_and_test
module TopModule (
    input clk,
    input L,
    input q_in,
    input r_in,
    output Q
[attempt 1] ← compile_and_test: R  mismatches=1
VCD info: dumpfile wave.vcd opened for output.
/mnt/d/school/w4afAILearn/期末/-/verilog-eval/dataset_spec-to-rtl/Prob104_mt2015_muxdff_test.sv:21: $finish called at 996 (1ps)
Hint: Output 'Q' has 1 mismatches. First mismatch occurred at time 5.
Hint: Total mismatched samples is 1 out of 199 samples

Simulation finished at 996 ps
Mismatches: 1 in 199 samples

[attempt 1] → get_debug_hints(error_type='R')
[attempt 1] ← get_debug_hints: Runtime mismatch 常見原因（請逐項對照自己的程式碼）：
1. Timing offset：FSM 有多餘狀態導致輸出慢一 cycle
2. 狀態轉移條件錯誤：if (w) 應為 if (~w) 或反之
3. 組合邏輯錯誤：output 賦值條件遺漏或邏輯反向
4. Reset 初始值不符：state / counter 初始值與規格不符
5. 計數器邊界：off-by-one（計數

[attempt 2] → compile_and_test
module TopModule (
    input clk,
    input L,
    input q_in,
    input r_in,
    output logic Q
[attempt 2] ← compile_and_test: R  mismatches=1
VCD info: dumpfile wave.vcd opened for output.
/mnt/d/school/w4afAILearn/期末/-/verilog-eval/dataset_spec-to-rtl/Prob104_mt2015_muxdff_test.sv:21: $finish called at 996 (1ps)
Hint: Output 'Q' has 1 mismatches. First mismatch occurred at time 5.
Hint: Total mismatched samples is 1 out of 199 samples

Simulation finished at 996 ps
Mismatches: 1 in 199 samples

[attempt 3] → compile_and_test
module TopModule (
    input clk,
    input L,
    input q_in,
    input r_in,
    output logic Q
[attempt 3] ← compile_and_test: R  mismatches=1
VCD info: dumpfile wave.vcd opened for output.
/mnt/d/school/w4afAILearn/期末/-/verilog-eval/dataset_spec-to-rtl/Prob104_mt2015_muxdff_test.sv:21: $finish called at 996 (1ps)
Hint: Output 'Q' has 1 mismatches. First mismatch occurred at time 5.
Hint: Total mismatched samples is 1 out of 199 samples

Simulation finished at 996 ps
Mismatches: 1 in 199 samples

[attempt 4] → compile_and_test
module TopModule (
    input clk,
    input L,
    input q_in,
    input r_in,
    output logic Q
[attempt 4] ← compile_and_test: .

[attempt 4] → synthesize
[attempt 4] ← synthesize: Y