
[attempt 1] → compile_and_test
module TopModule(
    input clk,
    input areset,
    input x,
    output z
);
[attempt 1] ← compile_and_test: R  mismatches=209
VCD info: dumpfile wave.vcd opened for output.
/mnt/d/school/w4afAILearn/期末/-/verilog-eval/dataset_spec-to-rtl/Prob089_ece241_2014_q5a_test.sv:73: $finish called at 2180 (1ps)
Hint: Output 'z' has 209 mismatches. First mismatch occurred at time 10.
Hint: Total mismatched samples is 209 out of 436 samples

Simulation finished at 2180 ps
Mismatches: 209 in 436 samples

[attempt 2] → compile_and_test
module TopModule(
    input clk,
    input areset,
    input x,
    output z
);
[attempt 2] ← compile_and_test: R  mismatches=209
VCD info: dumpfile wave.vcd opened for output.
/mnt/d/school/w4afAILearn/期末/-/verilog-eval/dataset_spec-to-rtl/Prob089_ece241_2014_q5a_test.sv:73: $finish called at 2180 (1ps)
Hint: Output 'z' has 209 mismatches. First mismatch occurred at time 10.
Hint: Total mismatched samples is 209 out of 436 samples

Simulation finished at 2180 ps
Mismatches: 209 in 436 samples

[attempt 3] → compile_and_test
module TopModule(
    input clk,
    input areset,
    input x,
    output z
);
[attempt 3] ← compile_and_test: R  mismatches=6
VCD info: dumpfile wave.vcd opened for output.
/mnt/d/school/w4afAILearn/期末/-/verilog-eval/dataset_spec-to-rtl/Prob089_ece241_2014_q5a_test.sv:73: $finish called at 2180 (1ps)
Hint: Output 'z' has 6 mismatches. First mismatch occurred at time 130.
Hint: Total mismatched samples is 6 out of 436 samples

Simulation finished at 2180 ps
Mismatches: 6 in 436 samples

[attempt 4] → compile_and_test
module TopModule(
    input clk,
    input areset,
    input x,
    output z
);
[attempt 4] ← compile_and_test: R  mismatches=209
VCD info: dumpfile wave.vcd opened for output.
/mnt/d/school/w4afAILearn/期末/-/verilog-eval/dataset_spec-to-rtl/Prob089_ece241_2014_q5a_test.sv:73: $finish called at 2180 (1ps)
Hint: Output 'z' has 209 mismatches. First mismatch occurred at time 10.
Hint: Total mismatched samples is 209 out of 436 samples

Simulation finished at 2180 ps
Mismatches: 209 in 436 samples

[attempt 5] → compile_and_test
module TopModule(
    input clk,
    input areset,
    input x,
    output z
);
[attempt 5] ← compile_and_test: .

[attempt 5] → synthesize (auto, last attempt)
[attempt 5] ← synthesize: Y