
[attempt 0] → decompose_spec
[attempt 0] ← decompose_spec:
為了順利完成此 Verilog 模組，建議將開發流程分解為以下五個子目標：

1. 設計一個狀態機 (FSM) 來處理資料接收，包含偵測 "1101" 序列以及後續移入 4 位元 delay[3:0] 的暫存機制。
2. 實作一個計數器模組，用以產生每 1000 個 clock cycle 的時間基準，並更新剩餘時間的 count[3:0] 輸出。
3. 實作核心控制邏輯，根據 FSM 的狀態與延遲時間觸發 counting 訊號，並確保計數流程完全符合 (delay+1) * 1000 週期。
4. 加入完成後的狀態處理，置位 done 訊號並維持該狀態，直到偵測到 ack 訊號為高電位後返回初始偵測狀態。
5. 整合所有邏輯，並確保所有暫存器在 reset 下能同步歸零，並進行時序與狀態轉移的完整驗證。

[attempt 1] → compile_and_test
module TopModule (
    input clk,
    input reset,
    input data,
    output logic [3:0] count,
    output logic counting,
[attempt 1] ← compile_and_test: R  mismatches=163991
VCD info: dumpfile wave.vcd opened for output.
Hint: The first test case should count for 2000 cycles. Your circuit counted 2001
Hint: The second test case should count for 15000 cycles. Your circuit counted 15207
Hint: Your FSM didn't pass the sample timing diagram posted with the problem statement. Perhaps try debugging that?
TIMEOUT
/mnt/d/school/w4afAILearn/期末/-/verilog-eval/dataset_spec-to-rtl/Prob156_review2015_fancytimer_test.sv:216: $finish called at 1000000 (1ps)
Hint: Output 'count' has 163233 mismatches. First mismatch occurred at time 130.
Hint: Output 'counting' has 1686 mismatches. First mismatch occurred at time 130.
Hint: Output 'done' has 1072 mismatches. First mismatch occurred at time 20130.
Hint: Total mismatched samples is 163991 out of 200000 samples

Simulation finished at 1000000 ps
Mismatches: 163991 in 200000 samples

[attempt 2] → compile_and_test
module TopModule (
    input clk,
    input reset,
    input data,
    output logic [3:0] count,
    output logic counting,
[attempt 2] ← compile_and_test: R  mismatches=212
VCD info: dumpfile wave.vcd opened for output.
Hint: Your FSM didn't pass the sample timing diagram posted with the problem statement. Perhaps try debugging that?
TIMEOUT
/mnt/d/school/w4afAILearn/期末/-/verilog-eval/dataset_spec-to-rtl/Prob156_review2015_fancytimer_test.sv:216: $finish called at 1000000 (1ps)
Hint: Output 'count' has 212 mismatches. First mismatch occurred at time 130.
Hint: Output 'counting' has no mismatches.
Hint: Output 'done' has no mismatches.
Hint: Total mismatched samples is 212 out of 200000 samples

Simulation finished at 1000000 ps
Mismatches: 212 in 200000 samples

[attempt 3] → compile_and_test
module TopModule (
    input clk,
    input reset,
    input data,
    output logic [3:0] count,
    output logic counting,
[attempt 3] ← compile_and_test: .

[attempt 3] → synthesize
[attempt 3] ← synthesize: Y