
[attempt 1] → compile_and_test
module TopModule(
    input clk,
    input reset,
    input in,
    output logic disc,
    output logic flag,
[attempt 1] ← compile_and_test: e
/tmp/tmpct485n_8.sv:19: error: This assignment requires an explicit cast.
/tmp/tmpct485n_8.sv:20: error: This assignment requires an explicit cast.
/tmp/tmpct485n_8.sv:21: error: This assignment requires an explicit cast.
/tmp/tmpct485n_8.sv:22: error: This assignment requires an explicit cast.
/tmp/tmpct485n_8.sv:23: error: This assignment requires an explicit cast.
/tmp/tmpct485n_8.sv:24: error: This assignment requires an explicit cast.
/tmp/tmpct485n_8.sv:25: error: This assignment requires an explicit cast.
/tmp/tmpct485n_8.sv:26: error: This assignment requires an explicit cast.
/tmp/tmpct485n_8.sv:27: error: This assignment requires an explicit cast.
9 error(s) during elaboration.

[attempt 1] → get_debug_hints(error_type='e')
[attempt 1] ← get_debug_hints: Explicit cast 錯誤常見原因（iverilog 要求明確型別轉換）：
1. 把整數常數賦值給 enum 變數（改用 enum 成員名稱，如 state <= IDLE 而非 state <= 2'd0）
2. 三元運算符兩側混用 enum 和整數（兩側都必須是同一 enum 的成員）
3. 對 enum 變數做算術（如 cnt <= cnt + 1）（改用 logic [N:0] 型態

[attempt 2] → compile_and_test
module TopModule(
    input clk,
    input reset,
    input in,
    output logic disc,
    output logic flag,
[attempt 2] ← compile_and_test: R  mismatches=52
VCD info: dumpfile wave.vcd opened for output.
/mnt/d/school/w4afAILearn/期末/-/verilog-eval/dataset_spec-to-rtl/Prob140_fsm_hdlc_test.sv:20: $finish called at 4006 (1ps)
Hint: Output 'disc' has no mismatches.
Hint: Output 'flag' has 8 mismatches. First mismatch occurred at time 1550.
Hint: Output 'err' has 44 mismatches. First mismatch occurred at time 70.
Hint: Total mismatched samples is 52 out of 801 samples

Simulation finished at 4006 ps
Mismatches: 52 in 801 samples

[attempt 3] → compile_and_test
module TopModule(
    input clk,
    input reset,
    input in,
    output logic disc,
    output logic flag,
[attempt 3] ← compile_and_test: R  mismatches=96
VCD info: dumpfile wave.vcd opened for output.
/mnt/d/school/w4afAILearn/期末/-/verilog-eval/dataset_spec-to-rtl/Prob140_fsm_hdlc_test.sv:20: $finish called at 4006 (1ps)
Hint: Output 'disc' has 2 mismatches. First mismatch occurred at time 370.
Hint: Output 'flag' has 2 mismatches. First mismatch occurred at time 2600.
Hint: Output 'err' has 92 mismatches. First mismatch occurred at time 70.
Hint: Total mismatched samples is 96 out of 801 samples

Simulation finished at 4006 ps
Mismatches: 96 in 801 samples

[attempt 4] → compile_and_test
module TopModule(
    input clk,
    input reset,
    input in,
    output logic disc,
    output logic flag,
[attempt 4] ← compile_and_test: .

[attempt 4] → synthesize
[attempt 4] ← synthesize: Y