
[attempt 0] → decompose_spec
[attempt 0] ← decompose_spec:
為了實現該 gshare 分支預測器，建議將開發任務拆解為以下五個子目標：

1. **定義模組介面與狀態暫存器**：宣告輸入輸出埠（PC、GHR、訓練訊號等），並初始化 128 個 2-bit saturating counter 組成的記憶體陣列（PHT）及 GHR 暫存器。
2. **實作預測邏輯 (Prediction Logic)**：實作組合邏輯以計算 `Index = PC ^ GHR`，並根據對應的 PHT 數值輸出 `predict_taken`。
3. **實作 GHR 更新與恢復邏輯**：撰寫時序邏輯，處理正常預測後的 GHR 位移，以及發生 `train_mispredicted` 時的 GHR 還原（優先權判斷）。
4. **實作 PHT 訓練邏輯 (Training Logic)**：根據 `train_taken` 與訓練用的 `Index`，實作 2-bit 飽和計數器的遞增/遞減狀態機，並確保訓練更新在時鐘週期觸發。
5. **整合模組與異步重置**：將所有邏輯整合至 `always_ff` 區塊，並加入非同步高電位有效 (asynchronous active-high) 的重置機制，清空 GHR 與 PHT。

[attempt 1] → compile_and_test
module TopModule(
    input clk,
    input areset,
    input predict_valid,
    input [6:0] predict_pc,
    output logic predict_taken,
[attempt 1] ← compile_and_test: R  mismatches=433
VCD info: dumpfile wave.vcd opened for output.
/mnt/d/school/w4afAILearn/期末/-/verilog-eval/dataset_spec-to-rtl/Prob153_gshare_test.sv:161: $finish called at 5416 (1ps)
Hint: Output 'predict_taken' has 109 mismatches. First mismatch occurred at time 30.
Hint: Output 'predict_history' has 392 mismatches. First mismatch occurred at time 130.
Hint: Total mismatched samples is 433 out of 1083 samples

Simulation finished at 5416 ps
Mismatches: 433 in 1083 samples

[attempt 1] → get_debug_hints(error_type='R')
[attempt 1] ← get_debug_hints: Runtime mismatch 常見原因（請逐項對照自己的程式碼）：
1. Timing offset：FSM 有多餘狀態導致輸出慢一 cycle
2. 狀態轉移條件錯誤：if (w) 應為 if (~w) 或反之
3. 組合邏輯錯誤：output 賦值條件遺漏或邏輯反向
4. Reset 初始值不符：state / counter 初始值與規格不符
5. 計數器邊界：off-by-one（計數

[attempt 2] → compile_and_test
module TopModule(
    input clk,
    input areset,
    input predict_valid,
    input [6:0] predict_pc,
    output logic predict_taken,
[attempt 2] ← compile_and_test: R  mismatches=433
VCD info: dumpfile wave.vcd opened for output.
/mnt/d/school/w4afAILearn/期末/-/verilog-eval/dataset_spec-to-rtl/Prob153_gshare_test.sv:161: $finish called at 5416 (1ps)
Hint: Output 'predict_taken' has 109 mismatches. First mismatch occurred at time 30.
Hint: Output 'predict_history' has 392 mismatches. First mismatch occurred at time 130.
Hint: Total mismatched samples is 433 out of 1083 samples

Simulation finished at 5416 ps
Mismatches: 433 in 1083 samples

[attempt 3] → compile_and_test
module TopModule(
    input clk,
    input areset,
    input predict_valid,
    input [6:0] predict_pc,
    output logic predict_taken,
[attempt 3] ← compile_and_test: R  mismatches=433
VCD info: dumpfile wave.vcd opened for output.
/mnt/d/school/w4afAILearn/期末/-/verilog-eval/dataset_spec-to-rtl/Prob153_gshare_test.sv:161: $finish called at 5416 (1ps)
Hint: Output 'predict_taken' has 109 mismatches. First mismatch occurred at time 30.
Hint: Output 'predict_history' has 392 mismatches. First mismatch occurred at time 130.
Hint: Total mismatched samples is 433 out of 1083 samples

Simulation finished at 5416 ps
Mismatches: 433 in 1083 samples

[attempt 4] → compile_and_test
module TopModule(
    input clk,
    input areset,
    input predict_valid,
    input [6:0] predict_pc,
    output logic predict_taken,
[attempt 4] ← compile_and_test: R  mismatches=433
VCD info: dumpfile wave.vcd opened for output.
/mnt/d/school/w4afAILearn/期末/-/verilog-eval/dataset_spec-to-rtl/Prob153_gshare_test.sv:161: $finish called at 5416 (1ps)
Hint: Output 'predict_taken' has 109 mismatches. First mismatch occurred at time 30.
Hint: Output 'predict_history' has 392 mismatches. First mismatch occurred at time 130.
Hint: Total mismatched samples is 433 out of 1083 samples

Simulation finished at 5416 ps
Mismatches: 433 in 1083 samples

[attempt 4] → get_debug_hints(error_type='R')
[attempt 4] ← get_debug_hints: Runtime mismatch 常見原因（請逐項對照自己的程式碼）：
1. Timing offset：FSM 有多餘狀態導致輸出慢一 cycle
2. 狀態轉移條件錯誤：if (w) 應為 if (~w) 或反之
3. 組合邏輯錯誤：output 賦值條件遺漏或邏輯反向
4. Reset 初始值不符：state / counter 初始值與規格不符
5. 計數器邊界：off-by-one（計數

[attempt 5] → compile_and_test
module TopModule(
    input clk,
    input areset,
    input predict_valid,
    input [6:0] predict_pc,
    output logic predict_taken,
[attempt 5] ← compile_and_test: R  mismatches=433
VCD info: dumpfile wave.vcd opened for output.
/mnt/d/school/w4afAILearn/期末/-/verilog-eval/dataset_spec-to-rtl/Prob153_gshare_test.sv:161: $finish called at 5416 (1ps)
Hint: Output 'predict_taken' has 109 mismatches. First mismatch occurred at time 30.
Hint: Output 'predict_history' has 392 mismatches. First mismatch occurred at time 130.
Hint: Total mismatched samples is 433 out of 1083 samples

Simulation finished at 5416 ps
Mismatches: 433 in 1083 samples