
[attempt 0] → decompose_spec
[attempt 0] ← decompose_spec:
為了有效實作 gshare 分支預測器，建議將任務分解為以下 5 個子目標：

1. 定義 128 項（7-bit 位址）的 2-bit 飽和計數器陣列（PHT）以及 7-bit 全域歷史暫存器（GHR）。
2. 實作組合邏輯：將 PC 與 GHR 進行 XOR 運算，產生用於存取 PHT 的 7-bit 索引。
3. 實作預測邏輯：根據當前索引讀取 PHT 狀態，並依據 2-bit 數值判斷分支是否跳轉（Taken）。
4. 實作更新邏輯：撰寫狀態機處理訓練請求，根據實際結果更新 PHT 計數器（飽和加減法）並更新 GHR。
5. 整合時序控制：處理非同步重置（Reset）及當預測與訓練同時發生時的訊號優先級邏輯（Training > Prediction）。

[attempt 1] → compile_and_test
module TopModule (
    input logic clk,
    input logic areset,

    input logic predict_valid,
    input logic [6:0] predict_pc,
[attempt 1] ← compile_and_test: R  mismatches=544
VCD info: dumpfile wave.vcd opened for output.
/mnt/d/school/w4afAILearn/期末/-/verilog-eval/dataset_spec-to-rtl/Prob153_gshare_test.sv:161: $finish called at 5416 (1ps)
Hint: Output 'predict_taken' has 109 mismatches. First mismatch occurred at time 30.
Hint: Output 'predict_history' has 529 mismatches. First mismatch occurred at time 120.
Hint: Total mismatched samples is 544 out of 1083 samples

Simulation finished at 5416 ps
Mismatches: 544 in 1083 samples

[attempt 1] → get_debug_hints(error_type='R')
[attempt 1] ← get_debug_hints: Runtime mismatch 常見原因（請逐項對照自己的程式碼）：
1. Timing offset：FSM 有多餘狀態導致輸出慢一 cycle
2. 狀態轉移條件錯誤：if (w) 應為 if (~w) 或反之
3. 組合邏輯錯誤：output 賦值條件遺漏或邏輯反向
4. Reset 初始值不符：state / counter 初始值與規格不符
5. 計數器邊界：off-by-one（計數

[attempt 2] → compile_and_test
module TopModule (
    input logic clk,
    input logic areset,

    input logic predict_valid,
    input logic [6:0] predict_pc,
[attempt 2] ← compile_and_test: R  mismatches=527
VCD info: dumpfile wave.vcd opened for output.
/mnt/d/school/w4afAILearn/期末/-/verilog-eval/dataset_spec-to-rtl/Prob153_gshare_test.sv:161: $finish called at 5416 (1ps)
Hint: Output 'predict_taken' has 150 mismatches. First mismatch occurred at time 120.
Hint: Output 'predict_history' has 527 mismatches. First mismatch occurred at time 120.
Hint: Total mismatched samples is 527 out of 1083 samples

Simulation finished at 5416 ps
Mismatches: 527 in 1083 samples

[attempt 3] → compile_and_test
module TopModule (
    input logic clk,
    input logic areset,

    input logic predict_valid,
    input logic [6:0] predict_pc,
[attempt 3] ← compile_and_test: R  mismatches=527
VCD info: dumpfile wave.vcd opened for output.
/mnt/d/school/w4afAILearn/期末/-/verilog-eval/dataset_spec-to-rtl/Prob153_gshare_test.sv:161: $finish called at 5416 (1ps)
Hint: Output 'predict_taken' has 150 mismatches. First mismatch occurred at time 120.
Hint: Output 'predict_history' has 527 mismatches. First mismatch occurred at time 120.
Hint: Total mismatched samples is 527 out of 1083 samples

Simulation finished at 5416 ps
Mismatches: 527 in 1083 samples

[attempt 4] → compile_and_test
module TopModule (
    input logic clk,
    input logic areset,

    input logic predict_valid,
    input logic [6:0] predict_pc,
[attempt 4] ← compile_and_test: R  mismatches=527
VCD info: dumpfile wave.vcd opened for output.
/mnt/d/school/w4afAILearn/期末/-/verilog-eval/dataset_spec-to-rtl/Prob153_gshare_test.sv:161: $finish called at 5416 (1ps)
Hint: Output 'predict_taken' has 150 mismatches. First mismatch occurred at time 120.
Hint: Output 'predict_history' has 527 mismatches. First mismatch occurred at time 120.
Hint: Total mismatched samples is 527 out of 1083 samples

Simulation finished at 5416 ps
Mismatches: 527 in 1083 samples

[attempt 5] → compile_and_test
module TopModule (
    input logic clk,
    input logic areset,

    input logic predict_valid,
    input logic [6:0] predict_pc,
[attempt 5] ← compile_and_test: R  mismatches=527
VCD info: dumpfile wave.vcd opened for output.
/mnt/d/school/w4afAILearn/期末/-/verilog-eval/dataset_spec-to-rtl/Prob153_gshare_test.sv:161: $finish called at 5416 (1ps)
Hint: Output 'predict_taken' has 150 mismatches. First mismatch occurred at time 120.
Hint: Output 'predict_history' has 527 mismatches. First mismatch occurred at time 120.
Hint: Total mismatched samples is 527 out of 1083 samples

Simulation finished at 5416 ps
Mismatches: 527 in 1083 samples