
[attempt 0] → decompose_spec
[attempt 0] ← decompose_spec:
為了完成這個 FSM (有限狀態機) 設計，建議將任務分解為以下五個具體子目標：

1. 定義狀態機（FSM）的狀態編碼，包括 IDLE、檢測到 1、11、110 以及目標狀態 FOUND。
2. 實作同步重置（active high reset）邏輯，確保在重置訊號有效時將狀態機重置為初始狀態。
3. 根據當前狀態與輸入 bit，編寫狀態轉移邏輯（Next State Logic），實現 1101 序列的檢測過程。
4. 實作輸出邏輯，當狀態機進入 FOUND 狀態時，將 start_shifting 設為 1 並保持該狀態。
5. 編寫時序邏輯區塊（Always block），在 clk 的正緣觸發下更新當前狀態與輸出暫存器。

[attempt 1] → compile_and_test
module TopModule (
    input clk,
    input reset,
    input data,
    output logic start_shifting
);
[attempt 1] ← compile_and_test: e
/tmp/tmpdrpg8csg.sv:33: error: This assignment requires an explicit cast.
/tmp/tmpdrpg8csg.sv:34: error: This assignment requires an explicit cast.
/tmp/tmpdrpg8csg.sv:35: error: This assignment requires an explicit cast.
/tmp/tmpdrpg8csg.sv:36: error: This assignment requires an explicit cast.
4 error(s) during elaboration.

[attempt 2] → compile_and_test
module TopModule (
    input clk,
    input reset,
    input data,
    output logic start_shifting
);
[attempt 2] ← compile_and_test: e
/tmp/tmpeprxlcie.sv:33: error: This assignment requires an explicit cast.
/tmp/tmpeprxlcie.sv:34: error: This assignment requires an explicit cast.
/tmp/tmpeprxlcie.sv:35: error: This assignment requires an explicit cast.
/tmp/tmpeprxlcie.sv:36: error: This assignment requires an explicit cast.
4 error(s) during elaboration.

[attempt 3] → compile_and_test
module TopModule (
    input clk,
    input reset,
    input data,
    output logic start_shifting
);
[attempt 3] ← compile_and_test: .

[attempt 3] → synthesize
[attempt 3] ← synthesize: Y