
[attempt 0] → decompose_spec
[attempt 0] ← decompose_spec:
為了實現此 Lemming 有限狀態機 (FSM)，建議將開發流程分解為以下 5 個子目標：

1. 定義狀態編碼（利用 `parameter` 或 `typedef enum`）並宣告狀態暫存器 `state` 與 `next_state`。
2. 編寫狀態轉換邏輯（State Transition Logic），根據輸入 `ground`、`dig` 與 `bump` 條件實作優先權邏輯。
3. 實作序列電路（Sequential block），利用 `always @(posedge clk or posedge areset)` 更新當前狀態。
4. 編寫組合邏輯輸出電路（Output Logic），根據當前狀態設定 `walk_left`、`walk_right`、`aaah` 與 `digging`。
5. 整合所有區塊並進行編譯檢查，確保所有狀態轉移符合題目中的優先權規則（Fall > Dig > Switch）。

[attempt 1] → compile_and_test
module TopModule(
    input clk,
    input areset,
    input bump_left,
    input bump_right,
    input ground,
[attempt 1] ← compile_and_test: R  mismatches=341
VCD info: dumpfile wave.vcd opened for output.
/mnt/d/school/w4afAILearn/期末/-/verilog-eval/dataset_spec-to-rtl/Prob152_lemmings3_test.sv:94: $finish called at 2216 (1ps)
Hint: Output 'walk_left' has 231 mismatches. First mismatch occurred at time 120.
Hint: Output 'walk_right' has 196 mismatches. First mismatch occurred at time 240.
Hint: Output 'aaah' has no mismatches.
Hint: Output 'digging' has no mismatches.
Hint: Total mismatched samples is 341 out of 443 samples

Simulation finished at 2216 ps
Mismatches: 341 in 443 samples

[attempt 2] → compile_and_test
module TopModule(
    input clk,
    input areset,
    input bump_left,
    input bump_right,
    input ground,
[attempt 2] ← compile_and_test: R  mismatches=341
VCD info: dumpfile wave.vcd opened for output.
/mnt/d/school/w4afAILearn/期末/-/verilog-eval/dataset_spec-to-rtl/Prob152_lemmings3_test.sv:94: $finish called at 2216 (1ps)
Hint: Output 'walk_left' has 231 mismatches. First mismatch occurred at time 120.
Hint: Output 'walk_right' has 196 mismatches. First mismatch occurred at time 240.
Hint: Output 'aaah' has no mismatches.
Hint: Output 'digging' has no mismatches.
Hint: Total mismatched samples is 341 out of 443 samples

Simulation finished at 2216 ps
Mismatches: 341 in 443 samples

[attempt 3] → compile_and_test
module TopModule(
    input clk,
    input areset,
    input bump_left,
    input bump_right,
    input ground,
[attempt 3] ← compile_and_test: R  mismatches=311
VCD info: dumpfile wave.vcd opened for output.
/mnt/d/school/w4afAILearn/期末/-/verilog-eval/dataset_spec-to-rtl/Prob152_lemmings3_test.sv:94: $finish called at 2216 (1ps)
Hint: Output 'walk_left' has 218 mismatches. First mismatch occurred at time 120.
Hint: Output 'walk_right' has 149 mismatches. First mismatch occurred at time 280.
Hint: Output 'aaah' has no mismatches.
Hint: Output 'digging' has no mismatches.
Hint: Total mismatched samples is 311 out of 443 samples

Simulation finished at 2216 ps
Mismatches: 311 in 443 samples

[attempt 4] → compile_and_test
module TopModule(
    input clk,
    input areset,
    input bump_left,
    input bump_right,
    input ground,
[attempt 4] ← compile_and_test: R  mismatches=341
VCD info: dumpfile wave.vcd opened for output.
/mnt/d/school/w4afAILearn/期末/-/verilog-eval/dataset_spec-to-rtl/Prob152_lemmings3_test.sv:94: $finish called at 2216 (1ps)
Hint: Output 'walk_left' has 231 mismatches. First mismatch occurred at time 120.
Hint: Output 'walk_right' has 196 mismatches. First mismatch occurred at time 240.
Hint: Output 'aaah' has no mismatches.
Hint: Output 'digging' has no mismatches.
Hint: Total mismatched samples is 341 out of 443 samples

Simulation finished at 2216 ps
Mismatches: 341 in 443 samples

[attempt 4] → decompose_spec
[attempt 4] ← decompose_spec:
為了實作此 Lemming FSM，建議將開發過程分解為以下 4 個具體步驟：

1. 定義狀態編碼（State Encoding）與暫存器，並實作同步 Reset 邏輯將初始狀態設為 WALKING_LEFT。
2. 實作「狀態轉移邏輯（Next State Logic）」，依照優先順序處理 FALLING、DIGGING 與 Bump 事件的條件判斷。
3. 實作「輸出邏輯（Output Logic）」，根據目前的狀態分配 walk_left、walk_right、aaah 與 digging 四個輸出的值。
4. 整合上述邏輯至 FSM 架構中，並編寫 Testbench 驗證 FALLING 至 WALKING 的轉換以及 Bump 事件是否符合方向變更邏輯。

[attempt 5] → compile_and_test
module TopModule(
    input clk,
    input areset,
    input bump_left,
    input bump_right,
    input ground,
[attempt 5] ← compile_and_test: R  mismatches=255
VCD info: dumpfile wave.vcd opened for output.
/mnt/d/school/w4afAILearn/期末/-/verilog-eval/dataset_spec-to-rtl/Prob152_lemmings3_test.sv:94: $finish called at 2216 (1ps)
Hint: Output 'walk_left' has 195 mismatches. First mismatch occurred at time 120.
Hint: Output 'walk_right' has 60 mismatches. First mismatch occurred at time 500.
Hint: Output 'aaah' has no mismatches.
Hint: Output 'digging' has no mismatches.
Hint: Total mismatched samples is 255 out of 443 samples

Simulation finished at 2216 ps
Mismatches: 255 in 443 samples