
[attempt 1] → compile_and_test
module TopModule (
    input clk,
    input reset,
    input [7:0] in,
    output logic done
);
[attempt 1] ← compile_and_test: R  mismatches=176
VCD info: dumpfile wave.vcd opened for output.
/mnt/d/school/w4afAILearn/期末/-/verilog-eval/dataset_spec-to-rtl/Prob128_fsm_ps2_test.sv:18: $finish called at 2001 (1ps)
Hint: Output 'done' has 176 mismatches. First mismatch occurred at time 200.
Hint: Total mismatched samples is 176 out of 400 samples

Simulation finished at 2001 ps
Mismatches: 176 in 400 samples

[attempt 1] → get_debug_hints(error_type='R')
[attempt 1] ← get_debug_hints: Runtime mismatch 常見原因（請逐項對照自己的程式碼）：
1. Timing offset：FSM 有多餘狀態導致輸出慢一 cycle
2. 狀態轉移條件錯誤：if (w) 應為 if (~w) 或反之
3. 組合邏輯錯誤：output 賦值條件遺漏或邏輯反向
4. Reset 初始值不符：state / counter 初始值與規格不符
5. 計數器邊界：off-by-one（計數

[attempt 2] → compile_and_test
module TopModule (
    input clk,
    input reset,
    input [7:0] in,
    output logic done
);
[attempt 2] ← compile_and_test: R  mismatches=176
VCD info: dumpfile wave.vcd opened for output.
/mnt/d/school/w4afAILearn/期末/-/verilog-eval/dataset_spec-to-rtl/Prob128_fsm_ps2_test.sv:18: $finish called at 2001 (1ps)
Hint: Output 'done' has 176 mismatches. First mismatch occurred at time 200.
Hint: Total mismatched samples is 176 out of 400 samples

Simulation finished at 2001 ps
Mismatches: 176 in 400 samples

[attempt 3] → compile_and_test
module TopModule (
    input clk,
    input reset,
    input [7:0] in,
    output logic done
);
[attempt 3] ← compile_and_test: R  mismatches=70
VCD info: dumpfile wave.vcd opened for output.
/mnt/d/school/w4afAILearn/期末/-/verilog-eval/dataset_spec-to-rtl/Prob128_fsm_ps2_test.sv:18: $finish called at 2001 (1ps)
Hint: Output 'done' has 70 mismatches. First mismatch occurred at time 210.
Hint: Total mismatched samples is 70 out of 400 samples

Simulation finished at 2001 ps
Mismatches: 70 in 400 samples

[attempt 4] → compile_and_test
module TopModule (
    input clk,
    input reset,
    input [7:0] in,
    output logic done
);
[attempt 4] ← compile_and_test: R  mismatches=176
VCD info: dumpfile wave.vcd opened for output.
/mnt/d/school/w4afAILearn/期末/-/verilog-eval/dataset_spec-to-rtl/Prob128_fsm_ps2_test.sv:18: $finish called at 2001 (1ps)
Hint: Output 'done' has 176 mismatches. First mismatch occurred at time 200.
Hint: Total mismatched samples is 176 out of 400 samples

Simulation finished at 2001 ps
Mismatches: 176 in 400 samples

[attempt 5] → compile_and_test
module TopModule (
    input clk,
    input reset,
    input [7:0] in,
    output logic done
);
[attempt 5] ← compile_and_test: R  mismatches=176
VCD info: dumpfile wave.vcd opened for output.
/mnt/d/school/w4afAILearn/期末/-/verilog-eval/dataset_spec-to-rtl/Prob128_fsm_ps2_test.sv:18: $finish called at 2001 (1ps)
Hint: Output 'done' has 176 mismatches. First mismatch occurred at time 200.
Hint: Total mismatched samples is 176 out of 400 samples

Simulation finished at 2001 ps
Mismatches: 176 in 400 samples