
[attempt 0] → decompose_spec
[attempt 0] ← decompose_spec:
根據您提供的波形數據，該電路的功能為：當 `clock` 為 1 時，若 `a` 為 1，則 `p` 輸出 1；當 `clock` 由 1 變 0 時，`q` 會鎖存當前的 `p` 值，並透過邏輯判斷將狀態重置。以下是實作該電路的 4 個子目標：

1. 定義包含 `clock`、`a`、`p`、`q` 的模組介面，並宣告內部的狀態暫存器或邏輯變數。
2. 實作 `p` 的組合邏輯，使其在 `clock` 為高電位時，隨 `a` 的輸入同步輸出（當 `clock=1` 且 `a=1` 時 `p=1`，否則 `p=0`）。
3. 實作 `q` 的時序邏輯，利用 `clock` 的下降緣（negedge）觸發，將 `p` 的當前值賦值給 `q`。
4. 加入重置邏輯或狀態判斷，確保在特定條件下（如 `a` 與 `p` 的組合變化）能正確將 `p` 與 `q` 同時復歸為 0。

[attempt 1] → compile_and_test
module TopModule(
    input clock,
    input a,
    output p,
    output q
);
[attempt 1] ← compile_and_test: R  mismatches=162
VCD info: dumpfile wave.vcd opened for output.
/mnt/d/school/w4afAILearn/期末/-/verilog-eval/dataset_spec-to-rtl/Prob145_circuit8_test.sv:45: $finish called at 1200 (1ps)
Hint: Output 'p' has 124 mismatches. First mismatch occurred at time 90.
Hint: Output 'q' has 109 mismatches. First mismatch occurred at time 240.
Hint: Total mismatched samples is 162 out of 240 samples

Simulation finished at 1200 ps
Mismatches: 162 in 240 samples

[attempt 2] → compile_and_test
module TopModule(
    input clock,
    input a,
    output p,
    output q
);
[attempt 2] ← compile_and_test: R  mismatches=229
VCD info: dumpfile wave.vcd opened for output.
/mnt/d/school/w4afAILearn/期末/-/verilog-eval/dataset_spec-to-rtl/Prob145_circuit8_test.sv:45: $finish called at 1200 (1ps)
Hint: Output 'p' has 115 mismatches. First mismatch occurred at time 60.
Hint: Output 'q' has 229 mismatches. First mismatch occurred at time 60.
Hint: Total mismatched samples is 229 out of 240 samples

Simulation finished at 1200 ps
Mismatches: 229 in 240 samples

[attempt 3] → compile_and_test
module TopModule(
    input clock,
    input a,
    output p,
    output q
);
[attempt 3] ← compile_and_test: R  mismatches=96
VCD info: dumpfile wave.vcd opened for output.
/mnt/d/school/w4afAILearn/期末/-/verilog-eval/dataset_spec-to-rtl/Prob145_circuit8_test.sv:45: $finish called at 1200 (1ps)
Hint: Output 'p' has 48 mismatches. First mismatch occurred at time 60.
Hint: Output 'q' has 96 mismatches. First mismatch occurred at time 60.
Hint: Total mismatched samples is 96 out of 240 samples

Simulation finished at 1200 ps
Mismatches: 96 in 240 samples

[attempt 4] → compile_and_test
module TopModule(
    input clock,
    input a,
    output p,
    output q
);
[attempt 4] ← compile_and_test: .

[attempt 4] → synthesize
[attempt 4] ← synthesize: Y