
[attempt 0] → decompose_spec
[attempt 0] ← decompose_spec:
將此題目分解為以下 5 個具體、可執行的子目標：

1. 定義 FSM 狀態機（Idle, Start, Data_Sampling, Stop, Error）並設計狀態切換邏輯。
2. 實作一個計數器或移位暫存器，用以確保在 Data_Sampling 狀態精確接收 8 個資料位元。
3. 實作訊號採樣機制，確保在正確的時序（位元中心點）讀取輸入資料並存入暫存器。
4. 實作 Stop bit 的檢查邏輯，若接收錯誤則跳轉至 Error 狀態，並設計回到 Idle 的恢復機制。
5. 實作『done』輸出訊號的邏輯，確保在成功接收 Stop bit 的下一個週期發出為期 1 個時脈的脈衝。

[attempt 1] → compile_and_test
module TopModule (
    input logic clk,
    input logic reset,
    input logic in,
    output logic done
);
[attempt 1] ← compile_and_test: R  mismatches=38
VCD info: dumpfile wave.vcd opened for output.
/mnt/d/school/w4afAILearn/期末/-/verilog-eval/dataset_spec-to-rtl/Prob137_fsm_serial_test.sv:45: $finish called at 4526 (1ps)
Hint: Output 'done' has 38 mismatches. First mismatch occurred at time 210.
Hint: Total mismatched samples is 38 out of 905 samples

Simulation finished at 4526 ps
Mismatches: 38 in 905 samples