
[attempt 1] → compile_and_test
module TopModule(
    input clk,
    input reset,
    input [7:0] in,
    output logic [23:0] out_bytes,
    output logic done
[attempt 1] ← compile_and_test: R  mismatches=490
VCD info: dumpfile wave.vcd opened for output.
/mnt/d/school/w4afAILearn/期末/-/verilog-eval/dataset_spec-to-rtl/Prob154_fsm_ps2data_test.sv:31: $finish called at 8096 (1ps)
Hint: Output 'out_bytes' has 282 mismatches. First mismatch occurred at time 240.
Hint: Output 'done' has 448 mismatches. First mismatch occurred at time 210.
Hint: Total mismatched samples is 490 out of 1619 samples

Simulation finished at 8096 ps
Mismatches: 490 in 1619 samples

[attempt 1] → get_debug_hints(error_type='R')
[attempt 1] ← get_debug_hints: Runtime mismatch 常見原因（請逐項對照自己的程式碼）：
1. Timing offset：FSM 有多餘狀態導致輸出慢一 cycle
2. 狀態轉移條件錯誤：if (w) 應為 if (~w) 或反之
3. 組合邏輯錯誤：output 賦值條件遺漏或邏輯反向
4. Reset 初始值不符：state / counter 初始值與規格不符
5. 計數器邊界：off-by-one（計數

[attempt 2] → compile_and_test
module TopModule(
    input clk,
    input reset,
    input [7:0] in,
    output logic [23:0] out_bytes,
    output logic done
[attempt 2] ← compile_and_test: R  mismatches=488
VCD info: dumpfile wave.vcd opened for output.
/mnt/d/school/w4afAILearn/期末/-/verilog-eval/dataset_spec-to-rtl/Prob154_fsm_ps2data_test.sv:31: $finish called at 8096 (1ps)
Hint: Output 'out_bytes' has 192 mismatches. First mismatch occurred at time 240.
Hint: Output 'done' has 488 mismatches. First mismatch occurred at time 230.
Hint: Total mismatched samples is 488 out of 1619 samples

Simulation finished at 8096 ps
Mismatches: 488 in 1619 samples

[attempt 3] → compile_and_test
module TopModule(
    input clk,
    input reset,
    input [7:0] in,
    output logic [23:0] out_bytes,
    output logic done
[attempt 3] ← compile_and_test: R  mismatches=488
VCD info: dumpfile wave.vcd opened for output.
/mnt/d/school/w4afAILearn/期末/-/verilog-eval/dataset_spec-to-rtl/Prob154_fsm_ps2data_test.sv:31: $finish called at 8096 (1ps)
Hint: Output 'out_bytes' has 192 mismatches. First mismatch occurred at time 240.
Hint: Output 'done' has 488 mismatches. First mismatch occurred at time 230.
Hint: Total mismatched samples is 488 out of 1619 samples

Simulation finished at 8096 ps
Mismatches: 488 in 1619 samples

[attempt 4] → compile_and_test
module TopModule(
    input clk,
    input reset,
    input [7:0] in,
    output logic [23:0] out_bytes,
    output logic done
[attempt 4] ← compile_and_test: R  mismatches=488
VCD info: dumpfile wave.vcd opened for output.
/mnt/d/school/w4afAILearn/期末/-/verilog-eval/dataset_spec-to-rtl/Prob154_fsm_ps2data_test.sv:31: $finish called at 8096 (1ps)
Hint: Output 'out_bytes' has 192 mismatches. First mismatch occurred at time 240.
Hint: Output 'done' has 488 mismatches. First mismatch occurred at time 230.
Hint: Total mismatched samples is 488 out of 1619 samples

Simulation finished at 8096 ps
Mismatches: 488 in 1619 samples

[attempt 5] → compile_and_test
module TopModule(
    input clk,
    input reset,
    input [7:0] in,
    output logic [23:0] out_bytes,
    output logic done
[attempt 5] ← compile_and_test: R  mismatches=488
VCD info: dumpfile wave.vcd opened for output.
/mnt/d/school/w4afAILearn/期末/-/verilog-eval/dataset_spec-to-rtl/Prob154_fsm_ps2data_test.sv:31: $finish called at 8096 (1ps)
Hint: Output 'out_bytes' has 192 mismatches. First mismatch occurred at time 240.
Hint: Output 'done' has 488 mismatches. First mismatch occurred at time 230.
Hint: Total mismatched samples is 488 out of 1619 samples

Simulation finished at 8096 ps
Mismatches: 488 in 1619 samples