
[attempt 1] → compile_and_test
module TopModule (
    input clk,
    input a,
    output logic q
);

[attempt 1] ← compile_and_test: R  mismatches=26
VCD info: dumpfile wave.vcd opened for output.
/mnt/d/school/w4afAILearn/期末/-/verilog-eval/dataset_spec-to-rtl/Prob098_circuit7_test.sv:36: $finish called at 615 (1ps)
Hint: Output 'q' has 26 mismatches. First mismatch occurred at time 60.
Hint: Total mismatched samples is 26 out of 123 samples

Simulation finished at 615 ps
Mismatches: 26 in 123 samples

[attempt 1] → decompose_spec
[attempt 1] ← decompose_spec:
根據您提供的時序分析與假設，以下是實現該邏輯的 3-5 個具體、可執行子目標：

1. 定義一個具有 `clk` 與 `a` 輸入、`q` 輸出的模組，並建立一個暫存器 `count` 用於記錄 `a` 為 1 的連續週期數。
2. 在 `always @(posedge clk)` 區塊中編寫邏輯：若 `a` 為 1 則 `count` 加 1，若 `a` 為 0 則將 `count` 重置為 0。
3. 實作條件判斷邏輯：當 `count` 小於 2 時輸出 `q = 1`，否則輸出 `q = 0`。
4. 編寫 Testbench 測試腳本，根據時序表設定 `a` 的輸入變化，並模擬 85ns 以上的時序以驗證 `q` 的輸出是否符合預期。

[attempt 2] → compile_and_test
module TopModule (
    input clk,
    input a,
    output logic q
);
    logic [1:0] count;
[attempt 2] ← compile_and_test: R  mismatches=28
VCD info: dumpfile wave.vcd opened for output.
/mnt/d/school/w4afAILearn/期末/-/verilog-eval/dataset_spec-to-rtl/Prob098_circuit7_test.sv:36: $finish called at 615 (1ps)
Hint: Output 'q' has 28 mismatches. First mismatch occurred at time 50.
Hint: Total mismatched samples is 28 out of 123 samples

Simulation finished at 615 ps
Mismatches: 28 in 123 samples

[attempt 3] → compile_and_test
module TopModule (
    input clk,
    input a,
    output logic q
);
    // Let's re-examine the data:
[attempt 3] ← compile_and_test: R  mismatches=28
VCD info: dumpfile wave.vcd opened for output.
/mnt/d/school/w4afAILearn/期末/-/verilog-eval/dataset_spec-to-rtl/Prob098_circuit7_test.sv:36: $finish called at 615 (1ps)
Hint: Output 'q' has 28 mismatches. First mismatch occurred at time 50.
Hint: Total mismatched samples is 28 out of 123 samples

Simulation finished at 615 ps
Mismatches: 28 in 123 samples

[attempt 4] → compile_and_test
module TopModule (
    input clk,
    input a,
    output logic q
);
    // Looking at the data again:
[attempt 4] ← compile_and_test: R  mismatches=28
VCD info: dumpfile wave.vcd opened for output.
/mnt/d/school/w4afAILearn/期末/-/verilog-eval/dataset_spec-to-rtl/Prob098_circuit7_test.sv:36: $finish called at 615 (1ps)
Hint: Output 'q' has 28 mismatches. First mismatch occurred at time 50.
Hint: Total mismatched samples is 28 out of 123 samples

Simulation finished at 615 ps
Mismatches: 28 in 123 samples

[attempt 5] → compile_and_test
module TopModule (
    input clk,
    input a,
    output logic q
);
    // Let's look at the waveform *exactly*.
[attempt 5] ← compile_and_test: .

[attempt 5] → synthesize (auto, last attempt)
[attempt 5] ← synthesize: Y