
[attempt 1] → compile_and_test
module TopModule(
    input clk,
    input reset,
    input in,
    output logic disc,
    output logic flag,
[attempt 1] ← compile_and_test: e
/tmp/tmpjjl9_8h6.sv:35: error: This assignment requires an explicit cast.
/tmp/tmpjjl9_8h6.sv:36: error: This assignment requires an explicit cast.
/tmp/tmpjjl9_8h6.sv:37: error: This assignment requires an explicit cast.
/tmp/tmpjjl9_8h6.sv:38: error: This assignment requires an explicit cast.
/tmp/tmpjjl9_8h6.sv:39: error: This assignment requires an explicit cast.
/tmp/tmpjjl9_8h6.sv:40: error: This assignment requires an explicit cast.
/tmp/tmpjjl9_8h6.sv:41: error: This assignment requires an explicit cast.
/tmp/tmpjjl9_8h6.sv:42: error: This assignment requires an explicit cast.
/tmp/tmpjjl9_8h6.sv:43: error: This assignment requires an explicit cast.
9 error(s) during elaboration.

[attempt 2] → compile_and_test
module TopModule(
    input clk,
    input reset,
    input in,
    output logic disc,
    output logic flag,
[attempt 2] ← compile_and_test: e
/tmp/tmpm5kid2t3.sv:34: error: This assignment requires an explicit cast.
/tmp/tmpm5kid2t3.sv:35: error: This assignment requires an explicit cast.
/tmp/tmpm5kid2t3.sv:36: error: This assignment requires an explicit cast.
/tmp/tmpm5kid2t3.sv:37: error: This assignment requires an explicit cast.
/tmp/tmpm5kid2t3.sv:38: error: This assignment requires an explicit cast.
/tmp/tmpm5kid2t3.sv:39: error: This assignment requires an explicit cast.
/tmp/tmpm5kid2t3.sv:40: error: This assignment requires an explicit cast.
/tmp/tmpm5kid2t3.sv:41: error: This assignment requires an explicit cast.
/tmp/tmpm5kid2t3.sv:42: error: This assignment requires an explicit cast.
9 error(s) during elaboration.

[attempt 2] → get_debug_hints(error_type='e')
[attempt 2] ← get_debug_hints: Explicit cast 錯誤常見原因（iverilog 要求明確型別轉換）：
1. 把整數常數賦值給 enum 變數（改用 enum 成員名稱，如 state <= IDLE 而非 state <= 2'd0）
2. 三元運算符兩側混用 enum 和整數（兩側都必須是同一 enum 的成員）
3. 對 enum 變數做算術（如 cnt <= cnt + 1）（改用 logic [N:0] 型態

[attempt 3] → compile_and_test
module TopModule(
    input clk,
    input reset,
    input in,
    output logic disc,
    output logic flag,
[attempt 3] ← compile_and_test: R  mismatches=52
VCD info: dumpfile wave.vcd opened for output.
/mnt/d/school/w4afAILearn/期末/-/verilog-eval/dataset_spec-to-rtl/Prob140_fsm_hdlc_test.sv:20: $finish called at 4006 (1ps)
Hint: Output 'disc' has no mismatches.
Hint: Output 'flag' has 52 mismatches. First mismatch occurred at time 70.
Hint: Output 'err' has no mismatches.
Hint: Total mismatched samples is 52 out of 801 samples

Simulation finished at 4006 ps
Mismatches: 52 in 801 samples

[attempt 3] → get_debug_hints(error_type='R')
[attempt 3] ← get_debug_hints: Runtime mismatch 常見原因（請逐項對照自己的程式碼）：
1. Timing offset：FSM 有多餘狀態導致輸出慢一 cycle
2. 狀態轉移條件錯誤：if (w) 應為 if (~w) 或反之
3. 組合邏輯錯誤：output 賦值條件遺漏或邏輯反向
4. Reset 初始值不符：state / counter 初始值與規格不符
5. 計數器邊界：off-by-one（計數

[attempt 4] → compile_and_test
module TopModule(
    input clk,
    input reset,
    input in,
    output logic disc,
    output logic flag,
[attempt 4] ← compile_and_test: R  mismatches=216
VCD info: dumpfile wave.vcd opened for output.
/mnt/d/school/w4afAILearn/期末/-/verilog-eval/dataset_spec-to-rtl/Prob140_fsm_hdlc_test.sv:20: $finish called at 4006 (1ps)
Hint: Output 'disc' has no mismatches.
Hint: Output 'flag' has 8 mismatches. First mismatch occurred at time 1550.
Hint: Output 'err' has 208 mismatches. First mismatch occurred at time 80.
Hint: Total mismatched samples is 216 out of 801 samples

Simulation finished at 4006 ps
Mismatches: 216 in 801 samples

[attempt 5] → compile_and_test
module TopModule(
    input clk,
    input reset,
    input in,
    output logic disc,
    output logic flag,
[attempt 5] ← compile_and_test: e
/tmp/tmphikf60qh.sv:34: error: This assignment requires an explicit cast.
/tmp/tmphikf60qh.sv:35: error: This assignment requires an explicit cast.
/tmp/tmphikf60qh.sv:36: error: This assignment requires an explicit cast.
/tmp/tmphikf60qh.sv:37: error: This assignment requires an explicit cast.
/tmp/tmphikf60qh.sv:38: error: This assignment requires an explicit cast.
/tmp/tmphikf60qh.sv:39: error: This assignment requires an explicit cast.
/tmp/tmphikf60qh.sv:40: error: This assignment requires an explicit cast.
/tmp/tmphikf60qh.sv:41: error: This assignment requires an explicit cast.
8 error(s) during elaboration.