
[attempt 0] → decompose_spec
[attempt 0] ← decompose_spec:
以下是將該 Verilog 題目分解為 5 個具體、可執行子目標的規劃：

1. **狀態機設計 (FSM)**：設計一個狀態機，包含搜尋 "1101" 序列、讀取 4-bit 延遲值、執行倒數計時以及等待確認訊號 (ack) 等狀態。
2. **模式識別與資料捕捉**：實作移位暫存器以持續監控 'data' 輸入，並在偵測到 "1101" 後，連續捕捉接下來的 4 個輸入位元作為 'delay' 值。
3. **分頻計數器邏輯**：建立一個計數器，以 1000 個時脈週期為一個單位，並在每個單位結束時對 'delay' 值進行遞減。
4. **狀態變數與輸出控制**：實作 `counting`、`done` 與 `count` 訊號的邏輯，確保在計數過程中正確輸出剩餘時間，並在結束時觸發 `done` 訊號。
5. **同步重置與控制流程**：實作同步高電位有效重置 (reset)，並確保狀態機在收到 `ack` 後能正確重置所有暫存器以進行下一輪模式偵測。

[attempt 1] → compile_and_test
module TopModule (
    input clk,
    input reset,
    input data,
    output logic [3:0] count,
    output logic counting,
[attempt 1] ← compile_and_test: R  mismatches=197281
VCD info: dumpfile wave.vcd opened for output.
Hint: The first test case should count for 2000 cycles. Your circuit counted 999
Hint: The second test case should count for 15000 cycles. Your circuit counted 15198
Hint: Your FSM didn't pass the sample timing diagram posted with the problem statement. Perhaps try debugging that?
TIMEOUT
/mnt/d/Desktop/GitHub/School/強化學習期末專題/verilog-eval/dataset_spec-to-rtl/Prob156_review2015_fancytimer_test.sv:216: $finish called at 1000000 (1ps)
Hint: Output 'count' has 194335 mismatches. First mismatch occurred at time 130.
Hint: Output 'counting' has 3712 mismatches. First mismatch occurred at time 130.
Hint: Output 'done' has 3084 mismatches. First mismatch occurred at time 10130.
Hint: Total mismatched samples is 197281 out of 200000 samples

Simulation finished at 1000000 ps
Mismatches: 197281 in 200000 samples